<?xml version="1.0" encoding="UTF-8"?>
<testsuites name="general" time="3660" tests="0" failures="1" errors="0">
   <testsuite name="general" tests="0" failures="1" errors="0" time="3660" timestamp="2018-07-19 16:17:40" hostname="fed86 - DESKTOP-UNNJGJG" id="Test Suites/general">
      <properties>
         <property name="deviceName" value=""/>
         <property name="devicePlatform" value=""/>
         <property name="logFolder" value="D:\\kms_katalon\\kms_katalon_tests\\katalonGitTest\\Reports\\general\\20180719_161612"/>
         <property name="logFiles" value="D:\\kms_katalon\\kms_katalon_tests\\katalonGitTest\\Reports\\general\\20180719_161612\\execution0.log, D:\\kms_katalon\\kms_katalon_tests\\katalonGitTest\\Reports\\general\\20180719_161612\\IEDriverServer.log"/>
         <property name="attachments" value="D:\\kms_katalon\\kms_katalon_tests\\katalonGitTest\\Reports\\general\\20180719_161612\\Reports/IE_DRIVER/Unable_to_click_on_object_'yes_remove_button'_(Root_cause__org.openqa.selenium.ElementNotInteractableException__Cannot_click_on_element Build_info__version__'3.7.1',_revision__'8a0099a',_time__'2017-11-06T21_07_36.161Z' .png, D:\\kms_katalon\\kms_katalon_tests\\katalonGitTest\\Reports\\general\\20180719_161612\\Reports/IE_DRIVER/Unable_to_click_on_object_'yes_remove_button'_(Root_cause__org.openqa.selenium.ElementNotInteractableException__Cannot_click_on_element Build_info__version__'3.7.1',_revision__'8a0099a',_time__'2017-11-06T21_07_36.161Z' .png"/>
         <property name="hostName" value="fed86 - DESKTOP-UNNJGJG"/>
         <property name="os" value="Windows 10 64bit"/>
         <property name="katalonVersion" value="5.5.0.1"/>
         <property name="browser" value="IE 11"/>
         <property name="hostAddress" value="10.44.1.145"/>
         <property name="sessionId" value="bd43920c-0586-4348-b617-4d96f968d531"/>
         <property name="seleniumVersion" value="3.7.1"/>
         <property name="proxyInformation" value="ProxyInformation{proxyOption=NO_PROXY, proxyServerType=HTTP, password=, proxyServerAddress=, proxyServerPort=0}"/>
         <property name="platform" value="Windows 10"/>
      </properties>
      <testcase name="Test Cases/Kms_Tests/Languages/En/Item_Creation/Create_delete_general_Test_En" classname="Test Cases/Kms_Tests/Languages/En/Item_Creation/Create_delete_general_Test_En" status="FAILED">
         <failure type="FAILED" message="Unable to verify equal between actual object '22' and expected object '21' (Root cause: Actual object '22' and expected object '21' are not equal)"/>
         <system-out><![CDATA[2018-07-19 16:17:40 - [TEST_CASE][FAILED] - Test Cases/Kms_Tests/Languages/En/Item_Creation/Create_delete_general_Test_En: Test Cases/Kms_Tests/Languages/En/Item_Creation/Create_delete_general_Test_En FAILED because (of) Unable to verify equal between actual object '22' and expected object '21' (Root cause: Actual object '22' and expected object '21' are not equal)

2018-07-19 16:17:40 - [TEST_STEP][PASSED] - Start listener action : beforeTestCase: Viewport is set to new size with width = 1400 and height = 1000

2018-07-19 16:17:40 - [TEST_STEP][PASSED] - Statement - com.kms.katalon.core.util.KeywordUtil.markWarning("Before Test case : " + testCase.getTestCaseId()): Before Test case : Test Cases/Kms_Tests/Languages/En/Item_Creation/Create_delete_general_Test_En

2018-07-19 16:17:40 - [MESSAGE][WARNING] - Before Test case : Test Cases/Kms_Tests/Languages/En/Item_Creation/Create_delete_general_Test_En

2018-07-19 16:17:40 - [TEST_STEP][PASSED] - Statement - instance: Viewport is set to new size with width = 1400 and height = 1000

2018-07-19 16:17:40 - [MESSAGE][WARNING] - Unable to get the url of the current window (Root cause: com.kms.katalon.core.webui.exception.BrowserNotOpenedException: Browser is not opened
Build info: version: '3.7.1', revision: '8a0099a', time: '2017-11-06T21:07:36.161Z'
System info: host: 'DESKTOP-UNNJGJG', ip: '10.44.1.145', os.name: 'Windows 10', os.arch: 'amd64', os.version: '10.0', java.version: '1.8.0_102'
Driver info: driver.version: unknown)

2018-07-19 16:17:43 - [MESSAGE][PASSED] - Browser is opened with url: 'http://kmsqa3:501/kms/lh/login'

2018-07-19 16:17:43 - [MESSAGE][PASSED] - Viewport is set to new size with width = 1400 and height = 1000

2018-07-19 16:17:43 - [TEST_STEP][PASSED] - Statement - com.system.RolesHelper.getCm_En()._Login_En(): Call Test Case 'Test Cases/LogIn_Tests/Languages/En/Login_Content_Manager_En_Test' successfully

2018-07-19 16:17:43 - [TEST_CASE][PASSED] - Test Cases/LogIn_Tests/Languages/En/Login_Content_Manager_En_Test: Test Cases/LogIn_Tests/Languages/En/Login_Content_Manager_En_Test

2018-07-19 16:17:43 - [TEST_STEP][PASSED] - Statement - com.system.RolesHelper.getCm_En().getLoginPage()._fill_UserName_Password(): Text 'admin' is set on object 'password_txt'

2018-07-19 16:17:43 - [MESSAGE][PASSED] - Object 'Object Repository/Login_Page_OR/Visual/pass_Logo' is visible

2018-07-19 16:17:43 - [MESSAGE][PASSED] - Object 'Object Repository/Login_Page_OR/Visual/userName_Logo' is visible

2018-07-19 16:17:43 - [MESSAGE][PASSED] - Object 'span_userName' is visible

2018-07-19 16:17:43 - [MESSAGE][PASSED] - Object 'span_password' is visible

2018-07-19 16:17:44 - [MESSAGE][PASSED] - Object 'userName_txt' is visible

2018-07-19 16:17:44 - [MESSAGE][PASSED] - Text of object 'userName_txt' is cleared

2018-07-19 16:18:14 - [MESSAGE][PASSED] - Text 'admin' is set on object 'userName_txt'

2018-07-19 16:18:14 - [MESSAGE][PASSED] - Object 'password_txt' is visible

2018-07-19 16:18:14 - [MESSAGE][PASSED] - Text of object 'password_txt' is cleared

2018-07-19 16:18:45 - [MESSAGE][PASSED] - Text 'admin' is set on object 'password_txt'

2018-07-19 16:18:45 - [TEST_STEP][PASSED] - Statement - com.system.RolesHelper.getCm_En().getLoginPage()._click_chooseLanguage(): Object: 'link_lang' is clicked on

2018-07-19 16:18:45 - [MESSAGE][PASSED] - Text of object 'link_change_lang' is: 'Change Language'

2018-07-19 16:18:45 - [MESSAGE][PASSED] - Actual object 'true' and expected object 'true' are equal

2018-07-19 16:18:45 - [MESSAGE][WARNING] - Comparing Change Language texts : true

2018-07-19 16:18:45 - [MESSAGE][PASSED] - Object 'link_change_lang' is visible

2018-07-19 16:19:16 - [MESSAGE][PASSED] - Object: 'link_change_lang' is clicked on

2018-07-19 16:19:17 - [MESSAGE][PASSED] - Object 'caret_lang' is visible

2018-07-19 16:19:47 - [MESSAGE][PASSED] - Object: 'caret_lang' is clicked on

2018-07-19 16:19:48 - [MESSAGE][PASSED] - Text of object 'link_lang' is: 'English'

2018-07-19 16:19:48 - [MESSAGE][PASSED] - Actual object 'true' and expected object 'true' are equal

2018-07-19 16:19:48 - [MESSAGE][WARNING] - Comparing English texts : true

2018-07-19 16:19:48 - [MESSAGE][PASSED] - Object 'link_lang' is visible

2018-07-19 16:20:19 - [MESSAGE][PASSED] - Object: 'link_lang' is clicked on

2018-07-19 16:20:19 - [TEST_STEP][PASSED] - Comment - "verify visual login form": null

2018-07-19 16:20:19 - [TEST_STEP][PASSED] - Statement - com.system.RolesHelper.getCm_En().getLoginPage()._click_LogIn_With_UserName_And_Password(): Object: 'auth_Login_button' is clicked on

2018-07-19 16:20:19 - [MESSAGE][PASSED] - Text of object 'auth_Login_button' is: 'LOGIN'

2018-07-19 16:20:19 - [MESSAGE][PASSED] - Actual object 'true' and expected object 'true' are equal

2018-07-19 16:20:19 - [MESSAGE][WARNING] - Comparing LOGIN texts : true

2018-07-19 16:20:19 - [MESSAGE][PASSED] - Object 'auth_Login_button' is visible

2018-07-19 16:20:51 - [MESSAGE][PASSED] - Object: 'auth_Login_button' is clicked on

2018-07-19 16:20:51 - [TEST_STEP][PASSED] - Statement - com.system.RolesHelper.getCm_En().getLoginPage()._select_View(): Object: 'link_role' is clicked on

2018-07-19 16:20:51 - [MESSAGE][PASSED] - Text of object 'title_layout' is: 'CHOOSE A LAYOUT'

2018-07-19 16:20:51 - [MESSAGE][PASSED] - Actual object 'true' and expected object 'true' are equal

2018-07-19 16:20:51 - [MESSAGE][WARNING] - Comparing CHOOSE A LAYOUT texts : true

2018-07-19 16:20:51 - [MESSAGE][PASSED] - Object 'dropDown_roles' is visible

2018-07-19 16:21:22 - [MESSAGE][PASSED] - Object: 'dropDown_roles' is clicked on

2018-07-19 16:21:22 - [MESSAGE][PASSED] - Text of object 'link_role' is: 'Content Manager'

2018-07-19 16:21:22 - [MESSAGE][PASSED] - Actual object 'true' and expected object 'true' are equal

2018-07-19 16:21:22 - [MESSAGE][WARNING] - Comparing Content Manager texts : true

2018-07-19 16:21:22 - [MESSAGE][PASSED] - Object 'link_role' is visible

2018-07-19 16:21:53 - [MESSAGE][PASSED] - Object: 'link_role' is clicked on

2018-07-19 16:21:53 - [TEST_STEP][PASSED] - Comment - "verify visual chosing role form": null

2018-07-19 16:21:53 - [TEST_STEP][PASSED] - Statement - com.system.RolesHelper.getCm_En().getLoginPage()._Enter_to_Kms(): Keys 'ENTER + ' sent to object: 'login_Kms_button'

2018-07-19 16:21:53 - [MESSAGE][PASSED] - Text of object 'login_Kms_button' is: 'LOGIN'

2018-07-19 16:21:53 - [MESSAGE][PASSED] - Actual object 'true' and expected object 'true' are equal

2018-07-19 16:21:53 - [MESSAGE][WARNING] - Comparing LOGIN texts : true

2018-07-19 16:21:53 - [MESSAGE][PASSED] - Object 'login_Kms_button' is visible

2018-07-19 16:22:24 - [MESSAGE][PASSED] - Keys 'ENTER + ' sent to object: 'login_Kms_button'

2018-07-19 16:22:24 - [MESSAGE][PASSED] - Call Test Case 'Test Cases/LogIn_Tests/Languages/En/Login_Content_Manager_En_Test' successfully

2018-07-19 16:22:24 - [TEST_STEP][PASSED] - Statement - side_Bar._click_upper_button_create_item(): Object: 'btn_create_new_item' is clicked on

2018-07-19 16:22:25 - [MESSAGE][PASSED] - Object 'progress' is present

2018-07-19 16:22:26 - [MESSAGE][WARNING] - Object 'progress' is visible after 1 second(s)

2018-07-19 16:22:27 - [MESSAGE][PASSED] - Delayed 1 second(s)

2018-07-19 16:22:27 - [MESSAGE][PASSED] - Object 'progress' is NOT visible

2018-07-19 16:22:27 - [MESSAGE][PASSED] - Text of object 'btn_create_new_item' is: 'Create New Item'

2018-07-19 16:22:27 - [MESSAGE][PASSED] - Actual object 'true' and expected object 'true' are equal

2018-07-19 16:22:27 - [MESSAGE][WARNING] - Comparing Create New Item texts : true

2018-07-19 16:22:27 - [MESSAGE][PASSED] - Object 'btn_create_new_item' is visible

2018-07-19 16:22:58 - [MESSAGE][PASSED] - Object: 'btn_create_new_item' is hovered

2018-07-19 16:23:29 - [MESSAGE][PASSED] - Object: 'btn_create_new_item' is clicked on

2018-07-19 16:23:29 - [TEST_STEP][PASSED] - Statement - general._choose_Template_By_Typing(): Keys 'ENTER + ' sent to object: 'btn_ok_create_template'

2018-07-19 16:23:30 - [MESSAGE][PASSED] - Delayed 1 second(s)

2018-07-19 16:23:30 - [MESSAGE][PASSED] - Object 'progress' is present

2018-07-19 16:23:30 - [MESSAGE][PASSED] - Object 'progress' is NOT visible

2018-07-19 16:23:30 - [MESSAGE][PASSED] - Object 'txt_create_item_template' is visible

2018-07-19 16:24:01 - [MESSAGE][PASSED] - Object: 'txt_create_item_template' is clicked on

2018-07-19 16:24:02 - [MESSAGE][PASSED] - Delayed 1 second(s)

2018-07-19 16:24:02 - [MESSAGE][PASSED] - Object 'progress' is present

2018-07-19 16:24:02 - [MESSAGE][PASSED] - Object 'progress' is NOT visible

2018-07-19 16:24:02 - [MESSAGE][PASSED] - Object 'txt_create_item_template' is visible

2018-07-19 16:24:03 - [MESSAGE][PASSED] - Text of object 'txt_create_item_template' is cleared

2018-07-19 16:24:33 - [MESSAGE][PASSED] - Text 'General' is set on object 'txt_create_item_template'

2018-07-19 16:24:33 - [MESSAGE][PASSED] - Object 'progress' is present

2018-07-19 16:24:33 - [MESSAGE][PASSED] - Object 'progress' is NOT visible

2018-07-19 16:24:33 - [MESSAGE][PASSED] - Text of object 'btn_ok_create_template' is: 'Ok'

2018-07-19 16:24:33 - [MESSAGE][PASSED] - Actual object 'true' and expected object 'true' are equal

2018-07-19 16:24:33 - [MESSAGE][WARNING] - Comparing Ok texts : true

2018-07-19 16:24:33 - [MESSAGE][PASSED] - Object 'btn_ok_create_template' is visible

2018-07-19 16:25:04 - [MESSAGE][PASSED] - Keys 'ENTER + ' sent to object: 'btn_ok_create_template'

2018-07-19 16:25:04 - [TEST_STEP][PASSED] - Statement - item_property_tab_general._verify_template_updateDate(): Actual object '19/07/2018' and expected object '19/07/2018' are equal

2018-07-19 16:25:05 - [MESSAGE][PASSED] - Delayed 1 second(s)

2018-07-19 16:25:05 - [MESSAGE][PASSED] - Object 'progress' is present

2018-07-19 16:25:05 - [MESSAGE][PASSED] - Object 'progress' is NOT visible

2018-07-19 16:25:07 - [MESSAGE][PASSED] - Browser is scrolled to position x = 0, y = 0

2018-07-19 16:25:08 - [MESSAGE][PASSED] - Text of object 'a_Item_Properties' is: 'Item Properties'

2018-07-19 16:25:08 - [MESSAGE][PASSED] - Actual object 'true' and expected object 'true' are equal

2018-07-19 16:25:08 - [MESSAGE][WARNING] - Comparing Item Properties texts : true

2018-07-19 16:25:08 - [MESSAGE][PASSED] - Object 'a_Item_Properties' is visible

2018-07-19 16:25:39 - [MESSAGE][PASSED] - Object: 'a_Item_Properties' is double clicked on

2018-07-19 16:25:39 - [MESSAGE][PASSED] - Object 'progress' is present

2018-07-19 16:25:40 - [MESSAGE][PASSED] - Object 'progress' is NOT visible

2018-07-19 16:25:40 - [MESSAGE][PASSED] - Browser is scrolled to position x = 0, y = 0

2018-07-19 16:25:41 - [MESSAGE][PASSED] - Object 'lbl_itemType' is visible

2018-07-19 16:25:41 - [MESSAGE][PASSED] - Text of object 'lbl_itemType' is: 'General'

2018-07-19 16:25:41 - [MESSAGE][PASSED] - Object 'progress' is present

2018-07-19 16:25:42 - [MESSAGE][PASSED] - Object 'progress' is NOT visible

2018-07-19 16:25:42 - [MESSAGE][PASSED] - Browser is scrolled to position x = 0, y = 0

2018-07-19 16:25:43 - [MESSAGE][PASSED] - Object 'lbl_update_date' is visible

2018-07-19 16:25:43 - [MESSAGE][PASSED] - Text of object 'lbl_update_date' is: '19/07/2018 16:24:31 PM'

2018-07-19 16:25:44 - [MESSAGE][PASSED] - Delayed 1 second(s)

2018-07-19 16:25:44 - [MESSAGE][PASSED] - Actual object 'general' and expected object 'general' are equal

2018-07-19 16:25:45 - [MESSAGE][PASSED] - Delayed 1 second(s)

2018-07-19 16:25:45 - [MESSAGE][PASSED] - Actual object '19/07/2018' and expected object '19/07/2018' are equal

2018-07-19 16:25:45 - [TEST_STEP][PASSED] - Statement - item_property_tab_general._set_Item_Name(): Keys 'item_General_3799' sent to object: 'txt_itemTitleForEdit'

2018-07-19 16:25:45 - [MESSAGE][PASSED] - Object 'progress' is present

2018-07-19 16:25:45 - [MESSAGE][PASSED] - Object 'progress' is NOT visible

2018-07-19 16:25:46 - [MESSAGE][PASSED] - Browser is scrolled to position x = 0, y = 0

2018-07-19 16:25:46 - [MESSAGE][PASSED] - Object 'lbl_itemId' is visible

2018-07-19 16:25:47 - [MESSAGE][PASSED] - Text of object 'lbl_itemId' is: '3799'

2018-07-19 16:25:47 - [MESSAGE][PASSED] - Object 'progress' is present

2018-07-19 16:25:47 - [MESSAGE][PASSED] - Object 'progress' is NOT visible

2018-07-19 16:25:48 - [MESSAGE][PASSED] - Browser is scrolled to position x = 0, y = 0

2018-07-19 16:25:48 - [MESSAGE][PASSED] - Object 'div_itemTitleForEdit' is visible

2018-07-19 16:26:20 - [MESSAGE][PASSED] - Object: 'div_itemTitleForEdit' is clicked on

2018-07-19 16:26:21 - [MESSAGE][PASSED] - Delayed 1 second(s)

2018-07-19 16:26:52 - [MESSAGE][PASSED] - Object: 'div_itemTitleForEdit' is clicked on

2018-07-19 16:26:52 - [MESSAGE][PASSED] - Object 'progress' is present

2018-07-19 16:26:53 - [MESSAGE][PASSED] - Object 'progress' is NOT visible

2018-07-19 16:26:53 - [MESSAGE][PASSED] - Browser is scrolled to position x = 0, y = 0

2018-07-19 16:26:54 - [MESSAGE][PASSED] - Object 'div_itemTitleForEdit' is visible

2018-07-19 16:27:25 - [MESSAGE][PASSED] - Object: 'div_itemTitleForEdit' is clicked on

2018-07-19 16:27:25 - [MESSAGE][PASSED] - Object 'txt_itemTitleForEdit' is present

2018-07-19 16:27:26 - [MESSAGE][PASSED] - Object 'progress' is present

2018-07-19 16:27:26 - [MESSAGE][PASSED] - Object 'progress' is NOT visible

2018-07-19 16:27:26 - [MESSAGE][PASSED] - Browser is scrolled to position x = 0, y = 0

2018-07-19 16:27:27 - [MESSAGE][PASSED] - Object 'txt_itemTitleForEdit' is visible

2018-07-19 16:27:57 - [MESSAGE][PASSED] - Keys 'item_General_3799' sent to object: 'txt_itemTitleForEdit'

2018-07-19 16:27:58 - [TEST_STEP][PASSED] - Statement - item_property_tab_general._write_short_description(): Keys 'short _description fed' sent to object: 'textarea_descriptionEdit'

2018-07-19 16:27:58 - [MESSAGE][PASSED] - Object 'progress' is present

2018-07-19 16:27:58 - [MESSAGE][PASSED] - Object 'progress' is NOT visible

2018-07-19 16:27:58 - [MESSAGE][PASSED] - Browser is scrolled to position x = 0, y = 0

2018-07-19 16:27:59 - [MESSAGE][PASSED] - Object 'div_ShortDescriptionEdit' is visible

2018-07-19 16:28:30 - [MESSAGE][PASSED] - Object: 'div_ShortDescriptionEdit' is clicked on

2018-07-19 16:28:31 - [MESSAGE][PASSED] - Delayed 1 second(s)

2018-07-19 16:29:02 - [MESSAGE][PASSED] - Object: 'div_ShortDescriptionEdit' is clicked on

2018-07-19 16:29:03 - [MESSAGE][PASSED] - Object 'progress' is present

2018-07-19 16:29:03 - [MESSAGE][PASSED] - Object 'progress' is NOT visible

2018-07-19 16:29:03 - [MESSAGE][PASSED] - Browser is scrolled to position x = 0, y = 0

2018-07-19 16:29:04 - [MESSAGE][PASSED] - Object 'div_ShortDescriptionEdit' is visible

2018-07-19 16:29:35 - [MESSAGE][PASSED] - Object: 'div_ShortDescriptionEdit' is clicked on

2018-07-19 16:29:36 - [MESSAGE][PASSED] - Object 'textarea_descriptionEdit' is present

2018-07-19 16:29:36 - [MESSAGE][PASSED] - Object 'progress' is present

2018-07-19 16:29:36 - [MESSAGE][PASSED] - Object 'progress' is NOT visible

2018-07-19 16:29:37 - [MESSAGE][PASSED] - Browser is scrolled to position x = 0, y = 0

2018-07-19 16:29:37 - [MESSAGE][PASSED] - Object 'textarea_descriptionEdit' is visible

2018-07-19 16:30:08 - [MESSAGE][PASSED] - Keys 'short _description fed' sent to object: 'textarea_descriptionEdit'

2018-07-19 16:30:08 - [TEST_STEP][PASSED] - Statement - item_property_tab_general._choose_Status(ONLINE): All options with index in [1] are selected on object 'select_status_from'

2018-07-19 16:30:08 - [MESSAGE][PASSED] - Object 'progress' is present

2018-07-19 16:30:08 - [MESSAGE][PASSED] - Object 'progress' is NOT visible

2018-07-19 16:30:09 - [MESSAGE][PASSED] - Browser is scrolled to position x = 0, y = 227

2018-07-19 16:30:09 - [MESSAGE][PASSED] - Object 'select_status_from' is visible

2018-07-19 16:30:10 - [MESSAGE][PASSED] - All options with index in [1] are selected on object 'select_status_from'

2018-07-19 16:30:10 - [TEST_STEP][PASSED] - Statement - item_property_tab_general._set_date_valid_from_status(): Keys 'ESCAPE + ' sent to object: 'txt_ST_DATE_FROM'

2018-07-19 16:30:10 - [MESSAGE][PASSED] - Object 'progress' is present

2018-07-19 16:30:10 - [MESSAGE][PASSED] - Object 'progress' is NOT visible

2018-07-19 16:30:11 - [MESSAGE][PASSED] - Browser is scrolled to position x = 0, y = 0

2018-07-19 16:30:11 - [MESSAGE][PASSED] - Object 'txt_ST_DATE_FROM' is visible

2018-07-19 16:30:12 - [MESSAGE][PASSED] - Text of object 'txt_ST_DATE_FROM' is cleared

2018-07-19 16:30:43 - [MESSAGE][PASSED] - Text '06/07/2018 04:30:10' is set on object 'txt_ST_DATE_FROM'

2018-07-19 16:30:43 - [MESSAGE][PASSED] - Object 'progress' is present

2018-07-19 16:30:44 - [MESSAGE][PASSED] - Object 'progress' is NOT visible

2018-07-19 16:30:44 - [MESSAGE][PASSED] - Browser is scrolled to position x = 0, y = 0

2018-07-19 16:30:45 - [MESSAGE][PASSED] - Object 'txt_ST_DATE_FROM' is visible

2018-07-19 16:31:15 - [MESSAGE][PASSED] - Keys 'ESCAPE + ' sent to object: 'txt_ST_DATE_FROM'

2018-07-19 16:31:15 - [TEST_STEP][PASSED] - Statement - item_property_tab_general._choose_status_after(ARCHIVE): All options with index in [3] are selected on object 'select_status_to'

2018-07-19 16:31:16 - [MESSAGE][PASSED] - Object 'progress' is present

2018-07-19 16:31:16 - [MESSAGE][PASSED] - Object 'progress' is NOT visible

2018-07-19 16:31:16 - [MESSAGE][PASSED] - Browser is scrolled to position x = 0, y = 207

2018-07-19 16:31:17 - [MESSAGE][PASSED] - Object 'select_status_to' is visible

2018-07-19 16:31:17 - [MESSAGE][PASSED] - All options with index in [3] are selected on object 'select_status_to'

2018-07-19 16:31:18 - [TEST_STEP][PASSED] - Statement - item_property_tab_general._set_date_valid_to_status(): Keys 'ESCAPE + ' sent to object: 'txt_STATUS_DATE_TO'

2018-07-19 16:31:18 - [MESSAGE][PASSED] - Object 'progress' is present

2018-07-19 16:31:18 - [MESSAGE][PASSED] - Object 'progress' is NOT visible

2018-07-19 16:31:18 - [MESSAGE][PASSED] - Browser is scrolled to position x = 0, y = 207

2018-07-19 16:31:19 - [MESSAGE][PASSED] - Object 'txt_STATUS_DATE_TO' is visible

2018-07-19 16:31:19 - [MESSAGE][PASSED] - Text of object 'txt_STATUS_DATE_TO' is cleared

2018-07-19 16:31:51 - [MESSAGE][PASSED] - Text '07/07/2018 04:31:18' is set on object 'txt_STATUS_DATE_TO'

2018-07-19 16:31:51 - [MESSAGE][PASSED] - Object 'progress' is present

2018-07-19 16:31:51 - [MESSAGE][PASSED] - Object 'progress' is NOT visible

2018-07-19 16:31:52 - [MESSAGE][PASSED] - Browser is scrolled to position x = 0, y = 207

2018-07-19 16:31:52 - [MESSAGE][PASSED] - Object 'txt_STATUS_DATE_TO' is visible

2018-07-19 16:32:23 - [MESSAGE][PASSED] - Keys 'ESCAPE + ' sent to object: 'txt_STATUS_DATE_TO'

2018-07-19 16:32:23 - [TEST_STEP][PASSED] - Statement - item_property_tab_general._check_active_version(): Object 'checkbox_active_ver' is checked

2018-07-19 16:32:23 - [MESSAGE][PASSED] - Object 'progress' is present

2018-07-19 16:32:23 - [MESSAGE][PASSED] - Object 'progress' is NOT visible

2018-07-19 16:32:24 - [MESSAGE][PASSED] - Browser is scrolled to position x = 0, y = 300

2018-07-19 16:32:24 - [MESSAGE][PASSED] - Object 'checkbox_active_ver' is visible

2018-07-19 16:32:55 - [MESSAGE][PASSED] - Object: 'checkbox_active_ver' is hovered

2018-07-19 16:32:55 - [MESSAGE][PASSED] - Object 'checkbox_active_ver' is checked

2018-07-19 16:32:56 - [TEST_STEP][PASSED] - Statement - item_property_tab_general._set_date_active_version(): Keys 'ESCAPE + ' sent to object: 'txt_act_date_from'

2018-07-19 16:32:56 - [MESSAGE][PASSED] - Object 'progress' is present

2018-07-19 16:32:56 - [MESSAGE][PASSED] - Object 'progress' is NOT visible

2018-07-19 16:32:56 - [MESSAGE][PASSED] - Browser is scrolled to position x = 0, y = 292

2018-07-19 16:32:57 - [MESSAGE][PASSED] - Object 'txt_act_date_from' is visible

2018-07-19 16:32:57 - [MESSAGE][PASSED] - Text of object 'txt_act_date_from' is cleared

2018-07-19 16:33:28 - [MESSAGE][PASSED] - Text '06/07/2018 04:32:56' is set on object 'txt_act_date_from'

2018-07-19 16:33:29 - [MESSAGE][PASSED] - Object 'progress' is present

2018-07-19 16:33:29 - [MESSAGE][PASSED] - Object 'progress' is NOT visible

2018-07-19 16:33:29 - [MESSAGE][PASSED] - Browser is scrolled to position x = 0, y = 292

2018-07-19 16:33:30 - [MESSAGE][PASSED] - Object 'txt_act_date_from' is visible

2018-07-19 16:34:00 - [MESSAGE][PASSED] - Keys 'ESCAPE + ' sent to object: 'txt_act_date_from'

2018-07-19 16:34:01 - [TEST_STEP][PASSED] - Statement - item_property_tab_general._check_print(true): Object 'checkbox_print' is checked

2018-07-19 16:34:01 - [MESSAGE][PASSED] - Object 'progress' is present

2018-07-19 16:34:01 - [MESSAGE][PASSED] - Object 'progress' is NOT visible

2018-07-19 16:34:01 - [MESSAGE][PASSED] - Browser is scrolled to position x = 0, y = 387

2018-07-19 16:34:02 - [MESSAGE][PASSED] - Object 'checkbox_print' is visible

2018-07-19 16:34:33 - [MESSAGE][PASSED] - Object: 'checkbox_print' is hovered

2018-07-19 16:34:33 - [MESSAGE][PASSED] - Object 'checkbox_print' is checked

2018-07-19 16:34:33 - [TEST_STEP][PASSED] - Statement - item_property_tab_general._check_email(true): Object 'checkbox_email' is checked

2018-07-19 16:34:33 - [MESSAGE][PASSED] - Object 'progress' is present

2018-07-19 16:34:34 - [MESSAGE][PASSED] - Object 'progress' is NOT visible

2018-07-19 16:34:34 - [MESSAGE][PASSED] - Browser is scrolled to position x = 0, y = 387

2018-07-19 16:34:35 - [MESSAGE][PASSED] - Object 'checkbox_email' is visible

2018-07-19 16:35:05 - [MESSAGE][PASSED] - Object: 'checkbox_email' is hovered

2018-07-19 16:35:06 - [MESSAGE][PASSED] - Object 'checkbox_email' is checked

2018-07-19 16:35:06 - [TEST_STEP][PASSED] - Statement - item_property_tab_general._check_feedback(true): Object 'checkbox_feedback' is checked

2018-07-19 16:35:06 - [MESSAGE][PASSED] - Object 'progress' is present

2018-07-19 16:35:06 - [MESSAGE][PASSED] - Object 'progress' is NOT visible

2018-07-19 16:35:07 - [MESSAGE][PASSED] - Browser is scrolled to position x = 0, y = 387

2018-07-19 16:35:07 - [MESSAGE][PASSED] - Object 'checkbox_feedback' is visible

2018-07-19 16:35:38 - [MESSAGE][PASSED] - Object: 'checkbox_feedback' is hovered

2018-07-19 16:35:39 - [MESSAGE][PASSED] - Object 'checkbox_feedback' is checked

2018-07-19 16:35:39 - [TEST_STEP][PASSED] - Statement - item_property_tab_general._check_bookmarks(true): Object 'checkbox_bookmarks' is checked

2018-07-19 16:35:39 - [MESSAGE][PASSED] - Object 'progress' is present

2018-07-19 16:35:39 - [MESSAGE][PASSED] - Object 'progress' is NOT visible

2018-07-19 16:35:40 - [MESSAGE][PASSED] - Browser is scrolled to position x = 0, y = 387

2018-07-19 16:35:40 - [MESSAGE][PASSED] - Object 'checkbox_bookmarks' is visible

2018-07-19 16:36:11 - [MESSAGE][PASSED] - Object: 'checkbox_bookmarks' is hovered

2018-07-19 16:36:11 - [MESSAGE][PASSED] - Object 'checkbox_bookmarks' is checked

2018-07-19 16:36:12 - [TEST_STEP][PASSED] - Statement - item_property_tab_general._check_fax(true): Object 'checkbox_fax' is checked

2018-07-19 16:36:12 - [MESSAGE][PASSED] - Object 'progress' is present

2018-07-19 16:36:12 - [MESSAGE][PASSED] - Object 'progress' is NOT visible

2018-07-19 16:36:12 - [MESSAGE][PASSED] - Browser is scrolled to position x = 0, y = 387

2018-07-19 16:36:13 - [MESSAGE][PASSED] - Object 'checkbox_fax' is visible

2018-07-19 16:36:43 - [MESSAGE][PASSED] - Object: 'checkbox_fax' is hovered

2018-07-19 16:36:44 - [MESSAGE][PASSED] - Object 'checkbox_fax' is checked

2018-07-19 16:36:44 - [TEST_STEP][PASSED] - Statement - item_property_tab_general._check_search(true): Object 'checkbox_search' is checked

2018-07-19 16:36:44 - [MESSAGE][PASSED] - Object 'progress' is present

2018-07-19 16:36:44 - [MESSAGE][PASSED] - Object 'progress' is NOT visible

2018-07-19 16:36:45 - [MESSAGE][PASSED] - Browser is scrolled to position x = 0, y = 387

2018-07-19 16:36:45 - [MESSAGE][PASSED] - Object 'checkbox_search' is visible

2018-07-19 16:37:16 - [MESSAGE][PASSED] - Object: 'checkbox_search' is hovered

2018-07-19 16:37:17 - [MESSAGE][PASSED] - Object 'checkbox_search' is checked

2018-07-19 16:37:17 - [TEST_STEP][PASSED] - Statement - item_property_tab_general._check_hit(true): Object 'checkbox_hit' is checked

2018-07-19 16:37:17 - [MESSAGE][PASSED] - Object 'progress' is present

2018-07-19 16:37:17 - [MESSAGE][PASSED] - Object 'progress' is NOT visible

2018-07-19 16:37:18 - [MESSAGE][PASSED] - Browser is scrolled to position x = 0, y = 387

2018-07-19 16:37:18 - [MESSAGE][PASSED] - Object 'checkbox_hit' is visible

2018-07-19 16:37:49 - [MESSAGE][PASSED] - Object: 'checkbox_hit' is hovered

2018-07-19 16:37:49 - [MESSAGE][PASSED] - Object 'checkbox_hit' is checked

2018-07-19 16:37:50 - [TEST_STEP][PASSED] - Statement - item_property_tab_general._check_likes(true): Object 'chkbx_likes' is checked

2018-07-19 16:37:50 - [MESSAGE][PASSED] - Object 'progress' is present

2018-07-19 16:37:50 - [MESSAGE][PASSED] - Object 'progress' is NOT visible

2018-07-19 16:37:50 - [MESSAGE][PASSED] - Browser is scrolled to position x = 0, y = 474

2018-07-19 16:37:51 - [MESSAGE][PASSED] - Object 'chkbx_likes' is visible

2018-07-19 16:38:21 - [MESSAGE][PASSED] - Object: 'chkbx_likes' is hovered

2018-07-19 16:38:22 - [MESSAGE][PASSED] - Object 'chkbx_likes' is checked

2018-07-19 16:38:22 - [TEST_STEP][PASSED] - Statement - item_property_tab_general._check_follow(true): Object 'chkbx_follow' is checked

2018-07-19 16:38:22 - [MESSAGE][PASSED] - Object 'progress' is present

2018-07-19 16:38:22 - [MESSAGE][PASSED] - Object 'progress' is NOT visible

2018-07-19 16:38:23 - [MESSAGE][PASSED] - Browser is scrolled to position x = 0, y = 474

2018-07-19 16:38:23 - [MESSAGE][PASSED] - Object 'chkbx_follow' is visible

2018-07-19 16:38:54 - [MESSAGE][PASSED] - Object: 'chkbx_follow' is hovered

2018-07-19 16:38:55 - [MESSAGE][PASSED] - Object 'chkbx_follow' is checked

2018-07-19 16:38:55 - [TEST_STEP][PASSED] - Statement - item_property_tab_general._check_comment(true): Object 'chkbx_comment' is checked

2018-07-19 16:38:55 - [MESSAGE][PASSED] - Object 'progress' is present

2018-07-19 16:38:55 - [MESSAGE][PASSED] - Object 'progress' is NOT visible

2018-07-19 16:38:55 - [MESSAGE][PASSED] - Browser is scrolled to position x = 0, y = 474

2018-07-19 16:38:56 - [MESSAGE][PASSED] - Object 'chkbx_comment' is visible

2018-07-19 16:39:27 - [MESSAGE][PASSED] - Object: 'chkbx_comment' is hovered

2018-07-19 16:39:27 - [MESSAGE][PASSED] - Object 'chkbx_comment' is checked

2018-07-19 16:39:28 - [TEST_STEP][PASSED] - Statement - item_property_tab_general._check_add_home_page(true): Object 'chkbx_add_homepage' is checked

2018-07-19 16:39:28 - [MESSAGE][PASSED] - Object 'progress' is present

2018-07-19 16:39:28 - [MESSAGE][PASSED] - Object 'progress' is NOT visible

2018-07-19 16:39:28 - [MESSAGE][PASSED] - Browser is scrolled to position x = 0, y = 553

2018-07-19 16:39:29 - [MESSAGE][PASSED] - Object 'chkbx_add_homepage' is visible

2018-07-19 16:39:59 - [MESSAGE][PASSED] - Object: 'chkbx_add_homepage' is hovered

2018-07-19 16:40:00 - [MESSAGE][WARNING] - Object 'chkbx_add_homepage' is not checked

2018-07-19 16:40:31 - [MESSAGE][PASSED] - Object 'chkbx_add_homepage' is checked

2018-07-19 16:40:31 - [TEST_STEP][PASSED] - Statement - item_property_tab_general._write_sms_description(): Keys ' sms_description ber' sent to object: 'textarea_sms_desc'

2018-07-19 16:40:31 - [MESSAGE][PASSED] - Object 'progress' is present

2018-07-19 16:40:32 - [MESSAGE][PASSED] - Object 'progress' is NOT visible

2018-07-19 16:40:32 - [MESSAGE][PASSED] - Browser is scrolled to position x = 0, y = 626

2018-07-19 16:40:32 - [MESSAGE][PASSED] - Object 'textarea_sms_desc' is visible

2018-07-19 16:41:03 - [MESSAGE][PASSED] - Keys ' sms_description ber' sent to object: 'textarea_sms_desc'

2018-07-19 16:41:04 - [TEST_STEP][PASSED] - Statement - item_property_tab_general._browse_file(): Object: 'a_uploaded_file' is double clicked on

2018-07-19 16:41:04 - [MESSAGE][PASSED] - Object 'progress' is present

2018-07-19 16:41:04 - [MESSAGE][PASSED] - Object 'progress' is NOT visible

2018-07-19 16:41:04 - [MESSAGE][PASSED] - Browser is scrolled to position x = 0, y = 729

2018-07-19 16:41:05 - [MESSAGE][PASSED] - Object 'btn_browse' is visible

2018-07-19 16:41:37 - [MESSAGE][PASSED] - Object: 'btn_browse' is clicked on

2018-07-19 16:41:37 - [MESSAGE][PASSED] - Object 'btn_open_uploaded_file' is present

2018-07-19 16:41:37 - [MESSAGE][PASSED] - Object 'progress' is present

2018-07-19 16:41:37 - [MESSAGE][PASSED] - Object 'progress' is NOT visible

2018-07-19 16:41:38 - [MESSAGE][PASSED] - Browser is scrolled to position x = 0, y = 0

2018-07-19 16:41:38 - [MESSAGE][PASSED] - Object 'a_uploaded_file' is visible

2018-07-19 16:42:09 - [MESSAGE][PASSED] - Object: 'a_uploaded_file' is double clicked on

2018-07-19 16:42:09 - [TEST_STEP][PASSED] - Statement - item_property_tab_general._click_on_image(): Object: 'btn_x_close' is clicked on

2018-07-19 16:42:09 - [MESSAGE][PASSED] - Object 'progress' is present

2018-07-19 16:42:10 - [MESSAGE][PASSED] - Object 'progress' is NOT visible

2018-07-19 16:42:10 - [MESSAGE][PASSED] - Browser is scrolled to position x = 0, y = 729

2018-07-19 16:42:11 - [MESSAGE][PASSED] - Object 'img_uploaded_file' is visible

2018-07-19 16:42:42 - [MESSAGE][PASSED] - Object: 'img_uploaded_file' is clicked on

2018-07-19 16:42:43 - [MESSAGE][PASSED] - Delayed 1 second(s)

2018-07-19 16:42:46 - [MESSAGE][WARNING] - Comparing  D:\kms_katalon\kms_katalon_tests\katalonGitTest\img\IE\download.jpg image : true

2018-07-19 16:42:46 - [MESSAGE][PASSED] - Object 'progress' is present

2018-07-19 16:42:46 - [MESSAGE][PASSED] - Object 'progress' is NOT visible

2018-07-19 16:42:46 - [MESSAGE][PASSED] - Object 'btn_x_close' is visible

2018-07-19 16:43:17 - [MESSAGE][PASSED] - Object: 'btn_x_close' is clicked on

2018-07-19 16:43:17 - [TEST_STEP][PASSED] - Statement - item_property_tab_general._write_promoted_key_words(): Keys 'ENTER + ' sent to object: 'txt_promoted_words'

2018-07-19 16:43:17 - [MESSAGE][PASSED] - Object 'progress' is present

2018-07-19 16:43:18 - [MESSAGE][PASSED] - Object 'progress' is NOT visible

2018-07-19 16:43:18 - [MESSAGE][PASSED] - Browser is scrolled to position x = 0, y = 894

2018-07-19 16:43:19 - [MESSAGE][PASSED] - Object 'txt_promoted_words' is visible

2018-07-19 16:43:49 - [MESSAGE][PASSED] - Keys 'promo_words' sent to object: 'txt_promoted_words'

2018-07-19 16:44:21 - [MESSAGE][PASSED] - Keys 'ENTER + ' sent to object: 'txt_promoted_words'

2018-07-19 16:44:51 - [MESSAGE][PASSED] - Keys 'fed' sent to object: 'txt_promoted_words'

2018-07-19 16:45:23 - [MESSAGE][PASSED] - Keys 'ENTER + ' sent to object: 'txt_promoted_words'

2018-07-19 16:45:54 - [MESSAGE][PASSED] - Keys 'ber' sent to object: 'txt_promoted_words'

2018-07-19 16:46:25 - [MESSAGE][PASSED] - Keys 'ENTER + ' sent to object: 'txt_promoted_words'

2018-07-19 16:46:26 - [TEST_STEP][PASSED] - Statement - bottom_Bar._click_save_and_relocate_to_lastFolder(): item [22]Folder 15
test2
eeee
doron 27-02-17
michal
Lev Item
Lev Item 2
Test VAT
scenario
New Scenario
Article
testing
testing widget
item 1103
email-test
word test
Briefing requires signature
Briefing no signature
Hot Sale
fed
ffff
New Itemitem_General_3799  in the knowledge tree 

2018-07-19 16:46:26 - [MESSAGE][PASSED] - Object 'progress' is present

2018-07-19 16:46:26 - [MESSAGE][PASSED] - Object 'progress' is NOT visible

2018-07-19 16:46:26 - [MESSAGE][PASSED] - Object 'btn_saveAndRelocate' is visible

2018-07-19 16:46:57 - [MESSAGE][PASSED] - Object: 'btn_saveAndRelocate' is clicked on

2018-07-19 16:46:58 - [MESSAGE][PASSED] - Object 'a_choose_lastFolder_in_modal' is present

2018-07-19 16:46:58 - [MESSAGE][PASSED] - Text of object 'a_last_folder_in_cm_tree' is: '[21]Folder 15'

2018-07-19 16:46:58 - [MESSAGE][PASSED] - Object 'progress' is present

2018-07-19 16:46:58 - [MESSAGE][PASSED] - Object 'progress' is NOT visible

2018-07-19 16:46:58 - [MESSAGE][PASSED] - Object 'a_choose_lastFolder_in_modal' is visible

2018-07-19 16:47:29 - [MESSAGE][PASSED] - Object: 'a_choose_lastFolder_in_modal' is hovered

2018-07-19 16:48:00 - [MESSAGE][PASSED] - Object: 'a_choose_lastFolder_in_modal' is clicked on

2018-07-19 16:48:00 - [MESSAGE][PASSED] - Object 'progress' is present

2018-07-19 16:48:00 - [MESSAGE][PASSED] - Object 'progress' is NOT visible

2018-07-19 16:48:00 - [MESSAGE][PASSED] - Object 'btn_save_in_last_folder' is visible

2018-07-19 16:48:30 - [MESSAGE][PASSED] - Object: 'btn_save_in_last_folder' is hovered

2018-07-19 16:49:05 - [MESSAGE][PASSED] - Object: 'btn_save_in_last_folder' is clicked on

2018-07-19 16:49:08 - [MESSAGE][PASSED] - Delayed 3 second(s)

2018-07-19 16:49:08 - [MESSAGE][PASSED] - Text of object 'a_last_folder_in_cm_tree' is: '[22]Folder 15'

2018-07-19 16:49:08 - [MESSAGE][PASSED] - Actual object '22' and expected object '22' are equal

2018-07-19 16:49:08 - [MESSAGE][PASSED] - Object 'progress' is present

2018-07-19 16:49:08 - [MESSAGE][PASSED] - Object 'progress' is NOT visible

2018-07-19 16:49:08 - [MESSAGE][PASSED] - Object 'a_last_folder_in_cm_tree' is visible

2018-07-19 16:49:41 - [MESSAGE][PASSED] - Object: 'a_last_folder_in_cm_tree' is clicked on

2018-07-19 16:49:41 - [MESSAGE][PASSED] - Object 'last_folder_content' is present

2018-07-19 16:49:41 - [MESSAGE][PASSED] - Object 'progress' is present

2018-07-19 16:49:42 - [MESSAGE][PASSED] - Object 'progress' is NOT visible

2018-07-19 16:49:42 - [MESSAGE][PASSED] - Object 'a_last_folder_in_cm_tree' is visible

2018-07-19 16:50:13 - [MESSAGE][PASSED] - Object: 'a_last_folder_in_cm_tree' is clicked on

2018-07-19 16:50:13 - [MESSAGE][PASSED] - Object 'last_folder_content' is present

2018-07-19 16:50:13 - [MESSAGE][PASSED] - Object 'progress' is present

2018-07-19 16:50:13 - [MESSAGE][PASSED] - Object 'progress' is NOT visible

2018-07-19 16:50:14 - [MESSAGE][PASSED] - Browser is scrolled to position x = 0, y = 0

2018-07-19 16:50:14 - [MESSAGE][PASSED] - Object 'lbl_itemId' is visible

2018-07-19 16:50:15 - [MESSAGE][PASSED] - Text of object 'lbl_itemId' is: '21'

2018-07-19 16:50:15 - [MESSAGE][PASSED] - Modify property of object successfully

2018-07-19 16:50:15 - [MESSAGE][PASSED] - Object 'progress' is present

2018-07-19 16:50:15 - [MESSAGE][PASSED] - Object 'progress' is NOT visible

2018-07-19 16:50:15 - [MESSAGE][PASSED] - Object 'a_item_in_last_folder' is visible

2018-07-19 16:50:46 - [MESSAGE][PASSED] - Object: 'a_item_in_last_folder' is hovered

2018-07-19 16:51:17 - [MESSAGE][PASSED] - Object: 'a_item_in_last_folder' is clicked on

2018-07-19 16:51:17 - [MESSAGE][PASSED] - Object 'progress' is present

2018-07-19 16:51:17 - [MESSAGE][PASSED] - Object 'progress' is NOT visible

2018-07-19 16:51:17 - [MESSAGE][PASSED] - Object 'a_item_in_last_folder' is visible

2018-07-19 16:51:17 - [MESSAGE][PASSED] - Text of object 'a_item_in_last_folder' is: '[22]Folder 15
test2
eeee
doron 27-02-17
michal
Lev Item
Lev Item 2
Test VAT
scenario
New Scenario
Article
testing
testing widget
item 1103
email-test
word test
Briefing requires signature
Briefing no signature
Hot Sale
fed
ffff
New Itemitem_General_3799'

2018-07-19 16:51:17 - [MESSAGE][WARNING] - item [22]Folder 15
test2
eeee
doron 27-02-17
michal
Lev Item
Lev Item 2
Test VAT
scenario
New Scenario
Article
testing
testing widget
item 1103
email-test
word test
Briefing requires signature
Briefing no signature
Hot Sale
fed
ffff
New Itemitem_General_3799  in the knowledge tree 

2018-07-19 16:51:17 - [TEST_STEP][PASSED] - Statement - upper_bar._search_by_first_description_word(): Comparing item_ texts : true

2018-07-19 16:51:17 - [MESSAGE][PASSED] - Object 'progress' is present

2018-07-19 16:51:17 - [MESSAGE][PASSED] - Object 'progress' is NOT visible

2018-07-19 16:51:17 - [MESSAGE][PASSED] - Object 'txt_search' is visible

2018-07-19 16:51:18 - [MESSAGE][PASSED] - Text of object 'txt_search' is cleared

2018-07-19 16:51:48 - [MESSAGE][PASSED] - Keys 's' sent to object: 'txt_search'

2018-07-19 16:52:18 - [MESSAGE][PASSED] - Keys 'h' sent to object: 'txt_search'

2018-07-19 16:52:49 - [MESSAGE][PASSED] - Keys 'o' sent to object: 'txt_search'

2018-07-19 16:53:19 - [MESSAGE][PASSED] - Keys 'r' sent to object: 'txt_search'

2018-07-19 16:53:50 - [MESSAGE][PASSED] - Keys 't' sent to object: 'txt_search'

2018-07-19 16:53:53 - [MESSAGE][PASSED] - Delayed 3 second(s)

2018-07-19 16:53:53 - [MESSAGE][PASSED] - Text of object 'a_serched_word' is: 'New Itemitem_General_3799'

2018-07-19 16:53:53 - [MESSAGE][PASSED] - Actual object 'true' and expected object 'true' are equal

2018-07-19 16:53:53 - [MESSAGE][WARNING] - Comparing item_ texts : true

2018-07-19 16:53:53 - [MESSAGE][PASSED] - Object 'progress' is present

2018-07-19 16:53:53 - [MESSAGE][PASSED] - Object 'progress' is NOT visible

2018-07-19 16:53:53 - [MESSAGE][PASSED] - Object 'txt_search' is visible

2018-07-19 16:53:54 - [MESSAGE][PASSED] - Text of object 'txt_search' is cleared

2018-07-19 16:54:24 - [MESSAGE][PASSED] - Keys '_' sent to object: 'txt_search'

2018-07-19 16:54:54 - [MESSAGE][PASSED] - Keys 'd' sent to object: 'txt_search'

2018-07-19 16:55:25 - [MESSAGE][PASSED] - Keys 'e' sent to object: 'txt_search'

2018-07-19 16:55:55 - [MESSAGE][PASSED] - Keys 's' sent to object: 'txt_search'

2018-07-19 16:56:26 - [MESSAGE][PASSED] - Keys 'c' sent to object: 'txt_search'

2018-07-19 16:56:56 - [MESSAGE][PASSED] - Keys 'r' sent to object: 'txt_search'

2018-07-19 16:57:27 - [MESSAGE][PASSED] - Keys 'i' sent to object: 'txt_search'

2018-07-19 16:57:57 - [MESSAGE][PASSED] - Keys 'p' sent to object: 'txt_search'

2018-07-19 16:58:28 - [MESSAGE][PASSED] - Keys 't' sent to object: 'txt_search'

2018-07-19 16:58:58 - [MESSAGE][PASSED] - Keys 'i' sent to object: 'txt_search'

2018-07-19 16:59:29 - [MESSAGE][PASSED] - Keys 'o' sent to object: 'txt_search'

2018-07-19 16:59:59 - [MESSAGE][PASSED] - Keys 'n' sent to object: 'txt_search'

2018-07-19 17:00:02 - [MESSAGE][PASSED] - Delayed 3 second(s)

2018-07-19 17:00:02 - [MESSAGE][PASSED] - Text of object 'a_serched_word' is: 'new itemitem_general_3799'

2018-07-19 17:00:02 - [MESSAGE][PASSED] - Actual object 'true' and expected object 'true' are equal

2018-07-19 17:00:02 - [MESSAGE][WARNING] - Comparing item_ texts : true

2018-07-19 17:00:02 - [MESSAGE][PASSED] - Object 'progress' is present

2018-07-19 17:00:03 - [MESSAGE][PASSED] - Object 'progress' is NOT visible

2018-07-19 17:00:03 - [MESSAGE][PASSED] - Object 'txt_search' is visible

2018-07-19 17:00:03 - [MESSAGE][PASSED] - Text of object 'txt_search' is cleared

2018-07-19 17:00:33 - [MESSAGE][PASSED] - Keys 'f' sent to object: 'txt_search'

2018-07-19 17:01:04 - [MESSAGE][PASSED] - Keys 'e' sent to object: 'txt_search'

2018-07-19 17:01:34 - [MESSAGE][PASSED] - Keys 'd' sent to object: 'txt_search'

2018-07-19 17:01:37 - [MESSAGE][PASSED] - Delayed 3 second(s)

2018-07-19 17:01:37 - [MESSAGE][PASSED] - Text of object 'a_serched_word' is: 'new itemitem_general_3799'

2018-07-19 17:01:37 - [MESSAGE][PASSED] - Actual object 'true' and expected object 'true' are equal

2018-07-19 17:01:37 - [MESSAGE][WARNING] - Comparing item_ texts : true

2018-07-19 17:01:37 - [TEST_STEP][PASSED] - Statement - com.system.RolesHelper.getCm_En()._delete_all_created_items(): Taking screenshot successfully

2018-07-19 17:01:37 - [MESSAGE][PASSED] - Object 'progress' is present

2018-07-19 17:01:37 - [MESSAGE][PASSED] - Object 'progress' is NOT visible

2018-07-19 17:01:37 - [MESSAGE][PASSED] - Object 'a_last_folder_in_cm_tree' is visible

2018-07-19 17:02:08 - [MESSAGE][PASSED] - Object: 'a_last_folder_in_cm_tree' is clicked on

2018-07-19 17:02:09 - [MESSAGE][PASSED] - Object 'last_folder_content' is present

2018-07-19 17:02:09 - [MESSAGE][PASSED] - Object 'progress' is present

2018-07-19 17:02:09 - [MESSAGE][PASSED] - Object 'progress' is NOT visible

2018-07-19 17:02:09 - [MESSAGE][PASSED] - Object 'a_item_in_last_folder' is visible

2018-07-19 17:02:09 - [MESSAGE][PASSED] - Modify property of object successfully

2018-07-19 17:02:10 - [MESSAGE][PASSED] - Delayed 1 second(s)

2018-07-19 17:02:10 - [MESSAGE][PASSED] - Object 'progress' is present

2018-07-19 17:02:10 - [MESSAGE][PASSED] - Object 'progress' is NOT visible

2018-07-19 17:02:10 - [MESSAGE][PASSED] - Object 'a_item_in_last_folder' is visible

2018-07-19 17:02:43 - [MESSAGE][PASSED] - Object: 'a_item_in_last_folder' is clicked on

2018-07-19 17:02:44 - [MESSAGE][PASSED] - Delayed 1 second(s)

2018-07-19 17:02:44 - [MESSAGE][PASSED] - Text of object 'a_last_folder_in_cm_tree' is: '[22]Folder 15
test2
eeee
doron 27-02-17
michal
Lev Item
Lev Item 2
Test VAT
scenario
New Scenario
Article
testing
testing widget
item 1103
email-test
word test
Briefing requires signature
Briefing no signature
Hot Sale
fed
ffff
New Itemitem_General_3799'

2018-07-19 17:02:44 - [MESSAGE][PASSED] - Object 'progress' is present

2018-07-19 17:02:45 - [MESSAGE][PASSED] - Object 'progress' is NOT visible

2018-07-19 17:02:45 - [MESSAGE][PASSED] - Browser is scrolled to position x = 0, y = 0

2018-07-19 17:02:45 - [MESSAGE][PASSED] - Object 'lbl_itemId' is visible

2018-07-19 17:02:46 - [MESSAGE][PASSED] - Text of object 'lbl_itemId' is: '3799'

2018-07-19 17:02:46 - [MESSAGE][PASSED] - Object 'progress' is present

2018-07-19 17:02:46 - [MESSAGE][PASSED] - Object 'progress' is NOT visible

2018-07-19 17:02:47 - [MESSAGE][PASSED] - Object 'btn_remove_bar' is visible

2018-07-19 17:02:47 - [MESSAGE][PASSED] - Object 'progress' is present

2018-07-19 17:02:47 - [MESSAGE][PASSED] - Object 'progress' is NOT visible

2018-07-19 17:02:47 - [MESSAGE][PASSED] - Object 'btn_remove_bar' is visible

2018-07-19 17:03:18 - [MESSAGE][PASSED] - Object: 'btn_remove_bar' is clicked on

2018-07-19 17:03:19 - [MESSAGE][PASSED] - Object 'yes_remove_button' is present

2018-07-19 17:03:19 - [MESSAGE][PASSED] - Object 'progress' is present

2018-07-19 17:03:19 - [MESSAGE][PASSED] - Object 'progress' is NOT visible

2018-07-19 17:03:19 - [MESSAGE][PASSED] - Object 'yes_remove_button' is visible

2018-07-19 17:03:50 - [MESSAGE][PASSED] - Object: 'yes_remove_button' is hovered

2018-07-19 17:04:21 - [MESSAGE][PASSED] - Object: 'yes_remove_button' is clicked on

2018-07-19 17:04:24 - [MESSAGE][PASSED] - Delayed 3 second(s)

2018-07-19 17:04:24 - [MESSAGE][PASSED] - Text of object 'a_last_folder_in_cm_tree' is: '[22]Folder 15
test2
eeee
doron 27-02-17
michal
Lev Item
Lev Item 2
Test VAT
scenario
New Scenario
Article
testing
testing widget
item 1103
email-test
word test
Briefing requires signature
Briefing no signature
Hot Sale
fed
ffff
New Itemitem_General_3799'

2018-07-19 17:04:24 - [MESSAGE][FAILED] - Unable to verify equal between actual object '22' and expected object '21' (Root cause: Actual object '22' and expected object '21' are not equal)

2018-07-19 17:04:27 - [MESSAGE][PASSED] - Delayed 3 second(s)

2018-07-19 17:04:27 - [MESSAGE][PASSED] - Text of object 'a_last_folder_in_cm_tree' is: '[22]Folder 15
test2
eeee
doron 27-02-17
michal
Lev Item
Lev Item 2
Test VAT
scenario
New Scenario
Article
testing
testing widget
item 1103
email-test
word test
Briefing requires signature
Briefing no signature
Hot Sale
fed
ffff
New Itemitem_General_3799'

2018-07-19 17:04:27 - [MESSAGE][FAILED] - Unable to verify equal between actual object '22' and expected object '21' (Root cause: Actual object '22' and expected object '21' are not equal)

2018-07-19 17:04:27 - [MESSAGE][PASSED] - Object 'progress' is present

2018-07-19 17:04:27 - [MESSAGE][PASSED] - Object 'progress' is NOT visible

2018-07-19 17:04:27 - [MESSAGE][PASSED] - Object 'a_last_folder_in_cm_tree' is visible

2018-07-19 17:04:58 - [MESSAGE][PASSED] - Object: 'a_last_folder_in_cm_tree' is clicked on

2018-07-19 17:04:58 - [MESSAGE][PASSED] - Object 'last_folder_content' is present

2018-07-19 17:04:58 - [MESSAGE][PASSED] - Object 'progress' is present

2018-07-19 17:04:59 - [MESSAGE][PASSED] - Object 'progress' is NOT visible

2018-07-19 17:04:59 - [MESSAGE][PASSED] - Object 'a_last_folder_in_cm_tree' is visible

2018-07-19 17:05:30 - [MESSAGE][PASSED] - Object: 'a_last_folder_in_cm_tree' is clicked on

2018-07-19 17:05:30 - [MESSAGE][PASSED] - Object 'last_folder_content' is present

2018-07-19 17:05:30 - [MESSAGE][PASSED] - Modify property of object successfully

2018-07-19 17:05:30 - [MESSAGE][PASSED] - Object 'progress' is present

2018-07-19 17:05:30 - [MESSAGE][PASSED] - Object 'progress' is NOT visible

2018-07-19 17:05:30 - [MESSAGE][PASSED] - Object 'a_item_in_last_folder' is visible

2018-07-19 17:05:30 - [MESSAGE][WARNING] - item item_General_3799 not in the knowledge tree 

2018-07-19 17:05:30 - [MESSAGE][PASSED] - Object 'progress' is present

2018-07-19 17:05:30 - [MESSAGE][PASSED] - Object 'progress' is NOT visible

2018-07-19 17:05:30 - [MESSAGE][PASSED] - Object 'a_item_in_last_folder' is visible

2018-07-19 17:05:30 - [MESSAGE][PASSED] - Modify property of object successfully

2018-07-19 17:05:31 - [MESSAGE][PASSED] - Delayed 1 second(s)

2018-07-19 17:05:31 - [MESSAGE][PASSED] - Object 'progress' is present

2018-07-19 17:05:31 - [MESSAGE][PASSED] - Object 'progress' is NOT visible

2018-07-19 17:05:31 - [MESSAGE][PASSED] - Object 'a_item_in_last_folder' is visible

2018-07-19 17:06:02 - [MESSAGE][PASSED] - Object: 'a_item_in_last_folder' is clicked on

2018-07-19 17:06:03 - [MESSAGE][PASSED] - Delayed 1 second(s)

2018-07-19 17:06:04 - [MESSAGE][PASSED] - Text of object 'a_last_folder_in_cm_tree' is: '[22]Folder 15
test2
eeee
doron 27-02-17
michal
Lev Item
Lev Item 2
Test VAT
scenario
New Scenario
Article
testing
testing widget
item 1103
email-test
word test
Briefing requires signature
Briefing no signature
Hot Sale
fed
ffff
New Itemitem_General_3799'

2018-07-19 17:06:04 - [MESSAGE][PASSED] - Object 'progress' is present

2018-07-19 17:06:04 - [MESSAGE][PASSED] - Object 'progress' is NOT visible

2018-07-19 17:06:04 - [MESSAGE][PASSED] - Browser is scrolled to position x = 0, y = 0

2018-07-19 17:06:05 - [MESSAGE][PASSED] - Object 'lbl_itemId' is visible

2018-07-19 17:06:05 - [MESSAGE][PASSED] - Text of object 'lbl_itemId' is: '3799'

2018-07-19 17:06:06 - [MESSAGE][PASSED] - Object 'progress' is present

2018-07-19 17:06:06 - [MESSAGE][PASSED] - Object 'progress' is NOT visible

2018-07-19 17:06:06 - [MESSAGE][PASSED] - Object 'btn_remove_bar' is visible

2018-07-19 17:06:06 - [MESSAGE][PASSED] - Object 'progress' is present

2018-07-19 17:06:06 - [MESSAGE][PASSED] - Object 'progress' is NOT visible

2018-07-19 17:06:06 - [MESSAGE][PASSED] - Object 'btn_remove_bar' is visible

2018-07-19 17:06:37 - [MESSAGE][PASSED] - Object: 'btn_remove_bar' is clicked on

2018-07-19 17:06:37 - [MESSAGE][PASSED] - Object 'yes_remove_button' is present

2018-07-19 17:06:37 - [MESSAGE][PASSED] - Object 'progress' is present

2018-07-19 17:06:37 - [MESSAGE][PASSED] - Object 'progress' is NOT visible

2018-07-19 17:06:37 - [MESSAGE][PASSED] - Object 'yes_remove_button' is visible

2018-07-19 17:07:08 - [MESSAGE][PASSED] - Object: 'yes_remove_button' is hovered

2018-07-19 17:07:39 - [MESSAGE][PASSED] - Object: 'yes_remove_button' is clicked on

2018-07-19 17:07:42 - [MESSAGE][PASSED] - Delayed 3 second(s)

2018-07-19 17:07:42 - [MESSAGE][PASSED] - Text of object 'a_last_folder_in_cm_tree' is: '[22]Folder 15
test2
eeee
doron 27-02-17
michal
Lev Item
Lev Item 2
Test VAT
scenario
New Scenario
Article
testing
testing widget
item 1103
email-test
word test
Briefing requires signature
Briefing no signature
Hot Sale
fed
ffff
New Itemitem_General_3799'

2018-07-19 17:07:42 - [MESSAGE][FAILED] - Unable to verify equal between actual object '22' and expected object '21' (Root cause: Actual object '22' and expected object '21' are not equal)

2018-07-19 17:07:45 - [MESSAGE][PASSED] - Delayed 3 second(s)

2018-07-19 17:07:45 - [MESSAGE][PASSED] - Text of object 'a_last_folder_in_cm_tree' is: '[22]Folder 15
test2
eeee
doron 27-02-17
michal
Lev Item
Lev Item 2
Test VAT
scenario
New Scenario
Article
testing
testing widget
item 1103
email-test
word test
Briefing requires signature
Briefing no signature
Hot Sale
fed
ffff
New Itemitem_General_3799'

2018-07-19 17:07:45 - [MESSAGE][FAILED] - Unable to verify equal between actual object '22' and expected object '21' (Root cause: Actual object '22' and expected object '21' are not equal)

2018-07-19 17:07:45 - [MESSAGE][PASSED] - Object 'progress' is present

2018-07-19 17:07:45 - [MESSAGE][PASSED] - Object 'progress' is NOT visible

2018-07-19 17:07:46 - [MESSAGE][PASSED] - Object 'a_last_folder_in_cm_tree' is visible

2018-07-19 17:08:17 - [MESSAGE][PASSED] - Object: 'a_last_folder_in_cm_tree' is clicked on

2018-07-19 17:08:17 - [MESSAGE][PASSED] - Object 'last_folder_content' is present

2018-07-19 17:08:17 - [MESSAGE][PASSED] - Object 'progress' is present

2018-07-19 17:08:17 - [MESSAGE][PASSED] - Object 'progress' is NOT visible

2018-07-19 17:08:17 - [MESSAGE][PASSED] - Object 'a_last_folder_in_cm_tree' is visible

2018-07-19 17:08:48 - [MESSAGE][PASSED] - Object: 'a_last_folder_in_cm_tree' is clicked on

2018-07-19 17:08:48 - [MESSAGE][PASSED] - Object 'last_folder_content' is present

2018-07-19 17:08:48 - [MESSAGE][PASSED] - Modify property of object successfully

2018-07-19 17:08:48 - [MESSAGE][PASSED] - Object 'progress' is present

2018-07-19 17:08:48 - [MESSAGE][PASSED] - Object 'progress' is NOT visible

2018-07-19 17:08:48 - [MESSAGE][PASSED] - Object 'a_item_in_last_folder' is visible

2018-07-19 17:08:48 - [MESSAGE][WARNING] - item item_General_3799 not in the knowledge tree 

2018-07-19 17:08:48 - [MESSAGE][PASSED] - Object 'progress' is present

2018-07-19 17:08:48 - [MESSAGE][PASSED] - Object 'progress' is NOT visible

2018-07-19 17:08:48 - [MESSAGE][PASSED] - Object 'a_item_in_last_folder' is visible

2018-07-19 17:08:48 - [MESSAGE][PASSED] - Modify property of object successfully

2018-07-19 17:08:49 - [MESSAGE][PASSED] - Delayed 1 second(s)

2018-07-19 17:08:49 - [MESSAGE][PASSED] - Object 'progress' is present

2018-07-19 17:08:50 - [MESSAGE][PASSED] - Object 'progress' is NOT visible

2018-07-19 17:08:50 - [MESSAGE][PASSED] - Object 'a_item_in_last_folder' is visible

2018-07-19 17:09:21 - [MESSAGE][PASSED] - Object: 'a_item_in_last_folder' is clicked on

2018-07-19 17:09:22 - [MESSAGE][PASSED] - Delayed 1 second(s)

2018-07-19 17:09:22 - [MESSAGE][PASSED] - Text of object 'a_last_folder_in_cm_tree' is: '[22]Folder 15
test2
eeee
doron 27-02-17
michal
Lev Item
Lev Item 2
Test VAT
scenario
New Scenario
Article
testing
testing widget
item 1103
email-test
word test
Briefing requires signature
Briefing no signature
Hot Sale
fed
ffff
New Itemitem_General_3799'

2018-07-19 17:09:22 - [MESSAGE][PASSED] - Object 'progress' is present

2018-07-19 17:09:22 - [MESSAGE][PASSED] - Object 'progress' is NOT visible

2018-07-19 17:09:22 - [MESSAGE][PASSED] - Browser is scrolled to position x = 0, y = 0

2018-07-19 17:09:23 - [MESSAGE][PASSED] - Object 'lbl_itemId' is visible

2018-07-19 17:09:23 - [MESSAGE][PASSED] - Text of object 'lbl_itemId' is: '3799'

2018-07-19 17:09:24 - [MESSAGE][PASSED] - Object 'progress' is present

2018-07-19 17:09:24 - [MESSAGE][PASSED] - Object 'progress' is NOT visible

2018-07-19 17:09:24 - [MESSAGE][PASSED] - Object 'btn_remove_bar' is visible

2018-07-19 17:09:24 - [MESSAGE][PASSED] - Object 'progress' is present

2018-07-19 17:09:24 - [MESSAGE][PASSED] - Object 'progress' is NOT visible

2018-07-19 17:09:24 - [MESSAGE][PASSED] - Object 'btn_remove_bar' is visible

2018-07-19 17:09:55 - [MESSAGE][PASSED] - Object: 'btn_remove_bar' is clicked on

2018-07-19 17:09:55 - [MESSAGE][PASSED] - Object 'yes_remove_button' is present

2018-07-19 17:09:55 - [MESSAGE][PASSED] - Object 'progress' is present

2018-07-19 17:09:55 - [MESSAGE][PASSED] - Object 'progress' is NOT visible

2018-07-19 17:09:56 - [MESSAGE][PASSED] - Object 'yes_remove_button' is visible

2018-07-19 17:10:26 - [MESSAGE][PASSED] - Object: 'yes_remove_button' is hovered

2018-07-19 17:10:57 - [MESSAGE][PASSED] - Object: 'yes_remove_button' is clicked on

2018-07-19 17:11:00 - [MESSAGE][PASSED] - Delayed 3 second(s)

2018-07-19 17:11:00 - [MESSAGE][PASSED] - Text of object 'a_last_folder_in_cm_tree' is: '[22]Folder 15
test2
eeee
doron 27-02-17
michal
Lev Item
Lev Item 2
Test VAT
scenario
New Scenario
Article
testing
testing widget
item 1103
email-test
word test
Briefing requires signature
Briefing no signature
Hot Sale
fed
ffff
New Itemitem_General_3799'

2018-07-19 17:11:00 - [MESSAGE][FAILED] - Unable to verify equal between actual object '22' and expected object '21' (Root cause: Actual object '22' and expected object '21' are not equal)

2018-07-19 17:11:03 - [MESSAGE][PASSED] - Delayed 3 second(s)

2018-07-19 17:11:03 - [MESSAGE][PASSED] - Text of object 'a_last_folder_in_cm_tree' is: '[22]Folder 15
test2
eeee
doron 27-02-17
michal
Lev Item
Lev Item 2
Test VAT
scenario
New Scenario
Article
testing
testing widget
item 1103
email-test
word test
Briefing requires signature
Briefing no signature
Hot Sale
fed
ffff
New Itemitem_General_3799'

2018-07-19 17:11:03 - [MESSAGE][FAILED] - Unable to verify equal between actual object '22' and expected object '21' (Root cause: Actual object '22' and expected object '21' are not equal)

2018-07-19 17:11:03 - [MESSAGE][PASSED] - Object 'progress' is present

2018-07-19 17:11:03 - [MESSAGE][PASSED] - Object 'progress' is NOT visible

2018-07-19 17:11:03 - [MESSAGE][PASSED] - Object 'a_last_folder_in_cm_tree' is visible

2018-07-19 17:11:35 - [MESSAGE][PASSED] - Object: 'a_last_folder_in_cm_tree' is clicked on

2018-07-19 17:11:35 - [MESSAGE][PASSED] - Object 'last_folder_content' is present

2018-07-19 17:11:35 - [MESSAGE][PASSED] - Object 'progress' is present

2018-07-19 17:11:35 - [MESSAGE][PASSED] - Object 'progress' is NOT visible

2018-07-19 17:11:35 - [MESSAGE][PASSED] - Object 'a_last_folder_in_cm_tree' is visible

2018-07-19 17:12:06 - [MESSAGE][PASSED] - Object: 'a_last_folder_in_cm_tree' is clicked on

2018-07-19 17:12:06 - [MESSAGE][PASSED] - Object 'last_folder_content' is present

2018-07-19 17:12:06 - [MESSAGE][PASSED] - Modify property of object successfully

2018-07-19 17:12:06 - [MESSAGE][PASSED] - Object 'progress' is present

2018-07-19 17:12:06 - [MESSAGE][PASSED] - Object 'progress' is NOT visible

2018-07-19 17:12:06 - [MESSAGE][PASSED] - Object 'a_item_in_last_folder' is visible

2018-07-19 17:12:06 - [MESSAGE][WARNING] - item item_General_3799 not in the knowledge tree 

2018-07-19 17:12:06 - [MESSAGE][PASSED] - Object 'progress' is present

2018-07-19 17:12:06 - [MESSAGE][PASSED] - Object 'progress' is NOT visible

2018-07-19 17:12:06 - [MESSAGE][PASSED] - Object 'a_item_in_last_folder' is visible

2018-07-19 17:12:06 - [MESSAGE][PASSED] - Modify property of object successfully

2018-07-19 17:12:07 - [MESSAGE][PASSED] - Delayed 1 second(s)

2018-07-19 17:12:07 - [MESSAGE][PASSED] - Object 'progress' is present

2018-07-19 17:12:08 - [MESSAGE][PASSED] - Object 'progress' is NOT visible

2018-07-19 17:12:08 - [MESSAGE][PASSED] - Object 'a_item_in_last_folder' is visible

2018-07-19 17:12:39 - [MESSAGE][PASSED] - Object: 'a_item_in_last_folder' is clicked on

2018-07-19 17:12:40 - [MESSAGE][PASSED] - Delayed 1 second(s)

2018-07-19 17:12:40 - [MESSAGE][PASSED] - Text of object 'a_last_folder_in_cm_tree' is: '[22]Folder 15
test2
eeee
doron 27-02-17
michal
Lev Item
Lev Item 2
Test VAT
scenario
New Scenario
Article
testing
testing widget
item 1103
email-test
word test
Briefing requires signature
Briefing no signature
Hot Sale
fed
ffff
New Itemitem_General_3799'

2018-07-19 17:12:40 - [MESSAGE][PASSED] - Object 'progress' is present

2018-07-19 17:12:40 - [MESSAGE][PASSED] - Object 'progress' is NOT visible

2018-07-19 17:12:41 - [MESSAGE][PASSED] - Browser is scrolled to position x = 0, y = 0

2018-07-19 17:12:41 - [MESSAGE][PASSED] - Object 'lbl_itemId' is visible

2018-07-19 17:12:41 - [MESSAGE][PASSED] - Text of object 'lbl_itemId' is: '3799'

2018-07-19 17:12:42 - [MESSAGE][PASSED] - Object 'progress' is present

2018-07-19 17:12:42 - [MESSAGE][PASSED] - Object 'progress' is NOT visible

2018-07-19 17:12:42 - [MESSAGE][PASSED] - Object 'btn_remove_bar' is visible

2018-07-19 17:12:42 - [MESSAGE][PASSED] - Object 'progress' is present

2018-07-19 17:12:42 - [MESSAGE][PASSED] - Object 'progress' is NOT visible

2018-07-19 17:12:42 - [MESSAGE][PASSED] - Object 'btn_remove_bar' is visible

2018-07-19 17:13:13 - [MESSAGE][PASSED] - Object: 'btn_remove_bar' is clicked on

2018-07-19 17:13:14 - [MESSAGE][PASSED] - Object 'yes_remove_button' is present

2018-07-19 17:13:14 - [MESSAGE][PASSED] - Object 'progress' is present

2018-07-19 17:13:14 - [MESSAGE][PASSED] - Object 'progress' is NOT visible

2018-07-19 17:13:14 - [MESSAGE][PASSED] - Object 'yes_remove_button' is visible

2018-07-19 17:13:44 - [MESSAGE][PASSED] - Object: 'yes_remove_button' is hovered

2018-07-19 17:14:15 - [MESSAGE][PASSED] - Object: 'yes_remove_button' is clicked on

2018-07-19 17:14:18 - [MESSAGE][PASSED] - Delayed 3 second(s)

2018-07-19 17:14:19 - [MESSAGE][PASSED] - Text of object 'a_last_folder_in_cm_tree' is: '[22]Folder 15
test2
eeee
doron 27-02-17
michal
Lev Item
Lev Item 2
Test VAT
scenario
New Scenario
Article
testing
testing widget
item 1103
email-test
word test
Briefing requires signature
Briefing no signature
Hot Sale
fed
ffff
New Itemitem_General_3799'

2018-07-19 17:14:19 - [MESSAGE][FAILED] - Unable to verify equal between actual object '22' and expected object '21' (Root cause: Actual object '22' and expected object '21' are not equal)

2018-07-19 17:14:22 - [MESSAGE][PASSED] - Delayed 3 second(s)

2018-07-19 17:14:22 - [MESSAGE][PASSED] - Text of object 'a_last_folder_in_cm_tree' is: '[22]Folder 15
test2
eeee
doron 27-02-17
michal
Lev Item
Lev Item 2
Test VAT
scenario
New Scenario
Article
testing
testing widget
item 1103
email-test
word test
Briefing requires signature
Briefing no signature
Hot Sale
fed
ffff
New Itemitem_General_3799'

2018-07-19 17:14:22 - [MESSAGE][FAILED] - Unable to verify equal between actual object '22' and expected object '21' (Root cause: Actual object '22' and expected object '21' are not equal)

2018-07-19 17:14:22 - [MESSAGE][PASSED] - Object 'progress' is present

2018-07-19 17:14:22 - [MESSAGE][PASSED] - Object 'progress' is NOT visible

2018-07-19 17:14:22 - [MESSAGE][PASSED] - Object 'a_last_folder_in_cm_tree' is visible

2018-07-19 17:14:53 - [MESSAGE][PASSED] - Object: 'a_last_folder_in_cm_tree' is clicked on

2018-07-19 17:14:53 - [MESSAGE][PASSED] - Object 'last_folder_content' is present

2018-07-19 17:14:53 - [MESSAGE][PASSED] - Object 'progress' is present

2018-07-19 17:14:53 - [MESSAGE][PASSED] - Object 'progress' is NOT visible

2018-07-19 17:14:53 - [MESSAGE][PASSED] - Object 'a_last_folder_in_cm_tree' is visible

2018-07-19 17:15:24 - [MESSAGE][PASSED] - Object: 'a_last_folder_in_cm_tree' is clicked on

2018-07-19 17:15:24 - [MESSAGE][PASSED] - Object 'last_folder_content' is present

2018-07-19 17:15:24 - [MESSAGE][PASSED] - Modify property of object successfully

2018-07-19 17:15:24 - [MESSAGE][PASSED] - Object 'progress' is present

2018-07-19 17:15:25 - [MESSAGE][PASSED] - Object 'progress' is NOT visible

2018-07-19 17:15:25 - [MESSAGE][PASSED] - Object 'a_item_in_last_folder' is visible

2018-07-19 17:15:25 - [MESSAGE][WARNING] - item item_General_3799 not in the knowledge tree 

2018-07-19 17:15:25 - [MESSAGE][PASSED] - Object 'progress' is present

2018-07-19 17:15:25 - [MESSAGE][PASSED] - Object 'progress' is NOT visible

2018-07-19 17:15:25 - [MESSAGE][PASSED] - Object 'a_item_in_last_folder' is visible

2018-07-19 17:15:25 - [MESSAGE][PASSED] - Modify property of object successfully

2018-07-19 17:15:26 - [MESSAGE][PASSED] - Delayed 1 second(s)

2018-07-19 17:15:26 - [MESSAGE][PASSED] - Object 'progress' is present

2018-07-19 17:15:26 - [MESSAGE][PASSED] - Object 'progress' is NOT visible

2018-07-19 17:15:26 - [MESSAGE][PASSED] - Object 'a_item_in_last_folder' is visible

2018-07-19 17:15:57 - [MESSAGE][PASSED] - Object: 'a_item_in_last_folder' is clicked on

2018-07-19 17:15:58 - [MESSAGE][PASSED] - Delayed 1 second(s)

2018-07-19 17:15:58 - [MESSAGE][PASSED] - Text of object 'a_last_folder_in_cm_tree' is: '[22]Folder 15
test2
eeee
doron 27-02-17
michal
Lev Item
Lev Item 2
Test VAT
scenario
New Scenario
Article
testing
testing widget
item 1103
email-test
word test
Briefing requires signature
Briefing no signature
Hot Sale
fed
ffff
New Itemitem_General_3799'

2018-07-19 17:15:58 - [MESSAGE][PASSED] - Object 'progress' is present

2018-07-19 17:15:59 - [MESSAGE][PASSED] - Object 'progress' is NOT visible

2018-07-19 17:15:59 - [MESSAGE][PASSED] - Browser is scrolled to position x = 0, y = 0

2018-07-19 17:16:00 - [MESSAGE][PASSED] - Object 'lbl_itemId' is visible

2018-07-19 17:16:00 - [MESSAGE][PASSED] - Text of object 'lbl_itemId' is: '3799'

2018-07-19 17:16:00 - [MESSAGE][PASSED] - Object 'progress' is present

2018-07-19 17:16:00 - [MESSAGE][PASSED] - Object 'progress' is NOT visible

2018-07-19 17:16:01 - [MESSAGE][PASSED] - Object 'btn_remove_bar' is visible

2018-07-19 17:16:01 - [MESSAGE][PASSED] - Object 'progress' is present

2018-07-19 17:16:01 - [MESSAGE][PASSED] - Object 'progress' is NOT visible

2018-07-19 17:16:01 - [MESSAGE][PASSED] - Object 'btn_remove_bar' is visible

2018-07-19 17:16:32 - [MESSAGE][PASSED] - Object: 'btn_remove_bar' is clicked on

2018-07-19 17:16:32 - [MESSAGE][PASSED] - Object 'yes_remove_button' is present

2018-07-19 17:16:32 - [MESSAGE][PASSED] - Object 'progress' is present

2018-07-19 17:16:32 - [MESSAGE][PASSED] - Object 'progress' is NOT visible

2018-07-19 17:16:32 - [MESSAGE][PASSED] - Object 'yes_remove_button' is visible

2018-07-19 17:17:02 - [MESSAGE][PASSED] - Object: 'yes_remove_button' is hovered

2018-07-19 17:17:34 - [MESSAGE][FAILED] - Unable to click on object 'yes_remove_button' (Root cause: org.openqa.selenium.ElementNotInteractableException: Cannot click on element
Build info: version: '3.7.1', revision: '8a0099a', time: '2017-11-06T21:07:36.161Z'
System info: host: 'DESKTOP-UNNJGJG', ip: '10.44.1.145', os.name: 'Windows 10', os.arch: 'amd64', os.version: '10.0', java.version: '1.8.0_102'
Driver info: com.kms.katalon.selenium.driver.CInternetExplorerDriver
Capabilities {acceptInsecureCerts: false, browserName: internet explorer, browserVersion: 11, javascriptEnabled: true, pageLoadStrategy: normal, platform: WINDOWS, platformName: WINDOWS, se:ieOptions: {browserAttachTimeout: 0, elementScrollBehavior: 0, enablePersistentHover: true, ie.browserCommandLineSwitches: , ie.ensureCleanSession: false, ie.fileUploadDialogTimeout: 3000, ie.forceCreateProcessApi: false, ignoreProtectedModeSettings: false, ignoreZoomSetting: false, initialBrowserUrl: http://localhost:39760/, nativeEvents: true, requireWindowFocus: false}, setWindowRect: true}
Session ID: bd43920c-0586-4348-b617-4d96f968d531)

2018-07-19 17:17:34 - [MESSAGE][PASSED] - Scroll to object 'yes_remove_button' successfully

2018-07-19 17:18:05 - [MESSAGE][FAILED] - Unable to click on object 'yes_remove_button' (Root cause: org.openqa.selenium.ElementNotInteractableException: Cannot click on element
Build info: version: '3.7.1', revision: '8a0099a', time: '2017-11-06T21:07:36.161Z'
System info: host: 'DESKTOP-UNNJGJG', ip: '10.44.1.145', os.name: 'Windows 10', os.arch: 'amd64', os.version: '10.0', java.version: '1.8.0_102'
Driver info: com.kms.katalon.selenium.driver.CInternetExplorerDriver
Capabilities {acceptInsecureCerts: false, browserName: internet explorer, browserVersion: 11, javascriptEnabled: true, pageLoadStrategy: normal, platform: WINDOWS, platformName: WINDOWS, se:ieOptions: {browserAttachTimeout: 0, elementScrollBehavior: 0, enablePersistentHover: true, ie.browserCommandLineSwitches: , ie.ensureCleanSession: false, ie.fileUploadDialogTimeout: 3000, ie.forceCreateProcessApi: false, ignoreProtectedModeSettings: false, ignoreZoomSetting: false, initialBrowserUrl: http://localhost:39760/, nativeEvents: true, requireWindowFocus: false}, setWindowRect: true}
Session ID: bd43920c-0586-4348-b617-4d96f968d531)

2018-07-19 17:18:08 - [MESSAGE][PASSED] - Delayed 3 second(s)

2018-07-19 17:18:08 - [MESSAGE][PASSED] - Object 'progress' is present

2018-07-19 17:18:08 - [MESSAGE][PASSED] - Object 'progress' is NOT visible

2018-07-19 17:18:08 - [MESSAGE][PASSED] - Object 'a_last_folder_in_cm_tree' is visible

2018-07-19 17:18:39 - [MESSAGE][PASSED] - Object: 'a_last_folder_in_cm_tree' is clicked on

2018-07-19 17:18:39 - [MESSAGE][PASSED] - Object 'last_folder_content' is present

2018-07-19 17:18:39 - [MESSAGE][PASSED] - Taking screenshot successfully
[[ATTACHMENT|D:\\kms_katalon\\kms_katalon_tests\\katalonGitTest\\Reports\\general\\20180719_161612\\Reports/IE_DRIVER/Unable_to_click_on_object_'yes_remove_button'_(Root_cause__org.openqa.selenium.ElementNotInteractableException__Cannot_click_on_element Build_info__version__'3.7.1',_revision__'8a0099a',_time__'2017-11-06T21_07_36.161Z' .png]]

2018-07-19 17:18:39 - [MESSAGE][PASSED] - Taking screenshot successfully
[[ATTACHMENT|D:\\kms_katalon\\kms_katalon_tests\\katalonGitTest\\Reports\\general\\20180719_161612\\Reports/IE_DRIVER/Unable_to_click_on_object_'yes_remove_button'_(Root_cause__org.openqa.selenium.ElementNotInteractableException__Cannot_click_on_element Build_info__version__'3.7.1',_revision__'8a0099a',_time__'2017-11-06T21_07_36.161Z' .png]]

2018-07-19 17:18:39 - [TEST_STEP][PASSED] - Start listener action : afterTestCase: Invoke 'com.kms.katalon.core.annotation.AfterTestCase' method: 'BaseTest.afterTestCase(...)' completed.

2018-07-19 17:18:39 - [TEST_STEP][PASSED] - switchToDefaultContent: Switching to default content

2018-07-19 17:18:39 - [TEST_STEP][PASSED] - Statement - dir = "C:\Users\fed86\AppData\Local\Temp": null

2018-07-19 17:18:39 - [TEST_STEP][PASSED] - Statement - f = new java.io.File(dir): null

2018-07-19 17:18:39 - [TEST_STEP][PASSED] - Statement - files = f.listFiles(): null

2018-07-19 17:18:39 - [TEST_STEP][PASSED] - Statement - lowercaseName = "": null

2018-07-19 17:18:39 - [TEST_STEP][PASSED] - Statement - For (File file : files): Invoke 'com.kms.katalon.core.annotation.AfterTestCase' method: 'BaseTest.afterTestCase(...)' completed.

2018-07-19 17:18:39 - [TEST_STEP][PASSED] - Statement - Try: null

2018-07-19 17:18:39 - [TEST_STEP][PASSED] - Statement - lowercaseName = name.toLowerCase(): null

2018-07-19 17:18:39 - [TEST_STEP][PASSED] - Statement - If (lowercaseName.startsWith("katalon") || lowercaseName.startsWith("anonymous") || lowercaseName.startsWith("scoped")): null

2018-07-19 17:18:39 - [TEST_STEP][PASSED] - Statement - Try: null

2018-07-19 17:18:39 - [TEST_STEP][PASSED] - Statement - lowercaseName = name.toLowerCase(): null

2018-07-19 17:18:39 - [TEST_STEP][PASSED] - Statement - If (lowercaseName.startsWith("katalon") || lowercaseName.startsWith("anonymous") || lowercaseName.startsWith("scoped")): null

2018-07-19 17:18:39 - [TEST_STEP][PASSED] - Statement - Try: null

2018-07-19 17:18:39 - [TEST_STEP][PASSED] - Statement - lowercaseName = name.toLowerCase(): null

2018-07-19 17:18:39 - [TEST_STEP][PASSED] - Statement - If (lowercaseName.startsWith("katalon") || lowercaseName.startsWith("anonymous") || lowercaseName.startsWith("scoped")): null

2018-07-19 17:18:39 - [TEST_STEP][PASSED] - Statement - Try: null

2018-07-19 17:18:39 - [TEST_STEP][PASSED] - Statement - lowercaseName = name.toLowerCase(): null

2018-07-19 17:18:39 - [TEST_STEP][PASSED] - Statement - If (lowercaseName.startsWith("katalon") || lowercaseName.startsWith("anonymous") || lowercaseName.startsWith("scoped")): null

2018-07-19 17:18:39 - [TEST_STEP][PASSED] - Statement - Try: null

2018-07-19 17:18:39 - [TEST_STEP][PASSED] - Statement - lowercaseName = name.toLowerCase(): null

2018-07-19 17:18:39 - [TEST_STEP][PASSED] - Statement - If (lowercaseName.startsWith("katalon") || lowercaseName.startsWith("anonymous") || lowercaseName.startsWith("scoped")): null

2018-07-19 17:18:39 - [TEST_STEP][PASSED] - Statement - Try: null

2018-07-19 17:18:39 - [TEST_STEP][PASSED] - Statement - lowercaseName = name.toLowerCase(): null

2018-07-19 17:18:39 - [TEST_STEP][PASSED] - Statement - If (lowercaseName.startsWith("katalon") || lowercaseName.startsWith("anonymous") || lowercaseName.startsWith("scoped")): null

2018-07-19 17:18:39 - [TEST_STEP][PASSED] - Statement - Try: null

2018-07-19 17:18:39 - [TEST_STEP][PASSED] - Statement - lowercaseName = name.toLowerCase(): null

2018-07-19 17:18:39 - [TEST_STEP][PASSED] - Statement - If (lowercaseName.startsWith("katalon") || lowercaseName.startsWith("anonymous") || lowercaseName.startsWith("scoped")): null

2018-07-19 17:18:39 - [TEST_STEP][PASSED] - Statement - Try: null

2018-07-19 17:18:39 - [TEST_STEP][PASSED] - Statement - lowercaseName = name.toLowerCase(): null

2018-07-19 17:18:39 - [TEST_STEP][PASSED] - Statement - If (lowercaseName.startsWith("katalon") || lowercaseName.startsWith("anonymous") || lowercaseName.startsWith("scoped")): null

2018-07-19 17:18:39 - [TEST_STEP][PASSED] - Statement - Try: null

2018-07-19 17:18:39 - [TEST_STEP][PASSED] - Statement - lowercaseName = name.toLowerCase(): null

2018-07-19 17:18:39 - [TEST_STEP][PASSED] - Statement - If (lowercaseName.startsWith("katalon") || lowercaseName.startsWith("anonymous") || lowercaseName.startsWith("scoped")): null

2018-07-19 17:18:39 - [TEST_STEP][PASSED] - Statement - Try: null

2018-07-19 17:18:39 - [TEST_STEP][PASSED] - Statement - lowercaseName = name.toLowerCase(): null

2018-07-19 17:18:39 - [TEST_STEP][PASSED] - Statement - If (lowercaseName.startsWith("katalon") || lowercaseName.startsWith("anonymous") || lowercaseName.startsWith("scoped")): null

2018-07-19 17:18:39 - [TEST_STEP][PASSED] - Statement - Try: null

2018-07-19 17:18:39 - [TEST_STEP][PASSED] - Statement - lowercaseName = name.toLowerCase(): null

2018-07-19 17:18:39 - [TEST_STEP][PASSED] - Statement - If (lowercaseName.startsWith("katalon") || lowercaseName.startsWith("anonymous") || lowercaseName.startsWith("scoped")): null

2018-07-19 17:18:39 - [TEST_STEP][PASSED] - Statement - Try: null

2018-07-19 17:18:39 - [TEST_STEP][PASSED] - Statement - lowercaseName = name.toLowerCase(): null

2018-07-19 17:18:39 - [TEST_STEP][PASSED] - Statement - If (lowercaseName.startsWith("katalon") || lowercaseName.startsWith("anonymous") || lowercaseName.startsWith("scoped")): null

2018-07-19 17:18:39 - [TEST_STEP][PASSED] - Statement - Try: null

2018-07-19 17:18:39 - [TEST_STEP][PASSED] - Statement - lowercaseName = name.toLowerCase(): null

2018-07-19 17:18:39 - [TEST_STEP][PASSED] - Statement - If (lowercaseName.startsWith("katalon") || lowercaseName.startsWith("anonymous") || lowercaseName.startsWith("scoped")): null

2018-07-19 17:18:39 - [TEST_STEP][PASSED] - Statement - Try: null

2018-07-19 17:18:39 - [TEST_STEP][PASSED] - Statement - lowercaseName = name.toLowerCase(): null

2018-07-19 17:18:39 - [TEST_STEP][PASSED] - Statement - If (lowercaseName.startsWith("katalon") || lowercaseName.startsWith("anonymous") || lowercaseName.startsWith("scoped")): null

2018-07-19 17:18:39 - [TEST_STEP][PASSED] - Statement - Try: null

2018-07-19 17:18:39 - [TEST_STEP][PASSED] - Statement - lowercaseName = name.toLowerCase(): null

2018-07-19 17:18:39 - [TEST_STEP][PASSED] - Statement - If (lowercaseName.startsWith("katalon") || lowercaseName.startsWith("anonymous") || lowercaseName.startsWith("scoped")): null

2018-07-19 17:18:39 - [TEST_STEP][PASSED] - Statement - Try: null

2018-07-19 17:18:39 - [TEST_STEP][PASSED] - Statement - lowercaseName = name.toLowerCase(): null

2018-07-19 17:18:39 - [TEST_STEP][PASSED] - Statement - If (lowercaseName.startsWith("katalon") || lowercaseName.startsWith("anonymous") || lowercaseName.startsWith("scoped")): null

2018-07-19 17:18:39 - [TEST_STEP][PASSED] - Statement - Try: null

2018-07-19 17:18:39 - [TEST_STEP][PASSED] - Statement - lowercaseName = name.toLowerCase(): null

2018-07-19 17:18:39 - [TEST_STEP][PASSED] - Statement - If (lowercaseName.startsWith("katalon") || lowercaseName.startsWith("anonymous") || lowercaseName.startsWith("scoped")): null

2018-07-19 17:18:39 - [TEST_STEP][PASSED] - Statement - Try: null

2018-07-19 17:18:39 - [TEST_STEP][PASSED] - Statement - lowercaseName = name.toLowerCase(): null

2018-07-19 17:18:39 - [TEST_STEP][PASSED] - Statement - If (lowercaseName.startsWith("katalon") || lowercaseName.startsWith("anonymous") || lowercaseName.startsWith("scoped")): null

2018-07-19 17:18:39 - [TEST_STEP][PASSED] - Statement - Try: null

2018-07-19 17:18:39 - [TEST_STEP][PASSED] - Statement - lowercaseName = name.toLowerCase(): null

2018-07-19 17:18:39 - [TEST_STEP][PASSED] - Statement - If (lowercaseName.startsWith("katalon") || lowercaseName.startsWith("anonymous") || lowercaseName.startsWith("scoped")): null

2018-07-19 17:18:39 - [TEST_STEP][PASSED] - Statement - Try: null

2018-07-19 17:18:39 - [TEST_STEP][PASSED] - Statement - lowercaseName = name.toLowerCase(): null

2018-07-19 17:18:39 - [TEST_STEP][PASSED] - Statement - If (lowercaseName.startsWith("katalon") || lowercaseName.startsWith("anonymous") || lowercaseName.startsWith("scoped")): null

2018-07-19 17:18:39 - [TEST_STEP][PASSED] - Statement - Try: null

2018-07-19 17:18:39 - [TEST_STEP][PASSED] - Statement - lowercaseName = name.toLowerCase(): null

2018-07-19 17:18:39 - [TEST_STEP][PASSED] - Statement - If (lowercaseName.startsWith("katalon") || lowercaseName.startsWith("anonymous") || lowercaseName.startsWith("scoped")): null

2018-07-19 17:18:39 - [TEST_STEP][PASSED] - Statement - Try: null

2018-07-19 17:18:39 - [TEST_STEP][PASSED] - Statement - lowercaseName = name.toLowerCase(): null

2018-07-19 17:18:39 - [TEST_STEP][PASSED] - Statement - If (lowercaseName.startsWith("katalon") || lowercaseName.startsWith("anonymous") || lowercaseName.startsWith("scoped")): null

2018-07-19 17:18:39 - [TEST_STEP][PASSED] - Statement - Catch (Exception e): null

2018-07-19 17:18:39 - [TEST_STEP][PASSED] - Statement - Try: null

2018-07-19 17:18:39 - [TEST_STEP][PASSED] - Statement - lowercaseName = name.toLowerCase(): null

2018-07-19 17:18:39 - [TEST_STEP][PASSED] - Statement - If (lowercaseName.startsWith("katalon") || lowercaseName.startsWith("anonymous") || lowercaseName.startsWith("scoped")): null

2018-07-19 17:18:39 - [TEST_STEP][PASSED] - Statement - Try: null

2018-07-19 17:18:39 - [TEST_STEP][PASSED] - Statement - lowercaseName = name.toLowerCase(): null

2018-07-19 17:18:39 - [TEST_STEP][PASSED] - Statement - If (lowercaseName.startsWith("katalon") || lowercaseName.startsWith("anonymous") || lowercaseName.startsWith("scoped")): null

2018-07-19 17:18:39 - [TEST_STEP][PASSED] - Statement - Try: null

2018-07-19 17:18:39 - [TEST_STEP][PASSED] - Statement - lowercaseName = name.toLowerCase(): null

2018-07-19 17:18:39 - [TEST_STEP][PASSED] - Statement - If (lowercaseName.startsWith("katalon") || lowercaseName.startsWith("anonymous") || lowercaseName.startsWith("scoped")): null

2018-07-19 17:18:39 - [TEST_STEP][PASSED] - Statement - Try: null

2018-07-19 17:18:39 - [TEST_STEP][PASSED] - Statement - lowercaseName = name.toLowerCase(): null

2018-07-19 17:18:39 - [TEST_STEP][PASSED] - Statement - If (lowercaseName.startsWith("katalon") || lowercaseName.startsWith("anonymous") || lowercaseName.startsWith("scoped")): null

2018-07-19 17:18:39 - [TEST_STEP][PASSED] - Statement - Try: null

2018-07-19 17:18:39 - [TEST_STEP][PASSED] - Statement - lowercaseName = name.toLowerCase(): null

2018-07-19 17:18:39 - [TEST_STEP][PASSED] - Statement - If (lowercaseName.startsWith("katalon") || lowercaseName.startsWith("anonymous") || lowercaseName.startsWith("scoped")): null

2018-07-19 17:18:39 - [TEST_STEP][PASSED] - Statement - Try: null

2018-07-19 17:18:39 - [TEST_STEP][PASSED] - Statement - lowercaseName = name.toLowerCase(): null

2018-07-19 17:18:39 - [TEST_STEP][PASSED] - Statement - If (lowercaseName.startsWith("katalon") || lowercaseName.startsWith("anonymous") || lowercaseName.startsWith("scoped")): null

2018-07-19 17:18:39 - [TEST_STEP][PASSED] - Statement - Try: null

2018-07-19 17:18:39 - [TEST_STEP][PASSED] - Statement - lowercaseName = name.toLowerCase(): null

2018-07-19 17:18:39 - [TEST_STEP][PASSED] - Statement - If (lowercaseName.startsWith("katalon") || lowercaseName.startsWith("anonymous") || lowercaseName.startsWith("scoped")): null

2018-07-19 17:18:39 - [TEST_STEP][PASSED] - Statement - Try: null

2018-07-19 17:18:39 - [TEST_STEP][PASSED] - Statement - lowercaseName = name.toLowerCase(): null

2018-07-19 17:18:39 - [TEST_STEP][PASSED] - Statement - If (lowercaseName.startsWith("katalon") || lowercaseName.startsWith("anonymous") || lowercaseName.startsWith("scoped")): null

2018-07-19 17:18:39 - [TEST_STEP][PASSED] - Statement - Try: null

2018-07-19 17:18:39 - [TEST_STEP][PASSED] - Statement - lowercaseName = name.toLowerCase(): null

2018-07-19 17:18:39 - [TEST_STEP][PASSED] - Statement - If (lowercaseName.startsWith("katalon") || lowercaseName.startsWith("anonymous") || lowercaseName.startsWith("scoped")): null

2018-07-19 17:18:39 - [TEST_STEP][PASSED] - Statement - Try: null

2018-07-19 17:18:39 - [TEST_STEP][PASSED] - Statement - lowercaseName = name.toLowerCase(): null

2018-07-19 17:18:39 - [TEST_STEP][PASSED] - Statement - If (lowercaseName.startsWith("katalon") || lowercaseName.startsWith("anonymous") || lowercaseName.startsWith("scoped")): null

2018-07-19 17:18:39 - [TEST_STEP][PASSED] - Statement - Try: null

2018-07-19 17:18:39 - [TEST_STEP][PASSED] - Statement - lowercaseName = name.toLowerCase(): null

2018-07-19 17:18:39 - [TEST_STEP][PASSED] - Statement - If (lowercaseName.startsWith("katalon") || lowercaseName.startsWith("anonymous") || lowercaseName.startsWith("scoped")): null

2018-07-19 17:18:39 - [TEST_STEP][PASSED] - Statement - Try: null

2018-07-19 17:18:39 - [TEST_STEP][PASSED] - Statement - lowercaseName = name.toLowerCase(): null

2018-07-19 17:18:39 - [TEST_STEP][PASSED] - Statement - If (lowercaseName.startsWith("katalon") || lowercaseName.startsWith("anonymous") || lowercaseName.startsWith("scoped")): null

2018-07-19 17:18:39 - [TEST_STEP][PASSED] - Statement - Try: null

2018-07-19 17:18:39 - [TEST_STEP][PASSED] - Statement - lowercaseName = name.toLowerCase(): null

2018-07-19 17:18:39 - [TEST_STEP][PASSED] - Statement - If (lowercaseName.startsWith("katalon") || lowercaseName.startsWith("anonymous") || lowercaseName.startsWith("scoped")): null

2018-07-19 17:18:39 - [TEST_STEP][PASSED] - Statement - Try: null

2018-07-19 17:18:39 - [TEST_STEP][PASSED] - Statement - lowercaseName = name.toLowerCase(): null

2018-07-19 17:18:39 - [TEST_STEP][PASSED] - Statement - If (lowercaseName.startsWith("katalon") || lowercaseName.startsWith("anonymous") || lowercaseName.startsWith("scoped")): null

2018-07-19 17:18:39 - [TEST_STEP][PASSED] - Statement - Try: null

2018-07-19 17:18:39 - [TEST_STEP][PASSED] - Statement - lowercaseName = name.toLowerCase(): null

2018-07-19 17:18:39 - [TEST_STEP][PASSED] - Statement - If (lowercaseName.startsWith("katalon") || lowercaseName.startsWith("anonymous") || lowercaseName.startsWith("scoped")): null

2018-07-19 17:18:39 - [TEST_STEP][PASSED] - Statement - Try: null

2018-07-19 17:18:39 - [TEST_STEP][PASSED] - Statement - lowercaseName = name.toLowerCase(): null

2018-07-19 17:18:39 - [TEST_STEP][PASSED] - Statement - If (lowercaseName.startsWith("katalon") || lowercaseName.startsWith("anonymous") || lowercaseName.startsWith("scoped")): null

2018-07-19 17:18:39 - [TEST_STEP][PASSED] - Statement - Try: null

2018-07-19 17:18:39 - [TEST_STEP][PASSED] - Statement - lowercaseName = name.toLowerCase(): null

2018-07-19 17:18:39 - [TEST_STEP][PASSED] - Statement - If (lowercaseName.startsWith("katalon") || lowercaseName.startsWith("anonymous") || lowercaseName.startsWith("scoped")): null

2018-07-19 17:18:39 - [TEST_STEP][PASSED] - Statement - Try: null

2018-07-19 17:18:39 - [TEST_STEP][PASSED] - Statement - lowercaseName = name.toLowerCase(): null

2018-07-19 17:18:39 - [TEST_STEP][PASSED] - Statement - If (lowercaseName.startsWith("katalon") || lowercaseName.startsWith("anonymous") || lowercaseName.startsWith("scoped")): null

2018-07-19 17:18:39 - [TEST_STEP][PASSED] - Statement - Try: null

2018-07-19 17:18:39 - [TEST_STEP][PASSED] - Statement - lowercaseName = name.toLowerCase(): null

2018-07-19 17:18:39 - [TEST_STEP][PASSED] - Statement - If (lowercaseName.startsWith("katalon") || lowercaseName.startsWith("anonymous") || lowercaseName.startsWith("scoped")): null

2018-07-19 17:18:39 - [TEST_STEP][PASSED] - Statement - Try: null

2018-07-19 17:18:39 - [TEST_STEP][PASSED] - Statement - lowercaseName = name.toLowerCase(): null

2018-07-19 17:18:39 - [TEST_STEP][PASSED] - Statement - If (lowercaseName.startsWith("katalon") || lowercaseName.startsWith("anonymous") || lowercaseName.startsWith("scoped")): null

2018-07-19 17:18:39 - [TEST_STEP][PASSED] - Statement - Try: null

2018-07-19 17:18:39 - [TEST_STEP][PASSED] - Statement - lowercaseName = name.toLowerCase(): null

2018-07-19 17:18:39 - [TEST_STEP][PASSED] - Statement - If (lowercaseName.startsWith("katalon") || lowercaseName.startsWith("anonymous") || lowercaseName.startsWith("scoped")): null

2018-07-19 17:18:39 - [TEST_STEP][PASSED] - Statement - Try: null

2018-07-19 17:18:39 - [TEST_STEP][PASSED] - Statement - lowercaseName = name.toLowerCase(): null

2018-07-19 17:18:39 - [TEST_STEP][PASSED] - Statement - If (lowercaseName.startsWith("katalon") || lowercaseName.startsWith("anonymous") || lowercaseName.startsWith("scoped")): null

2018-07-19 17:18:39 - [TEST_STEP][PASSED] - Statement - Try: null

2018-07-19 17:18:39 - [TEST_STEP][PASSED] - Statement - lowercaseName = name.toLowerCase(): null

2018-07-19 17:18:39 - [TEST_STEP][PASSED] - Statement - If (lowercaseName.startsWith("katalon") || lowercaseName.startsWith("anonymous") || lowercaseName.startsWith("scoped")): null

2018-07-19 17:18:39 - [TEST_STEP][PASSED] - Statement - Try: null

2018-07-19 17:18:39 - [TEST_STEP][PASSED] - Statement - lowercaseName = name.toLowerCase(): null

2018-07-19 17:18:39 - [TEST_STEP][PASSED] - Statement - If (lowercaseName.startsWith("katalon") || lowercaseName.startsWith("anonymous") || lowercaseName.startsWith("scoped")): null

2018-07-19 17:18:39 - [TEST_STEP][PASSED] - Statement - Try: null

2018-07-19 17:18:39 - [TEST_STEP][PASSED] - Statement - lowercaseName = name.toLowerCase(): null

2018-07-19 17:18:39 - [TEST_STEP][PASSED] - Statement - If (lowercaseName.startsWith("katalon") || lowercaseName.startsWith("anonymous") || lowercaseName.startsWith("scoped")): null

2018-07-19 17:18:39 - [TEST_STEP][PASSED] - Statement - Try: null

2018-07-19 17:18:39 - [TEST_STEP][PASSED] - Statement - lowercaseName = name.toLowerCase(): null

2018-07-19 17:18:39 - [TEST_STEP][PASSED] - Statement - If (lowercaseName.startsWith("katalon") || lowercaseName.startsWith("anonymous") || lowercaseName.startsWith("scoped")): null

2018-07-19 17:18:39 - [TEST_STEP][PASSED] - Statement - Try: null

2018-07-19 17:18:39 - [TEST_STEP][PASSED] - Statement - lowercaseName = name.toLowerCase(): null

2018-07-19 17:18:39 - [TEST_STEP][PASSED] - Statement - If (lowercaseName.startsWith("katalon") || lowercaseName.startsWith("anonymous") || lowercaseName.startsWith("scoped")): null

2018-07-19 17:18:39 - [TEST_STEP][PASSED] - Statement - Try: null

2018-07-19 17:18:39 - [TEST_STEP][PASSED] - Statement - lowercaseName = name.toLowerCase(): null

2018-07-19 17:18:39 - [TEST_STEP][PASSED] - Statement - If (lowercaseName.startsWith("katalon") || lowercaseName.startsWith("anonymous") || lowercaseName.startsWith("scoped")): null

2018-07-19 17:18:39 - [TEST_STEP][PASSED] - Statement - Try: null

2018-07-19 17:18:39 - [TEST_STEP][PASSED] - Statement - lowercaseName = name.toLowerCase(): null

2018-07-19 17:18:39 - [TEST_STEP][PASSED] - Statement - If (lowercaseName.startsWith("katalon") || lowercaseName.startsWith("anonymous") || lowercaseName.startsWith("scoped")): null

2018-07-19 17:18:39 - [TEST_STEP][PASSED] - Statement - Try: Invoke 'com.kms.katalon.core.annotation.AfterTestCase' method: 'BaseTest.afterTestCase(...)' completed.

2018-07-19 17:18:39 - [TEST_STEP][PASSED] - Statement - lowercaseName = name.toLowerCase(): null

2018-07-19 17:18:39 - [TEST_STEP][PASSED] - Statement - If (lowercaseName.startsWith("katalon") || lowercaseName.startsWith("anonymous") || lowercaseName.startsWith("scoped")): Invoke 'com.kms.katalon.core.annotation.AfterTestCase' method: 'BaseTest.afterTestCase(...)' completed.]]></system-out>
         <system-err><![CDATA[2018-07-19 16:17:40 - [TEST_CASE][FAILED] - Test Cases/Kms_Tests/Languages/En/Item_Creation/Create_delete_general_Test_En: Test Cases/Kms_Tests/Languages/En/Item_Creation/Create_delete_general_Test_En FAILED because (of) Unable to verify equal between actual object '22' and expected object '21' (Root cause: Actual object '22' and expected object '21' are not equal)]]></system-err>
      </testcase>
      <system-out><![CDATA[2018-07-19 16:17:40 - [TEST_SUITE][FAILED] - general: Test Cases/Kms_Tests/Languages/En/Item_Creation/Create_delete_general_Test_En FAILED because (of) Unable to verify equal between actual object '22' and expected object '21' (Root cause: Actual object '22' and expected object '21' are not equal)]]></system-out>
      <system-err><![CDATA[2018-07-19 16:17:40 - [TEST_SUITE][FAILED] - general: Test Cases/Kms_Tests/Languages/En/Item_Creation/Create_delete_general_Test_En FAILED because (of) Unable to verify equal between actual object '22' and expected object '21' (Root cause: Actual object '22' and expected object '21' are not equal)]]></system-err>
   </testsuite>
</testsuites>
