<?xml version="1.0" encoding="UTF-8"?>
<testsuites name="Test_Suit" time="32" tests="0" failures="1" errors="0">
   <testsuite name="Test_Suit" tests="0" failures="1" errors="0" time="32" timestamp="2018-07-09 20:56:30" hostname="fed86 - DESKTOP-UNNJGJG" id="Test Suites/Test_Suit">
      <properties>
         <property name="deviceName" value=""/>
         <property name="devicePlatform" value=""/>
         <property name="logFolder" value="D:\\kms_katalon\\kms_katalon_tests\\katalonGitTest\\Reports\\Test_Suit\\20180709_205624"/>
         <property name="logFiles" value="D:\\kms_katalon\\kms_katalon_tests\\katalonGitTest\\Reports\\Test_Suit\\20180709_205624\\execution0.log"/>
         <property name="attachments" value=""/>
         <property name="hostName" value="fed86 - DESKTOP-UNNJGJG"/>
         <property name="os" value="Windows 10 64bit"/>
         <property name="katalonVersion" value="5.4.2.1"/>
         <property name="browser" value="Edge 17"/>
         <property name="hostAddress" value="10.44.1.145"/>
         <property name="sessionId" value="D3D56DA9-3E7B-423A-9135-8DDAC3E8478C"/>
         <property name="seleniumVersion" value="3.7.1"/>
         <property name="proxyInformation" value="ProxyInformation{proxyOption=NO_PROXY, proxyServerType=HTTP, password=, proxyServerAddress=, proxyServerPort=0}"/>
         <property name="platform" value="Windows 10"/>
      </properties>
      <testcase name="Test Cases/Kms_Tests/Languages/En/Item_Creation/Create_Briefing_Online_Test_En" classname="Test Cases/Kms_Tests/Languages/En/Item_Creation/Create_Briefing_Online_Test_En" status="FAILED">
         <failure type="FAILED" message="Unable to click on object 'Object Repository/Kms_Page_OR/Roles/Content_Manager/Item_Properties_tab/title_new_item' (Root cause: org.openqa.selenium.WebDriverException: Element is obscured (WARNING: The server did not provide any stacktrace information)
Command duration or timeout: 0 milliseconds
Build info: version: '3.7.1', revision: '8a0099a', time: '2017-11-06T21:07:36.161Z'
System info: host: 'DESKTOP-UNNJGJG', ip: '10.44.1.145', os.name: 'Windows 10', os.arch: 'amd64', os.version: '10.0', java.version: '1.8.0_102'
Driver info: com.kms.katalon.selenium.driver.CEdgeDriver
Capabilities {InPrivate: false, acceptSslCerts: true, applicationCacheEnabled: true, browserName: MicrosoftEdge, browserVersion: 42.17134.1.0, javascriptEnabled: true, locationContextEnabled: true, pageLoadStrategy: normal, platform: WINDOWS, platformName: WINDOWS, platformVersion: 10, takesElementScreenshot: true, takesScreenshot: true, webStorageEnabled: true}
Session ID: D3D56DA9-3E7B-423A-9135-8DDAC3E8478C)"/>
         <system-out><![CDATA[2018-07-09 20:56:30 - [TEST_CASE][FAILED] - Test Cases/Kms_Tests/Languages/En/Item_Creation/Create_Briefing_Online_Test_En: Test Cases/Kms_Tests/Languages/En/Item_Creation/Create_Briefing_Online_Test_En FAILED because (of) Unable to click on object 'Object Repository/Kms_Page_OR/Roles/Content_Manager/Item_Properties_tab/title_new_item' (Root cause: org.openqa.selenium.WebDriverException: Element is obscured (WARNING: The server did not provide any stacktrace information)
Command duration or timeout: 0 milliseconds
Build info: version: '3.7.1', revision: '8a0099a', time: '2017-11-06T21:07:36.161Z'
System info: host: 'DESKTOP-UNNJGJG', ip: '10.44.1.145', os.name: 'Windows 10', os.arch: 'amd64', os.version: '10.0', java.version: '1.8.0_102'
Driver info: com.kms.katalon.selenium.driver.CEdgeDriver
Capabilities {InPrivate: false, acceptSslCerts: true, applicationCacheEnabled: true, browserName: MicrosoftEdge, browserVersion: 42.17134.1.0, javascriptEnabled: true, locationContextEnabled: true, pageLoadStrategy: normal, platform: WINDOWS, platformName: WINDOWS, platformVersion: 10, takesElementScreenshot: true, takesScreenshot: true, webStorageEnabled: true}
Session ID: D3D56DA9-3E7B-423A-9135-8DDAC3E8478C)

2018-07-09 20:56:30 - [TEST_STEP][PASSED] - Start listener action : beforeTestCase: Current window maximized

2018-07-09 20:56:30 - [TEST_STEP][PASSED] - Statement - com.kms.katalon.core.util.KeywordUtil.markWarning("Before Test case : " + testCase.getTestCaseId()): Before Test case : Test Cases/Kms_Tests/Languages/En/Item_Creation/Create_Briefing_Online_Test_En

2018-07-09 20:56:30 - [MESSAGE][WARNING] - Before Test case : Test Cases/Kms_Tests/Languages/En/Item_Creation/Create_Briefing_Online_Test_En

2018-07-09 20:56:30 - [TEST_STEP][PASSED] - Statement - instance: Current window maximized

2018-07-09 20:56:30 - [MESSAGE][WARNING] - Unable to get the url of the current window (Root cause: com.kms.katalon.core.webui.exception.BrowserNotOpenedException: Browser is not opened
Build info: version: '3.7.1', revision: '8a0099a', time: '2017-11-06T21:07:36.161Z'
System info: host: 'DESKTOP-UNNJGJG', ip: '10.44.1.145', os.name: 'Windows 10', os.arch: 'amd64', os.version: '10.0', java.version: '1.8.0_102'
Driver info: driver.version: unknown)

2018-07-09 20:56:33 - [MESSAGE][PASSED] - Browser is opened with url: 'http://kmsqa3:501/kms/lh/login'

2018-07-09 20:56:33 - [MESSAGE][PASSED] - Current window maximized

2018-07-09 20:56:34 - [TEST_STEP][PASSED] - Statement - com.server.RolesHelper.getCm_En()._Login_En(): Call Test Case 'Test Cases/LogIn_Tests/Languages/En/Login_Content_Manager_En_Test' successfully

2018-07-09 20:56:34 - [TEST_CASE][PASSED] - Test Cases/LogIn_Tests/Languages/En/Login_Content_Manager_En_Test: Test Cases/LogIn_Tests/Languages/En/Login_Content_Manager_En_Test

2018-07-09 20:56:34 - [TEST_STEP][PASSED] - Statement - com.server.RolesHelper.getCm_En()._check_Logos_Title_Links(): Object 'Object Repository/Login_Page_OR/Visual/lang_Logo' is visible

2018-07-09 20:56:34 - [MESSAGE][PASSED] - Wait for page load successfully

2018-07-09 20:56:34 - [MESSAGE][PASSED] - Found 5 unique links on the page http://kmsqa3:501/kms/lh/login

2018-07-09 20:56:35 - [MESSAGE][PASSED] - Send request successfully

2018-07-09 20:56:35 - [MESSAGE][PASSED] - Send request successfully

2018-07-09 20:56:36 - [MESSAGE][PASSED] - Send request successfully

2018-07-09 20:56:37 - [MESSAGE][PASSED] - Send request successfully

2018-07-09 20:56:37 - [MESSAGE][PASSED] - Send request successfully

2018-07-09 20:56:37 - [MESSAGE][PASSED] - All links are accessible

2018-07-09 20:56:37 - [MESSAGE][PASSED] - All links on the page 'http://kmsqa3:501/kms/lh/login' are accessible

2018-07-09 20:56:37 - [MESSAGE][PASSED] - Current window's title is: 'KMS lighthouse'

2018-07-09 20:56:38 - [MESSAGE][PASSED] - Delayed 1 second(s)

2018-07-09 20:56:38 - [MESSAGE][PASSED] - Actual object 'kms lighthouse' and expected object 'kms lighthouse' are equal

2018-07-09 20:56:38 - [MESSAGE][PASSED] - Current viewport's left (x) position is 0

2018-07-09 20:56:38 - [MESSAGE][PASSED] - Current viewport's top (y) position is 0

2018-07-09 20:56:38 - [MESSAGE][PASSED] - Browser is scrolled to position x = 0, y = 0

2018-07-09 20:56:38 - [MESSAGE][PASSED] - Object 'Object Repository/Login_Page_OR/Visual/Kms_logo' is visible

2018-07-09 20:56:38 - [MESSAGE][PASSED] - Current viewport's left (x) position is 0

2018-07-09 20:56:38 - [MESSAGE][PASSED] - Current viewport's top (y) position is 0

2018-07-09 20:56:38 - [MESSAGE][PASSED] - Browser is scrolled to position x = 0, y = 0

2018-07-09 20:56:38 - [MESSAGE][PASSED] - Object 'Object Repository/Login_Page_OR/Visual/lang_Logo' is visible

2018-07-09 20:56:38 - [TEST_STEP][PASSED] - Statement - com.server.RolesHelper.getCm_En()._fill_UserName_Password(): Text 'admin' is set on object 'password_txt'

2018-07-09 20:56:39 - [MESSAGE][PASSED] - Current viewport's left (x) position is 0

2018-07-09 20:56:39 - [MESSAGE][PASSED] - Current viewport's top (y) position is 0

2018-07-09 20:56:39 - [MESSAGE][PASSED] - Browser is scrolled to position x = 0, y = 0

2018-07-09 20:56:39 - [MESSAGE][PASSED] - Object 'Object Repository/Login_Page_OR/Visual/pass_Logo' is visible

2018-07-09 20:56:39 - [MESSAGE][PASSED] - Current viewport's left (x) position is 0

2018-07-09 20:56:39 - [MESSAGE][PASSED] - Current viewport's top (y) position is 0

2018-07-09 20:56:39 - [MESSAGE][PASSED] - Browser is scrolled to position x = 0, y = 0

2018-07-09 20:56:39 - [MESSAGE][PASSED] - Object 'Object Repository/Login_Page_OR/Visual/userName_Logo' is visible

2018-07-09 20:56:39 - [MESSAGE][PASSED] - Current viewport's left (x) position is 0

2018-07-09 20:56:39 - [MESSAGE][PASSED] - Current viewport's top (y) position is 0

2018-07-09 20:56:39 - [MESSAGE][PASSED] - Browser is scrolled to position x = 0, y = 0

2018-07-09 20:56:39 - [MESSAGE][PASSED] - Object 'span_userName' is visible

2018-07-09 20:56:39 - [MESSAGE][PASSED] - Current viewport's left (x) position is 0

2018-07-09 20:56:39 - [MESSAGE][PASSED] - Current viewport's top (y) position is 0

2018-07-09 20:56:39 - [MESSAGE][PASSED] - Browser is scrolled to position x = 0, y = 0

2018-07-09 20:56:39 - [MESSAGE][PASSED] - Object 'span_password' is visible

2018-07-09 20:56:39 - [MESSAGE][PASSED] - Current viewport's left (x) position is 0

2018-07-09 20:56:39 - [MESSAGE][PASSED] - Current viewport's top (y) position is 0

2018-07-09 20:56:39 - [MESSAGE][PASSED] - Browser is scrolled to position x = 0, y = 0

2018-07-09 20:56:39 - [MESSAGE][PASSED] - Object 'userName_txt' is visible

2018-07-09 20:56:39 - [MESSAGE][PASSED] - Text of object 'userName_txt' is cleared

2018-07-09 20:56:39 - [MESSAGE][PASSED] - Text 'admin' is set on object 'userName_txt'

2018-07-09 20:56:39 - [MESSAGE][PASSED] - Current viewport's left (x) position is 0

2018-07-09 20:56:39 - [MESSAGE][PASSED] - Current viewport's top (y) position is 0

2018-07-09 20:56:39 - [MESSAGE][PASSED] - Browser is scrolled to position x = 0, y = 0

2018-07-09 20:56:39 - [MESSAGE][PASSED] - Object 'password_txt' is visible

2018-07-09 20:56:39 - [MESSAGE][PASSED] - Text of object 'password_txt' is cleared

2018-07-09 20:56:39 - [MESSAGE][PASSED] - Text 'admin' is set on object 'password_txt'

2018-07-09 20:56:39 - [TEST_STEP][PASSED] - Statement - com.server.RolesHelper.getCm_En()._click_chooseLanguage(): Object: 'link_lang' is clicked on

2018-07-09 20:56:39 - [MESSAGE][PASSED] - Current viewport's left (x) position is 0

2018-07-09 20:56:39 - [MESSAGE][PASSED] - Current viewport's top (y) position is 0

2018-07-09 20:56:39 - [MESSAGE][PASSED] - Browser is scrolled to position x = 0, y = 0

2018-07-09 20:56:39 - [MESSAGE][PASSED] - Object 'link_change_lang' is visible

2018-07-09 20:56:39 - [MESSAGE][PASSED] - Object: 'link_change_lang' is clicked on

2018-07-09 20:56:39 - [MESSAGE][PASSED] - Current viewport's left (x) position is 0

2018-07-09 20:56:39 - [MESSAGE][PASSED] - Current viewport's top (y) position is 0

2018-07-09 20:56:39 - [MESSAGE][PASSED] - Browser is scrolled to position x = 0, y = 0

2018-07-09 20:56:39 - [MESSAGE][PASSED] - Object 'caret_lang' is visible

2018-07-09 20:56:39 - [MESSAGE][PASSED] - Object: 'caret_lang' is clicked on

2018-07-09 20:56:39 - [MESSAGE][PASSED] - Current viewport's left (x) position is 0

2018-07-09 20:56:39 - [MESSAGE][PASSED] - Current viewport's top (y) position is 0

2018-07-09 20:56:39 - [MESSAGE][PASSED] - Browser is scrolled to position x = 0, y = 0

2018-07-09 20:56:39 - [MESSAGE][PASSED] - Object 'link_lang' is visible

2018-07-09 20:56:39 - [MESSAGE][PASSED] - Object: 'link_lang' is clicked on

2018-07-09 20:56:39 - [TEST_STEP][PASSED] - Statement - com.server.RolesHelper.getCm_En()._click_LogIn_With_UserName_And_Password(): Delayed 3 second(s)

2018-07-09 20:56:39 - [MESSAGE][PASSED] - Current viewport's left (x) position is 0

2018-07-09 20:56:39 - [MESSAGE][PASSED] - Current viewport's top (y) position is 0

2018-07-09 20:56:39 - [MESSAGE][PASSED] - Browser is scrolled to position x = 0, y = 0

2018-07-09 20:56:39 - [MESSAGE][PASSED] - Object 'auth_Login_button' is visible

2018-07-09 20:56:39 - [MESSAGE][PASSED] - Object: 'auth_Login_button' is clicked on

2018-07-09 20:56:42 - [MESSAGE][PASSED] - Delayed 3 second(s)

2018-07-09 20:56:42 - [TEST_STEP][PASSED] - Statement - com.server.RolesHelper.getCm_En()._select_View(): Object: 'link_role' is clicked on

2018-07-09 20:56:42 - [MESSAGE][PASSED] - Current viewport's left (x) position is 0

2018-07-09 20:56:42 - [MESSAGE][PASSED] - Current viewport's top (y) position is 0

2018-07-09 20:56:42 - [MESSAGE][PASSED] - Browser is scrolled to position x = 0, y = 0

2018-07-09 20:56:42 - [MESSAGE][PASSED] - Object 'dropDown_roles' is visible

2018-07-09 20:56:42 - [MESSAGE][PASSED] - Object: 'dropDown_roles' is clicked on

2018-07-09 20:56:42 - [MESSAGE][PASSED] - Current viewport's left (x) position is 0

2018-07-09 20:56:42 - [MESSAGE][PASSED] - Current viewport's top (y) position is 0

2018-07-09 20:56:42 - [MESSAGE][PASSED] - Browser is scrolled to position x = 0, y = 0

2018-07-09 20:56:42 - [MESSAGE][PASSED] - Object 'link_role' is visible

2018-07-09 20:56:42 - [MESSAGE][PASSED] - Object: 'link_role' is clicked on

2018-07-09 20:56:42 - [TEST_STEP][PASSED] - Statement - com.server.RolesHelper.getCm_En()._Enter_to_Kms(): Keys 'ENTER + ' sent to object: 'login_Kms_button'

2018-07-09 20:56:42 - [MESSAGE][PASSED] - Current viewport's left (x) position is 0

2018-07-09 20:56:43 - [MESSAGE][PASSED] - Current viewport's top (y) position is 0

2018-07-09 20:56:43 - [MESSAGE][PASSED] - Browser is scrolled to position x = 0, y = 0

2018-07-09 20:56:43 - [MESSAGE][PASSED] - Object 'login_Kms_button' is visible

2018-07-09 20:56:43 - [MESSAGE][PASSED] - Keys 'ENTER + ' sent to object: 'login_Kms_button'

2018-07-09 20:56:43 - [MESSAGE][PASSED] - Call Test Case 'Test Cases/LogIn_Tests/Languages/En/Login_Content_Manager_En_Test' successfully

2018-07-09 20:56:43 - [TEST_STEP][PASSED] - Statement - briefing._click_upper_button_create_item(): Object: 'button_create_new_item' is clicked on

2018-07-09 20:56:43 - [MESSAGE][PASSED] - Current viewport's left (x) position is 0

2018-07-09 20:56:43 - [MESSAGE][PASSED] - Current viewport's top (y) position is 0

2018-07-09 20:56:43 - [MESSAGE][PASSED] - Browser is scrolled to position x = 0, y = 0

2018-07-09 20:56:43 - [MESSAGE][PASSED] - Object 'progress' is present

2018-07-09 20:56:44 - [MESSAGE][WARNING] - Object 'progress' is visible after 1 second(s)

2018-07-09 20:56:45 - [MESSAGE][PASSED] - Delayed 1 second(s)

2018-07-09 20:56:45 - [MESSAGE][PASSED] - Object 'progress' is NOT visible

2018-07-09 20:56:45 - [MESSAGE][PASSED] - Object 'button_create_new_item' is visible

2018-07-09 20:56:45 - [MESSAGE][PASSED] - Object: 'button_create_new_item' is hovered

2018-07-09 20:56:45 - [MESSAGE][PASSED] - Object: 'button_create_new_item' is clicked on

2018-07-09 20:56:45 - [TEST_STEP][PASSED] - Statement - briefing._choose_Briefing_Template_By_Typing(): Object: 'button_ok_create_template' is clicked on

2018-07-09 20:56:46 - [MESSAGE][PASSED] - Delayed 1 second(s)

2018-07-09 20:56:46 - [MESSAGE][PASSED] - Current viewport's left (x) position is 0

2018-07-09 20:56:46 - [MESSAGE][PASSED] - Current viewport's top (y) position is 0

2018-07-09 20:56:46 - [MESSAGE][PASSED] - Browser is scrolled to position x = 0, y = 0

2018-07-09 20:56:46 - [MESSAGE][PASSED] - Object 'progress' is present

2018-07-09 20:56:46 - [MESSAGE][PASSED] - Object 'progress' is NOT visible

2018-07-09 20:56:46 - [MESSAGE][PASSED] - Object 'input_create_item_template' is visible

2018-07-09 20:56:46 - [MESSAGE][PASSED] - Object: 'input_create_item_template' is clicked on

2018-07-09 20:56:47 - [MESSAGE][PASSED] - Delayed 1 second(s)

2018-07-09 20:56:47 - [MESSAGE][PASSED] - Current viewport's left (x) position is 0

2018-07-09 20:56:47 - [MESSAGE][PASSED] - Current viewport's top (y) position is 0

2018-07-09 20:56:47 - [MESSAGE][PASSED] - Browser is scrolled to position x = 0, y = 0

2018-07-09 20:56:47 - [MESSAGE][PASSED] - Object 'progress' is present

2018-07-09 20:56:47 - [MESSAGE][PASSED] - Object 'progress' is NOT visible

2018-07-09 20:56:47 - [MESSAGE][PASSED] - Object 'input_create_item_template' is visible

2018-07-09 20:56:47 - [MESSAGE][PASSED] - Text of object 'input_create_item_template' is cleared

2018-07-09 20:56:47 - [MESSAGE][PASSED] - Text 'Briefing' is set on object 'input_create_item_template'

2018-07-09 20:56:47 - [MESSAGE][PASSED] - Current viewport's left (x) position is 0

2018-07-09 20:56:47 - [MESSAGE][PASSED] - Current viewport's top (y) position is 0

2018-07-09 20:56:47 - [MESSAGE][PASSED] - Browser is scrolled to position x = 0, y = 0

2018-07-09 20:56:47 - [MESSAGE][PASSED] - Object 'progress' is present

2018-07-09 20:56:47 - [MESSAGE][PASSED] - Object 'progress' is NOT visible

2018-07-09 20:56:47 - [MESSAGE][PASSED] - Object 'button_ok_create_template' is visible

2018-07-09 20:56:47 - [MESSAGE][PASSED] - Object: 'button_ok_create_template' is clicked on

2018-07-09 20:56:47 - [TEST_STEP][PASSED] - Statement - briefing._verify_template_updateDate(): Actual object '09/07/2018' and expected object '09/07/2018' are equal

2018-07-09 20:56:47 - [MESSAGE][PASSED] - Current viewport's left (x) position is 0

2018-07-09 20:56:47 - [MESSAGE][PASSED] - Current viewport's top (y) position is 0

2018-07-09 20:56:47 - [MESSAGE][PASSED] - Browser is scrolled to position x = 0, y = 0

2018-07-09 20:56:47 - [MESSAGE][PASSED] - Object 'progress' is present

2018-07-09 20:56:47 - [MESSAGE][PASSED] - Object 'progress' is NOT visible

2018-07-09 20:56:51 - [MESSAGE][WARNING] - Web element with id: 'Object Repository/Kms_Page_OR/Roles/Content_Manager/Item_Properties_tab/template_Briefing' located by 'By.xpath: //*[@id="itemType"]' not found

2018-07-09 20:56:53 - [MESSAGE][PASSED] - Scroll to object 'Object Repository/Kms_Page_OR/Roles/Content_Manager/Item_Properties_tab/template_Briefing' successfully

2018-07-09 20:56:54 - [MESSAGE][WARNING] - Object 'Object Repository/Kms_Page_OR/Roles/Content_Manager/Item_Properties_tab/template_Briefing' is visible after 1 second(s)

2018-07-09 20:56:54 - [MESSAGE][PASSED] - Text of object 'Object Repository/Kms_Page_OR/Roles/Content_Manager/Item_Properties_tab/template_Briefing' is: 'Briefing'

2018-07-09 20:56:54 - [MESSAGE][PASSED] - Current viewport's left (x) position is 0

2018-07-09 20:56:54 - [MESSAGE][PASSED] - Current viewport's top (y) position is 359

2018-07-09 20:56:54 - [MESSAGE][PASSED] - Browser is scrolled to position x = 0, y = 359

2018-07-09 20:56:54 - [MESSAGE][PASSED] - Object 'progress' is present

2018-07-09 20:56:54 - [MESSAGE][PASSED] - Object 'progress' is NOT visible

2018-07-09 20:56:54 - [MESSAGE][PASSED] - Object 'Object Repository/Kms_Page_OR/Roles/Content_Manager/Item_Properties_tab/span_update_date' is visible

2018-07-09 20:56:54 - [MESSAGE][PASSED] - Text of object 'Object Repository/Kms_Page_OR/Roles/Content_Manager/Item_Properties_tab/span_update_date' is: '09/07/2018 20:56:35 PM'

2018-07-09 20:56:55 - [MESSAGE][PASSED] - Delayed 1 second(s)

2018-07-09 20:56:55 - [MESSAGE][PASSED] - Actual object 'briefing' and expected object 'briefing' are equal

2018-07-09 20:56:56 - [MESSAGE][PASSED] - Delayed 1 second(s)

2018-07-09 20:56:56 - [MESSAGE][PASSED] - Actual object '09/07/2018' and expected object '09/07/2018' are equal

2018-07-09 20:56:56 - [TEST_STEP][PASSED] - Statement - briefing._set_Item_Name(): Browser is closed

2018-07-09 20:56:56 - [MESSAGE][PASSED] - Current viewport's left (x) position is 0

2018-07-09 20:56:56 - [MESSAGE][PASSED] - Current viewport's top (y) position is 359

2018-07-09 20:56:56 - [MESSAGE][PASSED] - Browser is scrolled to position x = 0, y = 359

2018-07-09 20:56:56 - [MESSAGE][PASSED] - Object 'progress' is present

2018-07-09 20:56:56 - [MESSAGE][PASSED] - Object 'progress' is NOT visible

2018-07-09 20:56:56 - [MESSAGE][PASSED] - Object 'Object Repository/Kms_Page_OR/Roles/Content_Manager/Item_Properties_tab/itemId_generated_by_template' is visible

2018-07-09 20:56:56 - [MESSAGE][PASSED] - Text of object 'Object Repository/Kms_Page_OR/Roles/Content_Manager/Item_Properties_tab/itemId_generated_by_template' is: '3253'

2018-07-09 20:56:57 - [MESSAGE][PASSED] - Delayed 1 second(s)

2018-07-09 20:56:57 - [MESSAGE][PASSED] - Current viewport's left (x) position is 0

2018-07-09 20:56:57 - [MESSAGE][PASSED] - Current viewport's top (y) position is 359

2018-07-09 20:56:57 - [MESSAGE][PASSED] - Browser is scrolled to position x = 0, y = 359

2018-07-09 20:56:57 - [MESSAGE][PASSED] - Object 'progress' is present

2018-07-09 20:56:57 - [MESSAGE][PASSED] - Object 'progress' is NOT visible

2018-07-09 20:56:57 - [MESSAGE][PASSED] - Object 'Object Repository/Kms_Page_OR/Roles/Content_Manager/Item_Properties_tab/title_new_item' is visible

2018-07-09 20:56:57 - [MESSAGE][FAILED] - Unable to click on object 'Object Repository/Kms_Page_OR/Roles/Content_Manager/Item_Properties_tab/title_new_item' (Root cause: org.openqa.selenium.WebDriverException: Element is obscured (WARNING: The server did not provide any stacktrace information)
Command duration or timeout: 0 milliseconds
Build info: version: '3.7.1', revision: '8a0099a', time: '2017-11-06T21:07:36.161Z'
System info: host: 'DESKTOP-UNNJGJG', ip: '10.44.1.145', os.name: 'Windows 10', os.arch: 'amd64', os.version: '10.0', java.version: '1.8.0_102'
Driver info: com.kms.katalon.selenium.driver.CEdgeDriver
Capabilities {InPrivate: false, acceptSslCerts: true, applicationCacheEnabled: true, browserName: MicrosoftEdge, browserVersion: 42.17134.1.0, javascriptEnabled: true, locationContextEnabled: true, pageLoadStrategy: normal, platform: WINDOWS, platformName: WINDOWS, platformVersion: 10, takesElementScreenshot: true, takesScreenshot: true, webStorageEnabled: true}
Session ID: D3D56DA9-3E7B-423A-9135-8DDAC3E8478C)

2018-07-09 20:57:00 - [MESSAGE][PASSED] - Delayed 3 second(s)

2018-07-09 20:57:00 - [MESSAGE][PASSED] - Current viewport's left (x) position is 0

2018-07-09 20:57:00 - [MESSAGE][PASSED] - Current viewport's top (y) position is 214

2018-07-09 20:57:00 - [MESSAGE][PASSED] - Browser is scrolled to position x = 0, y = 214

2018-07-09 20:57:00 - [MESSAGE][PASSED] - Object 'progress' is present

2018-07-09 20:57:00 - [MESSAGE][PASSED] - Object 'progress' is NOT visible

2018-07-09 20:57:01 - [MESSAGE][PASSED] - Object 'Object Repository/Kms_Page_OR/Roles/Content_Manager/Item_Properties_tab/itemId_generated_by_template' is visible

2018-07-09 20:57:01 - [MESSAGE][PASSED] - Text of object 'Object Repository/Kms_Page_OR/Roles/Content_Manager/Item_Properties_tab/itemId_generated_by_template' is: '3253'

2018-07-09 20:57:02 - [MESSAGE][PASSED] - Delayed 1 second(s)

2018-07-09 20:57:02 - [MESSAGE][PASSED] - Current viewport's left (x) position is 0

2018-07-09 20:57:02 - [MESSAGE][PASSED] - Current viewport's top (y) position is 214

2018-07-09 20:57:02 - [MESSAGE][PASSED] - Browser is scrolled to position x = 0, y = 214

2018-07-09 20:57:02 - [MESSAGE][PASSED] - Object 'progress' is present

2018-07-09 20:57:02 - [MESSAGE][PASSED] - Object 'progress' is NOT visible

2018-07-09 20:57:02 - [MESSAGE][PASSED] - Object 'Object Repository/Kms_Page_OR/Roles/Content_Manager/Item_Properties_tab/title_new_item' is visible

2018-07-09 20:57:02 - [MESSAGE][FAILED] - Unable to click on object 'Object Repository/Kms_Page_OR/Roles/Content_Manager/Item_Properties_tab/title_new_item' (Root cause: org.openqa.selenium.WebDriverException: Element is obscured (WARNING: The server did not provide any stacktrace information)
Command duration or timeout: 0 milliseconds
Build info: version: '3.7.1', revision: '8a0099a', time: '2017-11-06T21:07:36.161Z'
System info: host: 'DESKTOP-UNNJGJG', ip: '10.44.1.145', os.name: 'Windows 10', os.arch: 'amd64', os.version: '10.0', java.version: '1.8.0_102'
Driver info: com.kms.katalon.selenium.driver.CEdgeDriver
Capabilities {InPrivate: false, acceptSslCerts: true, applicationCacheEnabled: true, browserName: MicrosoftEdge, browserVersion: 42.17134.1.0, javascriptEnabled: true, locationContextEnabled: true, pageLoadStrategy: normal, platform: WINDOWS, platformName: WINDOWS, platformVersion: 10, takesElementScreenshot: true, takesScreenshot: true, webStorageEnabled: true}
Session ID: D3D56DA9-3E7B-423A-9135-8DDAC3E8478C)

2018-07-09 20:57:02 - [MESSAGE][WARNING] - Cannot take screenshot (Root cause: java.io.IOException: Destination 'Reports\EDGE_DRIVER' directory cannot be created)

2018-07-09 20:57:03 - [MESSAGE][PASSED] - Browser is closed

2018-07-09 20:57:03 - [TEST_STEP][PASSED] - Start listener action : afterTestCase: Invoke 'com.kms.katalon.core.annotation.AfterTestCase' method: 'BaseTest.afterTestCase(...)' completed.]]></system-out>
         <system-err><![CDATA[2018-07-09 20:56:30 - [TEST_CASE][FAILED] - Test Cases/Kms_Tests/Languages/En/Item_Creation/Create_Briefing_Online_Test_En: Test Cases/Kms_Tests/Languages/En/Item_Creation/Create_Briefing_Online_Test_En FAILED because (of) Unable to click on object 'Object Repository/Kms_Page_OR/Roles/Content_Manager/Item_Properties_tab/title_new_item' (Root cause: org.openqa.selenium.WebDriverException: Element is obscured (WARNING: The server did not provide any stacktrace information)
Command duration or timeout: 0 milliseconds
Build info: version: '3.7.1', revision: '8a0099a', time: '2017-11-06T21:07:36.161Z'
System info: host: 'DESKTOP-UNNJGJG', ip: '10.44.1.145', os.name: 'Windows 10', os.arch: 'amd64', os.version: '10.0', java.version: '1.8.0_102'
Driver info: com.kms.katalon.selenium.driver.CEdgeDriver
Capabilities {InPrivate: false, acceptSslCerts: true, applicationCacheEnabled: true, browserName: MicrosoftEdge, browserVersion: 42.17134.1.0, javascriptEnabled: true, locationContextEnabled: true, pageLoadStrategy: normal, platform: WINDOWS, platformName: WINDOWS, platformVersion: 10, takesElementScreenshot: true, takesScreenshot: true, webStorageEnabled: true}
Session ID: D3D56DA9-3E7B-423A-9135-8DDAC3E8478C)]]></system-err>
      </testcase>
      <system-out><![CDATA[2018-07-09 20:56:30 - [TEST_SUITE][FAILED] - Test_Suit: Test Cases/Kms_Tests/Languages/En/Item_Creation/Create_Briefing_Online_Test_En FAILED because (of) Unable to click on object 'Object Repository/Kms_Page_OR/Roles/Content_Manager/Item_Properties_tab/title_new_item' (Root cause: org.openqa.selenium.WebDriverException: Element is obscured (WARNING: The server did not provide any stacktrace information)
Command duration or timeout: 0 milliseconds
Build info: version: '3.7.1', revision: '8a0099a', time: '2017-11-06T21:07:36.161Z'
System info: host: 'DESKTOP-UNNJGJG', ip: '10.44.1.145', os.name: 'Windows 10', os.arch: 'amd64', os.version: '10.0', java.version: '1.8.0_102'
Driver info: com.kms.katalon.selenium.driver.CEdgeDriver
Capabilities {InPrivate: false, acceptSslCerts: true, applicationCacheEnabled: true, browserName: MicrosoftEdge, browserVersion: 42.17134.1.0, javascriptEnabled: true, locationContextEnabled: true, pageLoadStrategy: normal, platform: WINDOWS, platformName: WINDOWS, platformVersion: 10, takesElementScreenshot: true, takesScreenshot: true, webStorageEnabled: true}
Session ID: D3D56DA9-3E7B-423A-9135-8DDAC3E8478C)]]></system-out>
      <system-err><![CDATA[2018-07-09 20:56:30 - [TEST_SUITE][FAILED] - Test_Suit: Test Cases/Kms_Tests/Languages/En/Item_Creation/Create_Briefing_Online_Test_En FAILED because (of) Unable to click on object 'Object Repository/Kms_Page_OR/Roles/Content_Manager/Item_Properties_tab/title_new_item' (Root cause: org.openqa.selenium.WebDriverException: Element is obscured (WARNING: The server did not provide any stacktrace information)
Command duration or timeout: 0 milliseconds
Build info: version: '3.7.1', revision: '8a0099a', time: '2017-11-06T21:07:36.161Z'
System info: host: 'DESKTOP-UNNJGJG', ip: '10.44.1.145', os.name: 'Windows 10', os.arch: 'amd64', os.version: '10.0', java.version: '1.8.0_102'
Driver info: com.kms.katalon.selenium.driver.CEdgeDriver
Capabilities {InPrivate: false, acceptSslCerts: true, applicationCacheEnabled: true, browserName: MicrosoftEdge, browserVersion: 42.17134.1.0, javascriptEnabled: true, locationContextEnabled: true, pageLoadStrategy: normal, platform: WINDOWS, platformName: WINDOWS, platformVersion: 10, takesElementScreenshot: true, takesScreenshot: true, webStorageEnabled: true}
Session ID: D3D56DA9-3E7B-423A-9135-8DDAC3E8478C)]]></system-err>
   </testsuite>
</testsuites>
