<?xml version="1.0" encoding="UTF-8"?>
<testsuites name="general" time="65" tests="0" failures="0" errors="1">
   <testsuite name="general" tests="0" failures="0" errors="1" time="65" timestamp="2018-07-19 17:19:40" hostname="fed86 - DESKTOP-UNNJGJG" id="Test Suites/general">
      <properties>
         <property name="deviceName" value=""/>
         <property name="devicePlatform" value=""/>
         <property name="logFolder" value="D:\\kms_katalon\\kms_katalon_tests\\katalonGitTest\\Reports\\general\\20180719_161614"/>
         <property name="logFiles" value="D:\\kms_katalon\\kms_katalon_tests\\katalonGitTest\\Reports\\general\\20180719_161614\\execution0.log"/>
         <property name="attachments" value="D:\\kms_katalon\\kms_katalon_tests\\katalonGitTest\\Reports\\general\\20180719_161614\\Reports/HEADLESS_DRIVER/Can't_read_input_file!.png"/>
         <property name="hostName" value="fed86 - DESKTOP-UNNJGJG"/>
         <property name="os" value="Windows 10 64bit"/>
         <property name="katalonVersion" value="5.5.0.1"/>
         <property name="browser" value="Chrome 67.0.3396.99"/>
         <property name="hostAddress" value="10.44.1.145"/>
         <property name="sessionId" value="ee34767b283d139b9197891e7968fab6"/>
         <property name="seleniumVersion" value="3.7.1"/>
         <property name="proxyInformation" value="ProxyInformation{proxyOption=NO_PROXY, proxyServerType=HTTP, password=, proxyServerAddress=, proxyServerPort=0}"/>
         <property name="platform" value="Windows 10"/>
      </properties>
      <testcase name="Test Cases/Kms_Tests/Languages/En/Item_Creation/Create_delete_general_Test_En" classname="Test Cases/Kms_Tests/Languages/En/Item_Creation/Create_delete_general_Test_En" status="ERROR">
         <error type="ERROR" message="Test Cases/Kms_Tests/Languages/En/Item_Creation/Create_delete_general_Test_En FAILED because (of) java.lang.Exception: Can't_read_input_file!"/>
         <system-out><![CDATA[2018-07-19 17:19:41 - [TEST_CASE][ERROR] - Test Cases/Kms_Tests/Languages/En/Item_Creation/Create_delete_general_Test_En: Test Cases/Kms_Tests/Languages/En/Item_Creation/Create_delete_general_Test_En FAILED because (of) java.lang.Exception: Can't_read_input_file!

2018-07-19 17:19:41 - [TEST_STEP][PASSED] - Start listener action : beforeTestCase: Viewport is set to new size with width = 1400 and height = 1000

2018-07-19 17:19:41 - [TEST_STEP][PASSED] - Statement - com.kms.katalon.core.util.KeywordUtil.markWarning("Before Test case : " + testCase.getTestCaseId()): Before Test case : Test Cases/Kms_Tests/Languages/En/Item_Creation/Create_delete_general_Test_En

2018-07-19 17:19:41 - [MESSAGE][WARNING] - Before Test case : Test Cases/Kms_Tests/Languages/En/Item_Creation/Create_delete_general_Test_En

2018-07-19 17:19:41 - [TEST_STEP][PASSED] - Statement - instance: Viewport is set to new size with width = 1400 and height = 1000

2018-07-19 17:19:41 - [MESSAGE][WARNING] - Unable to get the url of the current window (Root cause: com.kms.katalon.core.webui.exception.BrowserNotOpenedException: Browser is not opened
Build info: version: '3.7.1', revision: '8a0099a', time: '2017-11-06T21:07:36.161Z'
System info: host: 'DESKTOP-UNNJGJG', ip: '10.44.1.145', os.name: 'Windows 10', os.arch: 'amd64', os.version: '10.0', java.version: '1.8.0_102'
Driver info: driver.version: unknown)

2018-07-19 17:19:49 - [MESSAGE][PASSED] - Browser is opened with url: 'http://kmsqa3:501/kms/lh/login'

2018-07-19 17:19:50 - [MESSAGE][PASSED] - Viewport is set to new size with width = 1400 and height = 1000

2018-07-19 17:19:50 - [TEST_STEP][PASSED] - Statement - com.system.RolesHelper.getCm_En()._Login_En(): Call Test Case 'Test Cases/LogIn_Tests/Languages/En/Login_Content_Manager_En_Test' successfully

2018-07-19 17:19:51 - [TEST_CASE][PASSED] - Test Cases/LogIn_Tests/Languages/En/Login_Content_Manager_En_Test: Test Cases/LogIn_Tests/Languages/En/Login_Content_Manager_En_Test

2018-07-19 17:19:51 - [TEST_STEP][PASSED] - Statement - com.system.RolesHelper.getCm_En().getLoginPage()._fill_UserName_Password(): Text 'admin' is set on object 'password_txt'

2018-07-19 17:19:51 - [MESSAGE][PASSED] - Object 'Object Repository/Login_Page_OR/Visual/pass_Logo' is visible

2018-07-19 17:19:51 - [MESSAGE][PASSED] - Object 'Object Repository/Login_Page_OR/Visual/userName_Logo' is visible

2018-07-19 17:19:51 - [MESSAGE][PASSED] - Object 'span_userName' is visible

2018-07-19 17:19:51 - [MESSAGE][PASSED] - Object 'span_password' is visible

2018-07-19 17:19:51 - [MESSAGE][PASSED] - Object 'userName_txt' is visible

2018-07-19 17:19:51 - [MESSAGE][PASSED] - Text of object 'userName_txt' is cleared

2018-07-19 17:19:51 - [MESSAGE][PASSED] - Text 'admin' is set on object 'userName_txt'

2018-07-19 17:19:51 - [MESSAGE][PASSED] - Object 'password_txt' is visible

2018-07-19 17:19:51 - [MESSAGE][PASSED] - Text of object 'password_txt' is cleared

2018-07-19 17:19:51 - [MESSAGE][PASSED] - Text 'admin' is set on object 'password_txt'

2018-07-19 17:19:51 - [TEST_STEP][PASSED] - Statement - com.system.RolesHelper.getCm_En().getLoginPage()._click_chooseLanguage(): Object: 'link_lang' is clicked on

2018-07-19 17:19:51 - [MESSAGE][PASSED] - Text of object 'link_change_lang' is: 'Change Language'

2018-07-19 17:19:51 - [MESSAGE][PASSED] - Actual object 'true' and expected object 'true' are equal

2018-07-19 17:19:51 - [MESSAGE][WARNING] - Comparing Change Language texts : true

2018-07-19 17:19:51 - [MESSAGE][PASSED] - Object 'link_change_lang' is visible

2018-07-19 17:19:51 - [MESSAGE][PASSED] - Object: 'link_change_lang' is clicked on

2018-07-19 17:19:52 - [MESSAGE][PASSED] - Object 'caret_lang' is visible

2018-07-19 17:19:52 - [MESSAGE][PASSED] - Object: 'caret_lang' is clicked on

2018-07-19 17:19:52 - [MESSAGE][PASSED] - Text of object 'link_lang' is: 'English'

2018-07-19 17:19:52 - [MESSAGE][PASSED] - Actual object 'true' and expected object 'true' are equal

2018-07-19 17:19:52 - [MESSAGE][WARNING] - Comparing English texts : true

2018-07-19 17:19:52 - [MESSAGE][PASSED] - Object 'link_lang' is visible

2018-07-19 17:19:52 - [MESSAGE][PASSED] - Object: 'link_lang' is clicked on

2018-07-19 17:19:52 - [TEST_STEP][PASSED] - Comment - "verify visual login form": null

2018-07-19 17:19:52 - [TEST_STEP][PASSED] - Statement - com.system.RolesHelper.getCm_En().getLoginPage()._click_LogIn_With_UserName_And_Password(): Object: 'auth_Login_button' is clicked on

2018-07-19 17:19:52 - [MESSAGE][PASSED] - Text of object 'auth_Login_button' is: 'LOGIN'

2018-07-19 17:19:52 - [MESSAGE][PASSED] - Actual object 'true' and expected object 'true' are equal

2018-07-19 17:19:52 - [MESSAGE][WARNING] - Comparing LOGIN texts : true

2018-07-19 17:19:52 - [MESSAGE][PASSED] - Object 'auth_Login_button' is visible

2018-07-19 17:19:53 - [MESSAGE][PASSED] - Object: 'auth_Login_button' is clicked on

2018-07-19 17:19:53 - [TEST_STEP][PASSED] - Statement - com.system.RolesHelper.getCm_En().getLoginPage()._select_View(): Object: 'link_role' is clicked on

2018-07-19 17:19:53 - [MESSAGE][PASSED] - Text of object 'title_layout' is: 'CHOOSE A LAYOUT'

2018-07-19 17:19:53 - [MESSAGE][PASSED] - Actual object 'true' and expected object 'true' are equal

2018-07-19 17:19:53 - [MESSAGE][WARNING] - Comparing CHOOSE A LAYOUT texts : true

2018-07-19 17:19:53 - [MESSAGE][PASSED] - Object 'dropDown_roles' is visible

2018-07-19 17:19:53 - [MESSAGE][PASSED] - Object: 'dropDown_roles' is clicked on

2018-07-19 17:19:53 - [MESSAGE][PASSED] - Text of object 'link_role' is: 'Content Manager'

2018-07-19 17:19:53 - [MESSAGE][PASSED] - Actual object 'true' and expected object 'true' are equal

2018-07-19 17:19:53 - [MESSAGE][WARNING] - Comparing Content Manager texts : true

2018-07-19 17:19:53 - [MESSAGE][PASSED] - Object 'link_role' is visible

2018-07-19 17:19:53 - [MESSAGE][PASSED] - Object: 'link_role' is clicked on

2018-07-19 17:19:53 - [TEST_STEP][PASSED] - Comment - "verify visual chosing role form": null

2018-07-19 17:19:53 - [TEST_STEP][PASSED] - Statement - com.system.RolesHelper.getCm_En().getLoginPage()._Enter_to_Kms(): Keys 'ENTER + ' sent to object: 'login_Kms_button'

2018-07-19 17:19:53 - [MESSAGE][PASSED] - Text of object 'login_Kms_button' is: 'LOGIN'

2018-07-19 17:19:53 - [MESSAGE][PASSED] - Actual object 'true' and expected object 'true' are equal

2018-07-19 17:19:53 - [MESSAGE][WARNING] - Comparing LOGIN texts : true

2018-07-19 17:19:53 - [MESSAGE][PASSED] - Object 'login_Kms_button' is visible

2018-07-19 17:20:03 - [MESSAGE][PASSED] - Keys 'ENTER + ' sent to object: 'login_Kms_button'

2018-07-19 17:20:03 - [MESSAGE][PASSED] - Call Test Case 'Test Cases/LogIn_Tests/Languages/En/Login_Content_Manager_En_Test' successfully

2018-07-19 17:20:03 - [TEST_STEP][PASSED] - Statement - side_Bar._click_upper_button_create_item(): Object: 'btn_create_new_item' is clicked on

2018-07-19 17:20:03 - [MESSAGE][PASSED] - Object 'progress' is present

2018-07-19 17:20:04 - [MESSAGE][PASSED] - Object 'progress' is NOT visible

2018-07-19 17:20:04 - [MESSAGE][PASSED] - Text of object 'btn_create_new_item' is: 'Create New Item'

2018-07-19 17:20:04 - [MESSAGE][PASSED] - Actual object 'true' and expected object 'true' are equal

2018-07-19 17:20:04 - [MESSAGE][WARNING] - Comparing Create New Item texts : true

2018-07-19 17:20:04 - [MESSAGE][PASSED] - Object 'btn_create_new_item' is visible

2018-07-19 17:20:04 - [MESSAGE][PASSED] - Object: 'btn_create_new_item' is hovered

2018-07-19 17:20:04 - [MESSAGE][PASSED] - Object: 'btn_create_new_item' is clicked on

2018-07-19 17:20:04 - [TEST_STEP][PASSED] - Statement - general._choose_Template_By_Typing(): Keys 'ENTER + ' sent to object: 'btn_ok_create_template'

2018-07-19 17:20:05 - [MESSAGE][PASSED] - Delayed 1 second(s)

2018-07-19 17:20:05 - [MESSAGE][PASSED] - Object 'progress' is present

2018-07-19 17:20:06 - [MESSAGE][PASSED] - Object 'progress' is NOT visible

2018-07-19 17:20:06 - [MESSAGE][PASSED] - Object 'txt_create_item_template' is visible

2018-07-19 17:20:06 - [MESSAGE][PASSED] - Object: 'txt_create_item_template' is clicked on

2018-07-19 17:20:07 - [MESSAGE][PASSED] - Delayed 1 second(s)

2018-07-19 17:20:07 - [MESSAGE][PASSED] - Object 'progress' is present

2018-07-19 17:20:07 - [MESSAGE][PASSED] - Object 'progress' is NOT visible

2018-07-19 17:20:07 - [MESSAGE][PASSED] - Object 'txt_create_item_template' is visible

2018-07-19 17:20:07 - [MESSAGE][PASSED] - Text of object 'txt_create_item_template' is cleared

2018-07-19 17:20:07 - [MESSAGE][PASSED] - Text 'General' is set on object 'txt_create_item_template'

2018-07-19 17:20:07 - [MESSAGE][PASSED] - Object 'progress' is present

2018-07-19 17:20:07 - [MESSAGE][PASSED] - Object 'progress' is NOT visible

2018-07-19 17:20:07 - [MESSAGE][PASSED] - Text of object 'btn_ok_create_template' is: 'Ok'

2018-07-19 17:20:07 - [MESSAGE][PASSED] - Actual object 'true' and expected object 'true' are equal

2018-07-19 17:20:07 - [MESSAGE][WARNING] - Comparing Ok texts : true

2018-07-19 17:20:07 - [MESSAGE][PASSED] - Object 'btn_ok_create_template' is visible

2018-07-19 17:20:07 - [MESSAGE][PASSED] - Keys 'ENTER + ' sent to object: 'btn_ok_create_template'

2018-07-19 17:20:07 - [TEST_STEP][PASSED] - Statement - item_property_tab_general._verify_template_updateDate(): Actual object '19/07/2018' and expected object '19/07/2018' are equal

2018-07-19 17:20:08 - [MESSAGE][PASSED] - Delayed 1 second(s)

2018-07-19 17:20:08 - [MESSAGE][PASSED] - Object 'progress' is present

2018-07-19 17:20:09 - [MESSAGE][WARNING] - Object 'progress' is visible after 1 second(s)

2018-07-19 17:20:10 - [MESSAGE][PASSED] - Delayed 1 second(s)

2018-07-19 17:20:11 - [MESSAGE][WARNING] - Object 'progress' is visible after 1 second(s)

2018-07-19 17:20:12 - [MESSAGE][PASSED] - Delayed 1 second(s)

2018-07-19 17:20:13 - [MESSAGE][PASSED] - Object 'progress' is NOT visible

2018-07-19 17:20:13 - [MESSAGE][PASSED] - Browser is scrolled to position x = 0, y = 0

2018-07-19 17:20:13 - [MESSAGE][PASSED] - Text of object 'a_Item_Properties' is: 'Item Properties'

2018-07-19 17:20:13 - [MESSAGE][PASSED] - Actual object 'true' and expected object 'true' are equal

2018-07-19 17:20:13 - [MESSAGE][WARNING] - Comparing Item Properties texts : true

2018-07-19 17:20:13 - [MESSAGE][PASSED] - Object 'a_Item_Properties' is visible

2018-07-19 17:20:13 - [MESSAGE][PASSED] - Object: 'a_Item_Properties' is double clicked on

2018-07-19 17:20:13 - [MESSAGE][PASSED] - Object 'progress' is present

2018-07-19 17:20:13 - [MESSAGE][PASSED] - Object 'progress' is NOT visible

2018-07-19 17:20:13 - [MESSAGE][PASSED] - Browser is scrolled to position x = 0, y = 0

2018-07-19 17:20:13 - [MESSAGE][PASSED] - Object 'lbl_itemType' is visible

2018-07-19 17:20:13 - [MESSAGE][PASSED] - Text of object 'lbl_itemType' is: 'General'

2018-07-19 17:20:13 - [MESSAGE][PASSED] - Object 'progress' is present

2018-07-19 17:20:13 - [MESSAGE][PASSED] - Object 'progress' is NOT visible

2018-07-19 17:20:13 - [MESSAGE][PASSED] - Browser is scrolled to position x = 0, y = 0

2018-07-19 17:20:13 - [MESSAGE][PASSED] - Object 'lbl_update_date' is visible

2018-07-19 17:20:13 - [MESSAGE][PASSED] - Text of object 'lbl_update_date' is: '19/07/2018 17:19:34 PM'

2018-07-19 17:20:14 - [MESSAGE][PASSED] - Delayed 1 second(s)

2018-07-19 17:20:14 - [MESSAGE][PASSED] - Actual object 'general' and expected object 'general' are equal

2018-07-19 17:20:15 - [MESSAGE][PASSED] - Delayed 1 second(s)

2018-07-19 17:20:15 - [MESSAGE][PASSED] - Actual object '19/07/2018' and expected object '19/07/2018' are equal

2018-07-19 17:20:15 - [TEST_STEP][PASSED] - Statement - item_property_tab_general._set_Item_Name(): Keys 'item_General_3801' sent to object: 'txt_itemTitleForEdit'

2018-07-19 17:20:15 - [MESSAGE][PASSED] - Object 'progress' is present

2018-07-19 17:20:15 - [MESSAGE][PASSED] - Object 'progress' is NOT visible

2018-07-19 17:20:15 - [MESSAGE][PASSED] - Browser is scrolled to position x = 0, y = 0

2018-07-19 17:20:15 - [MESSAGE][PASSED] - Object 'lbl_itemId' is visible

2018-07-19 17:20:15 - [MESSAGE][PASSED] - Text of object 'lbl_itemId' is: '3801'

2018-07-19 17:20:15 - [MESSAGE][PASSED] - Object 'progress' is present

2018-07-19 17:20:15 - [MESSAGE][PASSED] - Object 'progress' is NOT visible

2018-07-19 17:20:15 - [MESSAGE][PASSED] - Browser is scrolled to position x = 0, y = 0

2018-07-19 17:20:16 - [MESSAGE][PASSED] - Object 'div_itemTitleForEdit' is visible

2018-07-19 17:20:16 - [MESSAGE][PASSED] - Object: 'div_itemTitleForEdit' is clicked on

2018-07-19 17:20:17 - [MESSAGE][PASSED] - Delayed 1 second(s)

2018-07-19 17:20:17 - [MESSAGE][PASSED] - Object: 'div_itemTitleForEdit' is clicked on

2018-07-19 17:20:17 - [MESSAGE][PASSED] - Object 'progress' is present

2018-07-19 17:20:17 - [MESSAGE][PASSED] - Object 'progress' is NOT visible

2018-07-19 17:20:17 - [MESSAGE][PASSED] - Browser is scrolled to position x = 0, y = 0

2018-07-19 17:20:17 - [MESSAGE][PASSED] - Object 'div_itemTitleForEdit' is visible

2018-07-19 17:20:17 - [MESSAGE][PASSED] - Object: 'div_itemTitleForEdit' is clicked on

2018-07-19 17:20:17 - [MESSAGE][PASSED] - Object 'txt_itemTitleForEdit' is present

2018-07-19 17:20:17 - [MESSAGE][PASSED] - Object 'progress' is present

2018-07-19 17:20:17 - [MESSAGE][PASSED] - Object 'progress' is NOT visible

2018-07-19 17:20:17 - [MESSAGE][PASSED] - Browser is scrolled to position x = 0, y = 0

2018-07-19 17:20:17 - [MESSAGE][PASSED] - Object 'txt_itemTitleForEdit' is visible

2018-07-19 17:20:17 - [MESSAGE][PASSED] - Keys 'item_General_3801' sent to object: 'txt_itemTitleForEdit'

2018-07-19 17:20:17 - [TEST_STEP][PASSED] - Statement - item_property_tab_general._write_short_description(): Keys 'short _description fed' sent to object: 'textarea_descriptionEdit'

2018-07-19 17:20:17 - [MESSAGE][PASSED] - Object 'progress' is present

2018-07-19 17:20:17 - [MESSAGE][PASSED] - Object 'progress' is NOT visible

2018-07-19 17:20:17 - [MESSAGE][PASSED] - Browser is scrolled to position x = 0, y = 0

2018-07-19 17:20:17 - [MESSAGE][PASSED] - Object 'div_ShortDescriptionEdit' is visible

2018-07-19 17:20:17 - [MESSAGE][PASSED] - Object: 'div_ShortDescriptionEdit' is clicked on

2018-07-19 17:20:18 - [MESSAGE][PASSED] - Delayed 1 second(s)

2018-07-19 17:20:18 - [MESSAGE][PASSED] - Object: 'div_ShortDescriptionEdit' is clicked on

2018-07-19 17:20:18 - [MESSAGE][PASSED] - Object 'progress' is present

2018-07-19 17:20:18 - [MESSAGE][PASSED] - Object 'progress' is NOT visible

2018-07-19 17:20:18 - [MESSAGE][PASSED] - Browser is scrolled to position x = 0, y = 0

2018-07-19 17:20:19 - [MESSAGE][PASSED] - Object 'div_ShortDescriptionEdit' is visible

2018-07-19 17:20:19 - [MESSAGE][PASSED] - Object: 'div_ShortDescriptionEdit' is clicked on

2018-07-19 17:20:19 - [MESSAGE][PASSED] - Object 'textarea_descriptionEdit' is present

2018-07-19 17:20:19 - [MESSAGE][PASSED] - Object 'progress' is present

2018-07-19 17:20:19 - [MESSAGE][PASSED] - Object 'progress' is NOT visible

2018-07-19 17:20:19 - [MESSAGE][PASSED] - Browser is scrolled to position x = 0, y = 0

2018-07-19 17:20:19 - [MESSAGE][PASSED] - Object 'textarea_descriptionEdit' is visible

2018-07-19 17:20:19 - [MESSAGE][PASSED] - Keys 'short _description fed' sent to object: 'textarea_descriptionEdit'

2018-07-19 17:20:19 - [TEST_STEP][PASSED] - Statement - item_property_tab_general._choose_Status(ONLINE): All options with index in [1] are selected on object 'select_status_from'

2018-07-19 17:20:19 - [MESSAGE][PASSED] - Object 'progress' is present

2018-07-19 17:20:19 - [MESSAGE][PASSED] - Object 'progress' is NOT visible

2018-07-19 17:20:19 - [MESSAGE][PASSED] - Browser is scrolled to position x = 0, y = 237

2018-07-19 17:20:19 - [MESSAGE][PASSED] - Object 'select_status_from' is visible

2018-07-19 17:20:19 - [MESSAGE][PASSED] - All options with index in [1] are selected on object 'select_status_from'

2018-07-19 17:20:19 - [TEST_STEP][PASSED] - Statement - item_property_tab_general._set_date_valid_from_status(): Keys 'ESCAPE + ' sent to object: 'txt_ST_DATE_FROM'

2018-07-19 17:20:19 - [MESSAGE][PASSED] - Object 'progress' is present

2018-07-19 17:20:19 - [MESSAGE][PASSED] - Object 'progress' is NOT visible

2018-07-19 17:20:19 - [MESSAGE][PASSED] - Browser is scrolled to position x = 0, y = 0

2018-07-19 17:20:19 - [MESSAGE][PASSED] - Object 'txt_ST_DATE_FROM' is visible

2018-07-19 17:20:19 - [MESSAGE][PASSED] - Text of object 'txt_ST_DATE_FROM' is cleared

2018-07-19 17:20:20 - [MESSAGE][PASSED] - Text '06/07/2018 05:20:19' is set on object 'txt_ST_DATE_FROM'

2018-07-19 17:20:20 - [MESSAGE][PASSED] - Object 'progress' is present

2018-07-19 17:20:20 - [MESSAGE][PASSED] - Object 'progress' is NOT visible

2018-07-19 17:20:20 - [MESSAGE][PASSED] - Browser is scrolled to position x = 0, y = 0

2018-07-19 17:20:20 - [MESSAGE][PASSED] - Object 'txt_ST_DATE_FROM' is visible

2018-07-19 17:20:20 - [MESSAGE][PASSED] - Keys 'ESCAPE + ' sent to object: 'txt_ST_DATE_FROM'

2018-07-19 17:20:20 - [TEST_STEP][PASSED] - Statement - item_property_tab_general._choose_status_after(ARCHIVE): All options with index in [3] are selected on object 'select_status_to'

2018-07-19 17:20:20 - [MESSAGE][PASSED] - Object 'progress' is present

2018-07-19 17:20:20 - [MESSAGE][PASSED] - Object 'progress' is NOT visible

2018-07-19 17:20:20 - [MESSAGE][PASSED] - Browser is scrolled to position x = 0, y = 207

2018-07-19 17:20:20 - [MESSAGE][PASSED] - Object 'select_status_to' is visible

2018-07-19 17:20:20 - [MESSAGE][PASSED] - All options with index in [3] are selected on object 'select_status_to'

2018-07-19 17:20:20 - [TEST_STEP][PASSED] - Statement - item_property_tab_general._set_date_valid_to_status(): Keys 'ESCAPE + ' sent to object: 'txt_STATUS_DATE_TO'

2018-07-19 17:20:20 - [MESSAGE][PASSED] - Object 'progress' is present

2018-07-19 17:20:20 - [MESSAGE][PASSED] - Object 'progress' is NOT visible

2018-07-19 17:20:20 - [MESSAGE][PASSED] - Browser is scrolled to position x = 0, y = 207

2018-07-19 17:20:20 - [MESSAGE][PASSED] - Object 'txt_STATUS_DATE_TO' is visible

2018-07-19 17:20:20 - [MESSAGE][PASSED] - Text of object 'txt_STATUS_DATE_TO' is cleared

2018-07-19 17:20:20 - [MESSAGE][PASSED] - Text '07/07/2018 05:20:20' is set on object 'txt_STATUS_DATE_TO'

2018-07-19 17:20:20 - [MESSAGE][PASSED] - Object 'progress' is present

2018-07-19 17:20:20 - [MESSAGE][PASSED] - Object 'progress' is NOT visible

2018-07-19 17:20:21 - [MESSAGE][PASSED] - Browser is scrolled to position x = 0, y = 207

2018-07-19 17:20:21 - [MESSAGE][PASSED] - Object 'txt_STATUS_DATE_TO' is visible

2018-07-19 17:20:21 - [MESSAGE][PASSED] - Keys 'ESCAPE + ' sent to object: 'txt_STATUS_DATE_TO'

2018-07-19 17:20:21 - [TEST_STEP][PASSED] - Statement - item_property_tab_general._check_active_version(): Object 'checkbox_active_ver' is checked

2018-07-19 17:20:21 - [MESSAGE][PASSED] - Object 'progress' is present

2018-07-19 17:20:21 - [MESSAGE][PASSED] - Object 'progress' is NOT visible

2018-07-19 17:20:21 - [MESSAGE][PASSED] - Browser is scrolled to position x = 0, y = 299

2018-07-19 17:20:21 - [MESSAGE][PASSED] - Object 'checkbox_active_ver' is visible

2018-07-19 17:20:21 - [MESSAGE][PASSED] - Object: 'checkbox_active_ver' is hovered

2018-07-19 17:20:21 - [MESSAGE][PASSED] - Object 'checkbox_active_ver' is checked

2018-07-19 17:20:21 - [TEST_STEP][PASSED] - Statement - item_property_tab_general._set_date_active_version(): Keys 'ESCAPE + ' sent to object: 'txt_act_date_from'

2018-07-19 17:20:21 - [MESSAGE][PASSED] - Object 'progress' is present

2018-07-19 17:20:21 - [MESSAGE][PASSED] - Object 'progress' is NOT visible

2018-07-19 17:20:21 - [MESSAGE][PASSED] - Browser is scrolled to position x = 0, y = 292

2018-07-19 17:20:21 - [MESSAGE][PASSED] - Object 'txt_act_date_from' is visible

2018-07-19 17:20:21 - [MESSAGE][PASSED] - Text of object 'txt_act_date_from' is cleared

2018-07-19 17:20:21 - [MESSAGE][PASSED] - Text '06/07/2018 05:20:21' is set on object 'txt_act_date_from'

2018-07-19 17:20:21 - [MESSAGE][PASSED] - Object 'progress' is present

2018-07-19 17:20:21 - [MESSAGE][PASSED] - Object 'progress' is NOT visible

2018-07-19 17:20:21 - [MESSAGE][PASSED] - Browser is scrolled to position x = 0, y = 292

2018-07-19 17:20:21 - [MESSAGE][PASSED] - Object 'txt_act_date_from' is visible

2018-07-19 17:20:22 - [MESSAGE][PASSED] - Keys 'ESCAPE + ' sent to object: 'txt_act_date_from'

2018-07-19 17:20:22 - [TEST_STEP][PASSED] - Statement - item_property_tab_general._check_print(true): Object 'checkbox_print' is checked

2018-07-19 17:20:22 - [MESSAGE][PASSED] - Object 'progress' is present

2018-07-19 17:20:22 - [MESSAGE][PASSED] - Object 'progress' is NOT visible

2018-07-19 17:20:22 - [MESSAGE][PASSED] - Browser is scrolled to position x = 0, y = 387

2018-07-19 17:20:22 - [MESSAGE][PASSED] - Object 'checkbox_print' is visible

2018-07-19 17:20:22 - [MESSAGE][PASSED] - Object: 'checkbox_print' is hovered

2018-07-19 17:20:22 - [MESSAGE][PASSED] - Object 'checkbox_print' is checked

2018-07-19 17:20:22 - [TEST_STEP][PASSED] - Statement - item_property_tab_general._check_email(true): Object 'checkbox_email' is checked

2018-07-19 17:20:22 - [MESSAGE][PASSED] - Object 'progress' is present

2018-07-19 17:20:22 - [MESSAGE][PASSED] - Object 'progress' is NOT visible

2018-07-19 17:20:22 - [MESSAGE][PASSED] - Browser is scrolled to position x = 0, y = 387

2018-07-19 17:20:22 - [MESSAGE][PASSED] - Object 'checkbox_email' is visible

2018-07-19 17:20:22 - [MESSAGE][PASSED] - Object: 'checkbox_email' is hovered

2018-07-19 17:20:22 - [MESSAGE][PASSED] - Object 'checkbox_email' is checked

2018-07-19 17:20:22 - [TEST_STEP][PASSED] - Statement - item_property_tab_general._check_feedback(true): Object 'checkbox_feedback' is checked

2018-07-19 17:20:22 - [MESSAGE][PASSED] - Object 'progress' is present

2018-07-19 17:20:22 - [MESSAGE][PASSED] - Object 'progress' is NOT visible

2018-07-19 17:20:22 - [MESSAGE][PASSED] - Browser is scrolled to position x = 0, y = 387

2018-07-19 17:20:22 - [MESSAGE][PASSED] - Object 'checkbox_feedback' is visible

2018-07-19 17:20:22 - [MESSAGE][PASSED] - Object: 'checkbox_feedback' is hovered

2018-07-19 17:20:22 - [MESSAGE][PASSED] - Object 'checkbox_feedback' is checked

2018-07-19 17:20:22 - [TEST_STEP][PASSED] - Statement - item_property_tab_general._check_bookmarks(true): Object 'checkbox_bookmarks' is checked

2018-07-19 17:20:22 - [MESSAGE][PASSED] - Object 'progress' is present

2018-07-19 17:20:22 - [MESSAGE][PASSED] - Object 'progress' is NOT visible

2018-07-19 17:20:22 - [MESSAGE][PASSED] - Browser is scrolled to position x = 0, y = 387

2018-07-19 17:20:22 - [MESSAGE][PASSED] - Object 'checkbox_bookmarks' is visible

2018-07-19 17:20:22 - [MESSAGE][PASSED] - Object: 'checkbox_bookmarks' is hovered

2018-07-19 17:20:22 - [MESSAGE][PASSED] - Object 'checkbox_bookmarks' is checked

2018-07-19 17:20:22 - [TEST_STEP][PASSED] - Statement - item_property_tab_general._check_fax(true): Object 'checkbox_fax' is checked

2018-07-19 17:20:22 - [MESSAGE][PASSED] - Object 'progress' is present

2018-07-19 17:20:22 - [MESSAGE][PASSED] - Object 'progress' is NOT visible

2018-07-19 17:20:23 - [MESSAGE][PASSED] - Browser is scrolled to position x = 0, y = 387

2018-07-19 17:20:23 - [MESSAGE][PASSED] - Object 'checkbox_fax' is visible

2018-07-19 17:20:23 - [MESSAGE][PASSED] - Object: 'checkbox_fax' is hovered

2018-07-19 17:20:23 - [MESSAGE][PASSED] - Object 'checkbox_fax' is checked

2018-07-19 17:20:23 - [TEST_STEP][PASSED] - Statement - item_property_tab_general._check_search(true): Object 'checkbox_search' is checked

2018-07-19 17:20:23 - [MESSAGE][PASSED] - Object 'progress' is present

2018-07-19 17:20:23 - [MESSAGE][PASSED] - Object 'progress' is NOT visible

2018-07-19 17:20:23 - [MESSAGE][PASSED] - Browser is scrolled to position x = 0, y = 387

2018-07-19 17:20:23 - [MESSAGE][PASSED] - Object 'checkbox_search' is visible

2018-07-19 17:20:23 - [MESSAGE][PASSED] - Object: 'checkbox_search' is hovered

2018-07-19 17:20:23 - [MESSAGE][PASSED] - Object 'checkbox_search' is checked

2018-07-19 17:20:23 - [TEST_STEP][PASSED] - Statement - item_property_tab_general._check_hit(true): Object 'checkbox_hit' is checked

2018-07-19 17:20:23 - [MESSAGE][PASSED] - Object 'progress' is present

2018-07-19 17:20:23 - [MESSAGE][PASSED] - Object 'progress' is NOT visible

2018-07-19 17:20:23 - [MESSAGE][PASSED] - Browser is scrolled to position x = 0, y = 387

2018-07-19 17:20:23 - [MESSAGE][PASSED] - Object 'checkbox_hit' is visible

2018-07-19 17:20:23 - [MESSAGE][PASSED] - Object: 'checkbox_hit' is hovered

2018-07-19 17:20:23 - [MESSAGE][PASSED] - Object 'checkbox_hit' is checked

2018-07-19 17:20:23 - [TEST_STEP][PASSED] - Statement - item_property_tab_general._check_likes(true): Object 'chkbx_likes' is checked

2018-07-19 17:20:23 - [MESSAGE][PASSED] - Object 'progress' is present

2018-07-19 17:20:23 - [MESSAGE][PASSED] - Object 'progress' is NOT visible

2018-07-19 17:20:23 - [MESSAGE][PASSED] - Browser is scrolled to position x = 0, y = 473

2018-07-19 17:20:23 - [MESSAGE][PASSED] - Object 'chkbx_likes' is visible

2018-07-19 17:20:23 - [MESSAGE][PASSED] - Object: 'chkbx_likes' is hovered

2018-07-19 17:20:23 - [MESSAGE][PASSED] - Object 'chkbx_likes' is checked

2018-07-19 17:20:23 - [TEST_STEP][PASSED] - Statement - item_property_tab_general._check_follow(true): Object 'chkbx_follow' is checked

2018-07-19 17:20:23 - [MESSAGE][PASSED] - Object 'progress' is present

2018-07-19 17:20:23 - [MESSAGE][PASSED] - Object 'progress' is NOT visible

2018-07-19 17:20:23 - [MESSAGE][PASSED] - Browser is scrolled to position x = 0, y = 473

2018-07-19 17:20:23 - [MESSAGE][PASSED] - Object 'chkbx_follow' is visible

2018-07-19 17:20:24 - [MESSAGE][PASSED] - Object: 'chkbx_follow' is hovered

2018-07-19 17:20:24 - [MESSAGE][PASSED] - Object 'chkbx_follow' is checked

2018-07-19 17:20:24 - [TEST_STEP][PASSED] - Statement - item_property_tab_general._check_comment(true): Object 'chkbx_comment' is checked

2018-07-19 17:20:24 - [MESSAGE][PASSED] - Object 'progress' is present

2018-07-19 17:20:24 - [MESSAGE][PASSED] - Object 'progress' is NOT visible

2018-07-19 17:20:24 - [MESSAGE][PASSED] - Browser is scrolled to position x = 0, y = 473

2018-07-19 17:20:24 - [MESSAGE][PASSED] - Object 'chkbx_comment' is visible

2018-07-19 17:20:24 - [MESSAGE][PASSED] - Object: 'chkbx_comment' is hovered

2018-07-19 17:20:24 - [MESSAGE][PASSED] - Object 'chkbx_comment' is checked

2018-07-19 17:20:24 - [TEST_STEP][PASSED] - Statement - item_property_tab_general._check_add_home_page(true): Object 'chkbx_add_homepage' is checked

2018-07-19 17:20:24 - [MESSAGE][PASSED] - Object 'progress' is present

2018-07-19 17:20:24 - [MESSAGE][PASSED] - Object 'progress' is NOT visible

2018-07-19 17:20:24 - [MESSAGE][PASSED] - Browser is scrolled to position x = 0, y = 552

2018-07-19 17:20:24 - [MESSAGE][PASSED] - Object 'chkbx_add_homepage' is visible

2018-07-19 17:20:24 - [MESSAGE][PASSED] - Object: 'chkbx_add_homepage' is hovered

2018-07-19 17:20:24 - [MESSAGE][WARNING] - Object 'chkbx_add_homepage' is not checked

2018-07-19 17:20:24 - [MESSAGE][PASSED] - Object 'chkbx_add_homepage' is checked

2018-07-19 17:20:24 - [TEST_STEP][PASSED] - Statement - item_property_tab_general._write_sms_description(): Keys ' sms_description ber' sent to object: 'textarea_sms_desc'

2018-07-19 17:20:24 - [MESSAGE][PASSED] - Object 'progress' is present

2018-07-19 17:20:24 - [MESSAGE][PASSED] - Object 'progress' is NOT visible

2018-07-19 17:20:24 - [MESSAGE][PASSED] - Browser is scrolled to position x = 0, y = 625

2018-07-19 17:20:24 - [MESSAGE][PASSED] - Object 'textarea_sms_desc' is visible

2018-07-19 17:20:24 - [MESSAGE][PASSED] - Keys ' sms_description ber' sent to object: 'textarea_sms_desc'

2018-07-19 17:20:24 - [TEST_STEP][PASSED] - Statement - item_property_tab_general._browse_file(): Object: 'a_uploaded_file' is double clicked on

2018-07-19 17:20:24 - [MESSAGE][PASSED] - Object 'progress' is present

2018-07-19 17:20:24 - [MESSAGE][PASSED] - Object 'progress' is NOT visible

2018-07-19 17:20:24 - [MESSAGE][PASSED] - Browser is scrolled to position x = 0, y = 735

2018-07-19 17:20:24 - [MESSAGE][PASSED] - Object 'btn_browse' is visible

2018-07-19 17:20:25 - [MESSAGE][PASSED] - Object: 'btn_browse' is clicked on

2018-07-19 17:20:25 - [MESSAGE][PASSED] - Object 'btn_open_uploaded_file' is present

2018-07-19 17:20:25 - [MESSAGE][PASSED] - Object 'progress' is present

2018-07-19 17:20:25 - [MESSAGE][PASSED] - Object 'progress' is NOT visible

2018-07-19 17:20:40 - [MESSAGE][PASSED] - Scroll to object 'a_uploaded_file' successfully

2018-07-19 17:20:40 - [MESSAGE][PASSED] - Object: 'a_uploaded_file' is double clicked on

2018-07-19 17:20:40 - [TEST_STEP][PASSED] - Statement - item_property_tab_general._click_on_image(): Taking screenshot successfully

2018-07-19 17:20:40 - [MESSAGE][PASSED] - Object 'progress' is present

2018-07-19 17:20:40 - [MESSAGE][PASSED] - Object 'progress' is NOT visible

2018-07-19 17:20:40 - [MESSAGE][PASSED] - Browser is scrolled to position x = 0, y = 745

2018-07-19 17:20:40 - [MESSAGE][PASSED] - Object 'img_uploaded_file' is visible

2018-07-19 17:20:40 - [MESSAGE][PASSED] - Object: 'img_uploaded_file' is clicked on

2018-07-19 17:20:41 - [MESSAGE][PASSED] - Delayed 1 second(s)

2018-07-19 17:20:45 - [MESSAGE][PASSED] - Delayed 3 second(s)

2018-07-19 17:20:45 - [MESSAGE][PASSED] - Object 'progress' is present

2018-07-19 17:20:45 - [MESSAGE][PASSED] - Object 'progress' is NOT visible

2018-07-19 17:20:45 - [MESSAGE][PASSED] - Browser is scrolled to position x = 0, y = 735

2018-07-19 17:20:45 - [MESSAGE][PASSED] - Object 'img_uploaded_file' is visible

2018-07-19 17:20:45 - [MESSAGE][FAILED] - Unable to click on object 'img_uploaded_file' (Root cause: org.openqa.selenium.WebDriverException: unknown error: Element <iframe allowfullscreen="true" scrolling="no" src="http://kmsqa3:501/kms/CM/GENERAL/UPDATE?item_id=3801&amp;isInfo=yes&amp;include_itm_keywords=Y&amp;item_max_version=Y&amp;floating=true" frameborder="0" name="itemscope" id="itemscope" style="height: 1276px;" cd_frame_id_="5d37ab0e27460e3323066fcd9aaf521e"></iframe> is not clickable at point (1295, 774). Other element would receive the click: <div id="fancybox-overlay" style="background-color: rgb(119, 119, 119); opacity: 0.7; cursor: pointer; height: 1409px; display: block;"></div>
  (Session info: headless chrome=67.0.3396.99)
  (Driver info: chromedriver=2.35.528161 (5b82f2d2aae0ca24b877009200ced9065a772e73),platform=Windows NT 10.0.17134 x86_64) (WARNING: The server did not provide any stacktrace information)
Command duration or timeout: 0 milliseconds
Build info: version: '3.7.1', revision: '8a0099a', time: '2017-11-06T21:07:36.161Z'
System info: host: 'DESKTOP-UNNJGJG', ip: '10.44.1.145', os.name: 'Windows 10', os.arch: 'amd64', os.version: '10.0', java.version: '1.8.0_102'
Driver info: com.kms.katalon.selenium.driver.CChromeDriver
Capabilities {acceptInsecureCerts: false, acceptSslCerts: false, applicationCacheEnabled: false, browserConnectionEnabled: false, browserName: chrome, chrome: {chromedriverVersion: 2.35.528161 (5b82f2d2aae0ca..., userDataDir: C:\Users\fed86\AppData\Loca...}, cssSelectorsEnabled: true, databaseEnabled: false, handlesAlerts: true, hasTouchScreen: false, javascriptEnabled: true, locationContextEnabled: true, mobileEmulationEnabled: false, nativeEvents: true, networkConnectionEnabled: false, pageLoadStrategy: normal, platform: XP, platformName: XP, rotatable: false, setWindowRect: true, takesHeapSnapshot: true, takesScreenshot: true, unexpectedAlertBehaviour: , unhandledPromptBehavior: , version: 67.0.3396.99, webStorageEnabled: true}
Session ID: ee34767b283d139b9197891e7968fab6)

2018-07-19 17:20:45 - [MESSAGE][PASSED] - Scroll to object 'img_uploaded_file' successfully

2018-07-19 17:20:45 - [MESSAGE][FAILED] - Unable to click on object 'img_uploaded_file' (Root cause: org.openqa.selenium.WebDriverException: unknown error: Element <iframe allowfullscreen="true" scrolling="no" src="http://kmsqa3:501/kms/CM/GENERAL/UPDATE?item_id=3801&amp;isInfo=yes&amp;include_itm_keywords=Y&amp;item_max_version=Y&amp;floating=true" frameborder="0" name="itemscope" id="itemscope" style="height: 1276px;" cd_frame_id_="4389f4f36a8bed28bfdb3aa78463cbde"></iframe> is not clickable at point (1295, 774). Other element would receive the click: <div id="fancybox-overlay" style="background-color: rgb(119, 119, 119); opacity: 0.7; cursor: pointer; height: 1409px; display: block;"></div>
  (Session info: headless chrome=67.0.3396.99)
  (Driver info: chromedriver=2.35.528161 (5b82f2d2aae0ca24b877009200ced9065a772e73),platform=Windows NT 10.0.17134 x86_64) (WARNING: The server did not provide any stacktrace information)
Command duration or timeout: 0 milliseconds
Build info: version: '3.7.1', revision: '8a0099a', time: '2017-11-06T21:07:36.161Z'
System info: host: 'DESKTOP-UNNJGJG', ip: '10.44.1.145', os.name: 'Windows 10', os.arch: 'amd64', os.version: '10.0', java.version: '1.8.0_102'
Driver info: com.kms.katalon.selenium.driver.CChromeDriver
Capabilities {acceptInsecureCerts: false, acceptSslCerts: false, applicationCacheEnabled: false, browserConnectionEnabled: false, browserName: chrome, chrome: {chromedriverVersion: 2.35.528161 (5b82f2d2aae0ca..., userDataDir: C:\Users\fed86\AppData\Loca...}, cssSelectorsEnabled: true, databaseEnabled: false, handlesAlerts: true, hasTouchScreen: false, javascriptEnabled: true, locationContextEnabled: true, mobileEmulationEnabled: false, nativeEvents: true, networkConnectionEnabled: false, pageLoadStrategy: normal, platform: XP, platformName: XP, rotatable: false, setWindowRect: true, takesHeapSnapshot: true, takesScreenshot: true, unexpectedAlertBehaviour: , unhandledPromptBehavior: , version: 67.0.3396.99, webStorageEnabled: true}
Session ID: ee34767b283d139b9197891e7968fab6)

2018-07-19 17:20:45 - [MESSAGE][PASSED] - Taking screenshot successfully
[[ATTACHMENT|D:\\kms_katalon\\kms_katalon_tests\\katalonGitTest\\Reports\\general\\20180719_161614\\Reports/HEADLESS_DRIVER/Can't_read_input_file!.png]]

2018-07-19 17:20:45 - [TEST_STEP][PASSED] - Start listener action : afterTestCase: Invoke 'com.kms.katalon.core.annotation.AfterTestCase' method: 'BaseTest.afterTestCase(...)' completed.

2018-07-19 17:20:45 - [TEST_STEP][PASSED] - switchToDefaultContent: Switching to default content

2018-07-19 17:20:45 - [TEST_STEP][PASSED] - Statement - dir = "C:\Users\fed86\AppData\Local\Temp": null

2018-07-19 17:20:45 - [TEST_STEP][PASSED] - Statement - f = new java.io.File(dir): null

2018-07-19 17:20:45 - [TEST_STEP][PASSED] - Statement - files = f.listFiles(): null

2018-07-19 17:20:45 - [TEST_STEP][PASSED] - Statement - lowercaseName = "": null

2018-07-19 17:20:46 - [TEST_STEP][PASSED] - Statement - For (File file : files): Invoke 'com.kms.katalon.core.annotation.AfterTestCase' method: 'BaseTest.afterTestCase(...)' completed.

2018-07-19 17:20:46 - [TEST_STEP][PASSED] - Statement - Try: null

2018-07-19 17:20:46 - [TEST_STEP][PASSED] - Statement - lowercaseName = name.toLowerCase(): null

2018-07-19 17:20:46 - [TEST_STEP][PASSED] - Statement - If (lowercaseName.startsWith("katalon") || lowercaseName.startsWith("anonymous") || lowercaseName.startsWith("scoped")): null

2018-07-19 17:20:46 - [TEST_STEP][PASSED] - Statement - Try: null

2018-07-19 17:20:46 - [TEST_STEP][PASSED] - Statement - lowercaseName = name.toLowerCase(): null

2018-07-19 17:20:46 - [TEST_STEP][PASSED] - Statement - If (lowercaseName.startsWith("katalon") || lowercaseName.startsWith("anonymous") || lowercaseName.startsWith("scoped")): null

2018-07-19 17:20:46 - [TEST_STEP][PASSED] - Statement - Try: null

2018-07-19 17:20:46 - [TEST_STEP][PASSED] - Statement - lowercaseName = name.toLowerCase(): null

2018-07-19 17:20:46 - [TEST_STEP][PASSED] - Statement - If (lowercaseName.startsWith("katalon") || lowercaseName.startsWith("anonymous") || lowercaseName.startsWith("scoped")): null

2018-07-19 17:20:46 - [TEST_STEP][PASSED] - Statement - Try: null

2018-07-19 17:20:46 - [TEST_STEP][PASSED] - Statement - lowercaseName = name.toLowerCase(): null

2018-07-19 17:20:46 - [TEST_STEP][PASSED] - Statement - If (lowercaseName.startsWith("katalon") || lowercaseName.startsWith("anonymous") || lowercaseName.startsWith("scoped")): null

2018-07-19 17:20:46 - [TEST_STEP][PASSED] - Statement - Try: null

2018-07-19 17:20:46 - [TEST_STEP][PASSED] - Statement - lowercaseName = name.toLowerCase(): null

2018-07-19 17:20:46 - [TEST_STEP][PASSED] - Statement - If (lowercaseName.startsWith("katalon") || lowercaseName.startsWith("anonymous") || lowercaseName.startsWith("scoped")): null

2018-07-19 17:20:46 - [TEST_STEP][PASSED] - Statement - Try: null

2018-07-19 17:20:46 - [TEST_STEP][PASSED] - Statement - lowercaseName = name.toLowerCase(): null

2018-07-19 17:20:46 - [TEST_STEP][PASSED] - Statement - If (lowercaseName.startsWith("katalon") || lowercaseName.startsWith("anonymous") || lowercaseName.startsWith("scoped")): null

2018-07-19 17:20:46 - [TEST_STEP][PASSED] - Statement - Try: null

2018-07-19 17:20:46 - [TEST_STEP][PASSED] - Statement - lowercaseName = name.toLowerCase(): null

2018-07-19 17:20:46 - [TEST_STEP][PASSED] - Statement - If (lowercaseName.startsWith("katalon") || lowercaseName.startsWith("anonymous") || lowercaseName.startsWith("scoped")): null

2018-07-19 17:20:46 - [TEST_STEP][PASSED] - Statement - Try: null

2018-07-19 17:20:46 - [TEST_STEP][PASSED] - Statement - lowercaseName = name.toLowerCase(): null

2018-07-19 17:20:46 - [TEST_STEP][PASSED] - Statement - If (lowercaseName.startsWith("katalon") || lowercaseName.startsWith("anonymous") || lowercaseName.startsWith("scoped")): null

2018-07-19 17:20:46 - [TEST_STEP][PASSED] - Statement - Try: null

2018-07-19 17:20:46 - [TEST_STEP][PASSED] - Statement - lowercaseName = name.toLowerCase(): null

2018-07-19 17:20:46 - [TEST_STEP][PASSED] - Statement - If (lowercaseName.startsWith("katalon") || lowercaseName.startsWith("anonymous") || lowercaseName.startsWith("scoped")): null

2018-07-19 17:20:46 - [TEST_STEP][PASSED] - Statement - Try: null

2018-07-19 17:20:46 - [TEST_STEP][PASSED] - Statement - lowercaseName = name.toLowerCase(): null

2018-07-19 17:20:46 - [TEST_STEP][PASSED] - Statement - If (lowercaseName.startsWith("katalon") || lowercaseName.startsWith("anonymous") || lowercaseName.startsWith("scoped")): null

2018-07-19 17:20:46 - [TEST_STEP][PASSED] - Statement - Try: null

2018-07-19 17:20:46 - [TEST_STEP][PASSED] - Statement - lowercaseName = name.toLowerCase(): null

2018-07-19 17:20:46 - [TEST_STEP][PASSED] - Statement - If (lowercaseName.startsWith("katalon") || lowercaseName.startsWith("anonymous") || lowercaseName.startsWith("scoped")): null

2018-07-19 17:20:46 - [TEST_STEP][PASSED] - Statement - Try: null

2018-07-19 17:20:46 - [TEST_STEP][PASSED] - Statement - lowercaseName = name.toLowerCase(): null

2018-07-19 17:20:46 - [TEST_STEP][PASSED] - Statement - If (lowercaseName.startsWith("katalon") || lowercaseName.startsWith("anonymous") || lowercaseName.startsWith("scoped")): null

2018-07-19 17:20:46 - [TEST_STEP][PASSED] - Statement - Try: null

2018-07-19 17:20:46 - [TEST_STEP][PASSED] - Statement - lowercaseName = name.toLowerCase(): null

2018-07-19 17:20:46 - [TEST_STEP][PASSED] - Statement - If (lowercaseName.startsWith("katalon") || lowercaseName.startsWith("anonymous") || lowercaseName.startsWith("scoped")): null

2018-07-19 17:20:46 - [TEST_STEP][PASSED] - Statement - Try: null

2018-07-19 17:20:46 - [TEST_STEP][PASSED] - Statement - lowercaseName = name.toLowerCase(): null

2018-07-19 17:20:46 - [TEST_STEP][PASSED] - Statement - If (lowercaseName.startsWith("katalon") || lowercaseName.startsWith("anonymous") || lowercaseName.startsWith("scoped")): null

2018-07-19 17:20:46 - [TEST_STEP][PASSED] - Statement - Try: null

2018-07-19 17:20:46 - [TEST_STEP][PASSED] - Statement - lowercaseName = name.toLowerCase(): null

2018-07-19 17:20:46 - [TEST_STEP][PASSED] - Statement - If (lowercaseName.startsWith("katalon") || lowercaseName.startsWith("anonymous") || lowercaseName.startsWith("scoped")): null

2018-07-19 17:20:46 - [TEST_STEP][PASSED] - Statement - Try: null

2018-07-19 17:20:46 - [TEST_STEP][PASSED] - Statement - lowercaseName = name.toLowerCase(): null

2018-07-19 17:20:46 - [TEST_STEP][PASSED] - Statement - If (lowercaseName.startsWith("katalon") || lowercaseName.startsWith("anonymous") || lowercaseName.startsWith("scoped")): null

2018-07-19 17:20:46 - [TEST_STEP][PASSED] - Statement - Try: null

2018-07-19 17:20:46 - [TEST_STEP][PASSED] - Statement - lowercaseName = name.toLowerCase(): null

2018-07-19 17:20:46 - [TEST_STEP][PASSED] - Statement - If (lowercaseName.startsWith("katalon") || lowercaseName.startsWith("anonymous") || lowercaseName.startsWith("scoped")): null

2018-07-19 17:20:46 - [TEST_STEP][PASSED] - Statement - Try: null

2018-07-19 17:20:46 - [TEST_STEP][PASSED] - Statement - lowercaseName = name.toLowerCase(): null

2018-07-19 17:20:46 - [TEST_STEP][PASSED] - Statement - If (lowercaseName.startsWith("katalon") || lowercaseName.startsWith("anonymous") || lowercaseName.startsWith("scoped")): null

2018-07-19 17:20:46 - [TEST_STEP][PASSED] - Statement - Try: null

2018-07-19 17:20:46 - [TEST_STEP][PASSED] - Statement - lowercaseName = name.toLowerCase(): null

2018-07-19 17:20:46 - [TEST_STEP][PASSED] - Statement - If (lowercaseName.startsWith("katalon") || lowercaseName.startsWith("anonymous") || lowercaseName.startsWith("scoped")): null

2018-07-19 17:20:46 - [TEST_STEP][PASSED] - Statement - Try: null

2018-07-19 17:20:46 - [TEST_STEP][PASSED] - Statement - lowercaseName = name.toLowerCase(): null

2018-07-19 17:20:46 - [TEST_STEP][PASSED] - Statement - If (lowercaseName.startsWith("katalon") || lowercaseName.startsWith("anonymous") || lowercaseName.startsWith("scoped")): null

2018-07-19 17:20:46 - [TEST_STEP][PASSED] - Statement - Try: null

2018-07-19 17:20:46 - [TEST_STEP][PASSED] - Statement - lowercaseName = name.toLowerCase(): null

2018-07-19 17:20:46 - [TEST_STEP][PASSED] - Statement - If (lowercaseName.startsWith("katalon") || lowercaseName.startsWith("anonymous") || lowercaseName.startsWith("scoped")): null

2018-07-19 17:20:46 - [TEST_STEP][PASSED] - Statement - Catch (Exception e): null

2018-07-19 17:20:46 - [TEST_STEP][PASSED] - Statement - Try: null

2018-07-19 17:20:46 - [TEST_STEP][PASSED] - Statement - lowercaseName = name.toLowerCase(): null

2018-07-19 17:20:46 - [TEST_STEP][PASSED] - Statement - If (lowercaseName.startsWith("katalon") || lowercaseName.startsWith("anonymous") || lowercaseName.startsWith("scoped")): null

2018-07-19 17:20:46 - [TEST_STEP][PASSED] - Statement - Try: null

2018-07-19 17:20:46 - [TEST_STEP][PASSED] - Statement - lowercaseName = name.toLowerCase(): null

2018-07-19 17:20:46 - [TEST_STEP][PASSED] - Statement - If (lowercaseName.startsWith("katalon") || lowercaseName.startsWith("anonymous") || lowercaseName.startsWith("scoped")): null

2018-07-19 17:20:46 - [TEST_STEP][PASSED] - Statement - Try: null

2018-07-19 17:20:46 - [TEST_STEP][PASSED] - Statement - lowercaseName = name.toLowerCase(): null

2018-07-19 17:20:46 - [TEST_STEP][PASSED] - Statement - If (lowercaseName.startsWith("katalon") || lowercaseName.startsWith("anonymous") || lowercaseName.startsWith("scoped")): null

2018-07-19 17:20:46 - [TEST_STEP][PASSED] - Statement - Try: null

2018-07-19 17:20:46 - [TEST_STEP][PASSED] - Statement - lowercaseName = name.toLowerCase(): null

2018-07-19 17:20:46 - [TEST_STEP][PASSED] - Statement - If (lowercaseName.startsWith("katalon") || lowercaseName.startsWith("anonymous") || lowercaseName.startsWith("scoped")): null

2018-07-19 17:20:46 - [TEST_STEP][PASSED] - Statement - Try: null

2018-07-19 17:20:46 - [TEST_STEP][PASSED] - Statement - lowercaseName = name.toLowerCase(): null

2018-07-19 17:20:46 - [TEST_STEP][PASSED] - Statement - If (lowercaseName.startsWith("katalon") || lowercaseName.startsWith("anonymous") || lowercaseName.startsWith("scoped")): null

2018-07-19 17:20:46 - [TEST_STEP][PASSED] - Statement - Try: null

2018-07-19 17:20:46 - [TEST_STEP][PASSED] - Statement - lowercaseName = name.toLowerCase(): null

2018-07-19 17:20:46 - [TEST_STEP][PASSED] - Statement - If (lowercaseName.startsWith("katalon") || lowercaseName.startsWith("anonymous") || lowercaseName.startsWith("scoped")): null

2018-07-19 17:20:46 - [TEST_STEP][PASSED] - Statement - Try: null

2018-07-19 17:20:46 - [TEST_STEP][PASSED] - Statement - lowercaseName = name.toLowerCase(): null

2018-07-19 17:20:46 - [TEST_STEP][PASSED] - Statement - If (lowercaseName.startsWith("katalon") || lowercaseName.startsWith("anonymous") || lowercaseName.startsWith("scoped")): null

2018-07-19 17:20:46 - [TEST_STEP][PASSED] - Statement - Try: null

2018-07-19 17:20:46 - [TEST_STEP][PASSED] - Statement - lowercaseName = name.toLowerCase(): null

2018-07-19 17:20:46 - [TEST_STEP][PASSED] - Statement - If (lowercaseName.startsWith("katalon") || lowercaseName.startsWith("anonymous") || lowercaseName.startsWith("scoped")): null

2018-07-19 17:20:46 - [TEST_STEP][PASSED] - Statement - Try: null

2018-07-19 17:20:46 - [TEST_STEP][PASSED] - Statement - lowercaseName = name.toLowerCase(): null

2018-07-19 17:20:46 - [TEST_STEP][PASSED] - Statement - If (lowercaseName.startsWith("katalon") || lowercaseName.startsWith("anonymous") || lowercaseName.startsWith("scoped")): null

2018-07-19 17:20:46 - [TEST_STEP][PASSED] - Statement - Try: null

2018-07-19 17:20:46 - [TEST_STEP][PASSED] - Statement - lowercaseName = name.toLowerCase(): null

2018-07-19 17:20:46 - [TEST_STEP][PASSED] - Statement - If (lowercaseName.startsWith("katalon") || lowercaseName.startsWith("anonymous") || lowercaseName.startsWith("scoped")): null

2018-07-19 17:20:46 - [TEST_STEP][PASSED] - Statement - Catch (Exception e): null

2018-07-19 17:20:46 - [TEST_STEP][PASSED] - Statement - Try: null

2018-07-19 17:20:46 - [TEST_STEP][PASSED] - Statement - lowercaseName = name.toLowerCase(): null

2018-07-19 17:20:46 - [TEST_STEP][PASSED] - Statement - If (lowercaseName.startsWith("katalon") || lowercaseName.startsWith("anonymous") || lowercaseName.startsWith("scoped")): null

2018-07-19 17:20:46 - [TEST_STEP][PASSED] - Statement - Try: null

2018-07-19 17:20:46 - [TEST_STEP][PASSED] - Statement - lowercaseName = name.toLowerCase(): null

2018-07-19 17:20:46 - [TEST_STEP][PASSED] - Statement - If (lowercaseName.startsWith("katalon") || lowercaseName.startsWith("anonymous") || lowercaseName.startsWith("scoped")): null

2018-07-19 17:20:46 - [TEST_STEP][PASSED] - Statement - Try: null

2018-07-19 17:20:46 - [TEST_STEP][PASSED] - Statement - lowercaseName = name.toLowerCase(): null

2018-07-19 17:20:46 - [TEST_STEP][PASSED] - Statement - If (lowercaseName.startsWith("katalon") || lowercaseName.startsWith("anonymous") || lowercaseName.startsWith("scoped")): null

2018-07-19 17:20:46 - [TEST_STEP][PASSED] - Statement - Try: null

2018-07-19 17:20:46 - [TEST_STEP][PASSED] - Statement - lowercaseName = name.toLowerCase(): null

2018-07-19 17:20:46 - [TEST_STEP][PASSED] - Statement - If (lowercaseName.startsWith("katalon") || lowercaseName.startsWith("anonymous") || lowercaseName.startsWith("scoped")): null

2018-07-19 17:20:46 - [TEST_STEP][PASSED] - Statement - Try: null

2018-07-19 17:20:46 - [TEST_STEP][PASSED] - Statement - lowercaseName = name.toLowerCase(): null

2018-07-19 17:20:46 - [TEST_STEP][PASSED] - Statement - If (lowercaseName.startsWith("katalon") || lowercaseName.startsWith("anonymous") || lowercaseName.startsWith("scoped")): null

2018-07-19 17:20:46 - [TEST_STEP][PASSED] - Statement - Try: null

2018-07-19 17:20:46 - [TEST_STEP][PASSED] - Statement - lowercaseName = name.toLowerCase(): null

2018-07-19 17:20:46 - [TEST_STEP][PASSED] - Statement - If (lowercaseName.startsWith("katalon") || lowercaseName.startsWith("anonymous") || lowercaseName.startsWith("scoped")): null

2018-07-19 17:20:46 - [TEST_STEP][PASSED] - Statement - Try: null

2018-07-19 17:20:46 - [TEST_STEP][PASSED] - Statement - lowercaseName = name.toLowerCase(): null

2018-07-19 17:20:46 - [TEST_STEP][PASSED] - Statement - If (lowercaseName.startsWith("katalon") || lowercaseName.startsWith("anonymous") || lowercaseName.startsWith("scoped")): null

2018-07-19 17:20:46 - [TEST_STEP][PASSED] - Statement - Try: null

2018-07-19 17:20:46 - [TEST_STEP][PASSED] - Statement - lowercaseName = name.toLowerCase(): null

2018-07-19 17:20:46 - [TEST_STEP][PASSED] - Statement - If (lowercaseName.startsWith("katalon") || lowercaseName.startsWith("anonymous") || lowercaseName.startsWith("scoped")): null

2018-07-19 17:20:46 - [TEST_STEP][PASSED] - Statement - Try: null

2018-07-19 17:20:46 - [TEST_STEP][PASSED] - Statement - lowercaseName = name.toLowerCase(): null

2018-07-19 17:20:46 - [TEST_STEP][PASSED] - Statement - If (lowercaseName.startsWith("katalon") || lowercaseName.startsWith("anonymous") || lowercaseName.startsWith("scoped")): null

2018-07-19 17:20:46 - [TEST_STEP][PASSED] - Statement - Try: null

2018-07-19 17:20:46 - [TEST_STEP][PASSED] - Statement - lowercaseName = name.toLowerCase(): null

2018-07-19 17:20:46 - [TEST_STEP][PASSED] - Statement - If (lowercaseName.startsWith("katalon") || lowercaseName.startsWith("anonymous") || lowercaseName.startsWith("scoped")): null

2018-07-19 17:20:46 - [TEST_STEP][PASSED] - Statement - Try: null

2018-07-19 17:20:46 - [TEST_STEP][PASSED] - Statement - lowercaseName = name.toLowerCase(): null

2018-07-19 17:20:46 - [TEST_STEP][PASSED] - Statement - If (lowercaseName.startsWith("katalon") || lowercaseName.startsWith("anonymous") || lowercaseName.startsWith("scoped")): null

2018-07-19 17:20:46 - [TEST_STEP][PASSED] - Statement - Try: null

2018-07-19 17:20:46 - [TEST_STEP][PASSED] - Statement - lowercaseName = name.toLowerCase(): null

2018-07-19 17:20:46 - [TEST_STEP][PASSED] - Statement - If (lowercaseName.startsWith("katalon") || lowercaseName.startsWith("anonymous") || lowercaseName.startsWith("scoped")): null

2018-07-19 17:20:46 - [TEST_STEP][PASSED] - Statement - Try: null

2018-07-19 17:20:46 - [TEST_STEP][PASSED] - Statement - lowercaseName = name.toLowerCase(): null

2018-07-19 17:20:46 - [TEST_STEP][PASSED] - Statement - If (lowercaseName.startsWith("katalon") || lowercaseName.startsWith("anonymous") || lowercaseName.startsWith("scoped")): null

2018-07-19 17:20:46 - [TEST_STEP][PASSED] - Statement - Try: null

2018-07-19 17:20:46 - [TEST_STEP][PASSED] - Statement - lowercaseName = name.toLowerCase(): null

2018-07-19 17:20:46 - [TEST_STEP][PASSED] - Statement - If (lowercaseName.startsWith("katalon") || lowercaseName.startsWith("anonymous") || lowercaseName.startsWith("scoped")): null

2018-07-19 17:20:46 - [TEST_STEP][PASSED] - Statement - Try: null

2018-07-19 17:20:46 - [TEST_STEP][PASSED] - Statement - lowercaseName = name.toLowerCase(): null

2018-07-19 17:20:46 - [TEST_STEP][PASSED] - Statement - If (lowercaseName.startsWith("katalon") || lowercaseName.startsWith("anonymous") || lowercaseName.startsWith("scoped")): null

2018-07-19 17:20:46 - [TEST_STEP][PASSED] - Statement - Try: null

2018-07-19 17:20:46 - [TEST_STEP][PASSED] - Statement - lowercaseName = name.toLowerCase(): null

2018-07-19 17:20:46 - [TEST_STEP][PASSED] - Statement - If (lowercaseName.startsWith("katalon") || lowercaseName.startsWith("anonymous") || lowercaseName.startsWith("scoped")): null

2018-07-19 17:20:46 - [TEST_STEP][PASSED] - Statement - Try: null

2018-07-19 17:20:46 - [TEST_STEP][PASSED] - Statement - lowercaseName = name.toLowerCase(): null

2018-07-19 17:20:46 - [TEST_STEP][PASSED] - Statement - If (lowercaseName.startsWith("katalon") || lowercaseName.startsWith("anonymous") || lowercaseName.startsWith("scoped")): null

2018-07-19 17:20:46 - [TEST_STEP][PASSED] - Statement - Try: null

2018-07-19 17:20:46 - [TEST_STEP][PASSED] - Statement - lowercaseName = name.toLowerCase(): null

2018-07-19 17:20:46 - [TEST_STEP][PASSED] - Statement - If (lowercaseName.startsWith("katalon") || lowercaseName.startsWith("anonymous") || lowercaseName.startsWith("scoped")): null

2018-07-19 17:20:46 - [TEST_STEP][PASSED] - Statement - Try: Invoke 'com.kms.katalon.core.annotation.AfterTestCase' method: 'BaseTest.afterTestCase(...)' completed.

2018-07-19 17:20:46 - [TEST_STEP][PASSED] - Statement - lowercaseName = name.toLowerCase(): null

2018-07-19 17:20:46 - [TEST_STEP][PASSED] - Statement - If (lowercaseName.startsWith("katalon") || lowercaseName.startsWith("anonymous") || lowercaseName.startsWith("scoped")): Invoke 'com.kms.katalon.core.annotation.AfterTestCase' method: 'BaseTest.afterTestCase(...)' completed.]]></system-out>
         <system-err><![CDATA[2018-07-19 17:19:41 - [TEST_CASE][ERROR] - Test Cases/Kms_Tests/Languages/En/Item_Creation/Create_delete_general_Test_En: Test Cases/Kms_Tests/Languages/En/Item_Creation/Create_delete_general_Test_En FAILED because (of) java.lang.Exception: Can't_read_input_file!]]></system-err>
      </testcase>
      <system-out><![CDATA[2018-07-19 17:19:40 - [TEST_SUITE][ERROR] - general: Test Cases/Kms_Tests/Languages/En/Item_Creation/Create_delete_general_Test_En FAILED because (of) java.lang.Exception: Can't_read_input_file!]]></system-out>
      <system-err><![CDATA[2018-07-19 17:19:40 - [TEST_SUITE][ERROR] - general: Test Cases/Kms_Tests/Languages/En/Item_Creation/Create_delete_general_Test_En FAILED because (of) java.lang.Exception: Can't_read_input_file!]]></system-err>
   </testsuite>
</testsuites>
