<?xml version="1.0" encoding="UTF-8"?>
<testsuites name="general" time="81" tests="1" failures="0" errors="1">
   <testsuite name="general" tests="1" failures="0" errors="1" time="81" timestamp="2018-07-29 12:20:20" hostname="fed86 - DESKTOP-UNNJGJG" id="Test Suites/general">
      <properties>
         <property name="deviceName" value=""/>
         <property name="devicePlatform" value=""/>
         <property name="logFolder" value="D:\\kms_katalon\\kms_katalon_tests\\katalonGitTest\\Reports\\general\\20180729_122013"/>
         <property name="logFiles" value="D:\\kms_katalon\\kms_katalon_tests\\katalonGitTest\\Reports\\general\\20180729_122013\\execution0.log"/>
         <property name="attachments" value="D:\\kms_katalon\\kms_katalon_tests\\katalonGitTest\\img\\Firefox\\login form\\actual.png, D:\\kms_katalon\\kms_katalon_tests\\katalonGitTest\\img\\Firefox\\chosing role form\\actual.png"/>
         <property name="hostName" value="fed86 - DESKTOP-UNNJGJG"/>
         <property name="os" value="Windows 10 64bit"/>
         <property name="katalonVersion" value="5.5.0.1"/>
         <property name="browser" value="Firefox 61.0"/>
         <property name="hostAddress" value="10.44.1.145"/>
         <property name="sessionId" value="60e19d15-73a8-4345-903e-8bda0939667f"/>
         <property name="seleniumVersion" value="3.7.1"/>
         <property name="proxyInformation" value="ProxyInformation{proxyOption=NO_PROXY, proxyServerType=HTTP, password=, proxyServerAddress=, proxyServerPort=0}"/>
         <property name="platform" value="Windows 10"/>
      </properties>
      <testcase name="Test Cases/Kms_Tests/Languages/En/Item_Creation/Create_delete_general_by_rightclick_Test_En" classname="Test Cases/Kms_Tests/Languages/En/Item_Creation/Create_delete_general_by_rightclick_Test_En" status="PASSED">
         <system-out><![CDATA[2018-07-29 12:20:22 - [TEST_CASE][PASSED] - Test Cases/Kms_Tests/Languages/En/Item_Creation/Create_delete_general_by_rightclick_Test_En: Test Cases/Kms_Tests/Languages/En/Item_Creation/Create_delete_general_by_rightclick_Test_En

2018-07-29 12:20:22 - [TEST_STEP][PASSED] - Start listener action : beforeTestCase: Viewport is set to new size with width = 1400 and height = 1000

2018-07-29 12:20:22 - [TEST_STEP][PASSED] - Statement - com.kms.katalon.core.util.KeywordUtil.markWarning("Before Test case : " + testCase.getTestCaseId()): Before Test case : Test Cases/Kms_Tests/Languages/En/Item_Creation/Create_delete_general_by_rightclick_Test_En

2018-07-29 12:20:22 - [MESSAGE][WARNING] - Before Test case : Test Cases/Kms_Tests/Languages/En/Item_Creation/Create_delete_general_by_rightclick_Test_En

2018-07-29 12:20:22 - [TEST_STEP][PASSED] - Statement - instance: Viewport is set to new size with width = 1400 and height = 1000

2018-07-29 12:20:23 - [MESSAGE][WARNING] - Unable to get the url of the current window (Root cause: com.kms.katalon.core.webui.exception.BrowserNotOpenedException: Browser is not opened
Build info: version: '3.7.1', revision: '8a0099a', time: '2017-11-06T21:07:36.161Z'
System info: host: 'DESKTOP-UNNJGJG', ip: '10.44.1.145', os.name: 'Windows 10', os.arch: 'amd64', os.version: '10.0', java.version: '1.8.0_102'
Driver info: driver.version: unknown)

2018-07-29 12:20:31 - [MESSAGE][PASSED] - Browser is opened with url: 'http://kmsqa3:501/kms/lh/login'

2018-07-29 12:20:31 - [MESSAGE][PASSED] - Viewport is set to new size with width = 1400 and height = 1000

2018-07-29 12:20:31 - [TEST_STEP][PASSED] - Statement - com.system.RolesHelper.getCm_En().Login_En(): Call Test Case 'Test Cases/LogIn_Tests/Languages/En/Login_Content_Manager_En_Test' successfully

2018-07-29 12:20:32 - [TEST_CASE][PASSED] - Test Cases/LogIn_Tests/Languages/En/Login_Content_Manager_En_Test: Test Cases/LogIn_Tests/Languages/En/Login_Content_Manager_En_Test

2018-07-29 12:20:32 - [TEST_STEP][PASSED] - Statement - com.system.RolesHelper.getCm_En().getLoginPage().fillUserNamePassword(): Text 'admin' is set on object 'password_txt'

2018-07-29 12:20:32 - [MESSAGE][PASSED] - Object 'Object Repository/Login_Page_OR/Visual/pass_Logo' is visible

2018-07-29 12:20:32 - [MESSAGE][PASSED] - Object 'Object Repository/Login_Page_OR/Visual/userName_Logo' is visible

2018-07-29 12:20:32 - [MESSAGE][PASSED] - Object 'span_userName' is visible

2018-07-29 12:20:32 - [MESSAGE][PASSED] - Object 'span_password' is visible

2018-07-29 12:20:32 - [MESSAGE][PASSED] - Object 'userName_txt' is visible

2018-07-29 12:20:32 - [MESSAGE][PASSED] - Text of object 'userName_txt' is cleared

2018-07-29 12:20:32 - [MESSAGE][PASSED] - Text 'admin' is set on object 'userName_txt'

2018-07-29 12:20:32 - [MESSAGE][PASSED] - Object 'password_txt' is visible

2018-07-29 12:20:32 - [MESSAGE][PASSED] - Text of object 'password_txt' is cleared

2018-07-29 12:20:32 - [MESSAGE][PASSED] - Text 'admin' is set on object 'password_txt'

2018-07-29 12:20:32 - [TEST_STEP][PASSED] - Statement - com.system.RolesHelper.getCm_En().getLoginPage().clickÐ¡hooseLanguage(): Object: 'link_lang' is clicked on

2018-07-29 12:20:32 - [MESSAGE][PASSED] - Text of object 'link_change_lang' is: 'Change Language'

2018-07-29 12:20:32 - [MESSAGE][PASSED] - Actual object 'true' and expected object 'true' are equal

2018-07-29 12:20:32 - [MESSAGE][WARNING] - Comparing Change Language texts : true

2018-07-29 12:20:32 - [MESSAGE][PASSED] - Object 'link_change_lang' is visible

2018-07-29 12:20:33 - [MESSAGE][PASSED] - Object: 'link_change_lang' is clicked on

2018-07-29 12:20:33 - [MESSAGE][PASSED] - Object 'caret_lang' is visible

2018-07-29 12:20:33 - [MESSAGE][PASSED] - Object: 'caret_lang' is clicked on

2018-07-29 12:20:33 - [MESSAGE][PASSED] - Text of object 'link_lang' is: 'English'

2018-07-29 12:20:33 - [MESSAGE][PASSED] - Actual object 'true' and expected object 'true' are equal

2018-07-29 12:20:33 - [MESSAGE][WARNING] - Comparing English texts : true

2018-07-29 12:20:33 - [MESSAGE][PASSED] - Object 'link_lang' is visible

2018-07-29 12:20:33 - [MESSAGE][PASSED] - Object: 'link_lang' is clicked on

2018-07-29 12:20:33 - [TEST_STEP][PASSED] - Statement - com.system.CompareImages.detailedComparison("login form", true): Taking screenshot successfully

2018-07-29 12:20:34 - [MESSAGE][PASSED] - Taking screenshot successfully
[[ATTACHMENT|D:\\kms_katalon\\kms_katalon_tests\\katalonGitTest\\img\\Firefox\\login form\\actual.png]]

2018-07-29 12:20:35 - [TEST_STEP][PASSED] - Statement - com.system.RolesHelper.getCm_En().getLoginPage().clickLogInWithUserNameAndPassword(): Object: 'auth_Login_button' is clicked on

2018-07-29 12:20:35 - [MESSAGE][PASSED] - Text of object 'auth_Login_button' is: 'LOGIN'

2018-07-29 12:20:35 - [MESSAGE][PASSED] - Actual object 'true' and expected object 'true' are equal

2018-07-29 12:20:35 - [MESSAGE][WARNING] - Comparing LOGIN texts : true

2018-07-29 12:20:35 - [MESSAGE][PASSED] - Object 'auth_Login_button' is visible

2018-07-29 12:20:37 - [MESSAGE][PASSED] - Object: 'auth_Login_button' is clicked on

2018-07-29 12:20:37 - [TEST_STEP][PASSED] - Statement - com.system.RolesHelper.getCm_En().getLoginPage().selectView(): Object: 'link_role' is clicked on

2018-07-29 12:20:37 - [MESSAGE][PASSED] - Text of object 'title_layout' is: 'CHOOSE A LAYOUT'

2018-07-29 12:20:37 - [MESSAGE][PASSED] - Actual object 'true' and expected object 'true' are equal

2018-07-29 12:20:37 - [MESSAGE][WARNING] - Comparing CHOOSE A LAYOUT texts : true

2018-07-29 12:20:37 - [MESSAGE][PASSED] - Object 'dropDown_roles' is visible

2018-07-29 12:20:37 - [MESSAGE][PASSED] - Object: 'dropDown_roles' is clicked on

2018-07-29 12:20:37 - [MESSAGE][PASSED] - Text of object 'link_role' is: 'Content Manager'

2018-07-29 12:20:37 - [MESSAGE][PASSED] - Actual object 'true' and expected object 'true' are equal

2018-07-29 12:20:37 - [MESSAGE][WARNING] - Comparing Content Manager texts : true

2018-07-29 12:20:37 - [MESSAGE][PASSED] - Object 'link_role' is visible

2018-07-29 12:20:37 - [MESSAGE][PASSED] - Object: 'link_role' is clicked on

2018-07-29 12:20:37 - [TEST_STEP][PASSED] - Statement - com.system.CompareImages.detailedComparison("chosing role form", true): Taking screenshot successfully

2018-07-29 12:20:38 - [MESSAGE][PASSED] - Taking screenshot successfully
[[ATTACHMENT|D:\\kms_katalon\\kms_katalon_tests\\katalonGitTest\\img\\Firefox\\chosing role form\\actual.png]]

2018-07-29 12:20:39 - [TEST_STEP][PASSED] - Statement - com.system.RolesHelper.getCm_En().getLoginPage().enterToKms(): Keys 'ENTER + ' sent to object: 'login_Kms_button'

2018-07-29 12:20:39 - [MESSAGE][PASSED] - Text of object 'login_Kms_button' is: 'LOGIN'

2018-07-29 12:20:39 - [MESSAGE][PASSED] - Actual object 'true' and expected object 'true' are equal

2018-07-29 12:20:39 - [MESSAGE][WARNING] - Comparing LOGIN texts : true

2018-07-29 12:20:39 - [MESSAGE][PASSED] - Object 'login_Kms_button' is visible

2018-07-29 12:20:39 - [MESSAGE][PASSED] - Keys 'ENTER + ' sent to object: 'login_Kms_button'

2018-07-29 12:20:39 - [MESSAGE][PASSED] - Call Test Case 'Test Cases/LogIn_Tests/Languages/En/Login_Content_Manager_En_Test' successfully

2018-07-29 12:20:39 - [TEST_STEP][PASSED] - Statement - com.system.RolesHelper.getCm_En().getItemsTree().newItemAction(): Object 'btn_create_new_item' is visible

2018-07-29 12:20:48 - [MESSAGE][PASSED] - Object 'progress' is present

2018-07-29 12:20:50 - [MESSAGE][WARNING] - Object 'progress' is visible after 1 second(s)

2018-07-29 12:20:51 - [MESSAGE][PASSED] - Delayed 1 second(s)

2018-07-29 12:20:52 - [MESSAGE][WARNING] - Object 'progress' is visible after 1 second(s)

2018-07-29 12:20:53 - [MESSAGE][PASSED] - Delayed 1 second(s)

2018-07-29 12:20:54 - [MESSAGE][WARNING] - Object 'progress' is visible after 1 second(s)

2018-07-29 12:20:55 - [MESSAGE][PASSED] - Delayed 1 second(s)

2018-07-29 12:20:56 - [MESSAGE][WARNING] - Object 'progress' is visible after 1 second(s)

2018-07-29 12:20:57 - [MESSAGE][PASSED] - Delayed 1 second(s)

2018-07-29 12:20:58 - [MESSAGE][WARNING] - Object 'progress' is visible after 1 second(s)

2018-07-29 12:20:59 - [MESSAGE][PASSED] - Delayed 1 second(s)

2018-07-29 12:21:00 - [MESSAGE][WARNING] - Object 'progress' is visible after 1 second(s)

2018-07-29 12:21:01 - [MESSAGE][PASSED] - Delayed 1 second(s)

2018-07-29 12:21:02 - [MESSAGE][WARNING] - Object 'progress' is visible after 1 second(s)

2018-07-29 12:21:03 - [MESSAGE][PASSED] - Delayed 1 second(s)

2018-07-29 12:21:04 - [MESSAGE][WARNING] - Object 'progress' is visible after 1 second(s)

2018-07-29 12:21:05 - [MESSAGE][PASSED] - Delayed 1 second(s)

2018-07-29 12:21:05 - [MESSAGE][PASSED] - Object 'progress' is NOT visible

2018-07-29 12:21:05 - [MESSAGE][PASSED] - Object 'a_last_folder_in_cm_tree' is visible

2018-07-29 12:21:05 - [MESSAGE][PASSED] - Object: 'a_last_folder_in_cm_tree' is hovered

2018-07-29 12:21:05 - [MESSAGE][PASSED] - Object: 'a_last_folder_in_cm_tree' is right clicked on

2018-07-29 12:21:06 - [MESSAGE][PASSED] - Object 'li_new_item' is visible

2018-07-29 12:21:06 - [MESSAGE][PASSED] - Object 'progress' is present

2018-07-29 12:21:06 - [MESSAGE][PASSED] - Object 'progress' is NOT visible

2018-07-29 12:21:06 - [MESSAGE][PASSED] - Object 'li_new_item' is visible

2018-07-29 12:21:06 - [MESSAGE][PASSED] - Object: 'li_new_item' is hovered

2018-07-29 12:21:06 - [MESSAGE][PASSED] - Object: 'li_new_item' is clicked on

2018-07-29 12:21:06 - [MESSAGE][PASSED] - Object 'btn_create_new_item' is visible

2018-07-29 12:21:06 - [TEST_STEP][PASSED] - Statement - com.system.RolesHelper.getCm_En().getGeneral().chooseTemplateByTyping(true): Actual object '15' and expected object '15' are equal

2018-07-29 12:21:07 - [MESSAGE][PASSED] - Delayed 1 second(s)

2018-07-29 12:21:07 - [MESSAGE][PASSED] - Object 'progress' is present

2018-07-29 12:21:07 - [MESSAGE][PASSED] - Object 'progress' is NOT visible

2018-07-29 12:21:08 - [MESSAGE][PASSED] - Object 'txt_create_item_template' is visible

2018-07-29 12:21:08 - [MESSAGE][PASSED] - Object: 'txt_create_item_template' is clicked on

2018-07-29 12:21:09 - [MESSAGE][PASSED] - Delayed 1 second(s)

2018-07-29 12:21:09 - [MESSAGE][PASSED] - Object 'progress' is present

2018-07-29 12:21:09 - [MESSAGE][PASSED] - Object 'progress' is NOT visible

2018-07-29 12:21:09 - [MESSAGE][PASSED] - Object 'txt_create_item_template' is visible

2018-07-29 12:21:09 - [MESSAGE][PASSED] - Text of object 'txt_create_item_template' is cleared

2018-07-29 12:21:09 - [MESSAGE][PASSED] - Text 'General' is set on object 'txt_create_item_template'

2018-07-29 12:21:09 - [MESSAGE][PASSED] - Text of object 'a_last_folder_in_cm_tree' is: '[14]Folder 15'

2018-07-29 12:21:09 - [MESSAGE][PASSED] - Object 'progress' is present

2018-07-29 12:21:09 - [MESSAGE][PASSED] - Object 'progress' is NOT visible

2018-07-29 12:21:09 - [MESSAGE][PASSED] - Text of object 'btn_ok_create_template' is: 'Ok'

2018-07-29 12:21:09 - [MESSAGE][PASSED] - Actual object 'true' and expected object 'true' are equal

2018-07-29 12:21:09 - [MESSAGE][WARNING] - Comparing Ok texts : true

2018-07-29 12:21:09 - [MESSAGE][PASSED] - Object 'btn_ok_create_template' is visible

2018-07-29 12:21:09 - [MESSAGE][PASSED] - Keys 'ENTER + ' sent to object: 'btn_ok_create_template'

2018-07-29 12:21:12 - [MESSAGE][PASSED] - Delayed 3 second(s)

2018-07-29 12:21:12 - [MESSAGE][PASSED] - Text of object 'a_last_folder_in_cm_tree' is: '[15]Folder 15
test2
eeee
doron 27-02-17
michal
Lev Item
Lev Item 2
testing widget
email-test
word test
Briefing requires signature
fedbrief
fedtemplat
fed scenario
fed
New Item
New Item'

2018-07-29 12:21:12 - [MESSAGE][PASSED] - Actual object '15' and expected object '15' are equal

2018-07-29 12:21:12 - [TEST_STEP][PASSED] - Statement - com.system.RolesHelper.getCm_En().getGeneral().getItemPropertyTabGeneral().setItemName(): Keys 'item_General_4046' sent to object: 'txt_itemTitleForEdit'

2018-07-29 12:21:13 - [MESSAGE][PASSED] - Delayed 1 second(s)

2018-07-29 12:21:13 - [MESSAGE][PASSED] - Object 'progress' is present

2018-07-29 12:21:14 - [MESSAGE][WARNING] - Object 'progress' is visible after 1 second(s)

2018-07-29 12:21:15 - [MESSAGE][PASSED] - Delayed 1 second(s)

2018-07-29 12:21:15 - [MESSAGE][PASSED] - Object 'progress' is NOT visible

2018-07-29 12:21:15 - [MESSAGE][PASSED] - Browser is scrolled to position x = 0, y = 0

2018-07-29 12:21:15 - [MESSAGE][PASSED] - Text of object 'a_Item_Properties' is: 'Item Properties'

2018-07-29 12:21:15 - [MESSAGE][PASSED] - Actual object 'true' and expected object 'true' are equal

2018-07-29 12:21:15 - [MESSAGE][WARNING] - Comparing Item Properties texts : true

2018-07-29 12:21:15 - [MESSAGE][PASSED] - Object 'a_Item_Properties' is visible

2018-07-29 12:21:15 - [MESSAGE][PASSED] - Object: 'a_Item_Properties' is hovered

2018-07-29 12:21:16 - [MESSAGE][PASSED] - Object: 'a_Item_Properties' is clicked on

2018-07-29 12:21:16 - [MESSAGE][PASSED] - Object 'lbl_itemId' is visible

2018-07-29 12:21:16 - [MESSAGE][PASSED] - Attribute 'value' of object 'hidden_itemId' is: '4046'

2018-07-29 12:21:16 - [MESSAGE][PASSED] - Object 'progress' is present

2018-07-29 12:21:16 - [MESSAGE][PASSED] - Object 'progress' is NOT visible

2018-07-29 12:21:16 - [MESSAGE][PASSED] - Browser is scrolled to position x = 0, y = 0

2018-07-29 12:21:16 - [MESSAGE][PASSED] - Object 'div_itemTitleForEdit' is visible

2018-07-29 12:21:16 - [MESSAGE][PASSED] - Object: 'div_itemTitleForEdit' is clicked on

2018-07-29 12:21:17 - [MESSAGE][PASSED] - Delayed 1 second(s)

2018-07-29 12:21:17 - [MESSAGE][PASSED] - Object: 'div_itemTitleForEdit' is clicked on

2018-07-29 12:21:17 - [MESSAGE][PASSED] - Object 'progress' is present

2018-07-29 12:21:17 - [MESSAGE][PASSED] - Object 'progress' is NOT visible

2018-07-29 12:21:17 - [MESSAGE][PASSED] - Browser is scrolled to position x = 0, y = 0

2018-07-29 12:21:17 - [MESSAGE][PASSED] - Object 'div_itemTitleForEdit' is visible

2018-07-29 12:21:18 - [MESSAGE][PASSED] - Object: 'div_itemTitleForEdit' is hovered

2018-07-29 12:21:18 - [MESSAGE][PASSED] - Object: 'div_itemTitleForEdit' is clicked on

2018-07-29 12:21:18 - [MESSAGE][PASSED] - Object 'txt_itemTitleForEdit' is visible

2018-07-29 12:21:18 - [MESSAGE][PASSED] - Object 'progress' is present

2018-07-29 12:21:18 - [MESSAGE][PASSED] - Object 'progress' is NOT visible

2018-07-29 12:21:18 - [MESSAGE][PASSED] - Browser is scrolled to position x = 0, y = 0

2018-07-29 12:21:18 - [MESSAGE][PASSED] - Object 'txt_itemTitleForEdit' is visible

2018-07-29 12:21:18 - [MESSAGE][PASSED] - Keys 'item_General_4046' sent to object: 'txt_itemTitleForEdit'

2018-07-29 12:21:18 - [TEST_STEP][PASSED] - Statement - com.system.RolesHelper.getCm_En().getTaskBar().clickSave(): item New Itemitem_General_4046î is in the knowledge tree 

2018-07-29 12:21:18 - [MESSAGE][PASSED] - Object 'progress' is present

2018-07-29 12:21:18 - [MESSAGE][PASSED] - Object 'progress' is NOT visible

2018-07-29 12:21:18 - [MESSAGE][PASSED] - Object 'btn_save' is visible

2018-07-29 12:21:18 - [MESSAGE][PASSED] - Object: 'btn_save' is clicked on

2018-07-29 12:21:19 - [MESSAGE][PASSED] - Delayed 1 second(s)

2018-07-29 12:21:19 - [MESSAGE][PASSED] - Object: 'btn_save' is clicked on

2018-07-29 12:21:19 - [MESSAGE][PASSED] - Attribute 'value' of object 'hidden_itemId' is: '4046'

2018-07-29 12:21:20 - [MESSAGE][PASSED] - Object 'progress' is present

2018-07-29 12:21:21 - [MESSAGE][WARNING] - Object 'progress' is visible after 1 second(s)

2018-07-29 12:21:22 - [MESSAGE][PASSED] - Delayed 1 second(s)

2018-07-29 12:21:22 - [MESSAGE][PASSED] - Object 'progress' is NOT visible

2018-07-29 12:21:22 - [MESSAGE][PASSED] - Object 'a_last_folder_in_cm_tree' is visible

2018-07-29 12:21:22 - [MESSAGE][PASSED] - Object: 'a_last_folder_in_cm_tree' is hovered

2018-07-29 12:21:22 - [MESSAGE][PASSED] - Object: 'a_last_folder_in_cm_tree' is clicked on

2018-07-29 12:21:22 - [MESSAGE][PASSED] - Object 'last_folder_content' is visible

2018-07-29 12:21:22 - [MESSAGE][PASSED] - Object 'progress' is present

2018-07-29 12:21:22 - [MESSAGE][PASSED] - Object 'progress' is NOT visible

2018-07-29 12:21:22 - [MESSAGE][PASSED] - Object 'item_General_4046' is visible

2018-07-29 12:21:22 - [MESSAGE][PASSED] - Actual object 'true' and expected object 'true' are equal

2018-07-29 12:21:22 - [MESSAGE][PASSED] - Text of object 'item_General_4046' is: 'New Itemitem_General_4046î'

2018-07-29 12:21:22 - [MESSAGE][WARNING] - item New Itemitem_General_4046î is in the knowledge tree 

2018-07-29 12:21:22 - [TEST_STEP][PASSED] - Statement - com.system.RolesHelper.getCm_En().getItemsTree().deleteById(): item item_General_4046 not in the knowledge tree 

2018-07-29 12:21:22 - [MESSAGE][PASSED] - Text of object 'a_last_folder_in_cm_tree' is: '[15]Folder 15
test2
eeee
doron 27-02-17
michal
Lev Item
Lev Item 2
testing widget
email-test
word test
Briefing requires signature
fedbrief
fedtemplat
fed scenario
fed
New Item
New Itemitem_General_4046î'

2018-07-29 12:21:22 - [MESSAGE][PASSED] - Attribute 'value' of object 'hidden_itemId' is: '4046'

2018-07-29 12:21:22 - [MESSAGE][PASSED] - Object 'progress' is present

2018-07-29 12:21:22 - [MESSAGE][PASSED] - Object 'progress' is NOT visible

2018-07-29 12:21:22 - [MESSAGE][PASSED] - Object 'a_last_folder_in_cm_tree' is visible

2018-07-29 12:21:22 - [MESSAGE][PASSED] - Object: 'a_last_folder_in_cm_tree' is hovered

2018-07-29 12:21:23 - [MESSAGE][PASSED] - Object: 'a_last_folder_in_cm_tree' is clicked on

2018-07-29 12:21:23 - [MESSAGE][PASSED] - Object 'last_folder_content' is visible

2018-07-29 12:21:23 - [MESSAGE][PASSED] - Object 'progress' is present

2018-07-29 12:21:23 - [MESSAGE][PASSED] - Object 'progress' is NOT visible

2018-07-29 12:21:23 - [MESSAGE][PASSED] - Object 'a_item_in_last_folder' is visible

2018-07-29 12:21:23 - [MESSAGE][PASSED] - Object: 'a_item_in_last_folder' is hovered

2018-07-29 12:21:23 - [MESSAGE][PASSED] - Object: 'a_item_in_last_folder' is right clicked on

2018-07-29 12:21:23 - [MESSAGE][PASSED] - Object 'li_delete' is visible

2018-07-29 12:21:23 - [MESSAGE][PASSED] - Object 'progress' is present

2018-07-29 12:21:24 - [MESSAGE][PASSED] - Object 'progress' is NOT visible

2018-07-29 12:21:24 - [MESSAGE][PASSED] - Object 'li_delete' is visible

2018-07-29 12:21:24 - [MESSAGE][PASSED] - Object: 'li_delete' is hovered

2018-07-29 12:21:24 - [MESSAGE][PASSED] - Object: 'li_delete' is clicked on

2018-07-29 12:21:24 - [MESSAGE][PASSED] - Object 'yes_remove_button' is visible

2018-07-29 12:21:24 - [MESSAGE][PASSED] - Object 'progress' is present

2018-07-29 12:21:24 - [MESSAGE][PASSED] - Object 'progress' is NOT visible

2018-07-29 12:21:24 - [MESSAGE][PASSED] - Object 'yes_remove_button' is visible

2018-07-29 12:21:24 - [MESSAGE][PASSED] - Object: 'yes_remove_button' is clicked on

2018-07-29 12:21:27 - [MESSAGE][PASSED] - Delayed 3 second(s)

2018-07-29 12:21:30 - [MESSAGE][PASSED] - Delayed 3 second(s)

2018-07-29 12:21:30 - [MESSAGE][PASSED] - Text of object 'a_last_folder_in_cm_tree' is: '[14]Folder 15
test2
eeee
doron 27-02-17
michal
Lev Item
Lev Item 2
testing widget
email-test
word test
Briefing requires signature
fedbrief
fedtemplat
fed scenario
fed
New Item'

2018-07-29 12:21:30 - [MESSAGE][PASSED] - Actual object '14' and expected object '14' are equal

2018-07-29 12:21:30 - [MESSAGE][PASSED] - Object 'progress' is present

2018-07-29 12:21:30 - [MESSAGE][PASSED] - Object 'progress' is NOT visible

2018-07-29 12:21:30 - [MESSAGE][PASSED] - Object 'a_last_folder_in_cm_tree' is visible

2018-07-29 12:21:30 - [MESSAGE][PASSED] - Object: 'a_last_folder_in_cm_tree' is hovered

2018-07-29 12:21:31 - [MESSAGE][PASSED] - Object: 'a_last_folder_in_cm_tree' is clicked on

2018-07-29 12:21:31 - [MESSAGE][PASSED] - Object 'last_folder_content' is visible

2018-07-29 12:21:31 - [MESSAGE][PASSED] - Object 'progress' is present

2018-07-29 12:21:31 - [MESSAGE][PASSED] - Object 'progress' is NOT visible

2018-07-29 12:21:31 - [MESSAGE][PASSED] - Object 'a_last_folder_in_cm_tree' is visible

2018-07-29 12:21:31 - [MESSAGE][PASSED] - Object: 'a_last_folder_in_cm_tree' is hovered

2018-07-29 12:21:31 - [MESSAGE][PASSED] - Object: 'a_last_folder_in_cm_tree' is clicked on

2018-07-29 12:21:31 - [MESSAGE][PASSED] - Object 'last_folder_content' is visible

2018-07-29 12:21:31 - [MESSAGE][PASSED] - Object 'progress' is present

2018-07-29 12:21:31 - [MESSAGE][PASSED] - Object 'progress' is NOT visible

2018-07-29 12:21:34 - [MESSAGE][WARNING] - Web element with id: 'item_General_4046' located by 'By.xpath: //a[contains(., 'item_General_4046')]' not found

2018-07-29 12:21:34 - [MESSAGE][WARNING] - item item_General_4046 not in the knowledge tree 

2018-07-29 12:21:34 - [TEST_STEP][PASSED] - Statement - com.system.RolesHelper.getCm_En().getTopToolBar().clickHomeButton(): Object: 'a_kms_home_icon' is clicked on

2018-07-29 12:21:34 - [MESSAGE][PASSED] - Object 'progress' is present

2018-07-29 12:21:34 - [MESSAGE][PASSED] - Object 'progress' is NOT visible

2018-07-29 12:21:34 - [MESSAGE][PASSED] - Object 'a_kms_home_icon' is visible

2018-07-29 12:21:34 - [MESSAGE][PASSED] - Object: 'a_kms_home_icon' is clicked on

2018-07-29 12:21:34 - [TEST_STEP][PASSED] - Statement - com.system.RolesHelper.getCm_En().getTopToolBar().logout(): Delayed 1 second(s)

2018-07-29 12:21:34 - [MESSAGE][PASSED] - Object 'progress' is present

2018-07-29 12:21:34 - [MESSAGE][PASSED] - Object 'progress' is NOT visible

2018-07-29 12:21:34 - [MESSAGE][PASSED] - Object 'profile-avatar' is visible

2018-07-29 12:21:35 - [MESSAGE][PASSED] - Object: 'profile-avatar' is hovered

2018-07-29 12:21:36 - [MESSAGE][PASSED] - Delayed 1 second(s)

2018-07-29 12:21:36 - [MESSAGE][PASSED] - Object 'progress' is present

2018-07-29 12:21:37 - [MESSAGE][PASSED] - Object 'progress' is NOT visible

2018-07-29 12:21:37 - [MESSAGE][PASSED] - Text of object 'a_logout' is: 'Logout'

2018-07-29 12:21:37 - [MESSAGE][PASSED] - Actual object 'true' and expected object 'true' are equal

2018-07-29 12:21:37 - [MESSAGE][WARNING] - Comparing Logout texts : true

2018-07-29 12:21:37 - [MESSAGE][PASSED] - Object 'a_logout' is visible

2018-07-29 12:21:37 - [MESSAGE][PASSED] - Object: 'a_logout' is clicked on

2018-07-29 12:21:38 - [MESSAGE][PASSED] - Delayed 1 second(s)

2018-07-29 12:21:38 - [TEST_STEP][PASSED] - closeBrowser: Browser is closed

2018-07-29 12:21:39 - [MESSAGE][PASSED] - Browser is closed

2018-07-29 12:21:39 - [TEST_STEP][PASSED] - Start listener action : afterTestCase: Invoke 'com.kms.katalon.core.annotation.AfterTestCase' method: 'BaseTest.afterTestCase(...)' completed.

2018-07-29 12:21:39 - [TEST_STEP][PASSED] - switchToDefaultContent: Switching to default content failed because of: com.kms.katalon.core.webui.exception.BrowserNotOpenedException: Browser is not opened
Build info: version: '3.7.1', revision: '8a0099a', time: '2017-11-06T21:07:36.161Z'
System info: host: 'DESKTOP-UNNJGJG', ip: '10.44.1.145', os.name: 'Windows 10', os.arch: 'amd64', os.version: '10.0', java.version: '1.8.0_102'
Driver info: driver.version: unknown

2018-07-29 12:21:39 - [MESSAGE][WARNING] - Switching to default content failed because of: com.kms.katalon.core.webui.exception.BrowserNotOpenedException: Browser is not opened
Build info: version: '3.7.1', revision: '8a0099a', time: '2017-11-06T21:07:36.161Z'
System info: host: 'DESKTOP-UNNJGJG', ip: '10.44.1.145', os.name: 'Windows 10', os.arch: 'amd64', os.version: '10.0', java.version: '1.8.0_102'
Driver info: driver.version: unknown

2018-07-29 12:21:39 - [TEST_STEP][PASSED] - Statement - dir = "C:\Users\fed86\AppData\Local\Temp": null

2018-07-29 12:21:39 - [TEST_STEP][PASSED] - Statement - f = new java.io.File(dir): null

2018-07-29 12:21:39 - [TEST_STEP][PASSED] - Statement - files = f.listFiles(): null

2018-07-29 12:21:39 - [TEST_STEP][PASSED] - Statement - lowercaseName = "": null

2018-07-29 12:21:39 - [TEST_STEP][PASSED] - Statement - For (File file : files): Invoke 'com.kms.katalon.core.annotation.AfterTestCase' method: 'BaseTest.afterTestCase(...)' completed.

2018-07-29 12:21:39 - [TEST_STEP][PASSED] - Statement - Try: null

2018-07-29 12:21:39 - [TEST_STEP][PASSED] - Statement - lowercaseName = name.toLowerCase(): null

2018-07-29 12:21:39 - [TEST_STEP][PASSED] - Statement - If (lowercaseName.startsWith("katalon") || lowercaseName.startsWith("anonymous") || lowercaseName.startsWith("scoped")): null

2018-07-29 12:21:39 - [TEST_STEP][PASSED] - Statement - Try: null

2018-07-29 12:21:39 - [TEST_STEP][PASSED] - Statement - lowercaseName = name.toLowerCase(): null

2018-07-29 12:21:39 - [TEST_STEP][PASSED] - Statement - If (lowercaseName.startsWith("katalon") || lowercaseName.startsWith("anonymous") || lowercaseName.startsWith("scoped")): null

2018-07-29 12:21:39 - [TEST_STEP][PASSED] - Statement - Try: null

2018-07-29 12:21:39 - [TEST_STEP][PASSED] - Statement - lowercaseName = name.toLowerCase(): null

2018-07-29 12:21:39 - [TEST_STEP][PASSED] - Statement - If (lowercaseName.startsWith("katalon") || lowercaseName.startsWith("anonymous") || lowercaseName.startsWith("scoped")): null

2018-07-29 12:21:39 - [TEST_STEP][PASSED] - Statement - Try: null

2018-07-29 12:21:39 - [TEST_STEP][PASSED] - Statement - lowercaseName = name.toLowerCase(): null

2018-07-29 12:21:39 - [TEST_STEP][PASSED] - Statement - If (lowercaseName.startsWith("katalon") || lowercaseName.startsWith("anonymous") || lowercaseName.startsWith("scoped")): null

2018-07-29 12:21:39 - [TEST_STEP][PASSED] - Statement - Try: null

2018-07-29 12:21:39 - [TEST_STEP][PASSED] - Statement - lowercaseName = name.toLowerCase(): null

2018-07-29 12:21:39 - [TEST_STEP][PASSED] - Statement - If (lowercaseName.startsWith("katalon") || lowercaseName.startsWith("anonymous") || lowercaseName.startsWith("scoped")): null

2018-07-29 12:21:39 - [TEST_STEP][PASSED] - Statement - Try: null

2018-07-29 12:21:39 - [TEST_STEP][PASSED] - Statement - lowercaseName = name.toLowerCase(): null

2018-07-29 12:21:39 - [TEST_STEP][PASSED] - Statement - If (lowercaseName.startsWith("katalon") || lowercaseName.startsWith("anonymous") || lowercaseName.startsWith("scoped")): null

2018-07-29 12:21:39 - [TEST_STEP][PASSED] - Statement - Try: null

2018-07-29 12:21:39 - [TEST_STEP][PASSED] - Statement - lowercaseName = name.toLowerCase(): null

2018-07-29 12:21:39 - [TEST_STEP][PASSED] - Statement - If (lowercaseName.startsWith("katalon") || lowercaseName.startsWith("anonymous") || lowercaseName.startsWith("scoped")): null

2018-07-29 12:21:39 - [TEST_STEP][PASSED] - Statement - Try: null

2018-07-29 12:21:39 - [TEST_STEP][PASSED] - Statement - lowercaseName = name.toLowerCase(): null

2018-07-29 12:21:39 - [TEST_STEP][PASSED] - Statement - If (lowercaseName.startsWith("katalon") || lowercaseName.startsWith("anonymous") || lowercaseName.startsWith("scoped")): null

2018-07-29 12:21:39 - [TEST_STEP][PASSED] - Statement - Try: null

2018-07-29 12:21:39 - [TEST_STEP][PASSED] - Statement - lowercaseName = name.toLowerCase(): null

2018-07-29 12:21:39 - [TEST_STEP][PASSED] - Statement - If (lowercaseName.startsWith("katalon") || lowercaseName.startsWith("anonymous") || lowercaseName.startsWith("scoped")): null

2018-07-29 12:21:39 - [TEST_STEP][PASSED] - Statement - Try: null

2018-07-29 12:21:39 - [TEST_STEP][PASSED] - Statement - lowercaseName = name.toLowerCase(): null

2018-07-29 12:21:39 - [TEST_STEP][PASSED] - Statement - If (lowercaseName.startsWith("katalon") || lowercaseName.startsWith("anonymous") || lowercaseName.startsWith("scoped")): null

2018-07-29 12:21:39 - [TEST_STEP][PASSED] - Statement - Try: null

2018-07-29 12:21:39 - [TEST_STEP][PASSED] - Statement - lowercaseName = name.toLowerCase(): null

2018-07-29 12:21:39 - [TEST_STEP][PASSED] - Statement - If (lowercaseName.startsWith("katalon") || lowercaseName.startsWith("anonymous") || lowercaseName.startsWith("scoped")): null

2018-07-29 12:21:39 - [TEST_STEP][PASSED] - Statement - Try: null

2018-07-29 12:21:39 - [TEST_STEP][PASSED] - Statement - lowercaseName = name.toLowerCase(): null

2018-07-29 12:21:39 - [TEST_STEP][PASSED] - Statement - If (lowercaseName.startsWith("katalon") || lowercaseName.startsWith("anonymous") || lowercaseName.startsWith("scoped")): null

2018-07-29 12:21:39 - [TEST_STEP][PASSED] - Statement - Try: null

2018-07-29 12:21:39 - [TEST_STEP][PASSED] - Statement - lowercaseName = name.toLowerCase(): null

2018-07-29 12:21:39 - [TEST_STEP][PASSED] - Statement - If (lowercaseName.startsWith("katalon") || lowercaseName.startsWith("anonymous") || lowercaseName.startsWith("scoped")): null

2018-07-29 12:21:39 - [TEST_STEP][PASSED] - Statement - Try: null

2018-07-29 12:21:39 - [TEST_STEP][PASSED] - Statement - lowercaseName = name.toLowerCase(): null

2018-07-29 12:21:39 - [TEST_STEP][PASSED] - Statement - If (lowercaseName.startsWith("katalon") || lowercaseName.startsWith("anonymous") || lowercaseName.startsWith("scoped")): null

2018-07-29 12:21:39 - [TEST_STEP][PASSED] - Statement - Try: null

2018-07-29 12:21:39 - [TEST_STEP][PASSED] - Statement - lowercaseName = name.toLowerCase(): null

2018-07-29 12:21:39 - [TEST_STEP][PASSED] - Statement - If (lowercaseName.startsWith("katalon") || lowercaseName.startsWith("anonymous") || lowercaseName.startsWith("scoped")): null

2018-07-29 12:21:39 - [TEST_STEP][PASSED] - Statement - Try: null

2018-07-29 12:21:39 - [TEST_STEP][PASSED] - Statement - lowercaseName = name.toLowerCase(): null

2018-07-29 12:21:39 - [TEST_STEP][PASSED] - Statement - If (lowercaseName.startsWith("katalon") || lowercaseName.startsWith("anonymous") || lowercaseName.startsWith("scoped")): null

2018-07-29 12:21:39 - [TEST_STEP][PASSED] - Statement - Try: null

2018-07-29 12:21:39 - [TEST_STEP][PASSED] - Statement - lowercaseName = name.toLowerCase(): null

2018-07-29 12:21:39 - [TEST_STEP][PASSED] - Statement - If (lowercaseName.startsWith("katalon") || lowercaseName.startsWith("anonymous") || lowercaseName.startsWith("scoped")): null

2018-07-29 12:21:39 - [TEST_STEP][PASSED] - Statement - Try: null

2018-07-29 12:21:39 - [TEST_STEP][PASSED] - Statement - lowercaseName = name.toLowerCase(): null

2018-07-29 12:21:39 - [TEST_STEP][PASSED] - Statement - If (lowercaseName.startsWith("katalon") || lowercaseName.startsWith("anonymous") || lowercaseName.startsWith("scoped")): null

2018-07-29 12:21:39 - [TEST_STEP][PASSED] - Statement - Try: null

2018-07-29 12:21:39 - [TEST_STEP][PASSED] - Statement - lowercaseName = name.toLowerCase(): null

2018-07-29 12:21:39 - [TEST_STEP][PASSED] - Statement - If (lowercaseName.startsWith("katalon") || lowercaseName.startsWith("anonymous") || lowercaseName.startsWith("scoped")): null

2018-07-29 12:21:39 - [TEST_STEP][PASSED] - Statement - Try: null

2018-07-29 12:21:39 - [TEST_STEP][PASSED] - Statement - lowercaseName = name.toLowerCase(): null

2018-07-29 12:21:39 - [TEST_STEP][PASSED] - Statement - If (lowercaseName.startsWith("katalon") || lowercaseName.startsWith("anonymous") || lowercaseName.startsWith("scoped")): null

2018-07-29 12:21:39 - [TEST_STEP][PASSED] - Statement - Try: null

2018-07-29 12:21:39 - [TEST_STEP][PASSED] - Statement - lowercaseName = name.toLowerCase(): null

2018-07-29 12:21:39 - [TEST_STEP][PASSED] - Statement - If (lowercaseName.startsWith("katalon") || lowercaseName.startsWith("anonymous") || lowercaseName.startsWith("scoped")): null

2018-07-29 12:21:39 - [TEST_STEP][PASSED] - Statement - Try: null

2018-07-29 12:21:39 - [TEST_STEP][PASSED] - Statement - lowercaseName = name.toLowerCase(): null

2018-07-29 12:21:39 - [TEST_STEP][PASSED] - Statement - If (lowercaseName.startsWith("katalon") || lowercaseName.startsWith("anonymous") || lowercaseName.startsWith("scoped")): null

2018-07-29 12:21:39 - [TEST_STEP][PASSED] - Statement - Try: null

2018-07-29 12:21:39 - [TEST_STEP][PASSED] - Statement - lowercaseName = name.toLowerCase(): null

2018-07-29 12:21:39 - [TEST_STEP][PASSED] - Statement - If (lowercaseName.startsWith("katalon") || lowercaseName.startsWith("anonymous") || lowercaseName.startsWith("scoped")): null

2018-07-29 12:21:39 - [TEST_STEP][PASSED] - Statement - Try: null

2018-07-29 12:21:39 - [TEST_STEP][PASSED] - Statement - lowercaseName = name.toLowerCase(): null

2018-07-29 12:21:39 - [TEST_STEP][PASSED] - Statement - If (lowercaseName.startsWith("katalon") || lowercaseName.startsWith("anonymous") || lowercaseName.startsWith("scoped")): null

2018-07-29 12:21:39 - [TEST_STEP][PASSED] - Statement - Try: null

2018-07-29 12:21:39 - [TEST_STEP][PASSED] - Statement - lowercaseName = name.toLowerCase(): null

2018-07-29 12:21:39 - [TEST_STEP][PASSED] - Statement - If (lowercaseName.startsWith("katalon") || lowercaseName.startsWith("anonymous") || lowercaseName.startsWith("scoped")): null

2018-07-29 12:21:39 - [TEST_STEP][PASSED] - Statement - Try: null

2018-07-29 12:21:39 - [TEST_STEP][PASSED] - Statement - lowercaseName = name.toLowerCase(): null

2018-07-29 12:21:39 - [TEST_STEP][PASSED] - Statement - If (lowercaseName.startsWith("katalon") || lowercaseName.startsWith("anonymous") || lowercaseName.startsWith("scoped")): null

2018-07-29 12:21:39 - [TEST_STEP][PASSED] - Statement - Catch (Exception e): null

2018-07-29 12:21:39 - [TEST_STEP][PASSED] - Statement - Try: null

2018-07-29 12:21:39 - [TEST_STEP][PASSED] - Statement - lowercaseName = name.toLowerCase(): null

2018-07-29 12:21:39 - [TEST_STEP][PASSED] - Statement - If (lowercaseName.startsWith("katalon") || lowercaseName.startsWith("anonymous") || lowercaseName.startsWith("scoped")): null

2018-07-29 12:21:39 - [TEST_STEP][PASSED] - Statement - Try: null

2018-07-29 12:21:39 - [TEST_STEP][PASSED] - Statement - lowercaseName = name.toLowerCase(): null

2018-07-29 12:21:39 - [TEST_STEP][PASSED] - Statement - If (lowercaseName.startsWith("katalon") || lowercaseName.startsWith("anonymous") || lowercaseName.startsWith("scoped")): null

2018-07-29 12:21:39 - [TEST_STEP][PASSED] - Statement - Try: null

2018-07-29 12:21:39 - [TEST_STEP][PASSED] - Statement - lowercaseName = name.toLowerCase(): null

2018-07-29 12:21:39 - [TEST_STEP][PASSED] - Statement - If (lowercaseName.startsWith("katalon") || lowercaseName.startsWith("anonymous") || lowercaseName.startsWith("scoped")): null

2018-07-29 12:21:39 - [TEST_STEP][PASSED] - Statement - Try: null

2018-07-29 12:21:39 - [TEST_STEP][PASSED] - Statement - lowercaseName = name.toLowerCase(): null

2018-07-29 12:21:39 - [TEST_STEP][PASSED] - Statement - If (lowercaseName.startsWith("katalon") || lowercaseName.startsWith("anonymous") || lowercaseName.startsWith("scoped")): null

2018-07-29 12:21:39 - [TEST_STEP][PASSED] - Statement - Try: null

2018-07-29 12:21:39 - [TEST_STEP][PASSED] - Statement - lowercaseName = name.toLowerCase(): null

2018-07-29 12:21:39 - [TEST_STEP][PASSED] - Statement - If (lowercaseName.startsWith("katalon") || lowercaseName.startsWith("anonymous") || lowercaseName.startsWith("scoped")): null

2018-07-29 12:21:39 - [TEST_STEP][PASSED] - Statement - Try: null

2018-07-29 12:21:39 - [TEST_STEP][PASSED] - Statement - lowercaseName = name.toLowerCase(): null

2018-07-29 12:21:39 - [TEST_STEP][PASSED] - Statement - If (lowercaseName.startsWith("katalon") || lowercaseName.startsWith("anonymous") || lowercaseName.startsWith("scoped")): null

2018-07-29 12:21:39 - [TEST_STEP][PASSED] - Statement - Try: null

2018-07-29 12:21:39 - [TEST_STEP][PASSED] - Statement - lowercaseName = name.toLowerCase(): null

2018-07-29 12:21:39 - [TEST_STEP][PASSED] - Statement - If (lowercaseName.startsWith("katalon") || lowercaseName.startsWith("anonymous") || lowercaseName.startsWith("scoped")): null

2018-07-29 12:21:39 - [TEST_STEP][PASSED] - Statement - Try: null

2018-07-29 12:21:39 - [TEST_STEP][PASSED] - Statement - lowercaseName = name.toLowerCase(): null

2018-07-29 12:21:39 - [TEST_STEP][PASSED] - Statement - If (lowercaseName.startsWith("katalon") || lowercaseName.startsWith("anonymous") || lowercaseName.startsWith("scoped")): null

2018-07-29 12:21:39 - [TEST_STEP][PASSED] - Statement - Try: null

2018-07-29 12:21:39 - [TEST_STEP][PASSED] - Statement - lowercaseName = name.toLowerCase(): null

2018-07-29 12:21:39 - [TEST_STEP][PASSED] - Statement - If (lowercaseName.startsWith("katalon") || lowercaseName.startsWith("anonymous") || lowercaseName.startsWith("scoped")): null

2018-07-29 12:21:39 - [TEST_STEP][PASSED] - Statement - Try: null

2018-07-29 12:21:39 - [TEST_STEP][PASSED] - Statement - lowercaseName = name.toLowerCase(): null

2018-07-29 12:21:39 - [TEST_STEP][PASSED] - Statement - If (lowercaseName.startsWith("katalon") || lowercaseName.startsWith("anonymous") || lowercaseName.startsWith("scoped")): null

2018-07-29 12:21:39 - [TEST_STEP][PASSED] - Statement - Catch (Exception e): null

2018-07-29 12:21:39 - [TEST_STEP][PASSED] - Statement - Try: null

2018-07-29 12:21:39 - [TEST_STEP][PASSED] - Statement - lowercaseName = name.toLowerCase(): null

2018-07-29 12:21:39 - [TEST_STEP][PASSED] - Statement - If (lowercaseName.startsWith("katalon") || lowercaseName.startsWith("anonymous") || lowercaseName.startsWith("scoped")): null

2018-07-29 12:21:39 - [TEST_STEP][PASSED] - Statement - Catch (Exception e): null

2018-07-29 12:21:39 - [TEST_STEP][PASSED] - Statement - Try: null

2018-07-29 12:21:39 - [TEST_STEP][PASSED] - Statement - lowercaseName = name.toLowerCase(): null

2018-07-29 12:21:39 - [TEST_STEP][PASSED] - Statement - If (lowercaseName.startsWith("katalon") || lowercaseName.startsWith("anonymous") || lowercaseName.startsWith("scoped")): null

2018-07-29 12:21:39 - [TEST_STEP][PASSED] - Statement - Try: null

2018-07-29 12:21:39 - [TEST_STEP][PASSED] - Statement - lowercaseName = name.toLowerCase(): null

2018-07-29 12:21:39 - [TEST_STEP][PASSED] - Statement - If (lowercaseName.startsWith("katalon") || lowercaseName.startsWith("anonymous") || lowercaseName.startsWith("scoped")): null

2018-07-29 12:21:39 - [TEST_STEP][PASSED] - Statement - Try: null

2018-07-29 12:21:39 - [TEST_STEP][PASSED] - Statement - lowercaseName = name.toLowerCase(): null

2018-07-29 12:21:39 - [TEST_STEP][PASSED] - Statement - If (lowercaseName.startsWith("katalon") || lowercaseName.startsWith("anonymous") || lowercaseName.startsWith("scoped")): null

2018-07-29 12:21:39 - [TEST_STEP][PASSED] - Statement - Try: null

2018-07-29 12:21:39 - [TEST_STEP][PASSED] - Statement - lowercaseName = name.toLowerCase(): null

2018-07-29 12:21:39 - [TEST_STEP][PASSED] - Statement - If (lowercaseName.startsWith("katalon") || lowercaseName.startsWith("anonymous") || lowercaseName.startsWith("scoped")): null

2018-07-29 12:21:39 - [TEST_STEP][PASSED] - Statement - Try: null

2018-07-29 12:21:39 - [TEST_STEP][PASSED] - Statement - lowercaseName = name.toLowerCase(): null

2018-07-29 12:21:39 - [TEST_STEP][PASSED] - Statement - If (lowercaseName.startsWith("katalon") || lowercaseName.startsWith("anonymous") || lowercaseName.startsWith("scoped")): null

2018-07-29 12:21:39 - [TEST_STEP][PASSED] - Statement - Try: null

2018-07-29 12:21:39 - [TEST_STEP][PASSED] - Statement - lowercaseName = name.toLowerCase(): null

2018-07-29 12:21:39 - [TEST_STEP][PASSED] - Statement - If (lowercaseName.startsWith("katalon") || lowercaseName.startsWith("anonymous") || lowercaseName.startsWith("scoped")): null

2018-07-29 12:21:39 - [TEST_STEP][PASSED] - Statement - Try: null

2018-07-29 12:21:39 - [TEST_STEP][PASSED] - Statement - lowercaseName = name.toLowerCase(): null

2018-07-29 12:21:39 - [TEST_STEP][PASSED] - Statement - If (lowercaseName.startsWith("katalon") || lowercaseName.startsWith("anonymous") || lowercaseName.startsWith("scoped")): null

2018-07-29 12:21:39 - [TEST_STEP][PASSED] - Statement - Try: null

2018-07-29 12:21:39 - [TEST_STEP][PASSED] - Statement - lowercaseName = name.toLowerCase(): null

2018-07-29 12:21:39 - [TEST_STEP][PASSED] - Statement - If (lowercaseName.startsWith("katalon") || lowercaseName.startsWith("anonymous") || lowercaseName.startsWith("scoped")): null

2018-07-29 12:21:39 - [TEST_STEP][PASSED] - Statement - Try: null

2018-07-29 12:21:39 - [TEST_STEP][PASSED] - Statement - lowercaseName = name.toLowerCase(): null

2018-07-29 12:21:39 - [TEST_STEP][PASSED] - Statement - If (lowercaseName.startsWith("katalon") || lowercaseName.startsWith("anonymous") || lowercaseName.startsWith("scoped")): null

2018-07-29 12:21:39 - [TEST_STEP][PASSED] - Statement - Try: null

2018-07-29 12:21:39 - [TEST_STEP][PASSED] - Statement - lowercaseName = name.toLowerCase(): null

2018-07-29 12:21:39 - [TEST_STEP][PASSED] - Statement - If (lowercaseName.startsWith("katalon") || lowercaseName.startsWith("anonymous") || lowercaseName.startsWith("scoped")): null

2018-07-29 12:21:39 - [TEST_STEP][PASSED] - Statement - Try: null

2018-07-29 12:21:39 - [TEST_STEP][PASSED] - Statement - lowercaseName = name.toLowerCase(): null

2018-07-29 12:21:39 - [TEST_STEP][PASSED] - Statement - If (lowercaseName.startsWith("katalon") || lowercaseName.startsWith("anonymous") || lowercaseName.startsWith("scoped")): null

2018-07-29 12:21:39 - [TEST_STEP][PASSED] - Statement - Try: null

2018-07-29 12:21:39 - [TEST_STEP][PASSED] - Statement - lowercaseName = name.toLowerCase(): null

2018-07-29 12:21:39 - [TEST_STEP][PASSED] - Statement - If (lowercaseName.startsWith("katalon") || lowercaseName.startsWith("anonymous") || lowercaseName.startsWith("scoped")): null

2018-07-29 12:21:39 - [TEST_STEP][PASSED] - Statement - Try: null

2018-07-29 12:21:39 - [TEST_STEP][PASSED] - Statement - lowercaseName = name.toLowerCase(): null

2018-07-29 12:21:39 - [TEST_STEP][PASSED] - Statement - If (lowercaseName.startsWith("katalon") || lowercaseName.startsWith("anonymous") || lowercaseName.startsWith("scoped")): null

2018-07-29 12:21:39 - [TEST_STEP][PASSED] - Statement - Try: null

2018-07-29 12:21:39 - [TEST_STEP][PASSED] - Statement - lowercaseName = name.toLowerCase(): null

2018-07-29 12:21:39 - [TEST_STEP][PASSED] - Statement - If (lowercaseName.startsWith("katalon") || lowercaseName.startsWith("anonymous") || lowercaseName.startsWith("scoped")): null

2018-07-29 12:21:39 - [TEST_STEP][PASSED] - Statement - Try: null

2018-07-29 12:21:39 - [TEST_STEP][PASSED] - Statement - lowercaseName = name.toLowerCase(): null

2018-07-29 12:21:39 - [TEST_STEP][PASSED] - Statement - If (lowercaseName.startsWith("katalon") || lowercaseName.startsWith("anonymous") || lowercaseName.startsWith("scoped")): null

2018-07-29 12:21:39 - [TEST_STEP][PASSED] - Statement - Try: null

2018-07-29 12:21:39 - [TEST_STEP][PASSED] - Statement - lowercaseName = name.toLowerCase(): null

2018-07-29 12:21:39 - [TEST_STEP][PASSED] - Statement - If (lowercaseName.startsWith("katalon") || lowercaseName.startsWith("anonymous") || lowercaseName.startsWith("scoped")): null

2018-07-29 12:21:39 - [TEST_STEP][PASSED] - Statement - Try: null

2018-07-29 12:21:39 - [TEST_STEP][PASSED] - Statement - lowercaseName = name.toLowerCase(): null

2018-07-29 12:21:39 - [TEST_STEP][PASSED] - Statement - If (lowercaseName.startsWith("katalon") || lowercaseName.startsWith("anonymous") || lowercaseName.startsWith("scoped")): null

2018-07-29 12:21:39 - [TEST_STEP][PASSED] - Statement - Try: null

2018-07-29 12:21:39 - [TEST_STEP][PASSED] - Statement - lowercaseName = name.toLowerCase(): null

2018-07-29 12:21:39 - [TEST_STEP][PASSED] - Statement - If (lowercaseName.startsWith("katalon") || lowercaseName.startsWith("anonymous") || lowercaseName.startsWith("scoped")): null

2018-07-29 12:21:39 - [TEST_STEP][PASSED] - Statement - Try: null

2018-07-29 12:21:39 - [TEST_STEP][PASSED] - Statement - lowercaseName = name.toLowerCase(): null

2018-07-29 12:21:39 - [TEST_STEP][PASSED] - Statement - If (lowercaseName.startsWith("katalon") || lowercaseName.startsWith("anonymous") || lowercaseName.startsWith("scoped")): null

2018-07-29 12:21:39 - [TEST_STEP][PASSED] - Statement - Try: null

2018-07-29 12:21:39 - [TEST_STEP][PASSED] - Statement - lowercaseName = name.toLowerCase(): null

2018-07-29 12:21:39 - [TEST_STEP][PASSED] - Statement - If (lowercaseName.startsWith("katalon") || lowercaseName.startsWith("anonymous") || lowercaseName.startsWith("scoped")): null

2018-07-29 12:21:39 - [TEST_STEP][PASSED] - Statement - Try: null

2018-07-29 12:21:39 - [TEST_STEP][PASSED] - Statement - lowercaseName = name.toLowerCase(): null

2018-07-29 12:21:39 - [TEST_STEP][PASSED] - Statement - If (lowercaseName.startsWith("katalon") || lowercaseName.startsWith("anonymous") || lowercaseName.startsWith("scoped")): null

2018-07-29 12:21:39 - [TEST_STEP][PASSED] - Statement - Try: null

2018-07-29 12:21:39 - [TEST_STEP][PASSED] - Statement - lowercaseName = name.toLowerCase(): null

2018-07-29 12:21:39 - [TEST_STEP][PASSED] - Statement - If (lowercaseName.startsWith("katalon") || lowercaseName.startsWith("anonymous") || lowercaseName.startsWith("scoped")): null

2018-07-29 12:21:39 - [TEST_STEP][PASSED] - Statement - Try: null

2018-07-29 12:21:39 - [TEST_STEP][PASSED] - Statement - lowercaseName = name.toLowerCase(): null

2018-07-29 12:21:39 - [TEST_STEP][PASSED] - Statement - If (lowercaseName.startsWith("katalon") || lowercaseName.startsWith("anonymous") || lowercaseName.startsWith("scoped")): null

2018-07-29 12:21:39 - [TEST_STEP][PASSED] - Statement - Try: null

2018-07-29 12:21:39 - [TEST_STEP][PASSED] - Statement - lowercaseName = name.toLowerCase(): null

2018-07-29 12:21:39 - [TEST_STEP][PASSED] - Statement - If (lowercaseName.startsWith("katalon") || lowercaseName.startsWith("anonymous") || lowercaseName.startsWith("scoped")): null

2018-07-29 12:21:39 - [TEST_STEP][PASSED] - Statement - Try: null

2018-07-29 12:21:39 - [TEST_STEP][PASSED] - Statement - lowercaseName = name.toLowerCase(): null

2018-07-29 12:21:39 - [TEST_STEP][PASSED] - Statement - If (lowercaseName.startsWith("katalon") || lowercaseName.startsWith("anonymous") || lowercaseName.startsWith("scoped")): null

2018-07-29 12:21:39 - [TEST_STEP][PASSED] - Statement - Try: null

2018-07-29 12:21:39 - [TEST_STEP][PASSED] - Statement - lowercaseName = name.toLowerCase(): null

2018-07-29 12:21:39 - [TEST_STEP][PASSED] - Statement - If (lowercaseName.startsWith("katalon") || lowercaseName.startsWith("anonymous") || lowercaseName.startsWith("scoped")): null

2018-07-29 12:21:39 - [TEST_STEP][PASSED] - Statement - Try: Invoke 'com.kms.katalon.core.annotation.AfterTestCase' method: 'BaseTest.afterTestCase(...)' completed.

2018-07-29 12:21:39 - [TEST_STEP][PASSED] - Statement - lowercaseName = name.toLowerCase(): null

2018-07-29 12:21:39 - [TEST_STEP][PASSED] - Statement - If (lowercaseName.startsWith("katalon") || lowercaseName.startsWith("anonymous") || lowercaseName.startsWith("scoped")): Invoke 'com.kms.katalon.core.annotation.AfterTestCase' method: 'BaseTest.afterTestCase(...)' completed.]]></system-out>
         <system-err><![CDATA[]]></system-err>
      </testcase>
      <testcase name="Test Cases/Kms_Tests/Languages/En/Item_Creation/Create_general_Test_En" classname="Test Cases/Kms_Tests/Languages/En/Item_Creation/Create_general_Test_En" status="ERROR">
         <error type="ERROR" message="Test Cases/Kms_Tests/Languages/En/Item_Creation/Create_general_Test_En FAILED because (of) java.lang.Exception: Unable_to_clear_text_of_object_'userName_txt'_(Root_cause__com.kms.katalon.core.webui.exception.BrowserNotOpenedException__Browser_is_not_opened Build_info__version__'3.7.1',_revision__'8a0099a',_time__'2017-11-06T21_07_"/>
         <system-out><![CDATA[2018-07-29 12:21:39 - [TEST_CASE][ERROR] - Test Cases/Kms_Tests/Languages/En/Item_Creation/Create_general_Test_En: Test Cases/Kms_Tests/Languages/En/Item_Creation/Create_general_Test_En FAILED because (of) java.lang.Exception: Unable_to_clear_text_of_object_'userName_txt'_(Root_cause__com.kms.katalon.core.webui.exception.BrowserNotOpenedException__Browser_is_not_opened Build_info__version__'3.7.1',_revision__'8a0099a',_time__'2017-11-06T21_07_

2018-07-29 12:21:39 - [TEST_STEP][PASSED] - Start listener action : beforeTestCase: Invoke 'com.kms.katalon.core.annotation.BeforeTestCase' method: 'BaseTest.beforeTestCase(...)' completed.

2018-07-29 12:21:39 - [TEST_STEP][PASSED] - Statement - com.kms.katalon.core.util.KeywordUtil.markWarning("Before Test case : " + testCase.getTestCaseId()): Before Test case : Test Cases/Kms_Tests/Languages/En/Item_Creation/Create_general_Test_En

2018-07-29 12:21:39 - [MESSAGE][WARNING] - Before Test case : Test Cases/Kms_Tests/Languages/En/Item_Creation/Create_general_Test_En

2018-07-29 12:21:39 - [TEST_STEP][PASSED] - Statement - instance: Invoke 'com.kms.katalon.core.annotation.BeforeTestCase' method: 'BaseTest.beforeTestCase(...)' completed.

2018-07-29 12:21:39 - [TEST_STEP][FAILED] - Statement - com.system.RolesHelper.getCm_En().Login_En(): Unable to call Test Case with id 'Test Cases/LogIn_Tests/Languages/En/Login_Content_Manager_En_Test' (Root cause: Call Test Case 'Test Cases/LogIn_Tests/Languages/En/Login_Content_Manager_En_Test' failed because of error(s))

2018-07-29 12:21:39 - [TEST_CASE][ERROR] - Test Cases/LogIn_Tests/Languages/En/Login_Content_Manager_En_Test: Test Cases/LogIn_Tests/Languages/En/Login_Content_Manager_En_Test FAILED because (of) java.lang.Exception: Unable_to_clear_text_of_object_'userName_txt'_(Root_cause__com.kms.katalon.core.webui.exception.BrowserNotOpenedException__Browser_is_not_opened Build_info__version__'3.7.1',_revision__'8a0099a',_time__'2017-11-06T21_07_

2018-07-29 12:21:39 - [TEST_STEP][FAILED] - Statement - com.system.RolesHelper.getCm_En().getLoginPage().fillUserNamePassword(): Cannot take screenshot (Root cause: com.kms.katalon.core.webui.exception.BrowserNotOpenedException: Browser is not opened
Build info: version: '3.7.1', revision: '8a0099a', time: '2017-11-06T21:07:36.161Z'
System info: host: 'DESKTOP-UNNJGJG', ip: '10.44.1.145', os.name: 'Windows 10', os.arch: 'amd64', os.version: '10.0', java.version: '1.8.0_102'
Driver info: driver.version: unknown)

2018-07-29 12:21:39 - [MESSAGE][WARNING] - Unable to wait for object 'Object Repository/Login_Page_OR/Visual/pass_Logo' to be visible (Root cause: com.kms.katalon.core.webui.exception.BrowserNotOpenedException: Browser is not opened
Build info: version: '3.7.1', revision: '8a0099a', time: '2017-11-06T21:07:36.161Z'
System info: host: 'DESKTOP-UNNJGJG', ip: '10.44.1.145', os.name: 'Windows 10', os.arch: 'amd64', os.version: '10.0', java.version: '1.8.0_102'
Driver info: driver.version: unknown)

2018-07-29 12:21:39 - [MESSAGE][WARNING] - Unable to wait for object 'Object Repository/Login_Page_OR/Visual/userName_Logo' to be visible (Root cause: com.kms.katalon.core.webui.exception.BrowserNotOpenedException: Browser is not opened
Build info: version: '3.7.1', revision: '8a0099a', time: '2017-11-06T21:07:36.161Z'
System info: host: 'DESKTOP-UNNJGJG', ip: '10.44.1.145', os.name: 'Windows 10', os.arch: 'amd64', os.version: '10.0', java.version: '1.8.0_102'
Driver info: driver.version: unknown)

2018-07-29 12:21:39 - [MESSAGE][WARNING] - Unable to wait for object 'span_userName' to be visible (Root cause: com.kms.katalon.core.webui.exception.BrowserNotOpenedException: Browser is not opened
Build info: version: '3.7.1', revision: '8a0099a', time: '2017-11-06T21:07:36.161Z'
System info: host: 'DESKTOP-UNNJGJG', ip: '10.44.1.145', os.name: 'Windows 10', os.arch: 'amd64', os.version: '10.0', java.version: '1.8.0_102'
Driver info: driver.version: unknown)

2018-07-29 12:21:39 - [MESSAGE][WARNING] - Unable to wait for object 'span_password' to be visible (Root cause: com.kms.katalon.core.webui.exception.BrowserNotOpenedException: Browser is not opened
Build info: version: '3.7.1', revision: '8a0099a', time: '2017-11-06T21:07:36.161Z'
System info: host: 'DESKTOP-UNNJGJG', ip: '10.44.1.145', os.name: 'Windows 10', os.arch: 'amd64', os.version: '10.0', java.version: '1.8.0_102'
Driver info: driver.version: unknown)

2018-07-29 12:21:39 - [MESSAGE][FAILED] - Unable to wait for object 'userName_txt' to be visible (Root cause: com.kms.katalon.core.webui.exception.BrowserNotOpenedException: Browser is not opened
Build info: version: '3.7.1', revision: '8a0099a', time: '2017-11-06T21:07:36.161Z'
System info: host: 'DESKTOP-UNNJGJG', ip: '10.44.1.145', os.name: 'Windows 10', os.arch: 'amd64', os.version: '10.0', java.version: '1.8.0_102'
Driver info: driver.version: unknown)

2018-07-29 12:21:39 - [MESSAGE][WARNING] - Unable to scroll to object 'userName_txt' (Root cause: com.kms.katalon.core.webui.exception.BrowserNotOpenedException: Browser is not opened
Build info: version: '3.7.1', revision: '8a0099a', time: '2017-11-06T21:07:36.161Z'
System info: host: 'DESKTOP-UNNJGJG', ip: '10.44.1.145', os.name: 'Windows 10', os.arch: 'amd64', os.version: '10.0', java.version: '1.8.0_102'
Driver info: driver.version: unknown)

2018-07-29 12:21:39 - [MESSAGE][FAILED] - Unable to clear text of object 'userName_txt' (Root cause: com.kms.katalon.core.webui.exception.BrowserNotOpenedException: Browser is not opened
Build info: version: '3.7.1', revision: '8a0099a', time: '2017-11-06T21:07:36.161Z'
System info: host: 'DESKTOP-UNNJGJG', ip: '10.44.1.145', os.name: 'Windows 10', os.arch: 'amd64', os.version: '10.0', java.version: '1.8.0_102'
Driver info: driver.version: unknown)

2018-07-29 12:21:42 - [MESSAGE][PASSED] - Delayed 3 second(s)

2018-07-29 12:21:42 - [MESSAGE][FAILED] - Unable to wait for object 'userName_txt' to be visible (Root cause: com.kms.katalon.core.webui.exception.BrowserNotOpenedException: Browser is not opened
Build info: version: '3.7.1', revision: '8a0099a', time: '2017-11-06T21:07:36.161Z'
System info: host: 'DESKTOP-UNNJGJG', ip: '10.44.1.145', os.name: 'Windows 10', os.arch: 'amd64', os.version: '10.0', java.version: '1.8.0_102'
Driver info: driver.version: unknown)

2018-07-29 12:21:42 - [MESSAGE][WARNING] - Unable to scroll to object 'userName_txt' (Root cause: com.kms.katalon.core.webui.exception.BrowserNotOpenedException: Browser is not opened
Build info: version: '3.7.1', revision: '8a0099a', time: '2017-11-06T21:07:36.161Z'
System info: host: 'DESKTOP-UNNJGJG', ip: '10.44.1.145', os.name: 'Windows 10', os.arch: 'amd64', os.version: '10.0', java.version: '1.8.0_102'
Driver info: driver.version: unknown)

2018-07-29 12:21:42 - [MESSAGE][FAILED] - Unable to clear text of object 'userName_txt' (Root cause: com.kms.katalon.core.webui.exception.BrowserNotOpenedException: Browser is not opened
Build info: version: '3.7.1', revision: '8a0099a', time: '2017-11-06T21:07:36.161Z'
System info: host: 'DESKTOP-UNNJGJG', ip: '10.44.1.145', os.name: 'Windows 10', os.arch: 'amd64', os.version: '10.0', java.version: '1.8.0_102'
Driver info: driver.version: unknown)

2018-07-29 12:21:42 - [MESSAGE][WARNING] - Cannot take screenshot (Root cause: com.kms.katalon.core.webui.exception.BrowserNotOpenedException: Browser is not opened
Build info: version: '3.7.1', revision: '8a0099a', time: '2017-11-06T21:07:36.161Z'
System info: host: 'DESKTOP-UNNJGJG', ip: '10.44.1.145', os.name: 'Windows 10', os.arch: 'amd64', os.version: '10.0', java.version: '1.8.0_102'
Driver info: driver.version: unknown)

2018-07-29 12:21:42 - [MESSAGE][FAILED] - Unable to call Test Case with id 'Test Cases/LogIn_Tests/Languages/En/Login_Content_Manager_En_Test' (Root cause: Call Test Case 'Test Cases/LogIn_Tests/Languages/En/Login_Content_Manager_En_Test' failed because of error(s))

2018-07-29 12:21:42 - [TEST_STEP][PASSED] - Start listener action : afterTestCase: Invoke 'com.kms.katalon.core.annotation.AfterTestCase' method: 'BaseTest.afterTestCase(...)' completed.

2018-07-29 12:21:42 - [TEST_STEP][PASSED] - switchToDefaultContent: Switching to default content failed because of: com.kms.katalon.core.webui.exception.BrowserNotOpenedException: Browser is not opened
Build info: version: '3.7.1', revision: '8a0099a', time: '2017-11-06T21:07:36.161Z'
System info: host: 'DESKTOP-UNNJGJG', ip: '10.44.1.145', os.name: 'Windows 10', os.arch: 'amd64', os.version: '10.0', java.version: '1.8.0_102'
Driver info: driver.version: unknown

2018-07-29 12:21:42 - [MESSAGE][WARNING] - Switching to default content failed because of: com.kms.katalon.core.webui.exception.BrowserNotOpenedException: Browser is not opened
Build info: version: '3.7.1', revision: '8a0099a', time: '2017-11-06T21:07:36.161Z'
System info: host: 'DESKTOP-UNNJGJG', ip: '10.44.1.145', os.name: 'Windows 10', os.arch: 'amd64', os.version: '10.0', java.version: '1.8.0_102'
Driver info: driver.version: unknown

2018-07-29 12:21:42 - [TEST_STEP][PASSED] - Statement - dir = "C:\Users\fed86\AppData\Local\Temp": null

2018-07-29 12:21:42 - [TEST_STEP][PASSED] - Statement - f = new java.io.File(dir): null

2018-07-29 12:21:42 - [TEST_STEP][PASSED] - Statement - files = f.listFiles(): null

2018-07-29 12:21:42 - [TEST_STEP][PASSED] - Statement - lowercaseName = "": null

2018-07-29 12:21:42 - [TEST_STEP][PASSED] - Statement - For (File file : files): Invoke 'com.kms.katalon.core.annotation.AfterTestCase' method: 'BaseTest.afterTestCase(...)' completed.

2018-07-29 12:21:42 - [TEST_STEP][PASSED] - Statement - Try: null

2018-07-29 12:21:42 - [TEST_STEP][PASSED] - Statement - lowercaseName = name.toLowerCase(): null

2018-07-29 12:21:42 - [TEST_STEP][PASSED] - Statement - If (lowercaseName.startsWith("katalon") || lowercaseName.startsWith("anonymous") || lowercaseName.startsWith("scoped")): null

2018-07-29 12:21:42 - [TEST_STEP][PASSED] - Statement - Try: null

2018-07-29 12:21:42 - [TEST_STEP][PASSED] - Statement - lowercaseName = name.toLowerCase(): null

2018-07-29 12:21:42 - [TEST_STEP][PASSED] - Statement - If (lowercaseName.startsWith("katalon") || lowercaseName.startsWith("anonymous") || lowercaseName.startsWith("scoped")): null

2018-07-29 12:21:42 - [TEST_STEP][PASSED] - Statement - Try: null

2018-07-29 12:21:42 - [TEST_STEP][PASSED] - Statement - lowercaseName = name.toLowerCase(): null

2018-07-29 12:21:42 - [TEST_STEP][PASSED] - Statement - If (lowercaseName.startsWith("katalon") || lowercaseName.startsWith("anonymous") || lowercaseName.startsWith("scoped")): null

2018-07-29 12:21:42 - [TEST_STEP][PASSED] - Statement - Try: null

2018-07-29 12:21:42 - [TEST_STEP][PASSED] - Statement - lowercaseName = name.toLowerCase(): null

2018-07-29 12:21:42 - [TEST_STEP][PASSED] - Statement - If (lowercaseName.startsWith("katalon") || lowercaseName.startsWith("anonymous") || lowercaseName.startsWith("scoped")): null

2018-07-29 12:21:42 - [TEST_STEP][PASSED] - Statement - Try: null

2018-07-29 12:21:42 - [TEST_STEP][PASSED] - Statement - lowercaseName = name.toLowerCase(): null

2018-07-29 12:21:42 - [TEST_STEP][PASSED] - Statement - If (lowercaseName.startsWith("katalon") || lowercaseName.startsWith("anonymous") || lowercaseName.startsWith("scoped")): null

2018-07-29 12:21:42 - [TEST_STEP][PASSED] - Statement - Try: null

2018-07-29 12:21:42 - [TEST_STEP][PASSED] - Statement - lowercaseName = name.toLowerCase(): null

2018-07-29 12:21:42 - [TEST_STEP][PASSED] - Statement - If (lowercaseName.startsWith("katalon") || lowercaseName.startsWith("anonymous") || lowercaseName.startsWith("scoped")): null

2018-07-29 12:21:42 - [TEST_STEP][PASSED] - Statement - Try: null

2018-07-29 12:21:42 - [TEST_STEP][PASSED] - Statement - lowercaseName = name.toLowerCase(): null

2018-07-29 12:21:42 - [TEST_STEP][PASSED] - Statement - If (lowercaseName.startsWith("katalon") || lowercaseName.startsWith("anonymous") || lowercaseName.startsWith("scoped")): null

2018-07-29 12:21:42 - [TEST_STEP][PASSED] - Statement - Try: null

2018-07-29 12:21:42 - [TEST_STEP][PASSED] - Statement - lowercaseName = name.toLowerCase(): null

2018-07-29 12:21:42 - [TEST_STEP][PASSED] - Statement - If (lowercaseName.startsWith("katalon") || lowercaseName.startsWith("anonymous") || lowercaseName.startsWith("scoped")): null

2018-07-29 12:21:42 - [TEST_STEP][PASSED] - Statement - Try: null

2018-07-29 12:21:42 - [TEST_STEP][PASSED] - Statement - lowercaseName = name.toLowerCase(): null

2018-07-29 12:21:42 - [TEST_STEP][PASSED] - Statement - If (lowercaseName.startsWith("katalon") || lowercaseName.startsWith("anonymous") || lowercaseName.startsWith("scoped")): null

2018-07-29 12:21:42 - [TEST_STEP][PASSED] - Statement - Try: null

2018-07-29 12:21:42 - [TEST_STEP][PASSED] - Statement - lowercaseName = name.toLowerCase(): null

2018-07-29 12:21:42 - [TEST_STEP][PASSED] - Statement - If (lowercaseName.startsWith("katalon") || lowercaseName.startsWith("anonymous") || lowercaseName.startsWith("scoped")): null

2018-07-29 12:21:42 - [TEST_STEP][PASSED] - Statement - Try: null

2018-07-29 12:21:42 - [TEST_STEP][PASSED] - Statement - lowercaseName = name.toLowerCase(): null

2018-07-29 12:21:42 - [TEST_STEP][PASSED] - Statement - If (lowercaseName.startsWith("katalon") || lowercaseName.startsWith("anonymous") || lowercaseName.startsWith("scoped")): null

2018-07-29 12:21:42 - [TEST_STEP][PASSED] - Statement - Try: null

2018-07-29 12:21:42 - [TEST_STEP][PASSED] - Statement - lowercaseName = name.toLowerCase(): null

2018-07-29 12:21:42 - [TEST_STEP][PASSED] - Statement - If (lowercaseName.startsWith("katalon") || lowercaseName.startsWith("anonymous") || lowercaseName.startsWith("scoped")): null

2018-07-29 12:21:42 - [TEST_STEP][PASSED] - Statement - Try: null

2018-07-29 12:21:42 - [TEST_STEP][PASSED] - Statement - lowercaseName = name.toLowerCase(): null

2018-07-29 12:21:42 - [TEST_STEP][PASSED] - Statement - If (lowercaseName.startsWith("katalon") || lowercaseName.startsWith("anonymous") || lowercaseName.startsWith("scoped")): null

2018-07-29 12:21:42 - [TEST_STEP][PASSED] - Statement - Try: null

2018-07-29 12:21:42 - [TEST_STEP][PASSED] - Statement - lowercaseName = name.toLowerCase(): null

2018-07-29 12:21:42 - [TEST_STEP][PASSED] - Statement - If (lowercaseName.startsWith("katalon") || lowercaseName.startsWith("anonymous") || lowercaseName.startsWith("scoped")): null

2018-07-29 12:21:42 - [TEST_STEP][PASSED] - Statement - Try: null

2018-07-29 12:21:42 - [TEST_STEP][PASSED] - Statement - lowercaseName = name.toLowerCase(): null

2018-07-29 12:21:42 - [TEST_STEP][PASSED] - Statement - If (lowercaseName.startsWith("katalon") || lowercaseName.startsWith("anonymous") || lowercaseName.startsWith("scoped")): null

2018-07-29 12:21:42 - [TEST_STEP][PASSED] - Statement - Try: null

2018-07-29 12:21:42 - [TEST_STEP][PASSED] - Statement - lowercaseName = name.toLowerCase(): null

2018-07-29 12:21:42 - [TEST_STEP][PASSED] - Statement - If (lowercaseName.startsWith("katalon") || lowercaseName.startsWith("anonymous") || lowercaseName.startsWith("scoped")): null

2018-07-29 12:21:42 - [TEST_STEP][PASSED] - Statement - Try: null

2018-07-29 12:21:42 - [TEST_STEP][PASSED] - Statement - lowercaseName = name.toLowerCase(): null

2018-07-29 12:21:42 - [TEST_STEP][PASSED] - Statement - If (lowercaseName.startsWith("katalon") || lowercaseName.startsWith("anonymous") || lowercaseName.startsWith("scoped")): null

2018-07-29 12:21:42 - [TEST_STEP][PASSED] - Statement - Try: null

2018-07-29 12:21:42 - [TEST_STEP][PASSED] - Statement - lowercaseName = name.toLowerCase(): null

2018-07-29 12:21:42 - [TEST_STEP][PASSED] - Statement - If (lowercaseName.startsWith("katalon") || lowercaseName.startsWith("anonymous") || lowercaseName.startsWith("scoped")): null

2018-07-29 12:21:42 - [TEST_STEP][PASSED] - Statement - Try: null

2018-07-29 12:21:42 - [TEST_STEP][PASSED] - Statement - lowercaseName = name.toLowerCase(): null

2018-07-29 12:21:42 - [TEST_STEP][PASSED] - Statement - If (lowercaseName.startsWith("katalon") || lowercaseName.startsWith("anonymous") || lowercaseName.startsWith("scoped")): null

2018-07-29 12:21:42 - [TEST_STEP][PASSED] - Statement - Try: null

2018-07-29 12:21:42 - [TEST_STEP][PASSED] - Statement - lowercaseName = name.toLowerCase(): null

2018-07-29 12:21:42 - [TEST_STEP][PASSED] - Statement - If (lowercaseName.startsWith("katalon") || lowercaseName.startsWith("anonymous") || lowercaseName.startsWith("scoped")): null

2018-07-29 12:21:42 - [TEST_STEP][PASSED] - Statement - Try: null

2018-07-29 12:21:42 - [TEST_STEP][PASSED] - Statement - lowercaseName = name.toLowerCase(): null

2018-07-29 12:21:42 - [TEST_STEP][PASSED] - Statement - If (lowercaseName.startsWith("katalon") || lowercaseName.startsWith("anonymous") || lowercaseName.startsWith("scoped")): null

2018-07-29 12:21:42 - [TEST_STEP][PASSED] - Statement - Try: null

2018-07-29 12:21:42 - [TEST_STEP][PASSED] - Statement - lowercaseName = name.toLowerCase(): null

2018-07-29 12:21:42 - [TEST_STEP][PASSED] - Statement - If (lowercaseName.startsWith("katalon") || lowercaseName.startsWith("anonymous") || lowercaseName.startsWith("scoped")): null

2018-07-29 12:21:42 - [TEST_STEP][PASSED] - Statement - Try: null

2018-07-29 12:21:42 - [TEST_STEP][PASSED] - Statement - lowercaseName = name.toLowerCase(): null

2018-07-29 12:21:42 - [TEST_STEP][PASSED] - Statement - If (lowercaseName.startsWith("katalon") || lowercaseName.startsWith("anonymous") || lowercaseName.startsWith("scoped")): null

2018-07-29 12:21:42 - [TEST_STEP][PASSED] - Statement - Try: null

2018-07-29 12:21:42 - [TEST_STEP][PASSED] - Statement - lowercaseName = name.toLowerCase(): null

2018-07-29 12:21:42 - [TEST_STEP][PASSED] - Statement - If (lowercaseName.startsWith("katalon") || lowercaseName.startsWith("anonymous") || lowercaseName.startsWith("scoped")): null

2018-07-29 12:21:42 - [TEST_STEP][PASSED] - Statement - Try: null

2018-07-29 12:21:42 - [TEST_STEP][PASSED] - Statement - lowercaseName = name.toLowerCase(): null

2018-07-29 12:21:42 - [TEST_STEP][PASSED] - Statement - If (lowercaseName.startsWith("katalon") || lowercaseName.startsWith("anonymous") || lowercaseName.startsWith("scoped")): null

2018-07-29 12:21:42 - [TEST_STEP][PASSED] - Statement - Try: null

2018-07-29 12:21:42 - [TEST_STEP][PASSED] - Statement - lowercaseName = name.toLowerCase(): null

2018-07-29 12:21:42 - [TEST_STEP][PASSED] - Statement - If (lowercaseName.startsWith("katalon") || lowercaseName.startsWith("anonymous") || lowercaseName.startsWith("scoped")): null

2018-07-29 12:21:42 - [TEST_STEP][PASSED] - Statement - Catch (Exception e): null

2018-07-29 12:21:42 - [TEST_STEP][PASSED] - Statement - Try: null

2018-07-29 12:21:42 - [TEST_STEP][PASSED] - Statement - lowercaseName = name.toLowerCase(): null

2018-07-29 12:21:42 - [TEST_STEP][PASSED] - Statement - If (lowercaseName.startsWith("katalon") || lowercaseName.startsWith("anonymous") || lowercaseName.startsWith("scoped")): null

2018-07-29 12:21:42 - [TEST_STEP][PASSED] - Statement - Try: null

2018-07-29 12:21:42 - [TEST_STEP][PASSED] - Statement - lowercaseName = name.toLowerCase(): null

2018-07-29 12:21:42 - [TEST_STEP][PASSED] - Statement - If (lowercaseName.startsWith("katalon") || lowercaseName.startsWith("anonymous") || lowercaseName.startsWith("scoped")): null

2018-07-29 12:21:42 - [TEST_STEP][PASSED] - Statement - Try: null

2018-07-29 12:21:42 - [TEST_STEP][PASSED] - Statement - lowercaseName = name.toLowerCase(): null

2018-07-29 12:21:42 - [TEST_STEP][PASSED] - Statement - If (lowercaseName.startsWith("katalon") || lowercaseName.startsWith("anonymous") || lowercaseName.startsWith("scoped")): null

2018-07-29 12:21:42 - [TEST_STEP][PASSED] - Statement - Try: null

2018-07-29 12:21:42 - [TEST_STEP][PASSED] - Statement - lowercaseName = name.toLowerCase(): null

2018-07-29 12:21:42 - [TEST_STEP][PASSED] - Statement - If (lowercaseName.startsWith("katalon") || lowercaseName.startsWith("anonymous") || lowercaseName.startsWith("scoped")): null

2018-07-29 12:21:42 - [TEST_STEP][PASSED] - Statement - Try: null

2018-07-29 12:21:42 - [TEST_STEP][PASSED] - Statement - lowercaseName = name.toLowerCase(): null

2018-07-29 12:21:42 - [TEST_STEP][PASSED] - Statement - If (lowercaseName.startsWith("katalon") || lowercaseName.startsWith("anonymous") || lowercaseName.startsWith("scoped")): null

2018-07-29 12:21:42 - [TEST_STEP][PASSED] - Statement - Try: null

2018-07-29 12:21:42 - [TEST_STEP][PASSED] - Statement - lowercaseName = name.toLowerCase(): null

2018-07-29 12:21:42 - [TEST_STEP][PASSED] - Statement - If (lowercaseName.startsWith("katalon") || lowercaseName.startsWith("anonymous") || lowercaseName.startsWith("scoped")): null

2018-07-29 12:21:42 - [TEST_STEP][PASSED] - Statement - Try: null

2018-07-29 12:21:42 - [TEST_STEP][PASSED] - Statement - lowercaseName = name.toLowerCase(): null

2018-07-29 12:21:42 - [TEST_STEP][PASSED] - Statement - If (lowercaseName.startsWith("katalon") || lowercaseName.startsWith("anonymous") || lowercaseName.startsWith("scoped")): null

2018-07-29 12:21:42 - [TEST_STEP][PASSED] - Statement - Try: null

2018-07-29 12:21:42 - [TEST_STEP][PASSED] - Statement - lowercaseName = name.toLowerCase(): null

2018-07-29 12:21:42 - [TEST_STEP][PASSED] - Statement - If (lowercaseName.startsWith("katalon") || lowercaseName.startsWith("anonymous") || lowercaseName.startsWith("scoped")): null

2018-07-29 12:21:42 - [TEST_STEP][PASSED] - Statement - Try: null

2018-07-29 12:21:42 - [TEST_STEP][PASSED] - Statement - lowercaseName = name.toLowerCase(): null

2018-07-29 12:21:42 - [TEST_STEP][PASSED] - Statement - If (lowercaseName.startsWith("katalon") || lowercaseName.startsWith("anonymous") || lowercaseName.startsWith("scoped")): null

2018-07-29 12:21:42 - [TEST_STEP][PASSED] - Statement - Catch (Exception e): null

2018-07-29 12:21:42 - [TEST_STEP][PASSED] - Statement - Try: null

2018-07-29 12:21:42 - [TEST_STEP][PASSED] - Statement - lowercaseName = name.toLowerCase(): null

2018-07-29 12:21:42 - [TEST_STEP][PASSED] - Statement - If (lowercaseName.startsWith("katalon") || lowercaseName.startsWith("anonymous") || lowercaseName.startsWith("scoped")): null

2018-07-29 12:21:42 - [TEST_STEP][PASSED] - Statement - Catch (Exception e): null

2018-07-29 12:21:42 - [TEST_STEP][PASSED] - Statement - Try: null

2018-07-29 12:21:42 - [TEST_STEP][PASSED] - Statement - lowercaseName = name.toLowerCase(): null

2018-07-29 12:21:42 - [TEST_STEP][PASSED] - Statement - If (lowercaseName.startsWith("katalon") || lowercaseName.startsWith("anonymous") || lowercaseName.startsWith("scoped")): null

2018-07-29 12:21:42 - [TEST_STEP][PASSED] - Statement - Try: null

2018-07-29 12:21:42 - [TEST_STEP][PASSED] - Statement - lowercaseName = name.toLowerCase(): null

2018-07-29 12:21:42 - [TEST_STEP][PASSED] - Statement - If (lowercaseName.startsWith("katalon") || lowercaseName.startsWith("anonymous") || lowercaseName.startsWith("scoped")): null

2018-07-29 12:21:42 - [TEST_STEP][PASSED] - Statement - Try: null

2018-07-29 12:21:42 - [TEST_STEP][PASSED] - Statement - lowercaseName = name.toLowerCase(): null

2018-07-29 12:21:42 - [TEST_STEP][PASSED] - Statement - If (lowercaseName.startsWith("katalon") || lowercaseName.startsWith("anonymous") || lowercaseName.startsWith("scoped")): null

2018-07-29 12:21:42 - [TEST_STEP][PASSED] - Statement - Try: null

2018-07-29 12:21:42 - [TEST_STEP][PASSED] - Statement - lowercaseName = name.toLowerCase(): null

2018-07-29 12:21:42 - [TEST_STEP][PASSED] - Statement - If (lowercaseName.startsWith("katalon") || lowercaseName.startsWith("anonymous") || lowercaseName.startsWith("scoped")): null

2018-07-29 12:21:42 - [TEST_STEP][PASSED] - Statement - Try: null

2018-07-29 12:21:42 - [TEST_STEP][PASSED] - Statement - lowercaseName = name.toLowerCase(): null

2018-07-29 12:21:42 - [TEST_STEP][PASSED] - Statement - If (lowercaseName.startsWith("katalon") || lowercaseName.startsWith("anonymous") || lowercaseName.startsWith("scoped")): null

2018-07-29 12:21:42 - [TEST_STEP][PASSED] - Statement - Try: null

2018-07-29 12:21:42 - [TEST_STEP][PASSED] - Statement - lowercaseName = name.toLowerCase(): null

2018-07-29 12:21:42 - [TEST_STEP][PASSED] - Statement - If (lowercaseName.startsWith("katalon") || lowercaseName.startsWith("anonymous") || lowercaseName.startsWith("scoped")): null

2018-07-29 12:21:42 - [TEST_STEP][PASSED] - Statement - Try: null

2018-07-29 12:21:42 - [TEST_STEP][PASSED] - Statement - lowercaseName = name.toLowerCase(): null

2018-07-29 12:21:42 - [TEST_STEP][PASSED] - Statement - If (lowercaseName.startsWith("katalon") || lowercaseName.startsWith("anonymous") || lowercaseName.startsWith("scoped")): null

2018-07-29 12:21:42 - [TEST_STEP][PASSED] - Statement - Try: null

2018-07-29 12:21:42 - [TEST_STEP][PASSED] - Statement - lowercaseName = name.toLowerCase(): null

2018-07-29 12:21:42 - [TEST_STEP][PASSED] - Statement - If (lowercaseName.startsWith("katalon") || lowercaseName.startsWith("anonymous") || lowercaseName.startsWith("scoped")): null

2018-07-29 12:21:42 - [TEST_STEP][PASSED] - Statement - Try: null

2018-07-29 12:21:42 - [TEST_STEP][PASSED] - Statement - lowercaseName = name.toLowerCase(): null

2018-07-29 12:21:42 - [TEST_STEP][PASSED] - Statement - If (lowercaseName.startsWith("katalon") || lowercaseName.startsWith("anonymous") || lowercaseName.startsWith("scoped")): null

2018-07-29 12:21:42 - [TEST_STEP][PASSED] - Statement - Try: null

2018-07-29 12:21:42 - [TEST_STEP][PASSED] - Statement - lowercaseName = name.toLowerCase(): null

2018-07-29 12:21:42 - [TEST_STEP][PASSED] - Statement - If (lowercaseName.startsWith("katalon") || lowercaseName.startsWith("anonymous") || lowercaseName.startsWith("scoped")): null

2018-07-29 12:21:42 - [TEST_STEP][PASSED] - Statement - Try: null

2018-07-29 12:21:42 - [TEST_STEP][PASSED] - Statement - lowercaseName = name.toLowerCase(): null

2018-07-29 12:21:42 - [TEST_STEP][PASSED] - Statement - If (lowercaseName.startsWith("katalon") || lowercaseName.startsWith("anonymous") || lowercaseName.startsWith("scoped")): null

2018-07-29 12:21:42 - [TEST_STEP][PASSED] - Statement - Try: null

2018-07-29 12:21:42 - [TEST_STEP][PASSED] - Statement - lowercaseName = name.toLowerCase(): null

2018-07-29 12:21:42 - [TEST_STEP][PASSED] - Statement - If (lowercaseName.startsWith("katalon") || lowercaseName.startsWith("anonymous") || lowercaseName.startsWith("scoped")): null

2018-07-29 12:21:42 - [TEST_STEP][PASSED] - Statement - Try: null

2018-07-29 12:21:42 - [TEST_STEP][PASSED] - Statement - lowercaseName = name.toLowerCase(): null

2018-07-29 12:21:42 - [TEST_STEP][PASSED] - Statement - If (lowercaseName.startsWith("katalon") || lowercaseName.startsWith("anonymous") || lowercaseName.startsWith("scoped")): null

2018-07-29 12:21:42 - [TEST_STEP][PASSED] - Statement - Try: null

2018-07-29 12:21:42 - [TEST_STEP][PASSED] - Statement - lowercaseName = name.toLowerCase(): null

2018-07-29 12:21:42 - [TEST_STEP][PASSED] - Statement - If (lowercaseName.startsWith("katalon") || lowercaseName.startsWith("anonymous") || lowercaseName.startsWith("scoped")): null

2018-07-29 12:21:42 - [TEST_STEP][PASSED] - Statement - Try: null

2018-07-29 12:21:42 - [TEST_STEP][PASSED] - Statement - lowercaseName = name.toLowerCase(): null

2018-07-29 12:21:42 - [TEST_STEP][PASSED] - Statement - If (lowercaseName.startsWith("katalon") || lowercaseName.startsWith("anonymous") || lowercaseName.startsWith("scoped")): null

2018-07-29 12:21:42 - [TEST_STEP][PASSED] - Statement - Try: null

2018-07-29 12:21:42 - [TEST_STEP][PASSED] - Statement - lowercaseName = name.toLowerCase(): null

2018-07-29 12:21:42 - [TEST_STEP][PASSED] - Statement - If (lowercaseName.startsWith("katalon") || lowercaseName.startsWith("anonymous") || lowercaseName.startsWith("scoped")): null

2018-07-29 12:21:42 - [TEST_STEP][PASSED] - Statement - Try: null

2018-07-29 12:21:42 - [TEST_STEP][PASSED] - Statement - lowercaseName = name.toLowerCase(): null

2018-07-29 12:21:42 - [TEST_STEP][PASSED] - Statement - If (lowercaseName.startsWith("katalon") || lowercaseName.startsWith("anonymous") || lowercaseName.startsWith("scoped")): null

2018-07-29 12:21:42 - [TEST_STEP][PASSED] - Statement - Try: null

2018-07-29 12:21:42 - [TEST_STEP][PASSED] - Statement - lowercaseName = name.toLowerCase(): null

2018-07-29 12:21:42 - [TEST_STEP][PASSED] - Statement - If (lowercaseName.startsWith("katalon") || lowercaseName.startsWith("anonymous") || lowercaseName.startsWith("scoped")): null

2018-07-29 12:21:42 - [TEST_STEP][PASSED] - Statement - Try: null

2018-07-29 12:21:42 - [TEST_STEP][PASSED] - Statement - lowercaseName = name.toLowerCase(): null

2018-07-29 12:21:42 - [TEST_STEP][PASSED] - Statement - If (lowercaseName.startsWith("katalon") || lowercaseName.startsWith("anonymous") || lowercaseName.startsWith("scoped")): null

2018-07-29 12:21:42 - [TEST_STEP][PASSED] - Statement - Try: null

2018-07-29 12:21:42 - [TEST_STEP][PASSED] - Statement - lowercaseName = name.toLowerCase(): null

2018-07-29 12:21:42 - [TEST_STEP][PASSED] - Statement - If (lowercaseName.startsWith("katalon") || lowercaseName.startsWith("anonymous") || lowercaseName.startsWith("scoped")): null

2018-07-29 12:21:42 - [TEST_STEP][PASSED] - Statement - Try: null

2018-07-29 12:21:42 - [TEST_STEP][PASSED] - Statement - lowercaseName = name.toLowerCase(): null

2018-07-29 12:21:42 - [TEST_STEP][PASSED] - Statement - If (lowercaseName.startsWith("katalon") || lowercaseName.startsWith("anonymous") || lowercaseName.startsWith("scoped")): null

2018-07-29 12:21:42 - [TEST_STEP][PASSED] - Statement - Try: null

2018-07-29 12:21:42 - [TEST_STEP][PASSED] - Statement - lowercaseName = name.toLowerCase(): null

2018-07-29 12:21:42 - [TEST_STEP][PASSED] - Statement - If (lowercaseName.startsWith("katalon") || lowercaseName.startsWith("anonymous") || lowercaseName.startsWith("scoped")): null

2018-07-29 12:21:42 - [TEST_STEP][PASSED] - Statement - Try: null

2018-07-29 12:21:42 - [TEST_STEP][PASSED] - Statement - lowercaseName = name.toLowerCase(): null

2018-07-29 12:21:42 - [TEST_STEP][PASSED] - Statement - If (lowercaseName.startsWith("katalon") || lowercaseName.startsWith("anonymous") || lowercaseName.startsWith("scoped")): null

2018-07-29 12:21:42 - [TEST_STEP][PASSED] - Statement - Try: null

2018-07-29 12:21:42 - [TEST_STEP][PASSED] - Statement - lowercaseName = name.toLowerCase(): null

2018-07-29 12:21:42 - [TEST_STEP][PASSED] - Statement - If (lowercaseName.startsWith("katalon") || lowercaseName.startsWith("anonymous") || lowercaseName.startsWith("scoped")): null

2018-07-29 12:21:42 - [TEST_STEP][PASSED] - Statement - Try: null

2018-07-29 12:21:42 - [TEST_STEP][PASSED] - Statement - lowercaseName = name.toLowerCase(): null

2018-07-29 12:21:42 - [TEST_STEP][PASSED] - Statement - If (lowercaseName.startsWith("katalon") || lowercaseName.startsWith("anonymous") || lowercaseName.startsWith("scoped")): null

2018-07-29 12:21:42 - [TEST_STEP][PASSED] - Statement - Try: null

2018-07-29 12:21:42 - [TEST_STEP][PASSED] - Statement - lowercaseName = name.toLowerCase(): null

2018-07-29 12:21:42 - [TEST_STEP][PASSED] - Statement - If (lowercaseName.startsWith("katalon") || lowercaseName.startsWith("anonymous") || lowercaseName.startsWith("scoped")): null

2018-07-29 12:21:42 - [TEST_STEP][PASSED] - Statement - Try: Invoke 'com.kms.katalon.core.annotation.AfterTestCase' method: 'BaseTest.afterTestCase(...)' completed.

2018-07-29 12:21:42 - [TEST_STEP][PASSED] - Statement - lowercaseName = name.toLowerCase(): null

2018-07-29 12:21:42 - [TEST_STEP][PASSED] - Statement - If (lowercaseName.startsWith("katalon") || lowercaseName.startsWith("anonymous") || lowercaseName.startsWith("scoped")): Invoke 'com.kms.katalon.core.annotation.AfterTestCase' method: 'BaseTest.afterTestCase(...)' completed.]]></system-out>
         <system-err><![CDATA[2018-07-29 12:21:39 - [TEST_CASE][ERROR] - Test Cases/Kms_Tests/Languages/En/Item_Creation/Create_general_Test_En: Test Cases/Kms_Tests/Languages/En/Item_Creation/Create_general_Test_En FAILED because (of) java.lang.Exception: Unable_to_clear_text_of_object_'userName_txt'_(Root_cause__com.kms.katalon.core.webui.exception.BrowserNotOpenedException__Browser_is_not_opened Build_info__version__'3.7.1',_revision__'8a0099a',_time__'2017-11-06T21_07_]]></system-err>
      </testcase>
      <system-out><![CDATA[2018-07-29 12:20:20 - [TEST_SUITE][ERROR] - general: Test Cases/Kms_Tests/Languages/En/Item_Creation/Create_general_Test_En FAILED because (of) java.lang.Exception: Unable_to_clear_text_of_object_'userName_txt'_(Root_cause__com.kms.katalon.core.webui.exception.BrowserNotOpenedException__Browser_is_not_opened Build_info__version__'3.7.1',_revision__'8a0099a',_time__'2017-11-06T21_07_]]></system-out>
      <system-err><![CDATA[2018-07-29 12:20:20 - [TEST_SUITE][ERROR] - general: Test Cases/Kms_Tests/Languages/En/Item_Creation/Create_general_Test_En FAILED because (of) java.lang.Exception: Unable_to_clear_text_of_object_'userName_txt'_(Root_cause__com.kms.katalon.core.webui.exception.BrowserNotOpenedException__Browser_is_not_opened Build_info__version__'3.7.1',_revision__'8a0099a',_time__'2017-11-06T21_07_]]></system-err>
   </testsuite>
</testsuites>
