<?xml version="1.0" encoding="UTF-8"?>
<testsuites name="general" time="64" tests="1" failures="0" errors="0">
   <testsuite name="general" tests="1" failures="0" errors="0" time="64" timestamp="2018-07-29 12:38:55" hostname="fed86 - DESKTOP-UNNJGJG" id="Test Suites/general">
      <properties>
         <property name="deviceName" value=""/>
         <property name="devicePlatform" value=""/>
         <property name="logFolder" value="D:\\kms_katalon\\kms_katalon_tests\\katalonGitTest\\Reports\\general\\20180729_123852"/>
         <property name="logFiles" value="D:\\kms_katalon\\kms_katalon_tests\\katalonGitTest\\Reports\\general\\20180729_123852\\execution0.log"/>
         <property name="attachments" value="D:\\kms_katalon\\kms_katalon_tests\\katalonGitTest\\img\\Edge\\login form\\actual.png, D:\\kms_katalon\\kms_katalon_tests\\katalonGitTest\\img\\Edge\\chosing role form\\actual.png"/>
         <property name="hostName" value="fed86 - DESKTOP-UNNJGJG"/>
         <property name="os" value="Windows 10 64bit"/>
         <property name="katalonVersion" value="5.5.0.1"/>
         <property name="browser" value="Edge 17"/>
         <property name="hostAddress" value="10.44.1.145"/>
         <property name="sessionId" value="2FD11A57-58D5-487A-A502-20D344FB6AD8"/>
         <property name="seleniumVersion" value="3.7.1"/>
         <property name="proxyInformation" value="ProxyInformation{proxyOption=NO_PROXY, proxyServerType=HTTP, password=, proxyServerAddress=, proxyServerPort=0}"/>
         <property name="platform" value="Windows 10"/>
      </properties>
      <testcase name="Test Cases/Kms_Tests/Languages/En/Item_Creation/Create_general_Test_En" classname="Test Cases/Kms_Tests/Languages/En/Item_Creation/Create_general_Test_En" status="PASSED">
         <system-out><![CDATA[2018-07-29 12:38:55 - [TEST_CASE][PASSED] - Test Cases/Kms_Tests/Languages/En/Item_Creation/Create_general_Test_En: Test Cases/Kms_Tests/Languages/En/Item_Creation/Create_general_Test_En

2018-07-29 12:38:56 - [TEST_STEP][PASSED] - Start listener action : beforeTestCase: Viewport is set to new size with width = 1400 and height = 1000

2018-07-29 12:38:56 - [TEST_STEP][PASSED] - Statement - com.kms.katalon.core.util.KeywordUtil.markWarning("Before Test case : " + testCase.getTestCaseId()): Before Test case : Test Cases/Kms_Tests/Languages/En/Item_Creation/Create_general_Test_En

2018-07-29 12:38:56 - [MESSAGE][WARNING] - Before Test case : Test Cases/Kms_Tests/Languages/En/Item_Creation/Create_general_Test_En

2018-07-29 12:38:56 - [TEST_STEP][PASSED] - Statement - instance: Viewport is set to new size with width = 1400 and height = 1000

2018-07-29 12:38:56 - [MESSAGE][WARNING] - Unable to get the url of the current window (Root cause: com.kms.katalon.core.webui.exception.BrowserNotOpenedException: Browser is not opened
Build info: version: '3.7.1', revision: '8a0099a', time: '2017-11-06T21:07:36.161Z'
System info: host: 'DESKTOP-UNNJGJG', ip: '10.44.1.145', os.name: 'Windows 10', os.arch: 'amd64', os.version: '10.0', java.version: '1.8.0_102'
Driver info: driver.version: unknown)

2018-07-29 12:38:59 - [MESSAGE][PASSED] - Browser is opened with url: 'http://kmsqa3:501/kms/lh/login'

2018-07-29 12:39:01 - [MESSAGE][PASSED] - Viewport is set to new size with width = 1400 and height = 1000

2018-07-29 12:39:01 - [TEST_STEP][PASSED] - Statement - com.system.RolesHelper.getCm_En().Login_En(): Call Test Case 'Test Cases/LogIn_Tests/Languages/En/Login_Content_Manager_En_Test' successfully

2018-07-29 12:39:01 - [TEST_CASE][PASSED] - Test Cases/LogIn_Tests/Languages/En/Login_Content_Manager_En_Test: Test Cases/LogIn_Tests/Languages/En/Login_Content_Manager_En_Test

2018-07-29 12:39:01 - [TEST_STEP][PASSED] - Statement - com.system.RolesHelper.getCm_En().getLoginPage().fillUserNamePassword(): Text 'admin' is set on object 'password_txt'

2018-07-29 12:39:01 - [MESSAGE][PASSED] - Object 'Object Repository/Login_Page_OR/Visual/pass_Logo' is visible

2018-07-29 12:39:02 - [MESSAGE][PASSED] - Object 'Object Repository/Login_Page_OR/Visual/userName_Logo' is visible

2018-07-29 12:39:02 - [MESSAGE][PASSED] - Object 'span_userName' is visible

2018-07-29 12:39:02 - [MESSAGE][PASSED] - Object 'span_password' is visible

2018-07-29 12:39:02 - [MESSAGE][PASSED] - Object 'userName_txt' is visible

2018-07-29 12:39:02 - [MESSAGE][PASSED] - Text of object 'userName_txt' is cleared

2018-07-29 12:39:02 - [MESSAGE][PASSED] - Text 'admin' is set on object 'userName_txt'

2018-07-29 12:39:02 - [MESSAGE][PASSED] - Object 'password_txt' is visible

2018-07-29 12:39:02 - [MESSAGE][PASSED] - Text of object 'password_txt' is cleared

2018-07-29 12:39:02 - [MESSAGE][PASSED] - Text 'admin' is set on object 'password_txt'

2018-07-29 12:39:02 - [TEST_STEP][PASSED] - Statement - com.system.RolesHelper.getCm_En().getLoginPage().clickÐ¡hooseLanguage(): Object: 'link_lang' is clicked on

2018-07-29 12:39:02 - [MESSAGE][PASSED] - Text of object 'link_change_lang' is: 'Change Language'

2018-07-29 12:39:02 - [MESSAGE][PASSED] - Actual object 'true' and expected object 'true' are equal

2018-07-29 12:39:02 - [MESSAGE][WARNING] - Comparing Change Language texts : true

2018-07-29 12:39:02 - [MESSAGE][PASSED] - Object 'link_change_lang' is visible

2018-07-29 12:39:02 - [MESSAGE][PASSED] - Object: 'link_change_lang' is clicked on

2018-07-29 12:39:02 - [MESSAGE][PASSED] - Object 'caret_lang' is visible

2018-07-29 12:39:02 - [MESSAGE][PASSED] - Object: 'caret_lang' is clicked on

2018-07-29 12:39:02 - [MESSAGE][PASSED] - Text of object 'link_lang' is: 'English'

2018-07-29 12:39:02 - [MESSAGE][PASSED] - Actual object 'true' and expected object 'true' are equal

2018-07-29 12:39:02 - [MESSAGE][WARNING] - Comparing English texts : true

2018-07-29 12:39:02 - [MESSAGE][PASSED] - Object 'link_lang' is visible

2018-07-29 12:39:02 - [MESSAGE][PASSED] - Object: 'link_lang' is clicked on

2018-07-29 12:39:02 - [TEST_STEP][PASSED] - Statement - com.system.CompareImages.detailedComparison("login form", true): Taking screenshot successfully

2018-07-29 12:39:03 - [MESSAGE][PASSED] - Taking screenshot successfully
[[ATTACHMENT|D:\\kms_katalon\\kms_katalon_tests\\katalonGitTest\\img\\Edge\\login form\\actual.png]]

2018-07-29 12:39:04 - [TEST_STEP][PASSED] - Statement - com.system.RolesHelper.getCm_En().getLoginPage().clickLogInWithUserNameAndPassword(): Delayed 3 second(s)

2018-07-29 12:39:04 - [MESSAGE][PASSED] - Text of object 'auth_Login_button' is: 'Login
'

2018-07-29 12:39:04 - [MESSAGE][WARNING] - Unable to verify equal between actual object 'false' and expected object 'true' (Root cause: Actual object 'false' and expected object 'true' are not equal)

2018-07-29 12:39:04 - [MESSAGE][WARNING] - Comparing LOGIN texts : false

2018-07-29 12:39:04 - [MESSAGE][PASSED] - Object 'auth_Login_button' is visible

2018-07-29 12:39:04 - [MESSAGE][PASSED] - Object: 'auth_Login_button' is clicked on

2018-07-29 12:39:07 - [MESSAGE][PASSED] - Delayed 3 second(s)

2018-07-29 12:39:07 - [TEST_STEP][PASSED] - Statement - com.system.RolesHelper.getCm_En().getLoginPage().selectView(): Object: 'link_role' is clicked on

2018-07-29 12:39:07 - [MESSAGE][PASSED] - Text of object 'title_layout' is: 'Choose a layout'

2018-07-29 12:39:07 - [MESSAGE][PASSED] - Actual object 'true' and expected object 'true' are equal

2018-07-29 12:39:07 - [MESSAGE][WARNING] - Comparing CHOOSE A LAYOUT texts : true

2018-07-29 12:39:07 - [MESSAGE][PASSED] - Object 'dropDown_roles' is visible

2018-07-29 12:39:07 - [MESSAGE][PASSED] - Object: 'dropDown_roles' is clicked on

2018-07-29 12:39:07 - [MESSAGE][PASSED] - Text of object 'link_role' is: 'Content Manager'

2018-07-29 12:39:07 - [MESSAGE][PASSED] - Actual object 'true' and expected object 'true' are equal

2018-07-29 12:39:07 - [MESSAGE][WARNING] - Comparing Content Manager texts : true

2018-07-29 12:39:07 - [MESSAGE][PASSED] - Object 'link_role' is visible

2018-07-29 12:39:07 - [MESSAGE][PASSED] - Object: 'link_role' is clicked on

2018-07-29 12:39:07 - [TEST_STEP][PASSED] - Statement - com.system.CompareImages.detailedComparison("chosing role form", true): Taking screenshot successfully

2018-07-29 12:39:07 - [MESSAGE][PASSED] - Taking screenshot successfully
[[ATTACHMENT|D:\\kms_katalon\\kms_katalon_tests\\katalonGitTest\\img\\Edge\\chosing role form\\actual.png]]

2018-07-29 12:39:08 - [TEST_STEP][PASSED] - Statement - com.system.RolesHelper.getCm_En().getLoginPage().enterToKms(): Keys 'ENTER + ' sent to object: 'login_Kms_button'

2018-07-29 12:39:08 - [MESSAGE][PASSED] - Text of object 'login_Kms_button' is: 'Login
'

2018-07-29 12:39:08 - [MESSAGE][WARNING] - Unable to verify equal between actual object 'false' and expected object 'true' (Root cause: Actual object 'false' and expected object 'true' are not equal)

2018-07-29 12:39:08 - [MESSAGE][WARNING] - Comparing LOGIN texts : false

2018-07-29 12:39:08 - [MESSAGE][PASSED] - Object 'login_Kms_button' is visible

2018-07-29 12:39:08 - [MESSAGE][PASSED] - Keys 'ENTER + ' sent to object: 'login_Kms_button'

2018-07-29 12:39:08 - [MESSAGE][PASSED] - Call Test Case 'Test Cases/LogIn_Tests/Languages/En/Login_Content_Manager_En_Test' successfully

2018-07-29 12:39:08 - [TEST_STEP][PASSED] - Statement - com.system.RolesHelper.getCm_En().getGeneral().clickUpperButtonCreateItem(): Object: 'btn_create_new_item' is clicked on

2018-07-29 12:39:09 - [MESSAGE][PASSED] - Object 'progress' is present

2018-07-29 12:39:10 - [MESSAGE][WARNING] - Object 'progress' is visible after 1 second(s)

2018-07-29 12:39:11 - [MESSAGE][PASSED] - Delayed 1 second(s)

2018-07-29 12:39:11 - [MESSAGE][PASSED] - Object 'progress' is NOT visible

2018-07-29 12:39:11 - [MESSAGE][PASSED] - Text of object 'btn_create_new_item' is: 'Create New Item
'

2018-07-29 12:39:11 - [MESSAGE][WARNING] - Unable to verify equal between actual object 'false' and expected object 'true' (Root cause: Actual object 'false' and expected object 'true' are not equal)

2018-07-29 12:39:11 - [MESSAGE][WARNING] - Comparing Create New Item texts : false

2018-07-29 12:39:11 - [MESSAGE][PASSED] - Object 'btn_create_new_item' is visible

2018-07-29 12:39:11 - [MESSAGE][PASSED] - Object: 'btn_create_new_item' is hovered

2018-07-29 12:39:11 - [MESSAGE][PASSED] - Object: 'btn_create_new_item' is clicked on

2018-07-29 12:39:11 - [TEST_STEP][PASSED] - Statement - com.system.RolesHelper.getCm_En().getGeneral().chooseTemplateByTyping(): Keys 'ENTER + ' sent to object: 'btn_ok_create_template'

2018-07-29 12:39:12 - [MESSAGE][PASSED] - Delayed 1 second(s)

2018-07-29 12:39:12 - [MESSAGE][PASSED] - Object 'progress' is present

2018-07-29 12:39:12 - [MESSAGE][PASSED] - Object 'progress' is NOT visible

2018-07-29 12:39:12 - [MESSAGE][PASSED] - Object 'txt_create_item_template' is visible

2018-07-29 12:39:12 - [MESSAGE][PASSED] - Object: 'txt_create_item_template' is clicked on

2018-07-29 12:39:13 - [MESSAGE][PASSED] - Delayed 1 second(s)

2018-07-29 12:39:13 - [MESSAGE][PASSED] - Object 'progress' is present

2018-07-29 12:39:13 - [MESSAGE][PASSED] - Object 'progress' is NOT visible

2018-07-29 12:39:13 - [MESSAGE][PASSED] - Object 'txt_create_item_template' is visible

2018-07-29 12:39:13 - [MESSAGE][PASSED] - Text of object 'txt_create_item_template' is cleared

2018-07-29 12:39:13 - [MESSAGE][PASSED] - Text 'General' is set on object 'txt_create_item_template'

2018-07-29 12:39:13 - [MESSAGE][PASSED] - Object 'progress' is present

2018-07-29 12:39:13 - [MESSAGE][PASSED] - Object 'progress' is NOT visible

2018-07-29 12:39:13 - [MESSAGE][PASSED] - Text of object 'btn_ok_create_template' is: 'Ok
'

2018-07-29 12:39:13 - [MESSAGE][WARNING] - Unable to verify equal between actual object 'false' and expected object 'true' (Root cause: Actual object 'false' and expected object 'true' are not equal)

2018-07-29 12:39:13 - [MESSAGE][WARNING] - Comparing Ok texts : false

2018-07-29 12:39:13 - [MESSAGE][PASSED] - Object 'btn_ok_create_template' is visible

2018-07-29 12:39:13 - [MESSAGE][PASSED] - Keys 'ENTER + ' sent to object: 'btn_ok_create_template'

2018-07-29 12:39:13 - [TEST_STEP][PASSED] - Statement - com.system.RolesHelper.getCm_En().getGeneral().getItemPropertyTabGeneral().setItemName(): Keys 'item_General_4053' sent to object: 'txt_itemTitleForEdit'

2018-07-29 12:39:14 - [MESSAGE][PASSED] - Delayed 1 second(s)

2018-07-29 12:39:14 - [MESSAGE][PASSED] - Object 'progress' is present

2018-07-29 12:39:15 - [MESSAGE][WARNING] - Object 'progress' is visible after 1 second(s)

2018-07-29 12:39:16 - [MESSAGE][PASSED] - Delayed 1 second(s)

2018-07-29 12:39:16 - [MESSAGE][PASSED] - Object 'progress' is NOT visible

2018-07-29 12:39:17 - [MESSAGE][PASSED] - Browser is scrolled to position x = 0, y = 0

2018-07-29 12:39:17 - [MESSAGE][PASSED] - Text of object 'a_Item_Properties' is: 'Item Properties'

2018-07-29 12:39:17 - [MESSAGE][PASSED] - Actual object 'true' and expected object 'true' are equal

2018-07-29 12:39:17 - [MESSAGE][WARNING] - Comparing Item Properties texts : true

2018-07-29 12:39:17 - [MESSAGE][PASSED] - Object 'a_Item_Properties' is visible

2018-07-29 12:39:17 - [MESSAGE][PASSED] - Object: 'a_Item_Properties' is hovered

2018-07-29 12:39:17 - [MESSAGE][PASSED] - Object: 'a_Item_Properties' is clicked on

2018-07-29 12:39:17 - [MESSAGE][PASSED] - Object 'lbl_itemId' is visible

2018-07-29 12:39:17 - [MESSAGE][PASSED] - Attribute 'value' of object 'hidden_itemId' is: '4053'

2018-07-29 12:39:17 - [MESSAGE][PASSED] - Object 'progress' is present

2018-07-29 12:39:17 - [MESSAGE][PASSED] - Object 'progress' is NOT visible

2018-07-29 12:39:17 - [MESSAGE][PASSED] - Browser is scrolled to position x = 0, y = 0

2018-07-29 12:39:17 - [MESSAGE][PASSED] - Object 'div_itemTitleForEdit' is visible

2018-07-29 12:39:17 - [MESSAGE][PASSED] - Object: 'div_itemTitleForEdit' is clicked on

2018-07-29 12:39:18 - [MESSAGE][PASSED] - Delayed 1 second(s)

2018-07-29 12:39:18 - [MESSAGE][PASSED] - Object: 'div_itemTitleForEdit' is clicked on

2018-07-29 12:39:18 - [MESSAGE][PASSED] - Object 'progress' is present

2018-07-29 12:39:18 - [MESSAGE][PASSED] - Object 'progress' is NOT visible

2018-07-29 12:39:18 - [MESSAGE][PASSED] - Browser is scrolled to position x = 0, y = 0

2018-07-29 12:39:18 - [MESSAGE][PASSED] - Object 'div_itemTitleForEdit' is visible

2018-07-29 12:39:18 - [MESSAGE][PASSED] - Object: 'div_itemTitleForEdit' is hovered

2018-07-29 12:39:18 - [MESSAGE][PASSED] - Object: 'div_itemTitleForEdit' is clicked on

2018-07-29 12:39:18 - [MESSAGE][PASSED] - Object 'txt_itemTitleForEdit' is visible

2018-07-29 12:39:18 - [MESSAGE][PASSED] - Object 'progress' is present

2018-07-29 12:39:18 - [MESSAGE][PASSED] - Object 'progress' is NOT visible

2018-07-29 12:39:18 - [MESSAGE][PASSED] - Browser is scrolled to position x = 0, y = 0

2018-07-29 12:39:18 - [MESSAGE][PASSED] - Object 'txt_itemTitleForEdit' is visible

2018-07-29 12:39:18 - [MESSAGE][PASSED] - Keys 'item_General_4053' sent to object: 'txt_itemTitleForEdit'

2018-07-29 12:39:18 - [TEST_STEP][PASSED] - Statement - com.system.RolesHelper.getCm_En().getGeneral().getGeneralTab().getHtmlEditor().clickEditHTML(): Object: 'btn_Edit_html' is clicked on

2018-07-29 12:39:19 - [MESSAGE][PASSED] - Delayed 1 second(s)

2018-07-29 12:39:19 - [MESSAGE][PASSED] - Object 'progress' is present

2018-07-29 12:39:19 - [MESSAGE][PASSED] - Object 'progress' is NOT visible

2018-07-29 12:39:19 - [MESSAGE][PASSED] - Browser is scrolled to position x = 0, y = 0

2018-07-29 12:39:19 - [MESSAGE][PASSED] - Text of object 'a_GeneralTab' is: 'General'

2018-07-29 12:39:19 - [MESSAGE][PASSED] - Actual object 'true' and expected object 'true' are equal

2018-07-29 12:39:19 - [MESSAGE][WARNING] - Comparing General texts : true

2018-07-29 12:39:19 - [MESSAGE][PASSED] - Object 'a_GeneralTab' is visible

2018-07-29 12:39:19 - [MESSAGE][PASSED] - Object: 'a_GeneralTab' is hovered

2018-07-29 12:39:19 - [MESSAGE][PASSED] - Object: 'a_GeneralTab' is clicked on

2018-07-29 12:39:22 - [MESSAGE][WARNING] - Object 'btn_Edit_html' is not visible after 3 second(s)

2018-07-29 12:39:22 - [MESSAGE][PASSED] - Object: 'a_GeneralTab' is clicked on

2018-07-29 12:39:22 - [MESSAGE][PASSED] - Object 'btn_Edit_html' is visible

2018-07-29 12:39:22 - [MESSAGE][PASSED] - Modify property of object successfully

2018-07-29 12:39:22 - [MESSAGE][PASSED] - Object 'progress' is present

2018-07-29 12:39:22 - [MESSAGE][PASSED] - Object 'progress' is NOT visible

2018-07-29 12:39:22 - [MESSAGE][PASSED] - Browser is scrolled to position x = 0, y = 0

2018-07-29 12:39:22 - [MESSAGE][PASSED] - Object 'btn_Edit_html' is visible

2018-07-29 12:39:22 - [MESSAGE][PASSED] - Object: 'btn_Edit_html' is hovered

2018-07-29 12:39:23 - [MESSAGE][PASSED] - Object: 'btn_Edit_html' is clicked on

2018-07-29 12:39:23 - [TEST_STEP][PASSED] - Statement - com.system.RolesHelper.getCm_En().getTaskBar().clickSaveAndRelocateToLastFolder(): item New item_General_4053  in the knowledge tree 

2018-07-29 12:39:23 - [MESSAGE][PASSED] - Object 'progress' is present

2018-07-29 12:39:23 - [MESSAGE][PASSED] - Object 'progress' is NOT visible

2018-07-29 12:39:23 - [MESSAGE][PASSED] - Object 'btn_saveAndRelocate' is visible

2018-07-29 12:39:23 - [MESSAGE][PASSED] - Object: 'btn_saveAndRelocate' is hovered

2018-07-29 12:39:23 - [MESSAGE][PASSED] - Object: 'btn_saveAndRelocate' is clicked on

2018-07-29 12:39:23 - [MESSAGE][PASSED] - Object 'a_choose_lastFolder_in_modal' is visible

2018-07-29 12:39:23 - [MESSAGE][PASSED] - Attribute 'value' of object 'hidden_itemId' is: '4053'

2018-07-29 12:39:23 - [MESSAGE][PASSED] - Text of object 'a_last_folder_in_cm_tree' is: '[15]Folder 15'

2018-07-29 12:39:23 - [MESSAGE][PASSED] - Object 'progress' is present

2018-07-29 12:39:23 - [MESSAGE][PASSED] - Object 'progress' is NOT visible

2018-07-29 12:39:23 - [MESSAGE][PASSED] - Object 'a_choose_lastFolder_in_modal' is visible

2018-07-29 12:39:23 - [MESSAGE][PASSED] - Object: 'a_choose_lastFolder_in_modal' is hovered

2018-07-29 12:39:23 - [MESSAGE][PASSED] - Object: 'a_choose_lastFolder_in_modal' is clicked on

2018-07-29 12:39:24 - [MESSAGE][PASSED] - Delayed 1 second(s)

2018-07-29 12:39:24 - [MESSAGE][PASSED] - Object 'progress' is present

2018-07-29 12:39:24 - [MESSAGE][PASSED] - Object 'progress' is NOT visible

2018-07-29 12:39:24 - [MESSAGE][PASSED] - Object 'a_choose_lastFolder_in_modal' is visible

2018-07-29 12:39:24 - [MESSAGE][PASSED] - Object: 'a_choose_lastFolder_in_modal' is clicked on

2018-07-29 12:39:25 - [MESSAGE][PASSED] - Delayed 1 second(s)

2018-07-29 12:39:25 - [MESSAGE][PASSED] - Object 'progress' is present

2018-07-29 12:39:25 - [MESSAGE][PASSED] - Object 'progress' is NOT visible

2018-07-29 12:39:25 - [MESSAGE][PASSED] - Object 'btn_save_in_last_folder' is visible

2018-07-29 12:39:25 - [MESSAGE][PASSED] - Object: 'btn_save_in_last_folder' is clicked on

2018-07-29 12:39:25 - [MESSAGE][PASSED] - Object 'btn_save_in_last_folder' is NOT visible

2018-07-29 12:39:28 - [MESSAGE][PASSED] - Delayed 3 second(s)

2018-07-29 12:39:28 - [MESSAGE][PASSED] - Text of object 'a_last_folder_in_cm_tree' is: '[16]Folder 15'

2018-07-29 12:39:28 - [MESSAGE][PASSED] - Actual object '16' and expected object '16' are equal

2018-07-29 12:39:28 - [MESSAGE][PASSED] - Object 'progress' is present

2018-07-29 12:39:28 - [MESSAGE][PASSED] - Object 'progress' is NOT visible

2018-07-29 12:39:28 - [MESSAGE][PASSED] - Object 'a_last_folder_in_cm_tree' is visible

2018-07-29 12:39:28 - [MESSAGE][PASSED] - Object: 'a_last_folder_in_cm_tree' is hovered

2018-07-29 12:39:28 - [MESSAGE][PASSED] - Object: 'a_last_folder_in_cm_tree' is clicked on

2018-07-29 12:39:28 - [MESSAGE][PASSED] - Object 'last_folder_content' is visible

2018-07-29 12:39:28 - [MESSAGE][PASSED] - Object 'progress' is present

2018-07-29 12:39:28 - [MESSAGE][PASSED] - Object 'progress' is NOT visible

2018-07-29 12:39:28 - [MESSAGE][PASSED] - Object 'a_last_folder_in_cm_tree' is visible

2018-07-29 12:39:28 - [MESSAGE][PASSED] - Object: 'a_last_folder_in_cm_tree' is hovered

2018-07-29 12:39:28 - [MESSAGE][PASSED] - Object: 'a_last_folder_in_cm_tree' is clicked on

2018-07-29 12:39:28 - [MESSAGE][PASSED] - Object 'last_folder_content' is visible

2018-07-29 12:39:28 - [MESSAGE][PASSED] - Object 'progress' is present

2018-07-29 12:39:28 - [MESSAGE][PASSED] - Object 'progress' is NOT visible

2018-07-29 12:39:28 - [MESSAGE][PASSED] - Object 'item_General_4053' is visible

2018-07-29 12:39:28 - [MESSAGE][PASSED] - Object: 'item_General_4053' is hovered

2018-07-29 12:39:28 - [MESSAGE][PASSED] - Object: 'item_General_4053' is clicked on

2018-07-29 12:39:28 - [MESSAGE][PASSED] - Text of object 'item_General_4053' is: 'New item_General_4053'

2018-07-29 12:39:28 - [MESSAGE][WARNING] - item New item_General_4053  in the knowledge tree 

2018-07-29 12:39:28 - [TEST_STEP][NOT_RUN] - Statement - com.system.RolesHelper.getCm_En().getTopToolBar().searchByFirstDescriptionWord(): NOT_RUN: Statement - com.system.RolesHelper.getCm_En().getTopToolBar().searchByFirstDescriptionWord()

2018-07-29 12:39:28 - [MESSAGE][NOT_RUN] - NOT_RUN: Statement - com.system.RolesHelper.getCm_En().getTopToolBar().searchByFirstDescriptionWord()

2018-07-29 12:39:28 - [TEST_STEP][PASSED] - Statement - com.system.RolesHelper.getCm_En().deleteAllCreatedItems(): Web element with id: 'a_item_in_last_folder' located by 'By.xpath: (//a[contains(., 'item_')])[last()]' not found

2018-07-29 12:39:28 - [MESSAGE][PASSED] - Object 'progress' is present

2018-07-29 12:39:28 - [MESSAGE][PASSED] - Object 'progress' is NOT visible

2018-07-29 12:39:28 - [MESSAGE][PASSED] - Object 'a_last_folder_in_cm_tree' is visible

2018-07-29 12:39:28 - [MESSAGE][PASSED] - Object: 'a_last_folder_in_cm_tree' is hovered

2018-07-29 12:39:28 - [MESSAGE][PASSED] - Object: 'a_last_folder_in_cm_tree' is clicked on

2018-07-29 12:39:28 - [MESSAGE][PASSED] - Object 'last_folder_content' is visible

2018-07-29 12:39:28 - [MESSAGE][PASSED] - Object 'progress' is present

2018-07-29 12:39:28 - [MESSAGE][PASSED] - Object 'progress' is NOT visible

2018-07-29 12:39:28 - [MESSAGE][PASSED] - Object 'a_item_in_last_folder' is visible

2018-07-29 12:39:29 - [MESSAGE][PASSED] - Delayed 1 second(s)

2018-07-29 12:39:29 - [MESSAGE][PASSED] - Object 'progress' is present

2018-07-29 12:39:30 - [MESSAGE][WARNING] - Object 'progress' is visible after 1 second(s)

2018-07-29 12:39:31 - [MESSAGE][PASSED] - Delayed 1 second(s)

2018-07-29 12:39:31 - [MESSAGE][PASSED] - Object 'progress' is NOT visible

2018-07-29 12:39:31 - [MESSAGE][PASSED] - Object 'a_item_in_last_folder' is visible

2018-07-29 12:39:31 - [MESSAGE][PASSED] - Object: 'a_item_in_last_folder' is clicked on

2018-07-29 12:39:32 - [MESSAGE][PASSED] - Delayed 1 second(s)

2018-07-29 12:39:32 - [MESSAGE][PASSED] - Text of object 'a_last_folder_in_cm_tree' is: '[16]Folder 15
test2
eeee
doron 27-02-17
michal
Lev Item
Lev Item 2
testing widget
email-test
word test
Briefing requires signature
fedbrief
fedtemplat
fed scenario
fed
item_General_4050
New item_General_4053'

2018-07-29 12:39:32 - [MESSAGE][PASSED] - Attribute 'value' of object 'hidden_itemId' is: '4053'

2018-07-29 12:39:32 - [MESSAGE][PASSED] - Object 'progress' is present

2018-07-29 12:39:32 - [MESSAGE][PASSED] - Object 'progress' is NOT visible

2018-07-29 12:39:32 - [MESSAGE][PASSED] - Object 'btn_remove_bar' is visible

2018-07-29 12:39:32 - [MESSAGE][PASSED] - Object 'progress' is present

2018-07-29 12:39:32 - [MESSAGE][PASSED] - Object 'progress' is NOT visible

2018-07-29 12:39:32 - [MESSAGE][PASSED] - Object 'btn_remove_bar' is visible

2018-07-29 12:39:32 - [MESSAGE][PASSED] - Object: 'btn_remove_bar' is hovered

2018-07-29 12:39:32 - [MESSAGE][PASSED] - Object: 'btn_remove_bar' is clicked on

2018-07-29 12:39:33 - [MESSAGE][PASSED] - Object 'yes_remove_button' is visible

2018-07-29 12:39:33 - [MESSAGE][PASSED] - Object 'progress' is present

2018-07-29 12:39:33 - [MESSAGE][PASSED] - Object 'progress' is NOT visible

2018-07-29 12:39:33 - [MESSAGE][PASSED] - Object 'yes_remove_button' is visible

2018-07-29 12:39:33 - [MESSAGE][PASSED] - Object: 'yes_remove_button' is clicked on

2018-07-29 12:39:33 - [MESSAGE][PASSED] - Object 'yes_remove_button' is NOT visible

2018-07-29 12:39:36 - [MESSAGE][PASSED] - Delayed 3 second(s)

2018-07-29 12:39:36 - [MESSAGE][PASSED] - Text of object 'a_last_folder_in_cm_tree' is: '[15]Folder 15
test2
eeee
doron 27-02-17
michal
Lev Item
Lev Item 2
testing widget
email-test
word test
Briefing requires signature
fedbrief
fedtemplat
fed scenario
fed
item_General_4050'

2018-07-29 12:39:36 - [MESSAGE][PASSED] - Actual object '15' and expected object '15' are equal

2018-07-29 12:39:36 - [MESSAGE][PASSED] - Object 'progress' is present

2018-07-29 12:39:36 - [MESSAGE][PASSED] - Object 'progress' is NOT visible

2018-07-29 12:39:36 - [MESSAGE][PASSED] - Object 'a_last_folder_in_cm_tree' is visible

2018-07-29 12:39:36 - [MESSAGE][PASSED] - Object: 'a_last_folder_in_cm_tree' is hovered

2018-07-29 12:39:36 - [MESSAGE][PASSED] - Object: 'a_last_folder_in_cm_tree' is clicked on

2018-07-29 12:39:36 - [MESSAGE][PASSED] - Object 'last_folder_content' is visible

2018-07-29 12:39:36 - [MESSAGE][PASSED] - Object 'progress' is present

2018-07-29 12:39:36 - [MESSAGE][PASSED] - Object 'progress' is NOT visible

2018-07-29 12:39:36 - [MESSAGE][PASSED] - Object 'a_last_folder_in_cm_tree' is visible

2018-07-29 12:39:36 - [MESSAGE][PASSED] - Object: 'a_last_folder_in_cm_tree' is hovered

2018-07-29 12:39:36 - [MESSAGE][PASSED] - Object: 'a_last_folder_in_cm_tree' is clicked on

2018-07-29 12:39:36 - [MESSAGE][PASSED] - Object 'last_folder_content' is visible

2018-07-29 12:39:36 - [MESSAGE][PASSED] - Object 'progress' is present

2018-07-29 12:39:36 - [MESSAGE][PASSED] - Object 'progress' is NOT visible

2018-07-29 12:39:39 - [MESSAGE][WARNING] - Web element with id: 'item_General_4053' located by 'By.xpath: //a[contains(., 'item_General_4053')]' not found

2018-07-29 12:39:39 - [MESSAGE][WARNING] - item item_General_4053 not in the knowledge tree 

2018-07-29 12:39:39 - [MESSAGE][PASSED] - Object 'progress' is present

2018-07-29 12:39:39 - [MESSAGE][PASSED] - Object 'progress' is NOT visible

2018-07-29 12:39:39 - [MESSAGE][PASSED] - Object 'a_item_in_last_folder' is visible

2018-07-29 12:39:40 - [MESSAGE][PASSED] - Delayed 1 second(s)

2018-07-29 12:39:40 - [MESSAGE][PASSED] - Object 'progress' is present

2018-07-29 12:39:40 - [MESSAGE][PASSED] - Object 'progress' is NOT visible

2018-07-29 12:39:40 - [MESSAGE][PASSED] - Object 'a_item_in_last_folder' is visible

2018-07-29 12:39:40 - [MESSAGE][PASSED] - Object: 'a_item_in_last_folder' is clicked on

2018-07-29 12:39:41 - [MESSAGE][PASSED] - Delayed 1 second(s)

2018-07-29 12:39:41 - [MESSAGE][PASSED] - Text of object 'a_last_folder_in_cm_tree' is: '[15]Folder 15
test2
eeee
doron 27-02-17
michal
Lev Item
Lev Item 2
testing widget
email-test
word test
Briefing requires signature
fedbrief
fedtemplat
fed scenario
fed
item_General_4050'

2018-07-29 12:39:42 - [MESSAGE][PASSED] - Attribute 'value' of object 'hidden_itemId' is: '4050'

2018-07-29 12:39:42 - [MESSAGE][PASSED] - Object 'progress' is present

2018-07-29 12:39:43 - [MESSAGE][PASSED] - Object 'progress' is NOT visible

2018-07-29 12:39:43 - [MESSAGE][PASSED] - Object 'btn_remove_bar' is visible

2018-07-29 12:39:43 - [MESSAGE][PASSED] - Object 'progress' is present

2018-07-29 12:39:43 - [MESSAGE][PASSED] - Object 'progress' is NOT visible

2018-07-29 12:39:43 - [MESSAGE][PASSED] - Object 'btn_remove_bar' is visible

2018-07-29 12:39:43 - [MESSAGE][PASSED] - Object: 'btn_remove_bar' is hovered

2018-07-29 12:39:43 - [MESSAGE][PASSED] - Object: 'btn_remove_bar' is clicked on

2018-07-29 12:39:46 - [MESSAGE][WARNING] - Object 'yes_remove_button' is not visible after 3 second(s)

2018-07-29 12:39:46 - [MESSAGE][WARNING] - Unable to click on object 'btn_remove_bar' (Root cause: org.openqa.selenium.WebDriverException: Element is obscured (WARNING: The server did not provide any stacktrace information)
Command duration or timeout: 0 milliseconds
Build info: version: '3.7.1', revision: '8a0099a', time: '2017-11-06T21:07:36.161Z'
System info: host: 'DESKTOP-UNNJGJG', ip: '10.44.1.145', os.name: 'Windows 10', os.arch: 'amd64', os.version: '10.0', java.version: '1.8.0_102'
Driver info: com.kms.katalon.selenium.driver.CEdgeDriver
Capabilities {InPrivate: false, acceptSslCerts: true, applicationCacheEnabled: true, browserName: MicrosoftEdge, browserVersion: 42.17134.1.0, javascriptEnabled: true, locationContextEnabled: true, pageLoadStrategy: normal, platform: WINDOWS, platformName: WINDOWS, platformVersion: 10, takesElementScreenshot: true, takesScreenshot: true, webStorageEnabled: true}
Session ID: 2FD11A57-58D5-487A-A502-20D344FB6AD8)

2018-07-29 12:39:46 - [MESSAGE][PASSED] - Object 'yes_remove_button' is visible

2018-07-29 12:39:46 - [MESSAGE][PASSED] - Object 'progress' is present

2018-07-29 12:39:46 - [MESSAGE][PASSED] - Object 'progress' is NOT visible

2018-07-29 12:39:46 - [MESSAGE][PASSED] - Object 'yes_remove_button' is visible

2018-07-29 12:39:46 - [MESSAGE][PASSED] - Object: 'yes_remove_button' is clicked on

2018-07-29 12:39:46 - [MESSAGE][PASSED] - Object 'yes_remove_button' is NOT visible

2018-07-29 12:39:49 - [MESSAGE][PASSED] - Delayed 3 second(s)

2018-07-29 12:39:49 - [MESSAGE][PASSED] - Text of object 'a_last_folder_in_cm_tree' is: '[14]Folder 15
test2
eeee
doron 27-02-17
michal
Lev Item
Lev Item 2
testing widget
email-test
word test
Briefing requires signature
fedbrief
fedtemplat
fed scenario
fed'

2018-07-29 12:39:49 - [MESSAGE][PASSED] - Actual object '14' and expected object '14' are equal

2018-07-29 12:39:49 - [MESSAGE][PASSED] - Object 'progress' is present

2018-07-29 12:39:49 - [MESSAGE][PASSED] - Object 'progress' is NOT visible

2018-07-29 12:39:49 - [MESSAGE][PASSED] - Object 'a_last_folder_in_cm_tree' is visible

2018-07-29 12:39:49 - [MESSAGE][PASSED] - Object: 'a_last_folder_in_cm_tree' is hovered

2018-07-29 12:39:49 - [MESSAGE][PASSED] - Object: 'a_last_folder_in_cm_tree' is clicked on

2018-07-29 12:39:49 - [MESSAGE][PASSED] - Object 'last_folder_content' is visible

2018-07-29 12:39:49 - [MESSAGE][PASSED] - Object 'progress' is present

2018-07-29 12:39:49 - [MESSAGE][PASSED] - Object 'progress' is NOT visible

2018-07-29 12:39:49 - [MESSAGE][PASSED] - Object 'a_last_folder_in_cm_tree' is visible

2018-07-29 12:39:49 - [MESSAGE][PASSED] - Object: 'a_last_folder_in_cm_tree' is hovered

2018-07-29 12:39:49 - [MESSAGE][PASSED] - Object: 'a_last_folder_in_cm_tree' is clicked on

2018-07-29 12:39:49 - [MESSAGE][PASSED] - Object 'last_folder_content' is visible

2018-07-29 12:39:49 - [MESSAGE][PASSED] - Object 'progress' is present

2018-07-29 12:39:49 - [MESSAGE][PASSED] - Object 'progress' is NOT visible

2018-07-29 12:39:53 - [MESSAGE][WARNING] - Web element with id: 'item_General_4050' located by 'By.xpath: //a[contains(., 'item_General_4050')]' not found

2018-07-29 12:39:53 - [MESSAGE][WARNING] - item item_General_4050 not in the knowledge tree 

2018-07-29 12:39:53 - [MESSAGE][PASSED] - Object 'progress' is present

2018-07-29 12:39:53 - [MESSAGE][PASSED] - Object 'progress' is NOT visible

2018-07-29 12:39:56 - [MESSAGE][WARNING] - Web element with id: 'a_item_in_last_folder' located by 'By.xpath: (//a[contains(., 'item_')])[last()]' not found

2018-07-29 12:39:56 - [TEST_STEP][PASSED] - Statement - com.system.RolesHelper.getCm_En().getTopToolBar().clickHomeButton(): Object: 'a_kms_home_icon' is clicked on

2018-07-29 12:39:56 - [MESSAGE][PASSED] - Object 'progress' is present

2018-07-29 12:39:56 - [MESSAGE][PASSED] - Object 'progress' is NOT visible

2018-07-29 12:39:56 - [MESSAGE][PASSED] - Object 'a_kms_home_icon' is visible

2018-07-29 12:39:56 - [MESSAGE][PASSED] - Object: 'a_kms_home_icon' is clicked on

2018-07-29 12:39:56 - [TEST_STEP][PASSED] - Statement - com.system.RolesHelper.getCm_En().getTopToolBar().logout(): Delayed 1 second(s)

2018-07-29 12:39:56 - [MESSAGE][PASSED] - Object 'progress' is present

2018-07-29 12:39:56 - [MESSAGE][PASSED] - Object 'progress' is NOT visible

2018-07-29 12:39:56 - [MESSAGE][PASSED] - Object 'profile-avatar' is visible

2018-07-29 12:39:56 - [MESSAGE][PASSED] - Object: 'profile-avatar' is hovered

2018-07-29 12:39:57 - [MESSAGE][PASSED] - Delayed 1 second(s)

2018-07-29 12:39:57 - [MESSAGE][PASSED] - Object 'progress' is present

2018-07-29 12:39:57 - [MESSAGE][PASSED] - Object 'progress' is NOT visible

2018-07-29 12:39:57 - [MESSAGE][PASSED] - Text of object 'a_logout' is: 'Logout'

2018-07-29 12:39:57 - [MESSAGE][PASSED] - Actual object 'true' and expected object 'true' are equal

2018-07-29 12:39:57 - [MESSAGE][WARNING] - Comparing Logout texts : true

2018-07-29 12:39:57 - [MESSAGE][PASSED] - Object 'a_logout' is visible

2018-07-29 12:39:57 - [MESSAGE][PASSED] - Object: 'a_logout' is clicked on

2018-07-29 12:39:58 - [MESSAGE][PASSED] - Delayed 1 second(s)

2018-07-29 12:39:58 - [TEST_STEP][PASSED] - closeBrowser: Browser is closed

2018-07-29 12:39:59 - [MESSAGE][PASSED] - Browser is closed

2018-07-29 12:39:59 - [TEST_STEP][PASSED] - Start listener action : afterTestCase: Switching to default content failed because of: com.kms.katalon.core.webui.exception.BrowserNotOpenedException: Browser is not opened
Build info: version: '3.7.1', revision: '8a0099a', time: '2017-11-06T21:07:36.161Z'
System info: host: 'DESKTOP-UNNJGJG', ip: '10.44.1.145', os.name: 'Windows 10', os.arch: 'amd64', os.version: '10.0', java.version: '1.8.0_102'
Driver info: driver.version: unknown

2018-07-29 12:39:59 - [TEST_STEP][PASSED] - switchToDefaultContent: Switching to default content failed because of: com.kms.katalon.core.webui.exception.BrowserNotOpenedException: Browser is not opened
Build info: version: '3.7.1', revision: '8a0099a', time: '2017-11-06T21:07:36.161Z'
System info: host: 'DESKTOP-UNNJGJG', ip: '10.44.1.145', os.name: 'Windows 10', os.arch: 'amd64', os.version: '10.0', java.version: '1.8.0_102'
Driver info: driver.version: unknown

2018-07-29 12:39:59 - [MESSAGE][WARNING] - Switching to default content failed because of: com.kms.katalon.core.webui.exception.BrowserNotOpenedException: Browser is not opened
Build info: version: '3.7.1', revision: '8a0099a', time: '2017-11-06T21:07:36.161Z'
System info: host: 'DESKTOP-UNNJGJG', ip: '10.44.1.145', os.name: 'Windows 10', os.arch: 'amd64', os.version: '10.0', java.version: '1.8.0_102'
Driver info: driver.version: unknown]]></system-out>
         <system-err><![CDATA[]]></system-err>
      </testcase>
      <system-out><![CDATA[2018-07-29 12:38:55 - [TEST_SUITE][PASSED] - general: Test Cases/Kms_Tests/Languages/En/Item_Creation/Create_general_Test_En]]></system-out>
      <system-err><![CDATA[]]></system-err>
   </testsuite>
</testsuites>
