<?xml version="1.0" encoding="UTF-8"?>
<testsuites name="general" time="189" tests="0" failures="0" errors="2">
   <testsuite name="general" tests="0" failures="0" errors="2" time="189" timestamp="2018-07-29 12:20:21" hostname="fed86 - DESKTOP-UNNJGJG" id="Test Suites/general">
      <properties>
         <property name="deviceName" value=""/>
         <property name="devicePlatform" value=""/>
         <property name="logFolder" value="D:\\kms_katalon\\kms_katalon_tests\\katalonGitTest\\Reports\\general\\20180729_122014"/>
         <property name="logFiles" value="D:\\kms_katalon\\kms_katalon_tests\\katalonGitTest\\Reports\\general\\20180729_122014\\execution0.log, D:\\kms_katalon\\kms_katalon_tests\\katalonGitTest\\Reports\\general\\20180729_122014\\IEDriverServer.log"/>
         <property name="attachments" value="D:\\kms_katalon\\kms_katalon_tests\\katalonGitTest\\img\\IE\\login form\\actual.png, D:\\kms_katalon\\kms_katalon_tests\\katalonGitTest\\img\\IE\\chosing role form\\actual.png, D:\\kms_katalon\\kms_katalon_tests\\katalonGitTest\\Reports\\general\\20180729_122014\\Reports/IE_DRIVER/Unable_to_click_on_object_'txt_create_item_template'_(Root_cause__com.kms.katalon.core.webui.exception.WebElementNotFoundException__Web_element_with_id__'txt_create_item_template'_located_by_'By.xpath____input[@id_=_'cm-.png, D:\\kms_katalon\\kms_katalon_tests\\katalonGitTest\\Reports\\general\\20180729_122014\\Reports/IE_DRIVER/Unable_to_clear_text_of_object_'userName_txt'_(Root_cause__com.kms.katalon.core.webui.exception.WebElementNotFoundException__Web_element_with_id__'userName_txt'_located_by_'By.xpath____input[@id_=_'login-username']'_not_.png"/>
         <property name="hostName" value="fed86 - DESKTOP-UNNJGJG"/>
         <property name="os" value="Windows 10 64bit"/>
         <property name="katalonVersion" value="5.5.0.1"/>
         <property name="browser" value="IE 11"/>
         <property name="hostAddress" value="10.44.1.145"/>
         <property name="sessionId" value="03554726-f694-48fe-b3af-273452db4b54"/>
         <property name="seleniumVersion" value="3.7.1"/>
         <property name="proxyInformation" value="ProxyInformation{proxyOption=NO_PROXY, proxyServerType=HTTP, password=, proxyServerAddress=, proxyServerPort=0}"/>
         <property name="platform" value="Windows 10"/>
      </properties>
      <testcase name="Test Cases/Kms_Tests/Languages/En/Item_Creation/Create_delete_general_by_rightclick_Test_En" classname="Test Cases/Kms_Tests/Languages/En/Item_Creation/Create_delete_general_by_rightclick_Test_En" status="ERROR">
         <error type="ERROR" message="Test Cases/Kms_Tests/Languages/En/Item_Creation/Create_delete_general_by_rightclick_Test_En FAILED because (of) java.lang.Exception: Unable_to_click_on_object_'txt_create_item_template'_(Root_cause__com.kms.katalon.core.webui.exception.WebElementNotFoundException__Web_element_with_id__'txt_create_item_template'_located_by_'By.xpath____input[@id_=_'cm-"/>
         <system-out><![CDATA[2018-07-29 12:20:22 - [TEST_CASE][ERROR] - Test Cases/Kms_Tests/Languages/En/Item_Creation/Create_delete_general_by_rightclick_Test_En: Test Cases/Kms_Tests/Languages/En/Item_Creation/Create_delete_general_by_rightclick_Test_En FAILED because (of) java.lang.Exception: Unable_to_click_on_object_'txt_create_item_template'_(Root_cause__com.kms.katalon.core.webui.exception.WebElementNotFoundException__Web_element_with_id__'txt_create_item_template'_located_by_'By.xpath____input[@id_=_'cm-

2018-07-29 12:20:22 - [TEST_STEP][PASSED] - Start listener action : beforeTestCase: Viewport is set to new size with width = 1400 and height = 1000

2018-07-29 12:20:22 - [TEST_STEP][PASSED] - Statement - com.kms.katalon.core.util.KeywordUtil.markWarning("Before Test case : " + testCase.getTestCaseId()): Before Test case : Test Cases/Kms_Tests/Languages/En/Item_Creation/Create_delete_general_by_rightclick_Test_En

2018-07-29 12:20:22 - [MESSAGE][WARNING] - Before Test case : Test Cases/Kms_Tests/Languages/En/Item_Creation/Create_delete_general_by_rightclick_Test_En

2018-07-29 12:20:22 - [TEST_STEP][PASSED] - Statement - instance: Viewport is set to new size with width = 1400 and height = 1000

2018-07-29 12:20:23 - [MESSAGE][WARNING] - Unable to get the url of the current window (Root cause: com.kms.katalon.core.webui.exception.BrowserNotOpenedException: Browser is not opened
Build info: version: '3.7.1', revision: '8a0099a', time: '2017-11-06T21:07:36.161Z'
System info: host: 'DESKTOP-UNNJGJG', ip: '10.44.1.145', os.name: 'Windows 10', os.arch: 'amd64', os.version: '10.0', java.version: '1.8.0_102'
Driver info: driver.version: unknown)

2018-07-29 12:20:31 - [MESSAGE][PASSED] - Browser is opened with url: 'http://kmsqa3:501/kms/lh/login'

2018-07-29 12:20:32 - [MESSAGE][PASSED] - Viewport is set to new size with width = 1400 and height = 1000

2018-07-29 12:20:32 - [TEST_STEP][PASSED] - Statement - com.system.RolesHelper.getCm_En().Login_En(): Call Test Case 'Test Cases/LogIn_Tests/Languages/En/Login_Content_Manager_En_Test' successfully

2018-07-29 12:20:32 - [TEST_CASE][PASSED] - Test Cases/LogIn_Tests/Languages/En/Login_Content_Manager_En_Test: Test Cases/LogIn_Tests/Languages/En/Login_Content_Manager_En_Test

2018-07-29 12:20:32 - [TEST_STEP][PASSED] - Statement - com.system.RolesHelper.getCm_En().getLoginPage().fillUserNamePassword(): Text 'admin' is set on object 'password_txt'

2018-07-29 12:20:32 - [MESSAGE][PASSED] - Object 'Object Repository/Login_Page_OR/Visual/pass_Logo' is visible

2018-07-29 12:20:32 - [MESSAGE][PASSED] - Object 'Object Repository/Login_Page_OR/Visual/userName_Logo' is visible

2018-07-29 12:20:33 - [MESSAGE][PASSED] - Object 'span_userName' is visible

2018-07-29 12:20:33 - [MESSAGE][PASSED] - Object 'span_password' is visible

2018-07-29 12:20:33 - [MESSAGE][PASSED] - Object 'userName_txt' is visible

2018-07-29 12:20:34 - [MESSAGE][PASSED] - Text of object 'userName_txt' is cleared

2018-07-29 12:20:35 - [MESSAGE][PASSED] - Text 'admin' is set on object 'userName_txt'

2018-07-29 12:20:35 - [MESSAGE][PASSED] - Object 'password_txt' is visible

2018-07-29 12:20:36 - [MESSAGE][PASSED] - Text of object 'password_txt' is cleared

2018-07-29 12:20:36 - [MESSAGE][PASSED] - Text 'admin' is set on object 'password_txt'

2018-07-29 12:20:36 - [TEST_STEP][PASSED] - Statement - com.system.RolesHelper.getCm_En().getLoginPage().clickÐ¡hooseLanguage(): Object: 'link_lang' is clicked on

2018-07-29 12:20:37 - [MESSAGE][PASSED] - Text of object 'link_change_lang' is: 'Change Language'

2018-07-29 12:20:37 - [MESSAGE][PASSED] - Actual object 'true' and expected object 'true' are equal

2018-07-29 12:20:37 - [MESSAGE][WARNING] - Comparing Change Language texts : true

2018-07-29 12:20:37 - [MESSAGE][PASSED] - Object 'link_change_lang' is visible

2018-07-29 12:20:38 - [MESSAGE][PASSED] - Object: 'link_change_lang' is clicked on

2018-07-29 12:20:38 - [MESSAGE][PASSED] - Object 'caret_lang' is visible

2018-07-29 12:20:40 - [MESSAGE][PASSED] - Object: 'caret_lang' is clicked on

2018-07-29 12:20:40 - [MESSAGE][PASSED] - Text of object 'link_lang' is: 'English'

2018-07-29 12:20:40 - [MESSAGE][PASSED] - Actual object 'true' and expected object 'true' are equal

2018-07-29 12:20:40 - [MESSAGE][WARNING] - Comparing English texts : true

2018-07-29 12:20:40 - [MESSAGE][PASSED] - Object 'link_lang' is visible

2018-07-29 12:20:41 - [MESSAGE][PASSED] - Object: 'link_lang' is clicked on

2018-07-29 12:20:41 - [TEST_STEP][PASSED] - Statement - com.system.CompareImages.detailedComparison("login form", true): Taking screenshot successfully

2018-07-29 12:20:42 - [MESSAGE][PASSED] - Taking screenshot successfully
[[ATTACHMENT|D:\\kms_katalon\\kms_katalon_tests\\katalonGitTest\\img\\IE\\login form\\actual.png]]

2018-07-29 12:20:43 - [TEST_STEP][PASSED] - Statement - com.system.RolesHelper.getCm_En().getLoginPage().clickLogInWithUserNameAndPassword(): Object: 'auth_Login_button' is clicked on

2018-07-29 12:20:43 - [MESSAGE][PASSED] - Text of object 'auth_Login_button' is: 'LOGIN'

2018-07-29 12:20:43 - [MESSAGE][PASSED] - Actual object 'true' and expected object 'true' are equal

2018-07-29 12:20:43 - [MESSAGE][WARNING] - Comparing LOGIN texts : true

2018-07-29 12:20:43 - [MESSAGE][PASSED] - Object 'auth_Login_button' is visible

2018-07-29 12:20:45 - [MESSAGE][PASSED] - Object: 'auth_Login_button' is clicked on

2018-07-29 12:20:45 - [TEST_STEP][PASSED] - Statement - com.system.RolesHelper.getCm_En().getLoginPage().selectView(): Object: 'link_role' is clicked on

2018-07-29 12:20:45 - [MESSAGE][PASSED] - Text of object 'title_layout' is: 'CHOOSE A LAYOUT'

2018-07-29 12:20:45 - [MESSAGE][PASSED] - Actual object 'true' and expected object 'true' are equal

2018-07-29 12:20:45 - [MESSAGE][WARNING] - Comparing CHOOSE A LAYOUT texts : true

2018-07-29 12:20:45 - [MESSAGE][PASSED] - Object 'dropDown_roles' is visible

2018-07-29 12:20:46 - [MESSAGE][PASSED] - Object: 'dropDown_roles' is clicked on

2018-07-29 12:20:46 - [MESSAGE][PASSED] - Text of object 'link_role' is: 'Content Manager'

2018-07-29 12:20:46 - [MESSAGE][PASSED] - Actual object 'true' and expected object 'true' are equal

2018-07-29 12:20:46 - [MESSAGE][WARNING] - Comparing Content Manager texts : true

2018-07-29 12:20:46 - [MESSAGE][PASSED] - Object 'link_role' is visible

2018-07-29 12:20:47 - [MESSAGE][PASSED] - Object: 'link_role' is clicked on

2018-07-29 12:20:47 - [TEST_STEP][PASSED] - Statement - com.system.CompareImages.detailedComparison("chosing role form", true): Comparing  D:\kms_katalon\kms_katalon_tests\katalonGitTest\img\IE\chosing role form\desired.png image : true

2018-07-29 12:20:47 - [MESSAGE][PASSED] - Taking screenshot successfully
[[ATTACHMENT|D:\\kms_katalon\\kms_katalon_tests\\katalonGitTest\\img\\IE\\chosing role form\\actual.png]]

2018-07-29 12:20:48 - [MESSAGE][WARNING] - Comparing  D:\kms_katalon\kms_katalon_tests\katalonGitTest\img\IE\chosing role form\desired.png image : true

2018-07-29 12:20:48 - [TEST_STEP][PASSED] - Statement - com.system.RolesHelper.getCm_En().getLoginPage().enterToKms(): Keys 'ENTER + ' sent to object: 'login_Kms_button'

2018-07-29 12:20:49 - [MESSAGE][PASSED] - Text of object 'login_Kms_button' is: 'LOGIN'

2018-07-29 12:20:49 - [MESSAGE][PASSED] - Actual object 'true' and expected object 'true' are equal

2018-07-29 12:20:49 - [MESSAGE][WARNING] - Comparing LOGIN texts : true

2018-07-29 12:20:49 - [MESSAGE][PASSED] - Object 'login_Kms_button' is visible

2018-07-29 12:20:49 - [MESSAGE][PASSED] - Keys 'ENTER + ' sent to object: 'login_Kms_button'

2018-07-29 12:20:49 - [MESSAGE][PASSED] - Call Test Case 'Test Cases/LogIn_Tests/Languages/En/Login_Content_Manager_En_Test' successfully

2018-07-29 12:20:49 - [TEST_STEP][PASSED] - Statement - com.system.RolesHelper.getCm_En().getItemsTree().newItemAction(): Object 'btn_create_new_item' is visible

2018-07-29 12:20:55 - [MESSAGE][PASSED] - Object 'progress' is present

2018-07-29 12:20:56 - [MESSAGE][WARNING] - Object 'progress' is visible after 1 second(s)

2018-07-29 12:20:57 - [MESSAGE][PASSED] - Delayed 1 second(s)

2018-07-29 12:20:59 - [MESSAGE][WARNING] - Object 'progress' is visible after 1 second(s)

2018-07-29 12:21:00 - [MESSAGE][PASSED] - Delayed 1 second(s)

2018-07-29 12:21:01 - [MESSAGE][WARNING] - Object 'progress' is visible after 1 second(s)

2018-07-29 12:21:02 - [MESSAGE][PASSED] - Delayed 1 second(s)

2018-07-29 12:21:03 - [MESSAGE][PASSED] - Object 'progress' is NOT visible

2018-07-29 12:21:03 - [MESSAGE][PASSED] - Object 'a_last_folder_in_cm_tree' is visible

2018-07-29 12:21:03 - [MESSAGE][PASSED] - Object: 'a_last_folder_in_cm_tree' is hovered

2018-07-29 12:21:04 - [MESSAGE][PASSED] - Object: 'a_last_folder_in_cm_tree' is right clicked on

2018-07-29 12:21:04 - [MESSAGE][PASSED] - Object 'li_new_item' is visible

2018-07-29 12:21:04 - [MESSAGE][PASSED] - Object 'progress' is present

2018-07-29 12:21:04 - [MESSAGE][PASSED] - Object 'progress' is NOT visible

2018-07-29 12:21:04 - [MESSAGE][PASSED] - Object 'li_new_item' is visible

2018-07-29 12:21:05 - [MESSAGE][PASSED] - Object: 'li_new_item' is hovered

2018-07-29 12:21:07 - [MESSAGE][PASSED] - Object: 'li_new_item' is clicked on

2018-07-29 12:21:07 - [MESSAGE][PASSED] - Object 'btn_create_new_item' is visible

2018-07-29 12:21:07 - [TEST_STEP][PASSED] - Statement - com.system.RolesHelper.getCm_En().getGeneral().chooseTemplateByTyping(true): Taking screenshot successfully

2018-07-29 12:21:08 - [MESSAGE][PASSED] - Delayed 1 second(s)

2018-07-29 12:21:08 - [MESSAGE][PASSED] - Object 'progress' is present

2018-07-29 12:21:08 - [MESSAGE][PASSED] - Object 'progress' is NOT visible

2018-07-29 12:21:13 - [MESSAGE][WARNING] - Web element with id: 'txt_create_item_template' located by 'By.xpath: //input[@id = 'cm-tree-item-create-dialog-dtd-filter' and @type = 'text']' not found

2018-07-29 12:21:21 - [MESSAGE][FAILED] - Unable to click on object 'txt_create_item_template' (Root cause: com.kms.katalon.core.webui.exception.WebElementNotFoundException: Web element with id: 'txt_create_item_template' located by 'By.xpath: //input[@id = 'cm-tree-item-create-dialog-dtd-filter' and @type = 'text']' not found)

2018-07-29 12:21:29 - [MESSAGE][WARNING] - Unable to scroll to object 'txt_create_item_template' (Root cause: com.kms.katalon.core.webui.exception.WebElementNotFoundException: Web element with id: 'txt_create_item_template' located by 'By.xpath: //input[@id = 'cm-tree-item-create-dialog-dtd-filter' and @type = 'text']' not found)

2018-07-29 12:21:37 - [MESSAGE][FAILED] - Unable to click on object 'txt_create_item_template' (Root cause: com.kms.katalon.core.webui.exception.WebElementNotFoundException: Web element with id: 'txt_create_item_template' located by 'By.xpath: //input[@id = 'cm-tree-item-create-dialog-dtd-filter' and @type = 'text']' not found)

2018-07-29 12:21:38 - [MESSAGE][PASSED] - Delayed 1 second(s)

2018-07-29 12:21:39 - [MESSAGE][PASSED] - Delayed 1 second(s)

2018-07-29 12:21:39 - [MESSAGE][PASSED] - Object 'progress' is present

2018-07-29 12:21:39 - [MESSAGE][PASSED] - Object 'progress' is NOT visible

2018-07-29 12:21:44 - [MESSAGE][WARNING] - Web element with id: 'txt_create_item_template' located by 'By.xpath: //input[@id = 'cm-tree-item-create-dialog-dtd-filter' and @type = 'text']' not found

2018-07-29 12:21:52 - [MESSAGE][FAILED] - Unable to click on object 'txt_create_item_template' (Root cause: com.kms.katalon.core.webui.exception.WebElementNotFoundException: Web element with id: 'txt_create_item_template' located by 'By.xpath: //input[@id = 'cm-tree-item-create-dialog-dtd-filter' and @type = 'text']' not found)

2018-07-29 12:22:00 - [MESSAGE][WARNING] - Unable to scroll to object 'txt_create_item_template' (Root cause: com.kms.katalon.core.webui.exception.WebElementNotFoundException: Web element with id: 'txt_create_item_template' located by 'By.xpath: //input[@id = 'cm-tree-item-create-dialog-dtd-filter' and @type = 'text']' not found)

2018-07-29 12:22:08 - [MESSAGE][FAILED] - Unable to click on object 'txt_create_item_template' (Root cause: com.kms.katalon.core.webui.exception.WebElementNotFoundException: Web element with id: 'txt_create_item_template' located by 'By.xpath: //input[@id = 'cm-tree-item-create-dialog-dtd-filter' and @type = 'text']' not found)

2018-07-29 12:22:08 - [MESSAGE][PASSED] - Taking screenshot successfully
[[ATTACHMENT|D:\\kms_katalon\\kms_katalon_tests\\katalonGitTest\\Reports\\general\\20180729_122014\\Reports/IE_DRIVER/Unable_to_click_on_object_'txt_create_item_template'_(Root_cause__com.kms.katalon.core.webui.exception.WebElementNotFoundException__Web_element_with_id__'txt_create_item_template'_located_by_'By.xpath____input[@id_=_'cm-.png]]

2018-07-29 12:22:08 - [TEST_STEP][PASSED] - Start listener action : afterTestCase: Invoke 'com.kms.katalon.core.annotation.AfterTestCase' method: 'BaseTest.afterTestCase(...)' completed.

2018-07-29 12:22:08 - [TEST_STEP][PASSED] - switchToDefaultContent: Switching to default content

2018-07-29 12:22:08 - [TEST_STEP][PASSED] - Statement - dir = "C:\Users\fed86\AppData\Local\Temp": null

2018-07-29 12:22:08 - [TEST_STEP][PASSED] - Statement - f = new java.io.File(dir): null

2018-07-29 12:22:08 - [TEST_STEP][PASSED] - Statement - files = f.listFiles(): null

2018-07-29 12:22:08 - [TEST_STEP][PASSED] - Statement - lowercaseName = "": null

2018-07-29 12:22:08 - [TEST_STEP][PASSED] - Statement - For (File file : files): Invoke 'com.kms.katalon.core.annotation.AfterTestCase' method: 'BaseTest.afterTestCase(...)' completed.

2018-07-29 12:22:08 - [TEST_STEP][PASSED] - Statement - Try: null

2018-07-29 12:22:08 - [TEST_STEP][PASSED] - Statement - lowercaseName = name.toLowerCase(): null

2018-07-29 12:22:08 - [TEST_STEP][PASSED] - Statement - If (lowercaseName.startsWith("katalon") || lowercaseName.startsWith("anonymous") || lowercaseName.startsWith("scoped")): null

2018-07-29 12:22:08 - [TEST_STEP][PASSED] - Statement - Try: null

2018-07-29 12:22:08 - [TEST_STEP][PASSED] - Statement - lowercaseName = name.toLowerCase(): null

2018-07-29 12:22:08 - [TEST_STEP][PASSED] - Statement - If (lowercaseName.startsWith("katalon") || lowercaseName.startsWith("anonymous") || lowercaseName.startsWith("scoped")): null

2018-07-29 12:22:08 - [TEST_STEP][PASSED] - Statement - Try: null

2018-07-29 12:22:08 - [TEST_STEP][PASSED] - Statement - lowercaseName = name.toLowerCase(): null

2018-07-29 12:22:08 - [TEST_STEP][PASSED] - Statement - If (lowercaseName.startsWith("katalon") || lowercaseName.startsWith("anonymous") || lowercaseName.startsWith("scoped")): null

2018-07-29 12:22:08 - [TEST_STEP][PASSED] - Statement - Try: null

2018-07-29 12:22:08 - [TEST_STEP][PASSED] - Statement - lowercaseName = name.toLowerCase(): null

2018-07-29 12:22:08 - [TEST_STEP][PASSED] - Statement - If (lowercaseName.startsWith("katalon") || lowercaseName.startsWith("anonymous") || lowercaseName.startsWith("scoped")): null

2018-07-29 12:22:08 - [TEST_STEP][PASSED] - Statement - Try: null

2018-07-29 12:22:08 - [TEST_STEP][PASSED] - Statement - lowercaseName = name.toLowerCase(): null

2018-07-29 12:22:08 - [TEST_STEP][PASSED] - Statement - If (lowercaseName.startsWith("katalon") || lowercaseName.startsWith("anonymous") || lowercaseName.startsWith("scoped")): null

2018-07-29 12:22:08 - [TEST_STEP][PASSED] - Statement - Try: null

2018-07-29 12:22:08 - [TEST_STEP][PASSED] - Statement - lowercaseName = name.toLowerCase(): null

2018-07-29 12:22:08 - [TEST_STEP][PASSED] - Statement - If (lowercaseName.startsWith("katalon") || lowercaseName.startsWith("anonymous") || lowercaseName.startsWith("scoped")): null

2018-07-29 12:22:08 - [TEST_STEP][PASSED] - Statement - Try: null

2018-07-29 12:22:08 - [TEST_STEP][PASSED] - Statement - lowercaseName = name.toLowerCase(): null

2018-07-29 12:22:08 - [TEST_STEP][PASSED] - Statement - If (lowercaseName.startsWith("katalon") || lowercaseName.startsWith("anonymous") || lowercaseName.startsWith("scoped")): null

2018-07-29 12:22:08 - [TEST_STEP][PASSED] - Statement - Try: null

2018-07-29 12:22:08 - [TEST_STEP][PASSED] - Statement - lowercaseName = name.toLowerCase(): null

2018-07-29 12:22:08 - [TEST_STEP][PASSED] - Statement - If (lowercaseName.startsWith("katalon") || lowercaseName.startsWith("anonymous") || lowercaseName.startsWith("scoped")): null

2018-07-29 12:22:08 - [TEST_STEP][PASSED] - Statement - Try: null

2018-07-29 12:22:08 - [TEST_STEP][PASSED] - Statement - lowercaseName = name.toLowerCase(): null

2018-07-29 12:22:08 - [TEST_STEP][PASSED] - Statement - If (lowercaseName.startsWith("katalon") || lowercaseName.startsWith("anonymous") || lowercaseName.startsWith("scoped")): null

2018-07-29 12:22:08 - [TEST_STEP][PASSED] - Statement - Try: null

2018-07-29 12:22:08 - [TEST_STEP][PASSED] - Statement - lowercaseName = name.toLowerCase(): null

2018-07-29 12:22:08 - [TEST_STEP][PASSED] - Statement - If (lowercaseName.startsWith("katalon") || lowercaseName.startsWith("anonymous") || lowercaseName.startsWith("scoped")): null

2018-07-29 12:22:08 - [TEST_STEP][PASSED] - Statement - Try: null

2018-07-29 12:22:08 - [TEST_STEP][PASSED] - Statement - lowercaseName = name.toLowerCase(): null

2018-07-29 12:22:08 - [TEST_STEP][PASSED] - Statement - If (lowercaseName.startsWith("katalon") || lowercaseName.startsWith("anonymous") || lowercaseName.startsWith("scoped")): null

2018-07-29 12:22:08 - [TEST_STEP][PASSED] - Statement - Try: null

2018-07-29 12:22:08 - [TEST_STEP][PASSED] - Statement - lowercaseName = name.toLowerCase(): null

2018-07-29 12:22:08 - [TEST_STEP][PASSED] - Statement - If (lowercaseName.startsWith("katalon") || lowercaseName.startsWith("anonymous") || lowercaseName.startsWith("scoped")): null

2018-07-29 12:22:08 - [TEST_STEP][PASSED] - Statement - Try: null

2018-07-29 12:22:08 - [TEST_STEP][PASSED] - Statement - lowercaseName = name.toLowerCase(): null

2018-07-29 12:22:08 - [TEST_STEP][PASSED] - Statement - If (lowercaseName.startsWith("katalon") || lowercaseName.startsWith("anonymous") || lowercaseName.startsWith("scoped")): null

2018-07-29 12:22:08 - [TEST_STEP][PASSED] - Statement - Try: null

2018-07-29 12:22:08 - [TEST_STEP][PASSED] - Statement - lowercaseName = name.toLowerCase(): null

2018-07-29 12:22:08 - [TEST_STEP][PASSED] - Statement - If (lowercaseName.startsWith("katalon") || lowercaseName.startsWith("anonymous") || lowercaseName.startsWith("scoped")): null

2018-07-29 12:22:08 - [TEST_STEP][PASSED] - Statement - Try: null

2018-07-29 12:22:08 - [TEST_STEP][PASSED] - Statement - lowercaseName = name.toLowerCase(): null

2018-07-29 12:22:08 - [TEST_STEP][PASSED] - Statement - If (lowercaseName.startsWith("katalon") || lowercaseName.startsWith("anonymous") || lowercaseName.startsWith("scoped")): null

2018-07-29 12:22:08 - [TEST_STEP][PASSED] - Statement - Try: null

2018-07-29 12:22:08 - [TEST_STEP][PASSED] - Statement - lowercaseName = name.toLowerCase(): null

2018-07-29 12:22:08 - [TEST_STEP][PASSED] - Statement - If (lowercaseName.startsWith("katalon") || lowercaseName.startsWith("anonymous") || lowercaseName.startsWith("scoped")): null

2018-07-29 12:22:08 - [TEST_STEP][PASSED] - Statement - Try: null

2018-07-29 12:22:08 - [TEST_STEP][PASSED] - Statement - lowercaseName = name.toLowerCase(): null

2018-07-29 12:22:08 - [TEST_STEP][PASSED] - Statement - If (lowercaseName.startsWith("katalon") || lowercaseName.startsWith("anonymous") || lowercaseName.startsWith("scoped")): null

2018-07-29 12:22:08 - [TEST_STEP][PASSED] - Statement - Try: null

2018-07-29 12:22:08 - [TEST_STEP][PASSED] - Statement - lowercaseName = name.toLowerCase(): null

2018-07-29 12:22:08 - [TEST_STEP][PASSED] - Statement - If (lowercaseName.startsWith("katalon") || lowercaseName.startsWith("anonymous") || lowercaseName.startsWith("scoped")): null

2018-07-29 12:22:08 - [TEST_STEP][PASSED] - Statement - Try: null

2018-07-29 12:22:08 - [TEST_STEP][PASSED] - Statement - lowercaseName = name.toLowerCase(): null

2018-07-29 12:22:08 - [TEST_STEP][PASSED] - Statement - If (lowercaseName.startsWith("katalon") || lowercaseName.startsWith("anonymous") || lowercaseName.startsWith("scoped")): null

2018-07-29 12:22:08 - [TEST_STEP][PASSED] - Statement - Try: null

2018-07-29 12:22:08 - [TEST_STEP][PASSED] - Statement - lowercaseName = name.toLowerCase(): null

2018-07-29 12:22:08 - [TEST_STEP][PASSED] - Statement - If (lowercaseName.startsWith("katalon") || lowercaseName.startsWith("anonymous") || lowercaseName.startsWith("scoped")): null

2018-07-29 12:22:08 - [TEST_STEP][PASSED] - Statement - Try: null

2018-07-29 12:22:08 - [TEST_STEP][PASSED] - Statement - lowercaseName = name.toLowerCase(): null

2018-07-29 12:22:08 - [TEST_STEP][PASSED] - Statement - If (lowercaseName.startsWith("katalon") || lowercaseName.startsWith("anonymous") || lowercaseName.startsWith("scoped")): null

2018-07-29 12:22:08 - [TEST_STEP][PASSED] - Statement - Try: null

2018-07-29 12:22:08 - [TEST_STEP][PASSED] - Statement - lowercaseName = name.toLowerCase(): null

2018-07-29 12:22:08 - [TEST_STEP][PASSED] - Statement - If (lowercaseName.startsWith("katalon") || lowercaseName.startsWith("anonymous") || lowercaseName.startsWith("scoped")): null

2018-07-29 12:22:08 - [TEST_STEP][PASSED] - Statement - Try: null

2018-07-29 12:22:08 - [TEST_STEP][PASSED] - Statement - lowercaseName = name.toLowerCase(): null

2018-07-29 12:22:08 - [TEST_STEP][PASSED] - Statement - If (lowercaseName.startsWith("katalon") || lowercaseName.startsWith("anonymous") || lowercaseName.startsWith("scoped")): null

2018-07-29 12:22:08 - [TEST_STEP][PASSED] - Statement - Try: null

2018-07-29 12:22:08 - [TEST_STEP][PASSED] - Statement - lowercaseName = name.toLowerCase(): null

2018-07-29 12:22:08 - [TEST_STEP][PASSED] - Statement - If (lowercaseName.startsWith("katalon") || lowercaseName.startsWith("anonymous") || lowercaseName.startsWith("scoped")): null

2018-07-29 12:22:08 - [TEST_STEP][PASSED] - Statement - Try: null

2018-07-29 12:22:08 - [TEST_STEP][PASSED] - Statement - lowercaseName = name.toLowerCase(): null

2018-07-29 12:22:08 - [TEST_STEP][PASSED] - Statement - If (lowercaseName.startsWith("katalon") || lowercaseName.startsWith("anonymous") || lowercaseName.startsWith("scoped")): null

2018-07-29 12:22:08 - [TEST_STEP][PASSED] - Statement - Try: null

2018-07-29 12:22:08 - [TEST_STEP][PASSED] - Statement - lowercaseName = name.toLowerCase(): null

2018-07-29 12:22:08 - [TEST_STEP][PASSED] - Statement - If (lowercaseName.startsWith("katalon") || lowercaseName.startsWith("anonymous") || lowercaseName.startsWith("scoped")): null

2018-07-29 12:22:08 - [TEST_STEP][PASSED] - Statement - Catch (Exception e): null

2018-07-29 12:22:08 - [TEST_STEP][PASSED] - Statement - Try: null

2018-07-29 12:22:08 - [TEST_STEP][PASSED] - Statement - lowercaseName = name.toLowerCase(): null

2018-07-29 12:22:08 - [TEST_STEP][PASSED] - Statement - If (lowercaseName.startsWith("katalon") || lowercaseName.startsWith("anonymous") || lowercaseName.startsWith("scoped")): null

2018-07-29 12:22:08 - [TEST_STEP][PASSED] - Statement - Try: null

2018-07-29 12:22:08 - [TEST_STEP][PASSED] - Statement - lowercaseName = name.toLowerCase(): null

2018-07-29 12:22:08 - [TEST_STEP][PASSED] - Statement - If (lowercaseName.startsWith("katalon") || lowercaseName.startsWith("anonymous") || lowercaseName.startsWith("scoped")): null

2018-07-29 12:22:08 - [TEST_STEP][PASSED] - Statement - Try: null

2018-07-29 12:22:08 - [TEST_STEP][PASSED] - Statement - lowercaseName = name.toLowerCase(): null

2018-07-29 12:22:08 - [TEST_STEP][PASSED] - Statement - If (lowercaseName.startsWith("katalon") || lowercaseName.startsWith("anonymous") || lowercaseName.startsWith("scoped")): null

2018-07-29 12:22:08 - [TEST_STEP][PASSED] - Statement - Try: null

2018-07-29 12:22:08 - [TEST_STEP][PASSED] - Statement - lowercaseName = name.toLowerCase(): null

2018-07-29 12:22:08 - [TEST_STEP][PASSED] - Statement - If (lowercaseName.startsWith("katalon") || lowercaseName.startsWith("anonymous") || lowercaseName.startsWith("scoped")): null

2018-07-29 12:22:08 - [TEST_STEP][PASSED] - Statement - Try: null

2018-07-29 12:22:08 - [TEST_STEP][PASSED] - Statement - lowercaseName = name.toLowerCase(): null

2018-07-29 12:22:08 - [TEST_STEP][PASSED] - Statement - If (lowercaseName.startsWith("katalon") || lowercaseName.startsWith("anonymous") || lowercaseName.startsWith("scoped")): null

2018-07-29 12:22:08 - [TEST_STEP][PASSED] - Statement - Try: null

2018-07-29 12:22:08 - [TEST_STEP][PASSED] - Statement - lowercaseName = name.toLowerCase(): null

2018-07-29 12:22:08 - [TEST_STEP][PASSED] - Statement - If (lowercaseName.startsWith("katalon") || lowercaseName.startsWith("anonymous") || lowercaseName.startsWith("scoped")): null

2018-07-29 12:22:08 - [TEST_STEP][PASSED] - Statement - Try: null

2018-07-29 12:22:08 - [TEST_STEP][PASSED] - Statement - lowercaseName = name.toLowerCase(): null

2018-07-29 12:22:08 - [TEST_STEP][PASSED] - Statement - If (lowercaseName.startsWith("katalon") || lowercaseName.startsWith("anonymous") || lowercaseName.startsWith("scoped")): null

2018-07-29 12:22:08 - [TEST_STEP][PASSED] - Statement - Try: null

2018-07-29 12:22:08 - [TEST_STEP][PASSED] - Statement - lowercaseName = name.toLowerCase(): null

2018-07-29 12:22:08 - [TEST_STEP][PASSED] - Statement - If (lowercaseName.startsWith("katalon") || lowercaseName.startsWith("anonymous") || lowercaseName.startsWith("scoped")): null

2018-07-29 12:22:08 - [TEST_STEP][PASSED] - Statement - Try: null

2018-07-29 12:22:08 - [TEST_STEP][PASSED] - Statement - lowercaseName = name.toLowerCase(): null

2018-07-29 12:22:08 - [TEST_STEP][PASSED] - Statement - If (lowercaseName.startsWith("katalon") || lowercaseName.startsWith("anonymous") || lowercaseName.startsWith("scoped")): null

2018-07-29 12:22:09 - [TEST_STEP][PASSED] - Statement - Catch (Exception e): null

2018-07-29 12:22:09 - [TEST_STEP][PASSED] - Statement - Try: null

2018-07-29 12:22:09 - [TEST_STEP][PASSED] - Statement - lowercaseName = name.toLowerCase(): null

2018-07-29 12:22:09 - [TEST_STEP][PASSED] - Statement - If (lowercaseName.startsWith("katalon") || lowercaseName.startsWith("anonymous") || lowercaseName.startsWith("scoped")): null

2018-07-29 12:22:09 - [TEST_STEP][PASSED] - Statement - Catch (Exception e): null

2018-07-29 12:22:09 - [TEST_STEP][PASSED] - Statement - Try: null

2018-07-29 12:22:09 - [TEST_STEP][PASSED] - Statement - lowercaseName = name.toLowerCase(): null

2018-07-29 12:22:09 - [TEST_STEP][PASSED] - Statement - If (lowercaseName.startsWith("katalon") || lowercaseName.startsWith("anonymous") || lowercaseName.startsWith("scoped")): null

2018-07-29 12:22:09 - [TEST_STEP][PASSED] - Statement - Try: null

2018-07-29 12:22:09 - [TEST_STEP][PASSED] - Statement - lowercaseName = name.toLowerCase(): null

2018-07-29 12:22:09 - [TEST_STEP][PASSED] - Statement - If (lowercaseName.startsWith("katalon") || lowercaseName.startsWith("anonymous") || lowercaseName.startsWith("scoped")): null

2018-07-29 12:22:09 - [TEST_STEP][PASSED] - Statement - Try: null

2018-07-29 12:22:09 - [TEST_STEP][PASSED] - Statement - lowercaseName = name.toLowerCase(): null

2018-07-29 12:22:09 - [TEST_STEP][PASSED] - Statement - If (lowercaseName.startsWith("katalon") || lowercaseName.startsWith("anonymous") || lowercaseName.startsWith("scoped")): null

2018-07-29 12:22:09 - [TEST_STEP][PASSED] - Statement - Try: null

2018-07-29 12:22:09 - [TEST_STEP][PASSED] - Statement - lowercaseName = name.toLowerCase(): null

2018-07-29 12:22:09 - [TEST_STEP][PASSED] - Statement - If (lowercaseName.startsWith("katalon") || lowercaseName.startsWith("anonymous") || lowercaseName.startsWith("scoped")): null

2018-07-29 12:22:09 - [TEST_STEP][PASSED] - Statement - Try: null

2018-07-29 12:22:09 - [TEST_STEP][PASSED] - Statement - lowercaseName = name.toLowerCase(): null

2018-07-29 12:22:09 - [TEST_STEP][PASSED] - Statement - If (lowercaseName.startsWith("katalon") || lowercaseName.startsWith("anonymous") || lowercaseName.startsWith("scoped")): null

2018-07-29 12:22:09 - [TEST_STEP][PASSED] - Statement - Try: null

2018-07-29 12:22:09 - [TEST_STEP][PASSED] - Statement - lowercaseName = name.toLowerCase(): null

2018-07-29 12:22:09 - [TEST_STEP][PASSED] - Statement - If (lowercaseName.startsWith("katalon") || lowercaseName.startsWith("anonymous") || lowercaseName.startsWith("scoped")): null

2018-07-29 12:22:09 - [TEST_STEP][PASSED] - Statement - Try: null

2018-07-29 12:22:09 - [TEST_STEP][PASSED] - Statement - lowercaseName = name.toLowerCase(): null

2018-07-29 12:22:09 - [TEST_STEP][PASSED] - Statement - If (lowercaseName.startsWith("katalon") || lowercaseName.startsWith("anonymous") || lowercaseName.startsWith("scoped")): null

2018-07-29 12:22:09 - [TEST_STEP][PASSED] - Statement - Try: null

2018-07-29 12:22:09 - [TEST_STEP][PASSED] - Statement - lowercaseName = name.toLowerCase(): null

2018-07-29 12:22:09 - [TEST_STEP][PASSED] - Statement - If (lowercaseName.startsWith("katalon") || lowercaseName.startsWith("anonymous") || lowercaseName.startsWith("scoped")): null

2018-07-29 12:22:09 - [TEST_STEP][PASSED] - Statement - Try: null

2018-07-29 12:22:09 - [TEST_STEP][PASSED] - Statement - lowercaseName = name.toLowerCase(): null

2018-07-29 12:22:09 - [TEST_STEP][PASSED] - Statement - If (lowercaseName.startsWith("katalon") || lowercaseName.startsWith("anonymous") || lowercaseName.startsWith("scoped")): null

2018-07-29 12:22:09 - [TEST_STEP][PASSED] - Statement - Try: null

2018-07-29 12:22:09 - [TEST_STEP][PASSED] - Statement - lowercaseName = name.toLowerCase(): null

2018-07-29 12:22:09 - [TEST_STEP][PASSED] - Statement - If (lowercaseName.startsWith("katalon") || lowercaseName.startsWith("anonymous") || lowercaseName.startsWith("scoped")): null

2018-07-29 12:22:09 - [TEST_STEP][PASSED] - Statement - Try: null

2018-07-29 12:22:09 - [TEST_STEP][PASSED] - Statement - lowercaseName = name.toLowerCase(): null

2018-07-29 12:22:09 - [TEST_STEP][PASSED] - Statement - If (lowercaseName.startsWith("katalon") || lowercaseName.startsWith("anonymous") || lowercaseName.startsWith("scoped")): null

2018-07-29 12:22:09 - [TEST_STEP][PASSED] - Statement - Try: null

2018-07-29 12:22:09 - [TEST_STEP][PASSED] - Statement - lowercaseName = name.toLowerCase(): null

2018-07-29 12:22:09 - [TEST_STEP][PASSED] - Statement - If (lowercaseName.startsWith("katalon") || lowercaseName.startsWith("anonymous") || lowercaseName.startsWith("scoped")): null

2018-07-29 12:22:09 - [TEST_STEP][PASSED] - Statement - Try: null

2018-07-29 12:22:09 - [TEST_STEP][PASSED] - Statement - lowercaseName = name.toLowerCase(): null

2018-07-29 12:22:09 - [TEST_STEP][PASSED] - Statement - If (lowercaseName.startsWith("katalon") || lowercaseName.startsWith("anonymous") || lowercaseName.startsWith("scoped")): null

2018-07-29 12:22:09 - [TEST_STEP][PASSED] - Statement - Try: null

2018-07-29 12:22:09 - [TEST_STEP][PASSED] - Statement - lowercaseName = name.toLowerCase(): null

2018-07-29 12:22:09 - [TEST_STEP][PASSED] - Statement - If (lowercaseName.startsWith("katalon") || lowercaseName.startsWith("anonymous") || lowercaseName.startsWith("scoped")): null

2018-07-29 12:22:09 - [TEST_STEP][PASSED] - Statement - Try: null

2018-07-29 12:22:09 - [TEST_STEP][PASSED] - Statement - lowercaseName = name.toLowerCase(): null

2018-07-29 12:22:09 - [TEST_STEP][PASSED] - Statement - If (lowercaseName.startsWith("katalon") || lowercaseName.startsWith("anonymous") || lowercaseName.startsWith("scoped")): null

2018-07-29 12:22:09 - [TEST_STEP][PASSED] - Statement - Try: null

2018-07-29 12:22:09 - [TEST_STEP][PASSED] - Statement - lowercaseName = name.toLowerCase(): null

2018-07-29 12:22:09 - [TEST_STEP][PASSED] - Statement - If (lowercaseName.startsWith("katalon") || lowercaseName.startsWith("anonymous") || lowercaseName.startsWith("scoped")): null

2018-07-29 12:22:09 - [TEST_STEP][PASSED] - Statement - Try: null

2018-07-29 12:22:09 - [TEST_STEP][PASSED] - Statement - lowercaseName = name.toLowerCase(): null

2018-07-29 12:22:09 - [TEST_STEP][PASSED] - Statement - If (lowercaseName.startsWith("katalon") || lowercaseName.startsWith("anonymous") || lowercaseName.startsWith("scoped")): null

2018-07-29 12:22:09 - [TEST_STEP][PASSED] - Statement - Try: null

2018-07-29 12:22:09 - [TEST_STEP][PASSED] - Statement - lowercaseName = name.toLowerCase(): null

2018-07-29 12:22:09 - [TEST_STEP][PASSED] - Statement - If (lowercaseName.startsWith("katalon") || lowercaseName.startsWith("anonymous") || lowercaseName.startsWith("scoped")): null

2018-07-29 12:22:09 - [TEST_STEP][PASSED] - Statement - Try: null

2018-07-29 12:22:09 - [TEST_STEP][PASSED] - Statement - lowercaseName = name.toLowerCase(): null

2018-07-29 12:22:09 - [TEST_STEP][PASSED] - Statement - If (lowercaseName.startsWith("katalon") || lowercaseName.startsWith("anonymous") || lowercaseName.startsWith("scoped")): null

2018-07-29 12:22:09 - [TEST_STEP][PASSED] - Statement - Try: null

2018-07-29 12:22:09 - [TEST_STEP][PASSED] - Statement - lowercaseName = name.toLowerCase(): null

2018-07-29 12:22:09 - [TEST_STEP][PASSED] - Statement - If (lowercaseName.startsWith("katalon") || lowercaseName.startsWith("anonymous") || lowercaseName.startsWith("scoped")): null

2018-07-29 12:22:09 - [TEST_STEP][PASSED] - Statement - Try: null

2018-07-29 12:22:09 - [TEST_STEP][PASSED] - Statement - lowercaseName = name.toLowerCase(): null

2018-07-29 12:22:09 - [TEST_STEP][PASSED] - Statement - If (lowercaseName.startsWith("katalon") || lowercaseName.startsWith("anonymous") || lowercaseName.startsWith("scoped")): null

2018-07-29 12:22:09 - [TEST_STEP][PASSED] - Statement - Try: null

2018-07-29 12:22:09 - [TEST_STEP][PASSED] - Statement - lowercaseName = name.toLowerCase(): null

2018-07-29 12:22:09 - [TEST_STEP][PASSED] - Statement - If (lowercaseName.startsWith("katalon") || lowercaseName.startsWith("anonymous") || lowercaseName.startsWith("scoped")): null

2018-07-29 12:22:09 - [TEST_STEP][PASSED] - Statement - Try: null

2018-07-29 12:22:09 - [TEST_STEP][PASSED] - Statement - lowercaseName = name.toLowerCase(): null

2018-07-29 12:22:09 - [TEST_STEP][PASSED] - Statement - If (lowercaseName.startsWith("katalon") || lowercaseName.startsWith("anonymous") || lowercaseName.startsWith("scoped")): null

2018-07-29 12:22:09 - [TEST_STEP][PASSED] - Statement - Try: null

2018-07-29 12:22:09 - [TEST_STEP][PASSED] - Statement - lowercaseName = name.toLowerCase(): null

2018-07-29 12:22:09 - [TEST_STEP][PASSED] - Statement - If (lowercaseName.startsWith("katalon") || lowercaseName.startsWith("anonymous") || lowercaseName.startsWith("scoped")): null

2018-07-29 12:22:09 - [TEST_STEP][PASSED] - Statement - Try: null

2018-07-29 12:22:09 - [TEST_STEP][PASSED] - Statement - lowercaseName = name.toLowerCase(): null

2018-07-29 12:22:09 - [TEST_STEP][PASSED] - Statement - If (lowercaseName.startsWith("katalon") || lowercaseName.startsWith("anonymous") || lowercaseName.startsWith("scoped")): null

2018-07-29 12:22:09 - [TEST_STEP][PASSED] - Statement - Try: null

2018-07-29 12:22:09 - [TEST_STEP][PASSED] - Statement - lowercaseName = name.toLowerCase(): null

2018-07-29 12:22:09 - [TEST_STEP][PASSED] - Statement - If (lowercaseName.startsWith("katalon") || lowercaseName.startsWith("anonymous") || lowercaseName.startsWith("scoped")): null

2018-07-29 12:22:09 - [TEST_STEP][PASSED] - Statement - Try: Invoke 'com.kms.katalon.core.annotation.AfterTestCase' method: 'BaseTest.afterTestCase(...)' completed.

2018-07-29 12:22:09 - [TEST_STEP][PASSED] - Statement - lowercaseName = name.toLowerCase(): null

2018-07-29 12:22:09 - [TEST_STEP][PASSED] - Statement - If (lowercaseName.startsWith("katalon") || lowercaseName.startsWith("anonymous") || lowercaseName.startsWith("scoped")): Invoke 'com.kms.katalon.core.annotation.AfterTestCase' method: 'BaseTest.afterTestCase(...)' completed.]]></system-out>
         <system-err><![CDATA[2018-07-29 12:20:22 - [TEST_CASE][ERROR] - Test Cases/Kms_Tests/Languages/En/Item_Creation/Create_delete_general_by_rightclick_Test_En: Test Cases/Kms_Tests/Languages/En/Item_Creation/Create_delete_general_by_rightclick_Test_En FAILED because (of) java.lang.Exception: Unable_to_click_on_object_'txt_create_item_template'_(Root_cause__com.kms.katalon.core.webui.exception.WebElementNotFoundException__Web_element_with_id__'txt_create_item_template'_located_by_'By.xpath____input[@id_=_'cm-]]></system-err>
      </testcase>
      <testcase name="Test Cases/Kms_Tests/Languages/En/Item_Creation/Create_general_Test_En" classname="Test Cases/Kms_Tests/Languages/En/Item_Creation/Create_general_Test_En" status="ERROR">
         <error type="ERROR" message="Test Cases/Kms_Tests/Languages/En/Item_Creation/Create_general_Test_En FAILED because (of) java.lang.Exception: Unable_to_clear_text_of_object_'userName_txt'_(Root_cause__com.kms.katalon.core.webui.exception.WebElementNotFoundException__Web_element_with_id__'userName_txt'_located_by_'By.xpath____input[@id_=_'login-username']'_not_"/>
         <system-out><![CDATA[2018-07-29 12:22:09 - [TEST_CASE][ERROR] - Test Cases/Kms_Tests/Languages/En/Item_Creation/Create_general_Test_En: Test Cases/Kms_Tests/Languages/En/Item_Creation/Create_general_Test_En FAILED because (of) java.lang.Exception: Unable_to_clear_text_of_object_'userName_txt'_(Root_cause__com.kms.katalon.core.webui.exception.WebElementNotFoundException__Web_element_with_id__'userName_txt'_located_by_'By.xpath____input[@id_=_'login-username']'_not_

2018-07-29 12:22:09 - [TEST_STEP][PASSED] - Start listener action : beforeTestCase: Invoke 'com.kms.katalon.core.annotation.BeforeTestCase' method: 'BaseTest.beforeTestCase(...)' completed.

2018-07-29 12:22:09 - [TEST_STEP][PASSED] - Statement - com.kms.katalon.core.util.KeywordUtil.markWarning("Before Test case : " + testCase.getTestCaseId()): Before Test case : Test Cases/Kms_Tests/Languages/En/Item_Creation/Create_general_Test_En

2018-07-29 12:22:09 - [MESSAGE][WARNING] - Before Test case : Test Cases/Kms_Tests/Languages/En/Item_Creation/Create_general_Test_En

2018-07-29 12:22:09 - [TEST_STEP][PASSED] - Statement - instance: Invoke 'com.kms.katalon.core.annotation.BeforeTestCase' method: 'BaseTest.beforeTestCase(...)' completed.

2018-07-29 12:22:09 - [TEST_STEP][FAILED] - Statement - com.system.RolesHelper.getCm_En().Login_En(): Unable to call Test Case with id 'Test Cases/LogIn_Tests/Languages/En/Login_Content_Manager_En_Test' (Root cause: Call Test Case 'Test Cases/LogIn_Tests/Languages/En/Login_Content_Manager_En_Test' failed because of error(s))

2018-07-29 12:22:09 - [TEST_CASE][ERROR] - Test Cases/LogIn_Tests/Languages/En/Login_Content_Manager_En_Test: Test Cases/LogIn_Tests/Languages/En/Login_Content_Manager_En_Test FAILED because (of) java.lang.Exception: Unable_to_clear_text_of_object_'userName_txt'_(Root_cause__com.kms.katalon.core.webui.exception.WebElementNotFoundException__Web_element_with_id__'userName_txt'_located_by_'By.xpath____input[@id_=_'login-username']'_not_

2018-07-29 12:22:09 - [TEST_STEP][PASSED] - Statement - com.system.RolesHelper.getCm_En().getLoginPage().fillUserNamePassword(): Taking screenshot successfully

2018-07-29 12:22:14 - [MESSAGE][WARNING] - Web element with id: 'Object Repository/Login_Page_OR/Visual/pass_Logo' located by 'By.xpath: /html/body/form/div[2]/span[count(. | //*[@class = 'kms-icon kms-icon--username kms-modern-form__group-icon']) = count(//*[@class = 'kms-icon kms-icon--username kms-modern-form__group-icon'])]' not found

2018-07-29 12:22:18 - [MESSAGE][WARNING] - Web element with id: 'Object Repository/Login_Page_OR/Visual/userName_Logo' located by 'By.xpath: /html/body/form/h1[count(. | //*[@class = 'kms-login__header']) = count(//*[@class = 'kms-login__header'])]' not found

2018-07-29 12:22:23 - [MESSAGE][WARNING] - Web element with id: 'span_userName' located by 'By.xpath: //span[@class='kms-login__label-text'  and contains(text(),'Username')]' not found

2018-07-29 12:22:28 - [MESSAGE][WARNING] - Web element with id: 'span_password' located by 'By.xpath: //span[@class='kms-login__label-text'  and contains(text(),'Password')]' not found

2018-07-29 12:22:33 - [MESSAGE][WARNING] - Web element with id: 'userName_txt' located by 'By.xpath: //input[@id = 'login-username']' not found

2018-07-29 12:22:41 - [MESSAGE][FAILED] - Unable to clear text of object 'userName_txt' (Root cause: com.kms.katalon.core.webui.exception.WebElementNotFoundException: Web element with id: 'userName_txt' located by 'By.xpath: //input[@id = 'login-username']' not found)

2018-07-29 12:22:49 - [MESSAGE][WARNING] - Unable to scroll to object 'userName_txt' (Root cause: com.kms.katalon.core.webui.exception.WebElementNotFoundException: Web element with id: 'userName_txt' located by 'By.xpath: //input[@id = 'login-username']' not found)

2018-07-29 12:22:57 - [MESSAGE][FAILED] - Unable to clear text of object 'userName_txt' (Root cause: com.kms.katalon.core.webui.exception.WebElementNotFoundException: Web element with id: 'userName_txt' located by 'By.xpath: //input[@id = 'login-username']' not found)

2018-07-29 12:23:00 - [MESSAGE][PASSED] - Delayed 3 second(s)

2018-07-29 12:23:05 - [MESSAGE][WARNING] - Web element with id: 'userName_txt' located by 'By.xpath: //input[@id = 'login-username']' not found

2018-07-29 12:23:13 - [MESSAGE][FAILED] - Unable to clear text of object 'userName_txt' (Root cause: com.kms.katalon.core.webui.exception.WebElementNotFoundException: Web element with id: 'userName_txt' located by 'By.xpath: //input[@id = 'login-username']' not found)

2018-07-29 12:23:21 - [MESSAGE][WARNING] - Unable to scroll to object 'userName_txt' (Root cause: com.kms.katalon.core.webui.exception.WebElementNotFoundException: Web element with id: 'userName_txt' located by 'By.xpath: //input[@id = 'login-username']' not found)

2018-07-29 12:23:29 - [MESSAGE][FAILED] - Unable to clear text of object 'userName_txt' (Root cause: com.kms.katalon.core.webui.exception.WebElementNotFoundException: Web element with id: 'userName_txt' located by 'By.xpath: //input[@id = 'login-username']' not found)

2018-07-29 12:23:29 - [MESSAGE][PASSED] - Taking screenshot successfully
[[ATTACHMENT|D:\\kms_katalon\\kms_katalon_tests\\katalonGitTest\\Reports\\general\\20180729_122014\\Reports/IE_DRIVER/Unable_to_clear_text_of_object_'userName_txt'_(Root_cause__com.kms.katalon.core.webui.exception.WebElementNotFoundException__Web_element_with_id__'userName_txt'_located_by_'By.xpath____input[@id_=_'login-username']'_not_.png]]

2018-07-29 12:23:29 - [MESSAGE][FAILED] - Unable to call Test Case with id 'Test Cases/LogIn_Tests/Languages/En/Login_Content_Manager_En_Test' (Root cause: Call Test Case 'Test Cases/LogIn_Tests/Languages/En/Login_Content_Manager_En_Test' failed because of error(s))

2018-07-29 12:23:29 - [TEST_STEP][PASSED] - Start listener action : afterTestCase: Invoke 'com.kms.katalon.core.annotation.AfterTestCase' method: 'BaseTest.afterTestCase(...)' completed.

2018-07-29 12:23:29 - [TEST_STEP][PASSED] - switchToDefaultContent: Switching to default content

2018-07-29 12:23:29 - [TEST_STEP][PASSED] - Statement - dir = "C:\Users\fed86\AppData\Local\Temp": null

2018-07-29 12:23:29 - [TEST_STEP][PASSED] - Statement - f = new java.io.File(dir): null

2018-07-29 12:23:29 - [TEST_STEP][PASSED] - Statement - files = f.listFiles(): null

2018-07-29 12:23:29 - [TEST_STEP][PASSED] - Statement - lowercaseName = "": null

2018-07-29 12:23:29 - [TEST_STEP][PASSED] - Statement - For (File file : files): Invoke 'com.kms.katalon.core.annotation.AfterTestCase' method: 'BaseTest.afterTestCase(...)' completed.

2018-07-29 12:23:29 - [TEST_STEP][PASSED] - Statement - Try: null

2018-07-29 12:23:29 - [TEST_STEP][PASSED] - Statement - lowercaseName = name.toLowerCase(): null

2018-07-29 12:23:29 - [TEST_STEP][PASSED] - Statement - If (lowercaseName.startsWith("katalon") || lowercaseName.startsWith("anonymous") || lowercaseName.startsWith("scoped")): null

2018-07-29 12:23:29 - [TEST_STEP][PASSED] - Statement - Try: null

2018-07-29 12:23:29 - [TEST_STEP][PASSED] - Statement - lowercaseName = name.toLowerCase(): null

2018-07-29 12:23:29 - [TEST_STEP][PASSED] - Statement - If (lowercaseName.startsWith("katalon") || lowercaseName.startsWith("anonymous") || lowercaseName.startsWith("scoped")): null

2018-07-29 12:23:29 - [TEST_STEP][PASSED] - Statement - Try: null

2018-07-29 12:23:29 - [TEST_STEP][PASSED] - Statement - lowercaseName = name.toLowerCase(): null

2018-07-29 12:23:29 - [TEST_STEP][PASSED] - Statement - If (lowercaseName.startsWith("katalon") || lowercaseName.startsWith("anonymous") || lowercaseName.startsWith("scoped")): null

2018-07-29 12:23:29 - [TEST_STEP][PASSED] - Statement - Try: null

2018-07-29 12:23:29 - [TEST_STEP][PASSED] - Statement - lowercaseName = name.toLowerCase(): null

2018-07-29 12:23:29 - [TEST_STEP][PASSED] - Statement - If (lowercaseName.startsWith("katalon") || lowercaseName.startsWith("anonymous") || lowercaseName.startsWith("scoped")): null

2018-07-29 12:23:29 - [TEST_STEP][PASSED] - Statement - Try: null

2018-07-29 12:23:29 - [TEST_STEP][PASSED] - Statement - lowercaseName = name.toLowerCase(): null

2018-07-29 12:23:29 - [TEST_STEP][PASSED] - Statement - If (lowercaseName.startsWith("katalon") || lowercaseName.startsWith("anonymous") || lowercaseName.startsWith("scoped")): null

2018-07-29 12:23:29 - [TEST_STEP][PASSED] - Statement - Try: null

2018-07-29 12:23:29 - [TEST_STEP][PASSED] - Statement - lowercaseName = name.toLowerCase(): null

2018-07-29 12:23:29 - [TEST_STEP][PASSED] - Statement - If (lowercaseName.startsWith("katalon") || lowercaseName.startsWith("anonymous") || lowercaseName.startsWith("scoped")): null

2018-07-29 12:23:29 - [TEST_STEP][PASSED] - Statement - Try: null

2018-07-29 12:23:29 - [TEST_STEP][PASSED] - Statement - lowercaseName = name.toLowerCase(): null

2018-07-29 12:23:29 - [TEST_STEP][PASSED] - Statement - If (lowercaseName.startsWith("katalon") || lowercaseName.startsWith("anonymous") || lowercaseName.startsWith("scoped")): null

2018-07-29 12:23:29 - [TEST_STEP][PASSED] - Statement - Try: null

2018-07-29 12:23:29 - [TEST_STEP][PASSED] - Statement - lowercaseName = name.toLowerCase(): null

2018-07-29 12:23:29 - [TEST_STEP][PASSED] - Statement - If (lowercaseName.startsWith("katalon") || lowercaseName.startsWith("anonymous") || lowercaseName.startsWith("scoped")): null

2018-07-29 12:23:29 - [TEST_STEP][PASSED] - Statement - Try: null

2018-07-29 12:23:29 - [TEST_STEP][PASSED] - Statement - lowercaseName = name.toLowerCase(): null

2018-07-29 12:23:29 - [TEST_STEP][PASSED] - Statement - If (lowercaseName.startsWith("katalon") || lowercaseName.startsWith("anonymous") || lowercaseName.startsWith("scoped")): null

2018-07-29 12:23:29 - [TEST_STEP][PASSED] - Statement - Try: null

2018-07-29 12:23:29 - [TEST_STEP][PASSED] - Statement - lowercaseName = name.toLowerCase(): null

2018-07-29 12:23:29 - [TEST_STEP][PASSED] - Statement - If (lowercaseName.startsWith("katalon") || lowercaseName.startsWith("anonymous") || lowercaseName.startsWith("scoped")): null

2018-07-29 12:23:29 - [TEST_STEP][PASSED] - Statement - Try: null

2018-07-29 12:23:29 - [TEST_STEP][PASSED] - Statement - lowercaseName = name.toLowerCase(): null

2018-07-29 12:23:29 - [TEST_STEP][PASSED] - Statement - If (lowercaseName.startsWith("katalon") || lowercaseName.startsWith("anonymous") || lowercaseName.startsWith("scoped")): null

2018-07-29 12:23:29 - [TEST_STEP][PASSED] - Statement - Try: null

2018-07-29 12:23:29 - [TEST_STEP][PASSED] - Statement - lowercaseName = name.toLowerCase(): null

2018-07-29 12:23:29 - [TEST_STEP][PASSED] - Statement - If (lowercaseName.startsWith("katalon") || lowercaseName.startsWith("anonymous") || lowercaseName.startsWith("scoped")): null

2018-07-29 12:23:29 - [TEST_STEP][PASSED] - Statement - Try: null

2018-07-29 12:23:29 - [TEST_STEP][PASSED] - Statement - lowercaseName = name.toLowerCase(): null

2018-07-29 12:23:29 - [TEST_STEP][PASSED] - Statement - If (lowercaseName.startsWith("katalon") || lowercaseName.startsWith("anonymous") || lowercaseName.startsWith("scoped")): null

2018-07-29 12:23:29 - [TEST_STEP][PASSED] - Statement - Try: null

2018-07-29 12:23:29 - [TEST_STEP][PASSED] - Statement - lowercaseName = name.toLowerCase(): null

2018-07-29 12:23:29 - [TEST_STEP][PASSED] - Statement - If (lowercaseName.startsWith("katalon") || lowercaseName.startsWith("anonymous") || lowercaseName.startsWith("scoped")): null

2018-07-29 12:23:29 - [TEST_STEP][PASSED] - Statement - Try: null

2018-07-29 12:23:29 - [TEST_STEP][PASSED] - Statement - lowercaseName = name.toLowerCase(): null

2018-07-29 12:23:29 - [TEST_STEP][PASSED] - Statement - If (lowercaseName.startsWith("katalon") || lowercaseName.startsWith("anonymous") || lowercaseName.startsWith("scoped")): null

2018-07-29 12:23:29 - [TEST_STEP][PASSED] - Statement - Try: null

2018-07-29 12:23:29 - [TEST_STEP][PASSED] - Statement - lowercaseName = name.toLowerCase(): null

2018-07-29 12:23:29 - [TEST_STEP][PASSED] - Statement - If (lowercaseName.startsWith("katalon") || lowercaseName.startsWith("anonymous") || lowercaseName.startsWith("scoped")): null

2018-07-29 12:23:29 - [TEST_STEP][PASSED] - Statement - Try: null

2018-07-29 12:23:29 - [TEST_STEP][PASSED] - Statement - lowercaseName = name.toLowerCase(): null

2018-07-29 12:23:29 - [TEST_STEP][PASSED] - Statement - If (lowercaseName.startsWith("katalon") || lowercaseName.startsWith("anonymous") || lowercaseName.startsWith("scoped")): null

2018-07-29 12:23:29 - [TEST_STEP][PASSED] - Statement - Try: null

2018-07-29 12:23:29 - [TEST_STEP][PASSED] - Statement - lowercaseName = name.toLowerCase(): null

2018-07-29 12:23:29 - [TEST_STEP][PASSED] - Statement - If (lowercaseName.startsWith("katalon") || lowercaseName.startsWith("anonymous") || lowercaseName.startsWith("scoped")): null

2018-07-29 12:23:29 - [TEST_STEP][PASSED] - Statement - Try: null

2018-07-29 12:23:29 - [TEST_STEP][PASSED] - Statement - lowercaseName = name.toLowerCase(): null

2018-07-29 12:23:29 - [TEST_STEP][PASSED] - Statement - If (lowercaseName.startsWith("katalon") || lowercaseName.startsWith("anonymous") || lowercaseName.startsWith("scoped")): null

2018-07-29 12:23:29 - [TEST_STEP][PASSED] - Statement - Try: null

2018-07-29 12:23:29 - [TEST_STEP][PASSED] - Statement - lowercaseName = name.toLowerCase(): null

2018-07-29 12:23:29 - [TEST_STEP][PASSED] - Statement - If (lowercaseName.startsWith("katalon") || lowercaseName.startsWith("anonymous") || lowercaseName.startsWith("scoped")): null

2018-07-29 12:23:29 - [TEST_STEP][PASSED] - Statement - Try: null

2018-07-29 12:23:29 - [TEST_STEP][PASSED] - Statement - lowercaseName = name.toLowerCase(): null

2018-07-29 12:23:29 - [TEST_STEP][PASSED] - Statement - If (lowercaseName.startsWith("katalon") || lowercaseName.startsWith("anonymous") || lowercaseName.startsWith("scoped")): null

2018-07-29 12:23:29 - [TEST_STEP][PASSED] - Statement - Try: null

2018-07-29 12:23:29 - [TEST_STEP][PASSED] - Statement - lowercaseName = name.toLowerCase(): null

2018-07-29 12:23:29 - [TEST_STEP][PASSED] - Statement - If (lowercaseName.startsWith("katalon") || lowercaseName.startsWith("anonymous") || lowercaseName.startsWith("scoped")): null

2018-07-29 12:23:29 - [TEST_STEP][PASSED] - Statement - Try: null

2018-07-29 12:23:29 - [TEST_STEP][PASSED] - Statement - lowercaseName = name.toLowerCase(): null

2018-07-29 12:23:29 - [TEST_STEP][PASSED] - Statement - If (lowercaseName.startsWith("katalon") || lowercaseName.startsWith("anonymous") || lowercaseName.startsWith("scoped")): null

2018-07-29 12:23:29 - [TEST_STEP][PASSED] - Statement - Try: null

2018-07-29 12:23:29 - [TEST_STEP][PASSED] - Statement - lowercaseName = name.toLowerCase(): null

2018-07-29 12:23:29 - [TEST_STEP][PASSED] - Statement - If (lowercaseName.startsWith("katalon") || lowercaseName.startsWith("anonymous") || lowercaseName.startsWith("scoped")): null

2018-07-29 12:23:29 - [TEST_STEP][PASSED] - Statement - Try: null

2018-07-29 12:23:29 - [TEST_STEP][PASSED] - Statement - lowercaseName = name.toLowerCase(): null

2018-07-29 12:23:29 - [TEST_STEP][PASSED] - Statement - If (lowercaseName.startsWith("katalon") || lowercaseName.startsWith("anonymous") || lowercaseName.startsWith("scoped")): null

2018-07-29 12:23:29 - [TEST_STEP][PASSED] - Statement - Try: null

2018-07-29 12:23:29 - [TEST_STEP][PASSED] - Statement - lowercaseName = name.toLowerCase(): null

2018-07-29 12:23:29 - [TEST_STEP][PASSED] - Statement - If (lowercaseName.startsWith("katalon") || lowercaseName.startsWith("anonymous") || lowercaseName.startsWith("scoped")): null

2018-07-29 12:23:29 - [TEST_STEP][PASSED] - Statement - Catch (Exception e): null

2018-07-29 12:23:29 - [TEST_STEP][PASSED] - Statement - Try: null

2018-07-29 12:23:29 - [TEST_STEP][PASSED] - Statement - lowercaseName = name.toLowerCase(): null

2018-07-29 12:23:29 - [TEST_STEP][PASSED] - Statement - If (lowercaseName.startsWith("katalon") || lowercaseName.startsWith("anonymous") || lowercaseName.startsWith("scoped")): null

2018-07-29 12:23:29 - [TEST_STEP][PASSED] - Statement - Try: null

2018-07-29 12:23:29 - [TEST_STEP][PASSED] - Statement - lowercaseName = name.toLowerCase(): null

2018-07-29 12:23:29 - [TEST_STEP][PASSED] - Statement - If (lowercaseName.startsWith("katalon") || lowercaseName.startsWith("anonymous") || lowercaseName.startsWith("scoped")): null

2018-07-29 12:23:29 - [TEST_STEP][PASSED] - Statement - Try: null

2018-07-29 12:23:29 - [TEST_STEP][PASSED] - Statement - lowercaseName = name.toLowerCase(): null

2018-07-29 12:23:29 - [TEST_STEP][PASSED] - Statement - If (lowercaseName.startsWith("katalon") || lowercaseName.startsWith("anonymous") || lowercaseName.startsWith("scoped")): null

2018-07-29 12:23:29 - [TEST_STEP][PASSED] - Statement - Try: null

2018-07-29 12:23:29 - [TEST_STEP][PASSED] - Statement - lowercaseName = name.toLowerCase(): null

2018-07-29 12:23:29 - [TEST_STEP][PASSED] - Statement - If (lowercaseName.startsWith("katalon") || lowercaseName.startsWith("anonymous") || lowercaseName.startsWith("scoped")): null

2018-07-29 12:23:29 - [TEST_STEP][PASSED] - Statement - Try: null

2018-07-29 12:23:29 - [TEST_STEP][PASSED] - Statement - lowercaseName = name.toLowerCase(): null

2018-07-29 12:23:29 - [TEST_STEP][PASSED] - Statement - If (lowercaseName.startsWith("katalon") || lowercaseName.startsWith("anonymous") || lowercaseName.startsWith("scoped")): null

2018-07-29 12:23:29 - [TEST_STEP][PASSED] - Statement - Try: null

2018-07-29 12:23:29 - [TEST_STEP][PASSED] - Statement - lowercaseName = name.toLowerCase(): null

2018-07-29 12:23:29 - [TEST_STEP][PASSED] - Statement - If (lowercaseName.startsWith("katalon") || lowercaseName.startsWith("anonymous") || lowercaseName.startsWith("scoped")): null

2018-07-29 12:23:29 - [TEST_STEP][PASSED] - Statement - Try: null

2018-07-29 12:23:29 - [TEST_STEP][PASSED] - Statement - lowercaseName = name.toLowerCase(): null

2018-07-29 12:23:29 - [TEST_STEP][PASSED] - Statement - If (lowercaseName.startsWith("katalon") || lowercaseName.startsWith("anonymous") || lowercaseName.startsWith("scoped")): null

2018-07-29 12:23:29 - [TEST_STEP][PASSED] - Statement - Try: null

2018-07-29 12:23:29 - [TEST_STEP][PASSED] - Statement - lowercaseName = name.toLowerCase(): null

2018-07-29 12:23:29 - [TEST_STEP][PASSED] - Statement - If (lowercaseName.startsWith("katalon") || lowercaseName.startsWith("anonymous") || lowercaseName.startsWith("scoped")): null

2018-07-29 12:23:29 - [TEST_STEP][PASSED] - Statement - Try: null

2018-07-29 12:23:29 - [TEST_STEP][PASSED] - Statement - lowercaseName = name.toLowerCase(): null

2018-07-29 12:23:29 - [TEST_STEP][PASSED] - Statement - If (lowercaseName.startsWith("katalon") || lowercaseName.startsWith("anonymous") || lowercaseName.startsWith("scoped")): null

2018-07-29 12:23:29 - [TEST_STEP][PASSED] - Statement - Try: null

2018-07-29 12:23:29 - [TEST_STEP][PASSED] - Statement - lowercaseName = name.toLowerCase(): null

2018-07-29 12:23:29 - [TEST_STEP][PASSED] - Statement - If (lowercaseName.startsWith("katalon") || lowercaseName.startsWith("anonymous") || lowercaseName.startsWith("scoped")): null

2018-07-29 12:23:29 - [TEST_STEP][PASSED] - Statement - Try: null

2018-07-29 12:23:29 - [TEST_STEP][PASSED] - Statement - lowercaseName = name.toLowerCase(): null

2018-07-29 12:23:29 - [TEST_STEP][PASSED] - Statement - If (lowercaseName.startsWith("katalon") || lowercaseName.startsWith("anonymous") || lowercaseName.startsWith("scoped")): null

2018-07-29 12:23:29 - [TEST_STEP][PASSED] - Statement - Try: null

2018-07-29 12:23:29 - [TEST_STEP][PASSED] - Statement - lowercaseName = name.toLowerCase(): null

2018-07-29 12:23:29 - [TEST_STEP][PASSED] - Statement - If (lowercaseName.startsWith("katalon") || lowercaseName.startsWith("anonymous") || lowercaseName.startsWith("scoped")): null

2018-07-29 12:23:29 - [TEST_STEP][PASSED] - Statement - Try: null

2018-07-29 12:23:29 - [TEST_STEP][PASSED] - Statement - lowercaseName = name.toLowerCase(): null

2018-07-29 12:23:29 - [TEST_STEP][PASSED] - Statement - If (lowercaseName.startsWith("katalon") || lowercaseName.startsWith("anonymous") || lowercaseName.startsWith("scoped")): null

2018-07-29 12:23:29 - [TEST_STEP][PASSED] - Statement - Try: null

2018-07-29 12:23:29 - [TEST_STEP][PASSED] - Statement - lowercaseName = name.toLowerCase(): null

2018-07-29 12:23:29 - [TEST_STEP][PASSED] - Statement - If (lowercaseName.startsWith("katalon") || lowercaseName.startsWith("anonymous") || lowercaseName.startsWith("scoped")): null

2018-07-29 12:23:29 - [TEST_STEP][PASSED] - Statement - Try: null

2018-07-29 12:23:29 - [TEST_STEP][PASSED] - Statement - lowercaseName = name.toLowerCase(): null

2018-07-29 12:23:29 - [TEST_STEP][PASSED] - Statement - If (lowercaseName.startsWith("katalon") || lowercaseName.startsWith("anonymous") || lowercaseName.startsWith("scoped")): null

2018-07-29 12:23:29 - [TEST_STEP][PASSED] - Statement - Try: null

2018-07-29 12:23:29 - [TEST_STEP][PASSED] - Statement - lowercaseName = name.toLowerCase(): null

2018-07-29 12:23:29 - [TEST_STEP][PASSED] - Statement - If (lowercaseName.startsWith("katalon") || lowercaseName.startsWith("anonymous") || lowercaseName.startsWith("scoped")): null

2018-07-29 12:23:29 - [TEST_STEP][PASSED] - Statement - Try: null

2018-07-29 12:23:29 - [TEST_STEP][PASSED] - Statement - lowercaseName = name.toLowerCase(): null

2018-07-29 12:23:29 - [TEST_STEP][PASSED] - Statement - If (lowercaseName.startsWith("katalon") || lowercaseName.startsWith("anonymous") || lowercaseName.startsWith("scoped")): null

2018-07-29 12:23:29 - [TEST_STEP][PASSED] - Statement - Try: null

2018-07-29 12:23:29 - [TEST_STEP][PASSED] - Statement - lowercaseName = name.toLowerCase(): null

2018-07-29 12:23:29 - [TEST_STEP][PASSED] - Statement - If (lowercaseName.startsWith("katalon") || lowercaseName.startsWith("anonymous") || lowercaseName.startsWith("scoped")): null

2018-07-29 12:23:29 - [TEST_STEP][PASSED] - Statement - Try: null

2018-07-29 12:23:29 - [TEST_STEP][PASSED] - Statement - lowercaseName = name.toLowerCase(): null

2018-07-29 12:23:29 - [TEST_STEP][PASSED] - Statement - If (lowercaseName.startsWith("katalon") || lowercaseName.startsWith("anonymous") || lowercaseName.startsWith("scoped")): null

2018-07-29 12:23:29 - [TEST_STEP][PASSED] - Statement - Try: null

2018-07-29 12:23:29 - [TEST_STEP][PASSED] - Statement - lowercaseName = name.toLowerCase(): null

2018-07-29 12:23:29 - [TEST_STEP][PASSED] - Statement - If (lowercaseName.startsWith("katalon") || lowercaseName.startsWith("anonymous") || lowercaseName.startsWith("scoped")): null

2018-07-29 12:23:29 - [TEST_STEP][PASSED] - Statement - Try: null

2018-07-29 12:23:29 - [TEST_STEP][PASSED] - Statement - lowercaseName = name.toLowerCase(): null

2018-07-29 12:23:29 - [TEST_STEP][PASSED] - Statement - If (lowercaseName.startsWith("katalon") || lowercaseName.startsWith("anonymous") || lowercaseName.startsWith("scoped")): null

2018-07-29 12:23:29 - [TEST_STEP][PASSED] - Statement - Try: null

2018-07-29 12:23:29 - [TEST_STEP][PASSED] - Statement - lowercaseName = name.toLowerCase(): null

2018-07-29 12:23:29 - [TEST_STEP][PASSED] - Statement - If (lowercaseName.startsWith("katalon") || lowercaseName.startsWith("anonymous") || lowercaseName.startsWith("scoped")): null

2018-07-29 12:23:29 - [TEST_STEP][PASSED] - Statement - Try: null

2018-07-29 12:23:29 - [TEST_STEP][PASSED] - Statement - lowercaseName = name.toLowerCase(): null

2018-07-29 12:23:29 - [TEST_STEP][PASSED] - Statement - If (lowercaseName.startsWith("katalon") || lowercaseName.startsWith("anonymous") || lowercaseName.startsWith("scoped")): null

2018-07-29 12:23:29 - [TEST_STEP][PASSED] - Statement - Try: null

2018-07-29 12:23:29 - [TEST_STEP][PASSED] - Statement - lowercaseName = name.toLowerCase(): null

2018-07-29 12:23:29 - [TEST_STEP][PASSED] - Statement - If (lowercaseName.startsWith("katalon") || lowercaseName.startsWith("anonymous") || lowercaseName.startsWith("scoped")): null

2018-07-29 12:23:29 - [TEST_STEP][PASSED] - Statement - Try: null

2018-07-29 12:23:29 - [TEST_STEP][PASSED] - Statement - lowercaseName = name.toLowerCase(): null

2018-07-29 12:23:29 - [TEST_STEP][PASSED] - Statement - If (lowercaseName.startsWith("katalon") || lowercaseName.startsWith("anonymous") || lowercaseName.startsWith("scoped")): null

2018-07-29 12:23:29 - [TEST_STEP][PASSED] - Statement - Try: null

2018-07-29 12:23:29 - [TEST_STEP][PASSED] - Statement - lowercaseName = name.toLowerCase(): null

2018-07-29 12:23:29 - [TEST_STEP][PASSED] - Statement - If (lowercaseName.startsWith("katalon") || lowercaseName.startsWith("anonymous") || lowercaseName.startsWith("scoped")): null

2018-07-29 12:23:29 - [TEST_STEP][PASSED] - Statement - Try: null

2018-07-29 12:23:29 - [TEST_STEP][PASSED] - Statement - lowercaseName = name.toLowerCase(): null

2018-07-29 12:23:29 - [TEST_STEP][PASSED] - Statement - If (lowercaseName.startsWith("katalon") || lowercaseName.startsWith("anonymous") || lowercaseName.startsWith("scoped")): null

2018-07-29 12:23:29 - [TEST_STEP][PASSED] - Statement - Try: null

2018-07-29 12:23:29 - [TEST_STEP][PASSED] - Statement - lowercaseName = name.toLowerCase(): null

2018-07-29 12:23:29 - [TEST_STEP][PASSED] - Statement - If (lowercaseName.startsWith("katalon") || lowercaseName.startsWith("anonymous") || lowercaseName.startsWith("scoped")): null

2018-07-29 12:23:29 - [TEST_STEP][PASSED] - Statement - Try: null

2018-07-29 12:23:29 - [TEST_STEP][PASSED] - Statement - lowercaseName = name.toLowerCase(): null

2018-07-29 12:23:29 - [TEST_STEP][PASSED] - Statement - If (lowercaseName.startsWith("katalon") || lowercaseName.startsWith("anonymous") || lowercaseName.startsWith("scoped")): null

2018-07-29 12:23:29 - [TEST_STEP][PASSED] - Statement - Try: null

2018-07-29 12:23:29 - [TEST_STEP][PASSED] - Statement - lowercaseName = name.toLowerCase(): null

2018-07-29 12:23:29 - [TEST_STEP][PASSED] - Statement - If (lowercaseName.startsWith("katalon") || lowercaseName.startsWith("anonymous") || lowercaseName.startsWith("scoped")): null

2018-07-29 12:23:29 - [TEST_STEP][PASSED] - Statement - Try: null

2018-07-29 12:23:29 - [TEST_STEP][PASSED] - Statement - lowercaseName = name.toLowerCase(): null

2018-07-29 12:23:29 - [TEST_STEP][PASSED] - Statement - If (lowercaseName.startsWith("katalon") || lowercaseName.startsWith("anonymous") || lowercaseName.startsWith("scoped")): null

2018-07-29 12:23:29 - [TEST_STEP][PASSED] - Statement - Try: null

2018-07-29 12:23:29 - [TEST_STEP][PASSED] - Statement - lowercaseName = name.toLowerCase(): null

2018-07-29 12:23:29 - [TEST_STEP][PASSED] - Statement - If (lowercaseName.startsWith("katalon") || lowercaseName.startsWith("anonymous") || lowercaseName.startsWith("scoped")): null

2018-07-29 12:23:29 - [TEST_STEP][PASSED] - Statement - Try: null

2018-07-29 12:23:29 - [TEST_STEP][PASSED] - Statement - lowercaseName = name.toLowerCase(): null

2018-07-29 12:23:29 - [TEST_STEP][PASSED] - Statement - If (lowercaseName.startsWith("katalon") || lowercaseName.startsWith("anonymous") || lowercaseName.startsWith("scoped")): null

2018-07-29 12:23:29 - [TEST_STEP][PASSED] - Statement - Try: null

2018-07-29 12:23:29 - [TEST_STEP][PASSED] - Statement - lowercaseName = name.toLowerCase(): null

2018-07-29 12:23:29 - [TEST_STEP][PASSED] - Statement - If (lowercaseName.startsWith("katalon") || lowercaseName.startsWith("anonymous") || lowercaseName.startsWith("scoped")): null

2018-07-29 12:23:29 - [TEST_STEP][PASSED] - Statement - Try: Invoke 'com.kms.katalon.core.annotation.AfterTestCase' method: 'BaseTest.afterTestCase(...)' completed.

2018-07-29 12:23:29 - [TEST_STEP][PASSED] - Statement - lowercaseName = name.toLowerCase(): null

2018-07-29 12:23:29 - [TEST_STEP][PASSED] - Statement - If (lowercaseName.startsWith("katalon") || lowercaseName.startsWith("anonymous") || lowercaseName.startsWith("scoped")): Invoke 'com.kms.katalon.core.annotation.AfterTestCase' method: 'BaseTest.afterTestCase(...)' completed.]]></system-out>
         <system-err><![CDATA[2018-07-29 12:22:09 - [TEST_CASE][ERROR] - Test Cases/Kms_Tests/Languages/En/Item_Creation/Create_general_Test_En: Test Cases/Kms_Tests/Languages/En/Item_Creation/Create_general_Test_En FAILED because (of) java.lang.Exception: Unable_to_clear_text_of_object_'userName_txt'_(Root_cause__com.kms.katalon.core.webui.exception.WebElementNotFoundException__Web_element_with_id__'userName_txt'_located_by_'By.xpath____input[@id_=_'login-username']'_not_]]></system-err>
      </testcase>
      <system-out><![CDATA[2018-07-29 12:20:21 - [TEST_SUITE][ERROR] - general: Test Cases/Kms_Tests/Languages/En/Item_Creation/Create_delete_general_by_rightclick_Test_En FAILED because (of) java.lang.Exception: Unable_to_click_on_object_'txt_create_item_template'_(Root_cause__com.kms.katalon.core.webui.exception.WebElementNotFoundException__Web_element_with_id__'txt_create_item_template'_located_by_'By.xpath____input[@id_=_'cm-]]></system-out>
      <system-err><![CDATA[2018-07-29 12:20:21 - [TEST_SUITE][ERROR] - general: Test Cases/Kms_Tests/Languages/En/Item_Creation/Create_delete_general_by_rightclick_Test_En FAILED because (of) java.lang.Exception: Unable_to_click_on_object_'txt_create_item_template'_(Root_cause__com.kms.katalon.core.webui.exception.WebElementNotFoundException__Web_element_with_id__'txt_create_item_template'_located_by_'By.xpath____input[@id_=_'cm-]]></system-err>
   </testsuite>
</testsuites>
