{"devicePlatform":"","logFolder":"D:\\SVN\\Kms-katalon-test\\Reports\\Sanity_tests\\Login_Tests\\20180623_202138","runData":{"hostName":"fed86 - DESKTOP-7QA1RHK","os":"Windows 10 64bit","katalonVersion":"5.4.2.1","browser":"Chrome 67.0.3396.87","hostAddress":"10.0.75.1","sessionId":"7d885fb2d764c04597adb24e8894caee","seleniumVersion":"3.7.1","proxyInformation":"ProxyInformation{proxyOption\u003dNO_PROXY, proxyServerType\u003dHTTP, password\u003d, proxyServerAddress\u003d, proxyServerPort\u003d0}","platform":"Windows 10"},"type":"TEST_SUITE","name":"Login_Tests","id":"Test Suites/Sanity_tests/Login_Tests","source":"","message":"Test Cases/LogIn_Tests/LogIn_Administrator_Ru_Test FAILED because (of) java.lang.StackOverflowError","description":"check that login work correctly","startTime":1529756505885,"endTime":1529756620238,"childRecords":[{"isOptional":false,"type":"TEST_CASE","name":"Test Cases/LogIn_Tests/LogIn_Administrator_Ru_Test","id":"Test Cases/LogIn_Tests/LogIn_Administrator_Ru_Test","source":"D:\\\\SVN\\\\Kms-katalon-test\\\\Test Cases\\\\LogIn_Tests\\\\LogIn_Administrator_Ru_Test.tc","message":"Test Cases/LogIn_Tests/LogIn_Administrator_Ru_Test FAILED because (of) java.lang.StackOverflowError","description":"","startTime":1529756507783,"endTime":1529756521161,"childRecords":[{"testStatus":{"stackTrace":"","statusValue":"INFO"},"type":"MESSAGE","name":"","message":"Evaluating variables for test case","startTime":1529756507915,"endTime":0,"childRecords":[],"interuppted":false},{"index":-1,"isIgnoredIfFailed":false,"type":"TEST_STEP","name":"Start listener action : sampleBeforeTestCase","message":"Unable to wait for page load (Root cause: com.kms.katalon.core.webui.exception.BrowserNotOpenedException: Browser is not opened\nBuild info: version: \u00273.7.1\u0027, revision: \u00278a0099a\u0027, time: \u00272017-11-06T21:07:36.161Z\u0027\nSystem info: host: \u0027DESKTOP-7QA1RHK\u0027, ip: \u002710.0.75.1\u0027, os.name: \u0027Windows 10\u0027, os.arch: \u0027amd64\u0027, os.version: \u002710.0\u0027, java.version: \u00271.8.0_102\u0027\nDriver info: driver.version: unknown)","description":"","startTime":1529756507974,"endTime":1529756509154,"childRecords":[{"index":1,"isIgnoredIfFailed":false,"type":"TEST_STEP","name":"Statement - println(testCaseContext.getTestCaseId())","description":"","startTime":1529756508070,"endTime":1529756508109,"childRecords":[],"interuppted":false},{"index":2,"isIgnoredIfFailed":false,"type":"TEST_STEP","name":"Statement - println(testCaseContext.getTestCaseVariables())","description":"","startTime":1529756508114,"endTime":1529756508129,"childRecords":[],"interuppted":false},{"index":3,"isIgnoredIfFailed":false,"type":"TEST_STEP","name":"waitForPageLoad","message":"Unable to wait for page load (Root cause: com.kms.katalon.core.webui.exception.BrowserNotOpenedException: Browser is not opened\nBuild info: version: \u00273.7.1\u0027, revision: \u00278a0099a\u0027, time: \u00272017-11-06T21:07:36.161Z\u0027\nSystem info: host: \u0027DESKTOP-7QA1RHK\u0027, ip: \u002710.0.75.1\u0027, os.name: \u0027Windows 10\u0027, os.arch: \u0027amd64\u0027, os.version: \u002710.0\u0027, java.version: \u00271.8.0_102\u0027\nDriver info: driver.version: unknown)","description":"","startTime":1529756508131,"endTime":1529756509147,"childRecords":[{"testStatus":{"stackTrace":"","statusValue":"WARNING"},"type":"MESSAGE","name":"","message":"Cannot take screenshot","startTime":1529756509125,"endTime":0,"childRecords":[],"interuppted":false},{"testStatus":{"stackTrace":"","statusValue":"FAILED"},"type":"MESSAGE","name":"","message":"Unable to wait for page load (Root cause: com.kms.katalon.core.webui.exception.BrowserNotOpenedException: Browser is not opened\nBuild info: version: \u00273.7.1\u0027, revision: \u00278a0099a\u0027, time: \u00272017-11-06T21:07:36.161Z\u0027\nSystem info: host: \u0027DESKTOP-7QA1RHK\u0027, ip: \u002710.0.75.1\u0027, os.name: \u0027Windows 10\u0027, os.arch: \u0027amd64\u0027, os.version: \u002710.0\u0027, java.version: \u00271.8.0_102\u0027\nDriver info: driver.version: unknown)","startTime":1529756509137,"endTime":0,"childRecords":[],"interuppted":false},{"testStatus":{"stackTrace":"","statusValue":"ERROR"},"type":"MESSAGE","name":"","message":"Unable to wait for page load (Root cause: com.kms.katalon.core.webui.exception.BrowserNotOpenedException: Browser is not opened\nBuild info: version: \u00273.7.1\u0027, revision: \u00278a0099a\u0027, time: \u00272017-11-06T21:07:36.161Z\u0027\nSystem info: host: \u0027DESKTOP-7QA1RHK\u0027, ip: \u002710.0.75.1\u0027, os.name: \u0027Windows 10\u0027, os.arch: \u0027amd64\u0027, os.version: \u002710.0\u0027, java.version: \u00271.8.0_102\u0027\nDriver info: driver.version: unknown)","startTime":1529756509143,"endTime":0,"childRecords":[],"interuppted":false}],"interuppted":false}],"interuppted":false},{"index":1,"isIgnoredIfFailed":false,"type":"TEST_STEP","name":"Statement - loginPage \u003d com.server.AppManager.getInstance().getNavHelper().getLogin().authenticate_User(RUSSIAN, ADMINISTRATOR)","message":"Delete all cookies successfully","description":"","startTime":1529756509483,"endTime":1529756521036,"childRecords":[{"testStatus":{"stackTrace":"","statusValue":"PASSED"},"type":"MESSAGE","name":"","message":"Browser is opened with url: \u0027http://kmsqa3:501/kms/lh/login\u0027","startTime":1529756519554,"endTime":0,"childRecords":[],"interuppted":false},{"testStatus":{"stackTrace":"","statusValue":"PASSED"},"type":"MESSAGE","name":"","message":"Current window maximized","startTime":1529756520735,"endTime":0,"childRecords":[],"interuppted":false},{"testStatus":{"stackTrace":"","statusValue":"PASSED"},"type":"MESSAGE","name":"","message":"Delete all cookies successfully","startTime":1529756520780,"endTime":0,"childRecords":[],"interuppted":false}],"interuppted":false},{"testStatus":{"stackTrace":"","statusValue":"ERROR"},"type":"MESSAGE","name":"","message":"Test Cases/LogIn_Tests/LogIn_Administrator_Ru_Test FAILED because (of) java.lang.StackOverflowError","startTime":1529756521037,"endTime":0,"childRecords":[],"interuppted":false},{"index":-1,"isIgnoredIfFailed":false,"type":"TEST_STEP","name":"Start listener action : sampleAfterTestCase","message":"Invoke \u0027com.kms.katalon.core.annotation.AfterTestCase\u0027 method: \u0027BaseTest.sampleAfterTestCase(...)\u0027 completed.","description":"","startTime":1529756521103,"endTime":1529756521158,"childRecords":[{"index":1,"isIgnoredIfFailed":false,"type":"TEST_STEP","name":"Statement - println(testCaseContext.getTestCaseId())","description":"","startTime":1529756521144,"endTime":1529756521146,"childRecords":[],"interuppted":false},{"index":2,"isIgnoredIfFailed":false,"type":"TEST_STEP","name":"Statement - println(testCaseContext.getTestCaseStatus())","message":"Invoke \u0027com.kms.katalon.core.annotation.AfterTestCase\u0027 method: \u0027BaseTest.sampleAfterTestCase(...)\u0027 completed.","description":"","startTime":1529756521146,"endTime":1529756521157,"childRecords":[],"interuppted":false}],"interuppted":false}],"interuppted":false},{"isOptional":false,"type":"TEST_CASE","name":"Test Cases/LogIn_Tests/Login_Administrator_Test","id":"Test Cases/LogIn_Tests/Login_Administrator_Test","source":"D:\\\\SVN\\\\Kms-katalon-test\\\\Test Cases\\\\LogIn_Tests\\\\Login_Administrator_Test.tc","message":"Test Cases/LogIn_Tests/Login_Administrator_Test FAILED because (of) java.lang.StackOverflowError","description":"","startTime":1529756521196,"endTime":1529756521879,"childRecords":[{"testStatus":{"stackTrace":"","statusValue":"INFO"},"type":"MESSAGE","name":"","message":"Evaluating variables for test case","startTime":1529756521206,"endTime":0,"childRecords":[],"interuppted":false},{"index":-1,"isIgnoredIfFailed":false,"type":"TEST_STEP","name":"Start listener action : sampleBeforeTestCase","message":"Wait for page load successfully","description":"","startTime":1529756521207,"endTime":1529756521358,"childRecords":[{"index":1,"isIgnoredIfFailed":false,"type":"TEST_STEP","name":"Statement - println(testCaseContext.getTestCaseId())","description":"","startTime":1529756521218,"endTime":1529756521222,"childRecords":[],"interuppted":false},{"index":2,"isIgnoredIfFailed":false,"type":"TEST_STEP","name":"Statement - println(testCaseContext.getTestCaseVariables())","description":"","startTime":1529756521223,"endTime":1529756521224,"childRecords":[],"interuppted":false},{"index":3,"isIgnoredIfFailed":false,"type":"TEST_STEP","name":"waitForPageLoad","message":"Wait for page load successfully","description":"","startTime":1529756521225,"endTime":1529756521357,"childRecords":[{"testStatus":{"stackTrace":"","statusValue":"PASSED"},"type":"MESSAGE","name":"","message":"Wait for page load successfully","startTime":1529756521355,"endTime":0,"childRecords":[],"interuppted":false}],"interuppted":false}],"interuppted":false},{"index":1,"isIgnoredIfFailed":false,"type":"TEST_STEP","name":"Statement - loginPage \u003d com.server.AppManager.getInstance().getNavHelper().getLogin().authenticate_User(ENGLISH, ADMINISTRATOR)","description":"","startTime":1529756521443,"endTime":1529756521858,"childRecords":[],"interuppted":false},{"testStatus":{"stackTrace":"","statusValue":"ERROR"},"type":"MESSAGE","name":"","message":"Test Cases/LogIn_Tests/Login_Administrator_Test FAILED because (of) java.lang.StackOverflowError","startTime":1529756521859,"endTime":0,"childRecords":[],"interuppted":false},{"index":-1,"isIgnoredIfFailed":false,"type":"TEST_STEP","name":"Start listener action : sampleAfterTestCase","message":"Invoke \u0027com.kms.katalon.core.annotation.AfterTestCase\u0027 method: \u0027BaseTest.sampleAfterTestCase(...)\u0027 completed.","description":"","startTime":1529756521871,"endTime":1529756521878,"childRecords":[{"index":1,"isIgnoredIfFailed":false,"type":"TEST_STEP","name":"Statement - println(testCaseContext.getTestCaseId())","description":"","startTime":1529756521874,"endTime":1529756521875,"childRecords":[],"interuppted":false},{"index":2,"isIgnoredIfFailed":false,"type":"TEST_STEP","name":"Statement - println(testCaseContext.getTestCaseStatus())","message":"Invoke \u0027com.kms.katalon.core.annotation.AfterTestCase\u0027 method: \u0027BaseTest.sampleAfterTestCase(...)\u0027 completed.","description":"","startTime":1529756521876,"endTime":1529756521877,"childRecords":[],"interuppted":false}],"interuppted":false}],"interuppted":false},{"isOptional":false,"type":"TEST_CASE","name":"Test Cases/LogIn_Tests/Login_Visual_Test","id":"Test Cases/LogIn_Tests/Login_Visual_Test","source":"D:\\\\SVN\\\\Kms-katalon-test\\\\Test Cases\\\\LogIn_Tests\\\\Login_Visual_Test.tc","message":"Test Cases/LogIn_Tests/Login_Visual_Test FAILED because (of) Web element with id: \u0027Object Repository/Login_Page_OR/Shared/Visual/Kms_logo\u0027 located by \u0027By.xpath: /html/body/span[count(. | //*[@class \u003d \u0027kms-login__logo kms-login__logo--brand\u0027]) \u003d count(//*[@class \u003d \u0027kms-login__logo kms-login__logo--brand\u0027])]\u0027 not found","description":"","startTime":1529756521899,"endTime":1529756620083,"childRecords":[{"testStatus":{"stackTrace":"","statusValue":"INFO"},"type":"MESSAGE","name":"","message":"Evaluating variables for test case","startTime":1529756521915,"endTime":0,"childRecords":[],"interuppted":false},{"index":-1,"isIgnoredIfFailed":false,"type":"TEST_STEP","name":"Start listener action : sampleBeforeTestCase","message":"Wait for page load successfully","description":"","startTime":1529756521916,"endTime":1529756521939,"childRecords":[{"index":1,"isIgnoredIfFailed":false,"type":"TEST_STEP","name":"Statement - println(testCaseContext.getTestCaseId())","description":"","startTime":1529756521918,"endTime":1529756521919,"childRecords":[],"interuppted":false},{"index":2,"isIgnoredIfFailed":false,"type":"TEST_STEP","name":"Statement - println(testCaseContext.getTestCaseVariables())","description":"","startTime":1529756521920,"endTime":1529756521922,"childRecords":[],"interuppted":false},{"index":3,"isIgnoredIfFailed":false,"type":"TEST_STEP","name":"waitForPageLoad","message":"Wait for page load successfully","description":"","startTime":1529756521923,"endTime":1529756521938,"childRecords":[{"testStatus":{"stackTrace":"","statusValue":"PASSED"},"type":"MESSAGE","name":"","message":"Wait for page load successfully","startTime":1529756521937,"endTime":0,"childRecords":[],"interuppted":false}],"interuppted":false}],"interuppted":false},{"index":1,"isIgnoredIfFailed":false,"type":"TEST_STEP","name":"Statement - app \u003d com.server.AppManager.getInstance()","description":"","startTime":1529756522221,"endTime":1529756522223,"childRecords":[],"interuppted":false},{"index":2,"isIgnoredIfFailed":false,"type":"TEST_STEP","name":"waitForPageLoad","message":"Wait for page load successfully","description":"","startTime":1529756522223,"endTime":1529756522237,"childRecords":[{"testStatus":{"stackTrace":"","statusValue":"PASSED"},"type":"MESSAGE","name":"","message":"Wait for page load successfully","startTime":1529756522236,"endTime":0,"childRecords":[],"interuppted":false}],"interuppted":false},{"attachment":"1529756554196.png","index":3,"isIgnoredIfFailed":false,"type":"TEST_STEP","name":"verifyElementVisible","message":"Web element with id: \u0027Object Repository/Login_Page_OR/Shared/Visual/Kms_logo\u0027 located by \u0027By.xpath: /html/body/span[count(. | //*[@class \u003d \u0027kms-login__logo kms-login__logo--brand\u0027]) \u003d count(//*[@class \u003d \u0027kms-login__logo kms-login__logo--brand\u0027])]\u0027 not found","description":"","startTime":1529756522238,"endTime":1529756554659,"childRecords":[{"testStatus":{"stackTrace":"","statusValue":"FAILED"},"attachment":"1529756554196.png","type":"MESSAGE","name":"","message":"Web element with id: \u0027Object Repository/Login_Page_OR/Shared/Visual/Kms_logo\u0027 located by \u0027By.xpath: /html/body/span[count(. | //*[@class \u003d \u0027kms-login__logo kms-login__logo--brand\u0027]) \u003d count(//*[@class \u003d \u0027kms-login__logo kms-login__logo--brand\u0027])]\u0027 not found","startTime":1529756554655,"endTime":0,"childRecords":[],"interuppted":false}],"interuppted":false},{"attachment":"1529756586462.png","index":4,"isIgnoredIfFailed":false,"type":"TEST_STEP","name":"verifyElementVisible","message":"Web element with id: \u0027Object Repository/Login_Page_OR/Shared/Visual/lang_Logo\u0027 located by \u0027By.xpath: /html/body/form/div[2]/span[count(. | //*[@class \u003d \u0027kms-icon kms-icon--username kms-modern-form__group-icon\u0027]) \u003d count(//*[@class \u003d \u0027kms-icon kms-icon--username kms-modern-form__group-icon\u0027])]\u0027 not found","description":"","startTime":1529756554660,"endTime":1529756586958,"childRecords":[{"testStatus":{"stackTrace":"","statusValue":"FAILED"},"attachment":"1529756586462.png","type":"MESSAGE","name":"","message":"Web element with id: \u0027Object Repository/Login_Page_OR/Shared/Visual/lang_Logo\u0027 located by \u0027By.xpath: /html/body/form/div[2]/span[count(. | //*[@class \u003d \u0027kms-icon kms-icon--username kms-modern-form__group-icon\u0027]) \u003d count(//*[@class \u003d \u0027kms-icon kms-icon--username kms-modern-form__group-icon\u0027])]\u0027 not found","startTime":1529756586956,"endTime":0,"childRecords":[],"interuppted":false}],"interuppted":false},{"attachment":"1529756618749.png","index":5,"isIgnoredIfFailed":false,"type":"TEST_STEP","name":"verifyElementText","message":"com.kms.katalon.core.webui.exception.WebElementNotFoundException: Web element with id: \u0027Object Repository/Login_Page_OR/Shared/Visual/kms_ltd\u0027 located by \u0027By.xpath: /html/body/form/span[count(. | //*[@class \u003d \u0027kms-login__copyright kms-pull--right kms-helper-relative kms-helper-noselect kms-helper-no-pointer-events\u0027]) \u003d count(//*[@class \u003d \u0027kms-login__copyright kms-pull--right kms-helper-relative kms-helper-noselect kms-helper-no-pointer-events\u0027])]\u0027 not found","description":"","startTime":1529756586959,"endTime":1529756619193,"childRecords":[{"testStatus":{"stackTrace":"","statusValue":"FAILED"},"attachment":"1529756618749.png","type":"MESSAGE","name":"","message":"com.kms.katalon.core.webui.exception.WebElementNotFoundException: Web element with id: \u0027Object Repository/Login_Page_OR/Shared/Visual/kms_ltd\u0027 located by \u0027By.xpath: /html/body/form/span[count(. | //*[@class \u003d \u0027kms-login__copyright kms-pull--right kms-helper-relative kms-helper-noselect kms-helper-no-pointer-events\u0027]) \u003d count(//*[@class \u003d \u0027kms-login__copyright kms-pull--right kms-helper-relative kms-helper-noselect kms-helper-no-pointer-events\u0027])]\u0027 not found","startTime":1529756619191,"endTime":0,"childRecords":[],"interuppted":false}],"interuppted":false},{"index":6,"isIgnoredIfFailed":false,"type":"TEST_STEP","name":"closeBrowser","message":"Browser is closed","description":"","startTime":1529756619194,"endTime":1529756620065,"childRecords":[{"testStatus":{"stackTrace":"","statusValue":"PASSED"},"type":"MESSAGE","name":"","message":"Browser is closed","startTime":1529756620064,"endTime":0,"childRecords":[],"interuppted":false}],"interuppted":false},{"testStatus":{"stackTrace":"","statusValue":"FAILED"},"type":"MESSAGE","name":"","message":"Test Cases/LogIn_Tests/Login_Visual_Test FAILED because (of) Web element with id: \u0027Object Repository/Login_Page_OR/Shared/Visual/Kms_logo\u0027 located by \u0027By.xpath: /html/body/span[count(. | //*[@class \u003d \u0027kms-login__logo kms-login__logo--brand\u0027]) \u003d count(//*[@class \u003d \u0027kms-login__logo kms-login__logo--brand\u0027])]\u0027 not found","startTime":1529756620066,"endTime":0,"childRecords":[],"interuppted":false},{"index":-1,"isIgnoredIfFailed":false,"type":"TEST_STEP","name":"Start listener action : sampleAfterTestCase","message":"Invoke \u0027com.kms.katalon.core.annotation.AfterTestCase\u0027 method: \u0027BaseTest.sampleAfterTestCase(...)\u0027 completed.","description":"","startTime":1529756620069,"endTime":1529756620081,"childRecords":[{"index":1,"isIgnoredIfFailed":false,"type":"TEST_STEP","name":"Statement - println(testCaseContext.getTestCaseId())","description":"","startTime":1529756620072,"endTime":1529756620075,"childRecords":[],"interuppted":false},{"index":2,"isIgnoredIfFailed":false,"type":"TEST_STEP","name":"Statement - println(testCaseContext.getTestCaseStatus())","message":"Invoke \u0027com.kms.katalon.core.annotation.AfterTestCase\u0027 method: \u0027BaseTest.sampleAfterTestCase(...)\u0027 completed.","description":"","startTime":1529756620076,"endTime":1529756620080,"childRecords":[],"interuppted":false}],"interuppted":false}],"interuppted":false}],"interuppted":false}