<?xml version="1.0" encoding="UTF-8"?>
<testsuites name="Login_Tests" time="114" tests="0" failures="1" errors="2">
   <testsuite name="Login_Tests" tests="0" failures="1" errors="2" time="114" timestamp="2018-06-23 20:21:45" hostname="fed86 - DESKTOP-7QA1RHK" id="Test Suites/Sanity_tests/Login_Tests">
      <properties>
         <property name="deviceName" value=""/>
         <property name="devicePlatform" value=""/>
         <property name="logFolder" value="D:\\SVN\\Kms-katalon-test\\Reports\\Sanity_tests\\Login_Tests\\20180623_202138"/>
         <property name="logFiles" value="D:\\SVN\\Kms-katalon-test\\Reports\\Sanity_tests\\Login_Tests\\20180623_202138\\execution0.log"/>
         <property name="attachments" value="D:\\SVN\\Kms-katalon-test\\Reports\\Sanity_tests\\Login_Tests\\20180623_202138\\1529756554196.png, D:\\SVN\\Kms-katalon-test\\Reports\\Sanity_tests\\Login_Tests\\20180623_202138\\1529756586462.png, D:\\SVN\\Kms-katalon-test\\Reports\\Sanity_tests\\Login_Tests\\20180623_202138\\1529756618749.png"/>
         <property name="hostName" value="fed86 - DESKTOP-7QA1RHK"/>
         <property name="os" value="Windows 10 64bit"/>
         <property name="katalonVersion" value="5.4.2.1"/>
         <property name="browser" value="Chrome 67.0.3396.87"/>
         <property name="hostAddress" value="10.0.75.1"/>
         <property name="sessionId" value="7d885fb2d764c04597adb24e8894caee"/>
         <property name="seleniumVersion" value="3.7.1"/>
         <property name="proxyInformation" value="ProxyInformation{proxyOption=NO_PROXY, proxyServerType=HTTP, password=, proxyServerAddress=, proxyServerPort=0}"/>
         <property name="platform" value="Windows 10"/>
      </properties>
      <testcase name="Test Cases/LogIn_Tests/LogIn_Administrator_Ru_Test" classname="Test Cases/LogIn_Tests/LogIn_Administrator_Ru_Test" status="ERROR">
         <error type="ERROR" message="Test Cases/LogIn_Tests/LogIn_Administrator_Ru_Test FAILED because (of) java.lang.StackOverflowError"/>
         <system-out><![CDATA[2018-06-23 20:21:47 - [TEST_CASE][ERROR] - Test Cases/LogIn_Tests/LogIn_Administrator_Ru_Test: Test Cases/LogIn_Tests/LogIn_Administrator_Ru_Test FAILED because (of) java.lang.StackOverflowError

2018-06-23 20:21:47 - [TEST_STEP][ERROR] - Start listener action : sampleBeforeTestCase: Unable to wait for page load (Root cause: com.kms.katalon.core.webui.exception.BrowserNotOpenedException: Browser is not opened
Build info: version: '3.7.1', revision: '8a0099a', time: '2017-11-06T21:07:36.161Z'
System info: host: 'DESKTOP-7QA1RHK', ip: '10.0.75.1', os.name: 'Windows 10', os.arch: 'amd64', os.version: '10.0', java.version: '1.8.0_102'
Driver info: driver.version: unknown)

2018-06-23 20:21:48 - [TEST_STEP][PASSED] - Statement - println(testCaseContext.getTestCaseId()): null

2018-06-23 20:21:48 - [TEST_STEP][PASSED] - Statement - println(testCaseContext.getTestCaseVariables()): null

2018-06-23 20:21:48 - [TEST_STEP][ERROR] - waitForPageLoad: Unable to wait for page load (Root cause: com.kms.katalon.core.webui.exception.BrowserNotOpenedException: Browser is not opened
Build info: version: '3.7.1', revision: '8a0099a', time: '2017-11-06T21:07:36.161Z'
System info: host: 'DESKTOP-7QA1RHK', ip: '10.0.75.1', os.name: 'Windows 10', os.arch: 'amd64', os.version: '10.0', java.version: '1.8.0_102'
Driver info: driver.version: unknown)

2018-06-23 20:21:49 - [MESSAGE][WARNING] - Cannot take screenshot

2018-06-23 20:21:49 - [MESSAGE][FAILED] - Unable to wait for page load (Root cause: com.kms.katalon.core.webui.exception.BrowserNotOpenedException: Browser is not opened
Build info: version: '3.7.1', revision: '8a0099a', time: '2017-11-06T21:07:36.161Z'
System info: host: 'DESKTOP-7QA1RHK', ip: '10.0.75.1', os.name: 'Windows 10', os.arch: 'amd64', os.version: '10.0', java.version: '1.8.0_102'
Driver info: driver.version: unknown)

2018-06-23 20:21:49 - [MESSAGE][ERROR] - Unable to wait for page load (Root cause: com.kms.katalon.core.webui.exception.BrowserNotOpenedException: Browser is not opened
Build info: version: '3.7.1', revision: '8a0099a', time: '2017-11-06T21:07:36.161Z'
System info: host: 'DESKTOP-7QA1RHK', ip: '10.0.75.1', os.name: 'Windows 10', os.arch: 'amd64', os.version: '10.0', java.version: '1.8.0_102'
Driver info: driver.version: unknown)

2018-06-23 20:21:49 - [TEST_STEP][PASSED] - Statement - loginPage = com.server.AppManager.getInstance().getNavHelper().getLogin().authenticate_User(RUSSIAN, ADMINISTRATOR): Delete all cookies successfully

2018-06-23 20:21:59 - [MESSAGE][PASSED] - Browser is opened with url: 'http://kmsqa3:501/kms/lh/login'

2018-06-23 20:22:00 - [MESSAGE][PASSED] - Current window maximized

2018-06-23 20:22:00 - [MESSAGE][PASSED] - Delete all cookies successfully

2018-06-23 20:22:01 - [TEST_STEP][PASSED] - Start listener action : sampleAfterTestCase: Invoke 'com.kms.katalon.core.annotation.AfterTestCase' method: 'BaseTest.sampleAfterTestCase(...)' completed.

2018-06-23 20:22:01 - [TEST_STEP][PASSED] - Statement - println(testCaseContext.getTestCaseId()): null

2018-06-23 20:22:01 - [TEST_STEP][PASSED] - Statement - println(testCaseContext.getTestCaseStatus()): Invoke 'com.kms.katalon.core.annotation.AfterTestCase' method: 'BaseTest.sampleAfterTestCase(...)' completed.]]></system-out>
         <system-err><![CDATA[2018-06-23 20:21:47 - [TEST_CASE][ERROR] - Test Cases/LogIn_Tests/LogIn_Administrator_Ru_Test: Test Cases/LogIn_Tests/LogIn_Administrator_Ru_Test FAILED because (of) java.lang.StackOverflowError]]></system-err>
      </testcase>
      <testcase name="Test Cases/LogIn_Tests/Login_Administrator_Test" classname="Test Cases/LogIn_Tests/Login_Administrator_Test" status="ERROR">
         <error type="ERROR" message="Test Cases/LogIn_Tests/Login_Administrator_Test FAILED because (of) java.lang.StackOverflowError"/>
         <system-out><![CDATA[2018-06-23 20:22:01 - [TEST_CASE][ERROR] - Test Cases/LogIn_Tests/Login_Administrator_Test: Test Cases/LogIn_Tests/Login_Administrator_Test FAILED because (of) java.lang.StackOverflowError

2018-06-23 20:22:01 - [TEST_STEP][PASSED] - Start listener action : sampleBeforeTestCase: Wait for page load successfully

2018-06-23 20:22:01 - [TEST_STEP][PASSED] - Statement - println(testCaseContext.getTestCaseId()): null

2018-06-23 20:22:01 - [TEST_STEP][PASSED] - Statement - println(testCaseContext.getTestCaseVariables()): null

2018-06-23 20:22:01 - [TEST_STEP][PASSED] - waitForPageLoad: Wait for page load successfully

2018-06-23 20:22:01 - [MESSAGE][PASSED] - Wait for page load successfully

2018-06-23 20:22:01 - [TEST_STEP][PASSED] - Statement - loginPage = com.server.AppManager.getInstance().getNavHelper().getLogin().authenticate_User(ENGLISH, ADMINISTRATOR): null

2018-06-23 20:22:01 - [TEST_STEP][PASSED] - Start listener action : sampleAfterTestCase: Invoke 'com.kms.katalon.core.annotation.AfterTestCase' method: 'BaseTest.sampleAfterTestCase(...)' completed.

2018-06-23 20:22:01 - [TEST_STEP][PASSED] - Statement - println(testCaseContext.getTestCaseId()): null

2018-06-23 20:22:01 - [TEST_STEP][PASSED] - Statement - println(testCaseContext.getTestCaseStatus()): Invoke 'com.kms.katalon.core.annotation.AfterTestCase' method: 'BaseTest.sampleAfterTestCase(...)' completed.]]></system-out>
         <system-err><![CDATA[2018-06-23 20:22:01 - [TEST_CASE][ERROR] - Test Cases/LogIn_Tests/Login_Administrator_Test: Test Cases/LogIn_Tests/Login_Administrator_Test FAILED because (of) java.lang.StackOverflowError]]></system-err>
      </testcase>
      <testcase name="Test Cases/LogIn_Tests/Login_Visual_Test" classname="Test Cases/LogIn_Tests/Login_Visual_Test" status="FAILED">
         <failure type="FAILED" message="Web element with id: 'Object Repository/Login_Page_OR/Shared/Visual/Kms_logo' located by 'By.xpath: /html/body/span[count(. | //*[@class = 'kms-login__logo kms-login__logo--brand']) = count(//*[@class = 'kms-login__logo kms-login__logo--brand'])]' not found"/>
         <system-out><![CDATA[2018-06-23 20:22:01 - [TEST_CASE][FAILED] - Test Cases/LogIn_Tests/Login_Visual_Test: Test Cases/LogIn_Tests/Login_Visual_Test FAILED because (of) Web element with id: 'Object Repository/Login_Page_OR/Shared/Visual/Kms_logo' located by 'By.xpath: /html/body/span[count(. | //*[@class = 'kms-login__logo kms-login__logo--brand']) = count(//*[@class = 'kms-login__logo kms-login__logo--brand'])]' not found

2018-06-23 20:22:01 - [TEST_STEP][PASSED] - Start listener action : sampleBeforeTestCase: Wait for page load successfully

2018-06-23 20:22:01 - [TEST_STEP][PASSED] - Statement - println(testCaseContext.getTestCaseId()): null

2018-06-23 20:22:01 - [TEST_STEP][PASSED] - Statement - println(testCaseContext.getTestCaseVariables()): null

2018-06-23 20:22:01 - [TEST_STEP][PASSED] - waitForPageLoad: Wait for page load successfully

2018-06-23 20:22:01 - [MESSAGE][PASSED] - Wait for page load successfully

2018-06-23 20:22:02 - [TEST_STEP][PASSED] - Statement - app = com.server.AppManager.getInstance(): null

2018-06-23 20:22:02 - [TEST_STEP][PASSED] - waitForPageLoad: Wait for page load successfully

2018-06-23 20:22:02 - [MESSAGE][PASSED] - Wait for page load successfully

2018-06-23 20:22:02 - [TEST_STEP][FAILED] - verifyElementVisible: Web element with id: 'Object Repository/Login_Page_OR/Shared/Visual/Kms_logo' located by 'By.xpath: /html/body/span[count(. | //*[@class = 'kms-login__logo kms-login__logo--brand']) = count(//*[@class = 'kms-login__logo kms-login__logo--brand'])]' not found

2018-06-23 20:22:34 - [MESSAGE][FAILED] - Web element with id: 'Object Repository/Login_Page_OR/Shared/Visual/Kms_logo' located by 'By.xpath: /html/body/span[count(. | //*[@class = 'kms-login__logo kms-login__logo--brand']) = count(//*[@class = 'kms-login__logo kms-login__logo--brand'])]' not found
[[ATTACHMENT|D:\\SVN\\Kms-katalon-test\\Reports\\Sanity_tests\\Login_Tests\\20180623_202138\\1529756554196.png]]

2018-06-23 20:22:34 - [TEST_STEP][FAILED] - verifyElementVisible: Web element with id: 'Object Repository/Login_Page_OR/Shared/Visual/lang_Logo' located by 'By.xpath: /html/body/form/div[2]/span[count(. | //*[@class = 'kms-icon kms-icon--username kms-modern-form__group-icon']) = count(//*[@class = 'kms-icon kms-icon--username kms-modern-form__group-icon'])]' not found

2018-06-23 20:23:06 - [MESSAGE][FAILED] - Web element with id: 'Object Repository/Login_Page_OR/Shared/Visual/lang_Logo' located by 'By.xpath: /html/body/form/div[2]/span[count(. | //*[@class = 'kms-icon kms-icon--username kms-modern-form__group-icon']) = count(//*[@class = 'kms-icon kms-icon--username kms-modern-form__group-icon'])]' not found
[[ATTACHMENT|D:\\SVN\\Kms-katalon-test\\Reports\\Sanity_tests\\Login_Tests\\20180623_202138\\1529756586462.png]]

2018-06-23 20:23:06 - [TEST_STEP][FAILED] - verifyElementText: com.kms.katalon.core.webui.exception.WebElementNotFoundException: Web element with id: 'Object Repository/Login_Page_OR/Shared/Visual/kms_ltd' located by 'By.xpath: /html/body/form/span[count(. | //*[@class = 'kms-login__copyright kms-pull--right kms-helper-relative kms-helper-noselect kms-helper-no-pointer-events']) = count(//*[@class = 'kms-login__copyright kms-pull--right kms-helper-relative kms-helper-noselect kms-helper-no-pointer-events'])]' not found

2018-06-23 20:23:39 - [MESSAGE][FAILED] - com.kms.katalon.core.webui.exception.WebElementNotFoundException: Web element with id: 'Object Repository/Login_Page_OR/Shared/Visual/kms_ltd' located by 'By.xpath: /html/body/form/span[count(. | //*[@class = 'kms-login__copyright kms-pull--right kms-helper-relative kms-helper-noselect kms-helper-no-pointer-events']) = count(//*[@class = 'kms-login__copyright kms-pull--right kms-helper-relative kms-helper-noselect kms-helper-no-pointer-events'])]' not found
[[ATTACHMENT|D:\\SVN\\Kms-katalon-test\\Reports\\Sanity_tests\\Login_Tests\\20180623_202138\\1529756618749.png]]

2018-06-23 20:23:39 - [TEST_STEP][PASSED] - closeBrowser: Browser is closed

2018-06-23 20:23:40 - [MESSAGE][PASSED] - Browser is closed

2018-06-23 20:23:40 - [TEST_STEP][PASSED] - Start listener action : sampleAfterTestCase: Invoke 'com.kms.katalon.core.annotation.AfterTestCase' method: 'BaseTest.sampleAfterTestCase(...)' completed.

2018-06-23 20:23:40 - [TEST_STEP][PASSED] - Statement - println(testCaseContext.getTestCaseId()): null

2018-06-23 20:23:40 - [TEST_STEP][PASSED] - Statement - println(testCaseContext.getTestCaseStatus()): Invoke 'com.kms.katalon.core.annotation.AfterTestCase' method: 'BaseTest.sampleAfterTestCase(...)' completed.]]></system-out>
         <system-err><![CDATA[2018-06-23 20:22:01 - [TEST_CASE][FAILED] - Test Cases/LogIn_Tests/Login_Visual_Test: Test Cases/LogIn_Tests/Login_Visual_Test FAILED because (of) Web element with id: 'Object Repository/Login_Page_OR/Shared/Visual/Kms_logo' located by 'By.xpath: /html/body/span[count(. | //*[@class = 'kms-login__logo kms-login__logo--brand']) = count(//*[@class = 'kms-login__logo kms-login__logo--brand'])]' not found]]></system-err>
      </testcase>
      <system-out><![CDATA[2018-06-23 20:21:45 - [TEST_SUITE][ERROR] - Login_Tests: Test Cases/LogIn_Tests/LogIn_Administrator_Ru_Test FAILED because (of) java.lang.StackOverflowError]]></system-out>
      <system-err><![CDATA[2018-06-23 20:21:45 - [TEST_SUITE][ERROR] - Login_Tests: Test Cases/LogIn_Tests/LogIn_Administrator_Ru_Test FAILED because (of) java.lang.StackOverflowError]]></system-err>
   </testsuite>
</testsuites>
