<?xml version="1.0" encoding="UTF-8"?>
<testsuites name="general" time="79" tests="0" failures="0" errors="2">
   <testsuite name="general" tests="0" failures="0" errors="2" time="79" timestamp="2018-07-29 12:28:52" hostname="fed86 - DESKTOP-UNNJGJG" id="Test Suites/general">
      <properties>
         <property name="deviceName" value=""/>
         <property name="devicePlatform" value=""/>
         <property name="logFolder" value="D:\\kms_katalon\\kms_katalon_tests\\katalonGitTest\\Reports\\general\\20180729_122845"/>
         <property name="logFiles" value="D:\\kms_katalon\\kms_katalon_tests\\katalonGitTest\\Reports\\general\\20180729_122845\\execution0.log, D:\\kms_katalon\\kms_katalon_tests\\katalonGitTest\\Reports\\general\\20180729_122845\\IEDriverServer.log"/>
         <property name="attachments" value="D:\\kms_katalon\\kms_katalon_tests\\katalonGitTest\\img\\IE\\login form\\actual.png, D:\\kms_katalon\\kms_katalon_tests\\katalonGitTest\\Reports\\general\\20180729_122845\\Reports/IE_DRIVER/Unable_to_click_on_object_'link_role'_(Root_cause__com.kms.katalon.core.webui.exception.WebElementNotFoundException__Web_element_with_id__'link_role'_located_by_'By.xpath____span[_(contains(.,_'Content_Manager'))]'_not_f.png, D:\\kms_katalon\\kms_katalon_tests\\katalonGitTest\\Reports\\general\\20180729_122845\\Reports/IE_DRIVER/Unable_to_click_on_object_'link_role'_(Root_cause__com.kms.katalon.core.webui.exception.WebElementNotFoundException__Web_element_with_id__'link_role'_located_by_'By.xpath____span[_(contains(.,_'Content_Manager'))]'_not_f.png"/>
         <property name="hostName" value="fed86 - DESKTOP-UNNJGJG"/>
         <property name="os" value="Windows 10 64bit"/>
         <property name="katalonVersion" value="5.5.0.1"/>
         <property name="browser" value="IE 11"/>
         <property name="hostAddress" value="10.44.1.145"/>
         <property name="sessionId" value="609ffaa1-e2d1-4df4-8933-a6656f4ec5e6"/>
         <property name="seleniumVersion" value="3.7.1"/>
         <property name="proxyInformation" value="ProxyInformation{proxyOption=NO_PROXY, proxyServerType=HTTP, password=, proxyServerAddress=, proxyServerPort=0}"/>
         <property name="platform" value="Windows 10"/>
      </properties>
      <testcase name="Test Cases/Kms_Tests/Languages/En/Item_Creation/Create_delete_general_by_rightclick_Test_En" classname="Test Cases/Kms_Tests/Languages/En/Item_Creation/Create_delete_general_by_rightclick_Test_En" status="ERROR">
         <error type="ERROR" message="Test Cases/Kms_Tests/Languages/En/Item_Creation/Create_delete_general_by_rightclick_Test_En FAILED because (of) java.lang.Exception: Unable_to_click_on_object_'link_role'_(Root_cause__com.kms.katalon.core.webui.exception.WebElementNotFoundException__Web_element_with_id__'link_role'_located_by_'By.xpath____span[_(contains(.,_'Content_Manager'))]'_not_f"/>
         <system-out><![CDATA[2018-07-29 12:28:53 - [TEST_CASE][ERROR] - Test Cases/Kms_Tests/Languages/En/Item_Creation/Create_delete_general_by_rightclick_Test_En: Test Cases/Kms_Tests/Languages/En/Item_Creation/Create_delete_general_by_rightclick_Test_En FAILED because (of) java.lang.Exception: Unable_to_click_on_object_'link_role'_(Root_cause__com.kms.katalon.core.webui.exception.WebElementNotFoundException__Web_element_with_id__'link_role'_located_by_'By.xpath____span[_(contains(.,_'Content_Manager'))]'_not_f

2018-07-29 12:28:53 - [TEST_STEP][PASSED] - Start listener action : beforeTestCase: Viewport is set to new size with width = 1400 and height = 1000

2018-07-29 12:28:53 - [TEST_STEP][PASSED] - Statement - com.kms.katalon.core.util.KeywordUtil.markWarning("Before Test case : " + testCase.getTestCaseId()): Before Test case : Test Cases/Kms_Tests/Languages/En/Item_Creation/Create_delete_general_by_rightclick_Test_En

2018-07-29 12:28:53 - [MESSAGE][WARNING] - Before Test case : Test Cases/Kms_Tests/Languages/En/Item_Creation/Create_delete_general_by_rightclick_Test_En

2018-07-29 12:28:53 - [TEST_STEP][PASSED] - Statement - instance: Viewport is set to new size with width = 1400 and height = 1000

2018-07-29 12:28:54 - [MESSAGE][WARNING] - Unable to get the url of the current window (Root cause: com.kms.katalon.core.webui.exception.BrowserNotOpenedException: Browser is not opened
Build info: version: '3.7.1', revision: '8a0099a', time: '2017-11-06T21:07:36.161Z'
System info: host: 'DESKTOP-UNNJGJG', ip: '10.44.1.145', os.name: 'Windows 10', os.arch: 'amd64', os.version: '10.0', java.version: '1.8.0_102'
Driver info: driver.version: unknown)

2018-07-29 12:28:58 - [MESSAGE][PASSED] - Browser is opened with url: 'http://kmsqa3:501/kms/lh/login'

2018-07-29 12:28:58 - [MESSAGE][PASSED] - Viewport is set to new size with width = 1400 and height = 1000

2018-07-29 12:28:58 - [TEST_STEP][FAILED] - Statement - com.system.RolesHelper.getCm_En().Login_En(): Unable to call Test Case with id 'Test Cases/LogIn_Tests/Languages/En/Login_Content_Manager_En_Test' (Root cause: Call Test Case 'Test Cases/LogIn_Tests/Languages/En/Login_Content_Manager_En_Test' failed because of error(s))

2018-07-29 12:28:58 - [TEST_CASE][ERROR] - Test Cases/LogIn_Tests/Languages/En/Login_Content_Manager_En_Test: Test Cases/LogIn_Tests/Languages/En/Login_Content_Manager_En_Test FAILED because (of) java.lang.Exception: Unable_to_click_on_object_'link_role'_(Root_cause__com.kms.katalon.core.webui.exception.WebElementNotFoundException__Web_element_with_id__'link_role'_located_by_'By.xpath____span[_(contains(.,_'Content_Manager'))]'_not_f

2018-07-29 12:28:58 - [TEST_STEP][PASSED] - Statement - com.system.RolesHelper.getCm_En().getLoginPage().fillUserNamePassword(): Text 'admin' is set on object 'password_txt'

2018-07-29 12:28:58 - [MESSAGE][PASSED] - Object 'Object Repository/Login_Page_OR/Visual/pass_Logo' is visible

2018-07-29 12:28:59 - [MESSAGE][PASSED] - Object 'Object Repository/Login_Page_OR/Visual/userName_Logo' is visible

2018-07-29 12:28:59 - [MESSAGE][PASSED] - Object 'span_userName' is visible

2018-07-29 12:28:59 - [MESSAGE][PASSED] - Object 'span_password' is visible

2018-07-29 12:28:59 - [MESSAGE][PASSED] - Object 'userName_txt' is visible

2018-07-29 12:28:59 - [MESSAGE][PASSED] - Text of object 'userName_txt' is cleared

2018-07-29 12:29:00 - [MESSAGE][PASSED] - Text 'admin' is set on object 'userName_txt'

2018-07-29 12:29:00 - [MESSAGE][PASSED] - Object 'password_txt' is visible

2018-07-29 12:29:00 - [MESSAGE][PASSED] - Text of object 'password_txt' is cleared

2018-07-29 12:29:01 - [MESSAGE][PASSED] - Text 'admin' is set on object 'password_txt'

2018-07-29 12:29:01 - [TEST_STEP][PASSED] - Statement - com.system.RolesHelper.getCm_En().getLoginPage().clickÐ¡hooseLanguage(): Object: 'link_lang' is clicked on

2018-07-29 12:29:01 - [MESSAGE][PASSED] - Text of object 'link_change_lang' is: 'Change Language'

2018-07-29 12:29:01 - [MESSAGE][PASSED] - Actual object 'true' and expected object 'true' are equal

2018-07-29 12:29:01 - [MESSAGE][WARNING] - Comparing Change Language texts : true

2018-07-29 12:29:01 - [MESSAGE][PASSED] - Object 'link_change_lang' is visible

2018-07-29 12:29:02 - [MESSAGE][PASSED] - Object: 'link_change_lang' is clicked on

2018-07-29 12:29:03 - [MESSAGE][PASSED] - Object 'caret_lang' is visible

2018-07-29 12:29:04 - [MESSAGE][PASSED] - Object: 'caret_lang' is clicked on

2018-07-29 12:29:04 - [MESSAGE][PASSED] - Text of object 'link_lang' is: 'English'

2018-07-29 12:29:04 - [MESSAGE][PASSED] - Actual object 'true' and expected object 'true' are equal

2018-07-29 12:29:04 - [MESSAGE][WARNING] - Comparing English texts : true

2018-07-29 12:29:04 - [MESSAGE][PASSED] - Object 'link_lang' is visible

2018-07-29 12:29:06 - [MESSAGE][PASSED] - Object: 'link_lang' is clicked on

2018-07-29 12:29:06 - [TEST_STEP][PASSED] - Statement - com.system.CompareImages.detailedComparison("login form", true): Comparing  D:\kms_katalon\kms_katalon_tests\katalonGitTest\img\IE\login form\desired.png image : true

2018-07-29 12:29:06 - [MESSAGE][PASSED] - Taking screenshot successfully
[[ATTACHMENT|D:\\kms_katalon\\kms_katalon_tests\\katalonGitTest\\img\\IE\\login form\\actual.png]]

2018-07-29 12:29:07 - [MESSAGE][WARNING] - Comparing  D:\kms_katalon\kms_katalon_tests\katalonGitTest\img\IE\login form\desired.png image : true

2018-07-29 12:29:07 - [TEST_STEP][PASSED] - Statement - com.system.RolesHelper.getCm_En().getLoginPage().clickLogInWithUserNameAndPassword(): Object: 'auth_Login_button' is clicked on

2018-07-29 12:29:08 - [MESSAGE][PASSED] - Text of object 'auth_Login_button' is: 'LOGIN'

2018-07-29 12:29:08 - [MESSAGE][PASSED] - Actual object 'true' and expected object 'true' are equal

2018-07-29 12:29:08 - [MESSAGE][WARNING] - Comparing LOGIN texts : true

2018-07-29 12:29:08 - [MESSAGE][PASSED] - Object 'auth_Login_button' is visible

2018-07-29 12:29:09 - [MESSAGE][PASSED] - Object: 'auth_Login_button' is clicked on

2018-07-29 12:29:09 - [TEST_STEP][PASSED] - Statement - com.system.RolesHelper.getCm_En().getLoginPage().selectView(): Taking screenshot successfully

2018-07-29 12:29:09 - [MESSAGE][PASSED] - Text of object 'title_layout' is: 'LOGIN'

2018-07-29 12:29:09 - [MESSAGE][WARNING] - Unable to verify equal between actual object 'false' and expected object 'true' (Root cause: Actual object 'false' and expected object 'true' are not equal)

2018-07-29 12:29:09 - [MESSAGE][WARNING] - Comparing CHOOSE A LAYOUT texts : false

2018-07-29 12:29:10 - [MESSAGE][PASSED] - Object 'dropDown_roles' is visible

2018-07-29 12:29:11 - [MESSAGE][PASSED] - Object: 'dropDown_roles' is clicked on

2018-07-29 12:29:19 - [MESSAGE][WARNING] - Unable to get text of object 'link_role' (Root cause: com.kms.katalon.core.webui.exception.WebElementNotFoundException: Web element with id: 'link_role' located by 'By.xpath: //span[ (contains(., 'Content Manager'))]' not found)

2018-07-29 12:29:27 - [MESSAGE][WARNING] - Unable to scroll to object 'link_role' (Root cause: com.kms.katalon.core.webui.exception.WebElementNotFoundException: Web element with id: 'link_role' located by 'By.xpath: //span[ (contains(., 'Content Manager'))]' not found)

2018-07-29 12:29:35 - [MESSAGE][FAILED] - Unable to click on object 'link_role' (Root cause: com.kms.katalon.core.webui.exception.WebElementNotFoundException: Web element with id: 'link_role' located by 'By.xpath: //span[ (contains(., 'Content Manager'))]' not found)

2018-07-29 12:29:38 - [MESSAGE][PASSED] - Delayed 3 second(s)

2018-07-29 12:29:38 - [MESSAGE][PASSED] - Text of object 'title_layout' is: 'LOGIN'

2018-07-29 12:29:38 - [MESSAGE][WARNING] - Unable to verify equal between actual object 'false' and expected object 'true' (Root cause: Actual object 'false' and expected object 'true' are not equal)

2018-07-29 12:29:38 - [MESSAGE][WARNING] - Comparing CHOOSE A LAYOUT texts : false

2018-07-29 12:29:38 - [MESSAGE][PASSED] - Text of object 'dropDown_roles' is: 'English '

2018-07-29 12:29:38 - [MESSAGE][WARNING] - Unable to verify equal between actual object 'false' and expected object 'true' (Root cause: Actual object 'false' and expected object 'true' are not equal)

2018-07-29 12:29:38 - [MESSAGE][WARNING] - Comparing Content Manager texts : false

2018-07-29 12:29:38 - [MESSAGE][PASSED] - Object 'dropDown_roles' is visible

2018-07-29 12:29:39 - [MESSAGE][PASSED] - Object: 'dropDown_roles' is clicked on

2018-07-29 12:29:44 - [MESSAGE][WARNING] - Web element with id: 'link_role' located by 'By.xpath: //span[ (contains(., 'Content Manager'))]' not found

2018-07-29 12:29:52 - [MESSAGE][FAILED] - Unable to click on object 'link_role' (Root cause: com.kms.katalon.core.webui.exception.WebElementNotFoundException: Web element with id: 'link_role' located by 'By.xpath: //span[ (contains(., 'Content Manager'))]' not found)

2018-07-29 12:30:00 - [MESSAGE][WARNING] - Unable to scroll to object 'link_role' (Root cause: com.kms.katalon.core.webui.exception.WebElementNotFoundException: Web element with id: 'link_role' located by 'By.xpath: //span[ (contains(., 'Content Manager'))]' not found)

2018-07-29 12:30:08 - [MESSAGE][FAILED] - Unable to click on object 'link_role' (Root cause: com.kms.katalon.core.webui.exception.WebElementNotFoundException: Web element with id: 'link_role' located by 'By.xpath: //span[ (contains(., 'Content Manager'))]' not found)

2018-07-29 12:30:08 - [MESSAGE][PASSED] - Taking screenshot successfully
[[ATTACHMENT|D:\\kms_katalon\\kms_katalon_tests\\katalonGitTest\\Reports\\general\\20180729_122845\\Reports/IE_DRIVER/Unable_to_click_on_object_'link_role'_(Root_cause__com.kms.katalon.core.webui.exception.WebElementNotFoundException__Web_element_with_id__'link_role'_located_by_'By.xpath____span[_(contains(.,_'Content_Manager'))]'_not_f.png]]

2018-07-29 12:30:08 - [MESSAGE][FAILED] - Unable to call Test Case with id 'Test Cases/LogIn_Tests/Languages/En/Login_Content_Manager_En_Test' (Root cause: Call Test Case 'Test Cases/LogIn_Tests/Languages/En/Login_Content_Manager_En_Test' failed because of error(s))

2018-07-29 12:30:08 - [TEST_STEP][PASSED] - Start listener action : afterTestCase: Invoke 'com.kms.katalon.core.annotation.AfterTestCase' method: 'BaseTest.afterTestCase(...)' completed.

2018-07-29 12:30:08 - [TEST_STEP][PASSED] - switchToDefaultContent: Switching to default content

2018-07-29 12:30:08 - [TEST_STEP][PASSED] - Statement - dir = "C:\Users\fed86\AppData\Local\Temp": null

2018-07-29 12:30:08 - [TEST_STEP][PASSED] - Statement - f = new java.io.File(dir): null

2018-07-29 12:30:08 - [TEST_STEP][PASSED] - Statement - files = f.listFiles(): null

2018-07-29 12:30:08 - [TEST_STEP][PASSED] - Statement - lowercaseName = "": null

2018-07-29 12:30:08 - [TEST_STEP][PASSED] - Statement - For (File file : files): Invoke 'com.kms.katalon.core.annotation.AfterTestCase' method: 'BaseTest.afterTestCase(...)' completed.

2018-07-29 12:30:08 - [TEST_STEP][PASSED] - Statement - Try: null

2018-07-29 12:30:09 - [TEST_STEP][PASSED] - Statement - lowercaseName = name.toLowerCase(): null

2018-07-29 12:30:09 - [TEST_STEP][PASSED] - Statement - If (lowercaseName.startsWith("katalon") || lowercaseName.startsWith("anonymous") || lowercaseName.startsWith("scoped")): null

2018-07-29 12:30:09 - [TEST_STEP][PASSED] - Statement - Try: null

2018-07-29 12:30:09 - [TEST_STEP][PASSED] - Statement - lowercaseName = name.toLowerCase(): null

2018-07-29 12:30:09 - [TEST_STEP][PASSED] - Statement - If (lowercaseName.startsWith("katalon") || lowercaseName.startsWith("anonymous") || lowercaseName.startsWith("scoped")): null

2018-07-29 12:30:09 - [TEST_STEP][PASSED] - Statement - Try: null

2018-07-29 12:30:09 - [TEST_STEP][PASSED] - Statement - lowercaseName = name.toLowerCase(): null

2018-07-29 12:30:09 - [TEST_STEP][PASSED] - Statement - If (lowercaseName.startsWith("katalon") || lowercaseName.startsWith("anonymous") || lowercaseName.startsWith("scoped")): null

2018-07-29 12:30:09 - [TEST_STEP][PASSED] - Statement - Try: null

2018-07-29 12:30:09 - [TEST_STEP][PASSED] - Statement - lowercaseName = name.toLowerCase(): null

2018-07-29 12:30:09 - [TEST_STEP][PASSED] - Statement - If (lowercaseName.startsWith("katalon") || lowercaseName.startsWith("anonymous") || lowercaseName.startsWith("scoped")): null

2018-07-29 12:30:09 - [TEST_STEP][PASSED] - Statement - Try: null

2018-07-29 12:30:09 - [TEST_STEP][PASSED] - Statement - lowercaseName = name.toLowerCase(): null

2018-07-29 12:30:09 - [TEST_STEP][PASSED] - Statement - If (lowercaseName.startsWith("katalon") || lowercaseName.startsWith("anonymous") || lowercaseName.startsWith("scoped")): null

2018-07-29 12:30:09 - [TEST_STEP][PASSED] - Statement - Try: null

2018-07-29 12:30:09 - [TEST_STEP][PASSED] - Statement - lowercaseName = name.toLowerCase(): null

2018-07-29 12:30:09 - [TEST_STEP][PASSED] - Statement - If (lowercaseName.startsWith("katalon") || lowercaseName.startsWith("anonymous") || lowercaseName.startsWith("scoped")): null

2018-07-29 12:30:09 - [TEST_STEP][PASSED] - Statement - Try: null

2018-07-29 12:30:09 - [TEST_STEP][PASSED] - Statement - lowercaseName = name.toLowerCase(): null

2018-07-29 12:30:09 - [TEST_STEP][PASSED] - Statement - If (lowercaseName.startsWith("katalon") || lowercaseName.startsWith("anonymous") || lowercaseName.startsWith("scoped")): null

2018-07-29 12:30:09 - [TEST_STEP][PASSED] - Statement - Try: null

2018-07-29 12:30:09 - [TEST_STEP][PASSED] - Statement - lowercaseName = name.toLowerCase(): null

2018-07-29 12:30:09 - [TEST_STEP][PASSED] - Statement - If (lowercaseName.startsWith("katalon") || lowercaseName.startsWith("anonymous") || lowercaseName.startsWith("scoped")): null

2018-07-29 12:30:09 - [TEST_STEP][PASSED] - Statement - Try: null

2018-07-29 12:30:09 - [TEST_STEP][PASSED] - Statement - lowercaseName = name.toLowerCase(): null

2018-07-29 12:30:09 - [TEST_STEP][PASSED] - Statement - If (lowercaseName.startsWith("katalon") || lowercaseName.startsWith("anonymous") || lowercaseName.startsWith("scoped")): null

2018-07-29 12:30:09 - [TEST_STEP][PASSED] - Statement - Try: null

2018-07-29 12:30:09 - [TEST_STEP][PASSED] - Statement - lowercaseName = name.toLowerCase(): null

2018-07-29 12:30:09 - [TEST_STEP][PASSED] - Statement - If (lowercaseName.startsWith("katalon") || lowercaseName.startsWith("anonymous") || lowercaseName.startsWith("scoped")): null

2018-07-29 12:30:09 - [TEST_STEP][PASSED] - Statement - Try: null

2018-07-29 12:30:09 - [TEST_STEP][PASSED] - Statement - lowercaseName = name.toLowerCase(): null

2018-07-29 12:30:09 - [TEST_STEP][PASSED] - Statement - If (lowercaseName.startsWith("katalon") || lowercaseName.startsWith("anonymous") || lowercaseName.startsWith("scoped")): null

2018-07-29 12:30:09 - [TEST_STEP][PASSED] - Statement - Try: null

2018-07-29 12:30:09 - [TEST_STEP][PASSED] - Statement - lowercaseName = name.toLowerCase(): null

2018-07-29 12:30:09 - [TEST_STEP][PASSED] - Statement - If (lowercaseName.startsWith("katalon") || lowercaseName.startsWith("anonymous") || lowercaseName.startsWith("scoped")): null

2018-07-29 12:30:09 - [TEST_STEP][PASSED] - Statement - Try: null

2018-07-29 12:30:09 - [TEST_STEP][PASSED] - Statement - lowercaseName = name.toLowerCase(): null

2018-07-29 12:30:09 - [TEST_STEP][PASSED] - Statement - If (lowercaseName.startsWith("katalon") || lowercaseName.startsWith("anonymous") || lowercaseName.startsWith("scoped")): null

2018-07-29 12:30:09 - [TEST_STEP][PASSED] - Statement - Try: null

2018-07-29 12:30:09 - [TEST_STEP][PASSED] - Statement - lowercaseName = name.toLowerCase(): null

2018-07-29 12:30:09 - [TEST_STEP][PASSED] - Statement - If (lowercaseName.startsWith("katalon") || lowercaseName.startsWith("anonymous") || lowercaseName.startsWith("scoped")): null

2018-07-29 12:30:09 - [TEST_STEP][PASSED] - Statement - Try: null

2018-07-29 12:30:09 - [TEST_STEP][PASSED] - Statement - lowercaseName = name.toLowerCase(): null

2018-07-29 12:30:09 - [TEST_STEP][PASSED] - Statement - If (lowercaseName.startsWith("katalon") || lowercaseName.startsWith("anonymous") || lowercaseName.startsWith("scoped")): null

2018-07-29 12:30:09 - [TEST_STEP][PASSED] - Statement - Try: null

2018-07-29 12:30:09 - [TEST_STEP][PASSED] - Statement - lowercaseName = name.toLowerCase(): null

2018-07-29 12:30:09 - [TEST_STEP][PASSED] - Statement - If (lowercaseName.startsWith("katalon") || lowercaseName.startsWith("anonymous") || lowercaseName.startsWith("scoped")): null

2018-07-29 12:30:09 - [TEST_STEP][PASSED] - Statement - Try: null

2018-07-29 12:30:09 - [TEST_STEP][PASSED] - Statement - lowercaseName = name.toLowerCase(): null

2018-07-29 12:30:09 - [TEST_STEP][PASSED] - Statement - If (lowercaseName.startsWith("katalon") || lowercaseName.startsWith("anonymous") || lowercaseName.startsWith("scoped")): null

2018-07-29 12:30:09 - [TEST_STEP][PASSED] - Statement - Try: null

2018-07-29 12:30:09 - [TEST_STEP][PASSED] - Statement - lowercaseName = name.toLowerCase(): null

2018-07-29 12:30:09 - [TEST_STEP][PASSED] - Statement - If (lowercaseName.startsWith("katalon") || lowercaseName.startsWith("anonymous") || lowercaseName.startsWith("scoped")): null

2018-07-29 12:30:09 - [TEST_STEP][PASSED] - Statement - Try: null

2018-07-29 12:30:09 - [TEST_STEP][PASSED] - Statement - lowercaseName = name.toLowerCase(): null

2018-07-29 12:30:09 - [TEST_STEP][PASSED] - Statement - If (lowercaseName.startsWith("katalon") || lowercaseName.startsWith("anonymous") || lowercaseName.startsWith("scoped")): null

2018-07-29 12:30:09 - [TEST_STEP][PASSED] - Statement - Try: null

2018-07-29 12:30:09 - [TEST_STEP][PASSED] - Statement - lowercaseName = name.toLowerCase(): null

2018-07-29 12:30:09 - [TEST_STEP][PASSED] - Statement - If (lowercaseName.startsWith("katalon") || lowercaseName.startsWith("anonymous") || lowercaseName.startsWith("scoped")): null

2018-07-29 12:30:09 - [TEST_STEP][PASSED] - Statement - Try: null

2018-07-29 12:30:09 - [TEST_STEP][PASSED] - Statement - lowercaseName = name.toLowerCase(): null

2018-07-29 12:30:09 - [TEST_STEP][PASSED] - Statement - If (lowercaseName.startsWith("katalon") || lowercaseName.startsWith("anonymous") || lowercaseName.startsWith("scoped")): null

2018-07-29 12:30:09 - [TEST_STEP][PASSED] - Statement - Try: null

2018-07-29 12:30:09 - [TEST_STEP][PASSED] - Statement - lowercaseName = name.toLowerCase(): null

2018-07-29 12:30:09 - [TEST_STEP][PASSED] - Statement - If (lowercaseName.startsWith("katalon") || lowercaseName.startsWith("anonymous") || lowercaseName.startsWith("scoped")): null

2018-07-29 12:30:09 - [TEST_STEP][PASSED] - Statement - Try: null

2018-07-29 12:30:09 - [TEST_STEP][PASSED] - Statement - lowercaseName = name.toLowerCase(): null

2018-07-29 12:30:09 - [TEST_STEP][PASSED] - Statement - If (lowercaseName.startsWith("katalon") || lowercaseName.startsWith("anonymous") || lowercaseName.startsWith("scoped")): null

2018-07-29 12:30:09 - [TEST_STEP][PASSED] - Statement - Try: null

2018-07-29 12:30:09 - [TEST_STEP][PASSED] - Statement - lowercaseName = name.toLowerCase(): null

2018-07-29 12:30:09 - [TEST_STEP][PASSED] - Statement - If (lowercaseName.startsWith("katalon") || lowercaseName.startsWith("anonymous") || lowercaseName.startsWith("scoped")): null

2018-07-29 12:30:09 - [TEST_STEP][PASSED] - Statement - Try: null

2018-07-29 12:30:09 - [TEST_STEP][PASSED] - Statement - lowercaseName = name.toLowerCase(): null

2018-07-29 12:30:09 - [TEST_STEP][PASSED] - Statement - If (lowercaseName.startsWith("katalon") || lowercaseName.startsWith("anonymous") || lowercaseName.startsWith("scoped")): null

2018-07-29 12:30:09 - [TEST_STEP][PASSED] - Statement - Try: null

2018-07-29 12:30:09 - [TEST_STEP][PASSED] - Statement - lowercaseName = name.toLowerCase(): null

2018-07-29 12:30:09 - [TEST_STEP][PASSED] - Statement - If (lowercaseName.startsWith("katalon") || lowercaseName.startsWith("anonymous") || lowercaseName.startsWith("scoped")): null

2018-07-29 12:30:09 - [TEST_STEP][PASSED] - Statement - Catch (Exception e): null

2018-07-29 12:30:09 - [TEST_STEP][PASSED] - Statement - Try: null

2018-07-29 12:30:09 - [TEST_STEP][PASSED] - Statement - lowercaseName = name.toLowerCase(): null

2018-07-29 12:30:09 - [TEST_STEP][PASSED] - Statement - If (lowercaseName.startsWith("katalon") || lowercaseName.startsWith("anonymous") || lowercaseName.startsWith("scoped")): null

2018-07-29 12:30:09 - [TEST_STEP][PASSED] - Statement - Try: null

2018-07-29 12:30:09 - [TEST_STEP][PASSED] - Statement - lowercaseName = name.toLowerCase(): null

2018-07-29 12:30:09 - [TEST_STEP][PASSED] - Statement - If (lowercaseName.startsWith("katalon") || lowercaseName.startsWith("anonymous") || lowercaseName.startsWith("scoped")): null

2018-07-29 12:30:09 - [TEST_STEP][PASSED] - Statement - Try: null

2018-07-29 12:30:09 - [TEST_STEP][PASSED] - Statement - lowercaseName = name.toLowerCase(): null

2018-07-29 12:30:09 - [TEST_STEP][PASSED] - Statement - If (lowercaseName.startsWith("katalon") || lowercaseName.startsWith("anonymous") || lowercaseName.startsWith("scoped")): null

2018-07-29 12:30:09 - [TEST_STEP][PASSED] - Statement - Try: null

2018-07-29 12:30:09 - [TEST_STEP][PASSED] - Statement - lowercaseName = name.toLowerCase(): null

2018-07-29 12:30:09 - [TEST_STEP][PASSED] - Statement - If (lowercaseName.startsWith("katalon") || lowercaseName.startsWith("anonymous") || lowercaseName.startsWith("scoped")): null

2018-07-29 12:30:09 - [TEST_STEP][PASSED] - Statement - Try: null

2018-07-29 12:30:09 - [TEST_STEP][PASSED] - Statement - lowercaseName = name.toLowerCase(): null

2018-07-29 12:30:09 - [TEST_STEP][PASSED] - Statement - If (lowercaseName.startsWith("katalon") || lowercaseName.startsWith("anonymous") || lowercaseName.startsWith("scoped")): null

2018-07-29 12:30:09 - [TEST_STEP][PASSED] - Statement - Try: null

2018-07-29 12:30:09 - [TEST_STEP][PASSED] - Statement - lowercaseName = name.toLowerCase(): null

2018-07-29 12:30:09 - [TEST_STEP][PASSED] - Statement - If (lowercaseName.startsWith("katalon") || lowercaseName.startsWith("anonymous") || lowercaseName.startsWith("scoped")): null

2018-07-29 12:30:09 - [TEST_STEP][PASSED] - Statement - Try: null

2018-07-29 12:30:09 - [TEST_STEP][PASSED] - Statement - lowercaseName = name.toLowerCase(): null

2018-07-29 12:30:09 - [TEST_STEP][PASSED] - Statement - If (lowercaseName.startsWith("katalon") || lowercaseName.startsWith("anonymous") || lowercaseName.startsWith("scoped")): null

2018-07-29 12:30:09 - [TEST_STEP][PASSED] - Statement - Try: null

2018-07-29 12:30:09 - [TEST_STEP][PASSED] - Statement - lowercaseName = name.toLowerCase(): null

2018-07-29 12:30:09 - [TEST_STEP][PASSED] - Statement - If (lowercaseName.startsWith("katalon") || lowercaseName.startsWith("anonymous") || lowercaseName.startsWith("scoped")): null

2018-07-29 12:30:09 - [TEST_STEP][PASSED] - Statement - Try: null

2018-07-29 12:30:09 - [TEST_STEP][PASSED] - Statement - lowercaseName = name.toLowerCase(): null

2018-07-29 12:30:09 - [TEST_STEP][PASSED] - Statement - If (lowercaseName.startsWith("katalon") || lowercaseName.startsWith("anonymous") || lowercaseName.startsWith("scoped")): null

2018-07-29 12:30:09 - [TEST_STEP][PASSED] - Statement - Catch (Exception e): null

2018-07-29 12:30:09 - [TEST_STEP][PASSED] - Statement - Try: null

2018-07-29 12:30:09 - [TEST_STEP][PASSED] - Statement - lowercaseName = name.toLowerCase(): null

2018-07-29 12:30:09 - [TEST_STEP][PASSED] - Statement - If (lowercaseName.startsWith("katalon") || lowercaseName.startsWith("anonymous") || lowercaseName.startsWith("scoped")): null

2018-07-29 12:30:09 - [TEST_STEP][PASSED] - Statement - Catch (Exception e): null

2018-07-29 12:30:09 - [TEST_STEP][PASSED] - Statement - Try: null

2018-07-29 12:30:09 - [TEST_STEP][PASSED] - Statement - lowercaseName = name.toLowerCase(): null

2018-07-29 12:30:09 - [TEST_STEP][PASSED] - Statement - If (lowercaseName.startsWith("katalon") || lowercaseName.startsWith("anonymous") || lowercaseName.startsWith("scoped")): null

2018-07-29 12:30:09 - [TEST_STEP][PASSED] - Statement - Try: null

2018-07-29 12:30:09 - [TEST_STEP][PASSED] - Statement - lowercaseName = name.toLowerCase(): null

2018-07-29 12:30:09 - [TEST_STEP][PASSED] - Statement - If (lowercaseName.startsWith("katalon") || lowercaseName.startsWith("anonymous") || lowercaseName.startsWith("scoped")): null

2018-07-29 12:30:09 - [TEST_STEP][PASSED] - Statement - Try: null

2018-07-29 12:30:09 - [TEST_STEP][PASSED] - Statement - lowercaseName = name.toLowerCase(): null

2018-07-29 12:30:09 - [TEST_STEP][PASSED] - Statement - If (lowercaseName.startsWith("katalon") || lowercaseName.startsWith("anonymous") || lowercaseName.startsWith("scoped")): null

2018-07-29 12:30:09 - [TEST_STEP][PASSED] - Statement - Try: null

2018-07-29 12:30:09 - [TEST_STEP][PASSED] - Statement - lowercaseName = name.toLowerCase(): null

2018-07-29 12:30:09 - [TEST_STEP][PASSED] - Statement - If (lowercaseName.startsWith("katalon") || lowercaseName.startsWith("anonymous") || lowercaseName.startsWith("scoped")): null

2018-07-29 12:30:09 - [TEST_STEP][PASSED] - Statement - Try: null

2018-07-29 12:30:09 - [TEST_STEP][PASSED] - Statement - lowercaseName = name.toLowerCase(): null

2018-07-29 12:30:09 - [TEST_STEP][PASSED] - Statement - If (lowercaseName.startsWith("katalon") || lowercaseName.startsWith("anonymous") || lowercaseName.startsWith("scoped")): null

2018-07-29 12:30:09 - [TEST_STEP][PASSED] - Statement - Try: null

2018-07-29 12:30:09 - [TEST_STEP][PASSED] - Statement - lowercaseName = name.toLowerCase(): null

2018-07-29 12:30:09 - [TEST_STEP][PASSED] - Statement - If (lowercaseName.startsWith("katalon") || lowercaseName.startsWith("anonymous") || lowercaseName.startsWith("scoped")): null

2018-07-29 12:30:09 - [TEST_STEP][PASSED] - Statement - Try: null

2018-07-29 12:30:09 - [TEST_STEP][PASSED] - Statement - lowercaseName = name.toLowerCase(): null

2018-07-29 12:30:09 - [TEST_STEP][PASSED] - Statement - If (lowercaseName.startsWith("katalon") || lowercaseName.startsWith("anonymous") || lowercaseName.startsWith("scoped")): null

2018-07-29 12:30:09 - [TEST_STEP][PASSED] - Statement - Try: null

2018-07-29 12:30:09 - [TEST_STEP][PASSED] - Statement - lowercaseName = name.toLowerCase(): null

2018-07-29 12:30:09 - [TEST_STEP][PASSED] - Statement - If (lowercaseName.startsWith("katalon") || lowercaseName.startsWith("anonymous") || lowercaseName.startsWith("scoped")): null

2018-07-29 12:30:09 - [TEST_STEP][PASSED] - Statement - Try: null

2018-07-29 12:30:09 - [TEST_STEP][PASSED] - Statement - lowercaseName = name.toLowerCase(): null

2018-07-29 12:30:09 - [TEST_STEP][PASSED] - Statement - If (lowercaseName.startsWith("katalon") || lowercaseName.startsWith("anonymous") || lowercaseName.startsWith("scoped")): null

2018-07-29 12:30:09 - [TEST_STEP][PASSED] - Statement - Try: null

2018-07-29 12:30:09 - [TEST_STEP][PASSED] - Statement - lowercaseName = name.toLowerCase(): null

2018-07-29 12:30:09 - [TEST_STEP][PASSED] - Statement - If (lowercaseName.startsWith("katalon") || lowercaseName.startsWith("anonymous") || lowercaseName.startsWith("scoped")): null

2018-07-29 12:30:09 - [TEST_STEP][PASSED] - Statement - Try: null

2018-07-29 12:30:09 - [TEST_STEP][PASSED] - Statement - lowercaseName = name.toLowerCase(): null

2018-07-29 12:30:09 - [TEST_STEP][PASSED] - Statement - If (lowercaseName.startsWith("katalon") || lowercaseName.startsWith("anonymous") || lowercaseName.startsWith("scoped")): null

2018-07-29 12:30:09 - [TEST_STEP][PASSED] - Statement - Try: null

2018-07-29 12:30:09 - [TEST_STEP][PASSED] - Statement - lowercaseName = name.toLowerCase(): null

2018-07-29 12:30:09 - [TEST_STEP][PASSED] - Statement - If (lowercaseName.startsWith("katalon") || lowercaseName.startsWith("anonymous") || lowercaseName.startsWith("scoped")): null

2018-07-29 12:30:09 - [TEST_STEP][PASSED] - Statement - Try: null

2018-07-29 12:30:09 - [TEST_STEP][PASSED] - Statement - lowercaseName = name.toLowerCase(): null

2018-07-29 12:30:09 - [TEST_STEP][PASSED] - Statement - If (lowercaseName.startsWith("katalon") || lowercaseName.startsWith("anonymous") || lowercaseName.startsWith("scoped")): null

2018-07-29 12:30:09 - [TEST_STEP][PASSED] - Statement - Try: null

2018-07-29 12:30:09 - [TEST_STEP][PASSED] - Statement - lowercaseName = name.toLowerCase(): null

2018-07-29 12:30:09 - [TEST_STEP][PASSED] - Statement - If (lowercaseName.startsWith("katalon") || lowercaseName.startsWith("anonymous") || lowercaseName.startsWith("scoped")): null

2018-07-29 12:30:09 - [TEST_STEP][PASSED] - Statement - Try: null

2018-07-29 12:30:09 - [TEST_STEP][PASSED] - Statement - lowercaseName = name.toLowerCase(): null

2018-07-29 12:30:09 - [TEST_STEP][PASSED] - Statement - If (lowercaseName.startsWith("katalon") || lowercaseName.startsWith("anonymous") || lowercaseName.startsWith("scoped")): null

2018-07-29 12:30:09 - [TEST_STEP][PASSED] - Statement - Try: null

2018-07-29 12:30:09 - [TEST_STEP][PASSED] - Statement - lowercaseName = name.toLowerCase(): null

2018-07-29 12:30:09 - [TEST_STEP][PASSED] - Statement - If (lowercaseName.startsWith("katalon") || lowercaseName.startsWith("anonymous") || lowercaseName.startsWith("scoped")): null

2018-07-29 12:30:09 - [TEST_STEP][PASSED] - Statement - Try: null

2018-07-29 12:30:09 - [TEST_STEP][PASSED] - Statement - lowercaseName = name.toLowerCase(): null

2018-07-29 12:30:09 - [TEST_STEP][PASSED] - Statement - If (lowercaseName.startsWith("katalon") || lowercaseName.startsWith("anonymous") || lowercaseName.startsWith("scoped")): null

2018-07-29 12:30:09 - [TEST_STEP][PASSED] - Statement - Try: null

2018-07-29 12:30:09 - [TEST_STEP][PASSED] - Statement - lowercaseName = name.toLowerCase(): null

2018-07-29 12:30:09 - [TEST_STEP][PASSED] - Statement - If (lowercaseName.startsWith("katalon") || lowercaseName.startsWith("anonymous") || lowercaseName.startsWith("scoped")): null

2018-07-29 12:30:09 - [TEST_STEP][PASSED] - Statement - Try: null

2018-07-29 12:30:09 - [TEST_STEP][PASSED] - Statement - lowercaseName = name.toLowerCase(): null

2018-07-29 12:30:09 - [TEST_STEP][PASSED] - Statement - If (lowercaseName.startsWith("katalon") || lowercaseName.startsWith("anonymous") || lowercaseName.startsWith("scoped")): null

2018-07-29 12:30:09 - [TEST_STEP][PASSED] - Statement - Try: null

2018-07-29 12:30:09 - [TEST_STEP][PASSED] - Statement - lowercaseName = name.toLowerCase(): null

2018-07-29 12:30:09 - [TEST_STEP][PASSED] - Statement - If (lowercaseName.startsWith("katalon") || lowercaseName.startsWith("anonymous") || lowercaseName.startsWith("scoped")): null

2018-07-29 12:30:09 - [TEST_STEP][PASSED] - Statement - Try: null

2018-07-29 12:30:09 - [TEST_STEP][PASSED] - Statement - lowercaseName = name.toLowerCase(): null

2018-07-29 12:30:09 - [TEST_STEP][PASSED] - Statement - If (lowercaseName.startsWith("katalon") || lowercaseName.startsWith("anonymous") || lowercaseName.startsWith("scoped")): null

2018-07-29 12:30:09 - [TEST_STEP][PASSED] - Statement - Try: null

2018-07-29 12:30:09 - [TEST_STEP][PASSED] - Statement - lowercaseName = name.toLowerCase(): null

2018-07-29 12:30:09 - [TEST_STEP][PASSED] - Statement - If (lowercaseName.startsWith("katalon") || lowercaseName.startsWith("anonymous") || lowercaseName.startsWith("scoped")): null

2018-07-29 12:30:09 - [TEST_STEP][PASSED] - Statement - Try: null

2018-07-29 12:30:09 - [TEST_STEP][PASSED] - Statement - lowercaseName = name.toLowerCase(): null

2018-07-29 12:30:09 - [TEST_STEP][PASSED] - Statement - If (lowercaseName.startsWith("katalon") || lowercaseName.startsWith("anonymous") || lowercaseName.startsWith("scoped")): null

2018-07-29 12:30:09 - [TEST_STEP][PASSED] - Statement - Try: null

2018-07-29 12:30:09 - [TEST_STEP][PASSED] - Statement - lowercaseName = name.toLowerCase(): null

2018-07-29 12:30:09 - [TEST_STEP][PASSED] - Statement - If (lowercaseName.startsWith("katalon") || lowercaseName.startsWith("anonymous") || lowercaseName.startsWith("scoped")): null

2018-07-29 12:30:09 - [TEST_STEP][PASSED] - Statement - Try: null

2018-07-29 12:30:09 - [TEST_STEP][PASSED] - Statement - lowercaseName = name.toLowerCase(): null

2018-07-29 12:30:09 - [TEST_STEP][PASSED] - Statement - If (lowercaseName.startsWith("katalon") || lowercaseName.startsWith("anonymous") || lowercaseName.startsWith("scoped")): null

2018-07-29 12:30:09 - [TEST_STEP][PASSED] - Statement - Try: null

2018-07-29 12:30:09 - [TEST_STEP][PASSED] - Statement - lowercaseName = name.toLowerCase(): null

2018-07-29 12:30:09 - [TEST_STEP][PASSED] - Statement - If (lowercaseName.startsWith("katalon") || lowercaseName.startsWith("anonymous") || lowercaseName.startsWith("scoped")): null

2018-07-29 12:30:09 - [TEST_STEP][PASSED] - Statement - Try: null

2018-07-29 12:30:09 - [TEST_STEP][PASSED] - Statement - lowercaseName = name.toLowerCase(): null

2018-07-29 12:30:09 - [TEST_STEP][PASSED] - Statement - If (lowercaseName.startsWith("katalon") || lowercaseName.startsWith("anonymous") || lowercaseName.startsWith("scoped")): null

2018-07-29 12:30:09 - [TEST_STEP][PASSED] - Statement - Try: null

2018-07-29 12:30:09 - [TEST_STEP][PASSED] - Statement - lowercaseName = name.toLowerCase(): null

2018-07-29 12:30:09 - [TEST_STEP][PASSED] - Statement - If (lowercaseName.startsWith("katalon") || lowercaseName.startsWith("anonymous") || lowercaseName.startsWith("scoped")): null

2018-07-29 12:30:09 - [TEST_STEP][PASSED] - Statement - Try: null

2018-07-29 12:30:09 - [TEST_STEP][PASSED] - Statement - lowercaseName = name.toLowerCase(): null

2018-07-29 12:30:09 - [TEST_STEP][PASSED] - Statement - If (lowercaseName.startsWith("katalon") || lowercaseName.startsWith("anonymous") || lowercaseName.startsWith("scoped")): null

2018-07-29 12:30:09 - [TEST_STEP][PASSED] - Statement - Try: null

2018-07-29 12:30:09 - [TEST_STEP][PASSED] - Statement - lowercaseName = name.toLowerCase(): null

2018-07-29 12:30:09 - [TEST_STEP][PASSED] - Statement - If (lowercaseName.startsWith("katalon") || lowercaseName.startsWith("anonymous") || lowercaseName.startsWith("scoped")): null

2018-07-29 12:30:09 - [TEST_STEP][PASSED] - Statement - Try: null

2018-07-29 12:30:09 - [TEST_STEP][PASSED] - Statement - lowercaseName = name.toLowerCase(): null

2018-07-29 12:30:09 - [TEST_STEP][PASSED] - Statement - If (lowercaseName.startsWith("katalon") || lowercaseName.startsWith("anonymous") || lowercaseName.startsWith("scoped")): null

2018-07-29 12:30:09 - [TEST_STEP][PASSED] - Statement - Try: Invoke 'com.kms.katalon.core.annotation.AfterTestCase' method: 'BaseTest.afterTestCase(...)' completed.

2018-07-29 12:30:09 - [TEST_STEP][PASSED] - Statement - lowercaseName = name.toLowerCase(): null

2018-07-29 12:30:09 - [TEST_STEP][PASSED] - Statement - If (lowercaseName.startsWith("katalon") || lowercaseName.startsWith("anonymous") || lowercaseName.startsWith("scoped")): Invoke 'com.kms.katalon.core.annotation.AfterTestCase' method: 'BaseTest.afterTestCase(...)' completed.]]></system-out>
         <system-err><![CDATA[2018-07-29 12:28:53 - [TEST_CASE][ERROR] - Test Cases/Kms_Tests/Languages/En/Item_Creation/Create_delete_general_by_rightclick_Test_En: Test Cases/Kms_Tests/Languages/En/Item_Creation/Create_delete_general_by_rightclick_Test_En FAILED because (of) java.lang.Exception: Unable_to_click_on_object_'link_role'_(Root_cause__com.kms.katalon.core.webui.exception.WebElementNotFoundException__Web_element_with_id__'link_role'_located_by_'By.xpath____span[_(contains(.,_'Content_Manager'))]'_not_f]]></system-err>
      </testcase>
      <testcase name="Test Cases/Kms_Tests/Languages/En/Item_Creation/Create_general_Test_En" classname="Test Cases/Kms_Tests/Languages/En/Item_Creation/Create_general_Test_En" status="ERROR">
         <error type="ERROR" message="Test Cases/Kms_Tests/Languages/En/Item_Creation/Create_general_Test_En FAILED because (of) java.lang.Exception: Unable_to_click_on_object_'link_role'_(Root_cause__com.kms.katalon.core.webui.exception.WebElementNotFoundException__Web_element_with_id__'link_role'_located_by_'By.xpath____span[_(contains(.,_'Content_Manager'))]'_not_f"/>
         <system-out><![CDATA[2018-07-29 12:30:09 - [TEST_CASE][ERROR] - Test Cases/Kms_Tests/Languages/En/Item_Creation/Create_general_Test_En: Test Cases/Kms_Tests/Languages/En/Item_Creation/Create_general_Test_En FAILED because (of) java.lang.Exception: Unable_to_click_on_object_'link_role'_(Root_cause__com.kms.katalon.core.webui.exception.WebElementNotFoundException__Web_element_with_id__'link_role'_located_by_'By.xpath____span[_(contains(.,_'Content_Manager'))]'_not_f

2018-07-29 12:30:09 - [TEST_STEP][PASSED] - Start listener action : beforeTestCase: Invoke 'com.kms.katalon.core.annotation.BeforeTestCase' method: 'BaseTest.beforeTestCase(...)' completed.

2018-07-29 12:30:09 - [TEST_STEP][PASSED] - Statement - com.kms.katalon.core.util.KeywordUtil.markWarning("Before Test case : " + testCase.getTestCaseId()): Before Test case : Test Cases/Kms_Tests/Languages/En/Item_Creation/Create_general_Test_En

2018-07-29 12:30:09 - [MESSAGE][WARNING] - Before Test case : Test Cases/Kms_Tests/Languages/En/Item_Creation/Create_general_Test_En

2018-07-29 12:30:09 - [TEST_STEP][PASSED] - Statement - instance: Invoke 'com.kms.katalon.core.annotation.BeforeTestCase' method: 'BaseTest.beforeTestCase(...)' completed.

2018-07-29 12:30:09 - [TEST_STEP][FAILED] - Statement - com.system.RolesHelper.getCm_En().Login_En(): Unable to call Test Case with id 'Test Cases/LogIn_Tests/Languages/En/Login_Content_Manager_En_Test' (Root cause: Call Test Case 'Test Cases/LogIn_Tests/Languages/En/Login_Content_Manager_En_Test' failed because of error(s))

2018-07-29 12:30:09 - [TEST_CASE][ERROR] - Test Cases/LogIn_Tests/Languages/En/Login_Content_Manager_En_Test: Test Cases/LogIn_Tests/Languages/En/Login_Content_Manager_En_Test FAILED because (of) java.lang.Exception: Unable_to_click_on_object_'link_role'_(Root_cause__com.kms.katalon.core.webui.exception.WebElementNotFoundException__Web_element_with_id__'link_role'_located_by_'By.xpath____span[_(contains(.,_'Content_Manager'))]'_not_f

2018-07-29 12:30:09 - [TEST_STEP][PASSED] - Statement - com.system.RolesHelper.getCm_En().getLoginPage().fillUserNamePassword(): Taking screenshot successfully

2018-07-29 12:30:09 - [MESSAGE][PASSED] - Object 'Object Repository/Login_Page_OR/Visual/pass_Logo' is visible

2018-07-29 12:30:09 - [MESSAGE][PASSED] - Object 'Object Repository/Login_Page_OR/Visual/userName_Logo' is visible

2018-07-29 12:30:09 - [MESSAGE][PASSED] - Object 'span_userName' is visible

2018-07-29 12:30:09 - [MESSAGE][PASSED] - Object 'span_password' is visible

2018-07-29 12:30:09 - [MESSAGE][PASSED] - Object 'userName_txt' is visible

2018-07-29 12:30:09 - [MESSAGE][PASSED] - Text of object 'userName_txt' is cleared

2018-07-29 12:30:10 - [MESSAGE][PASSED] - Text 'admin' is set on object 'userName_txt'

2018-07-29 12:30:10 - [MESSAGE][PASSED] - Object 'password_txt' is visible

2018-07-29 12:30:10 - [MESSAGE][PASSED] - Text of object 'password_txt' is cleared

2018-07-29 12:30:10 - [MESSAGE][PASSED] - Text 'admin' is set on object 'password_txt'

2018-07-29 12:30:11 - [MESSAGE][PASSED] - Taking screenshot successfully
[[ATTACHMENT|D:\\kms_katalon\\kms_katalon_tests\\katalonGitTest\\Reports\\general\\20180729_122845\\Reports/IE_DRIVER/Unable_to_click_on_object_'link_role'_(Root_cause__com.kms.katalon.core.webui.exception.WebElementNotFoundException__Web_element_with_id__'link_role'_located_by_'By.xpath____span[_(contains(.,_'Content_Manager'))]'_not_f.png]]

2018-07-29 12:30:11 - [MESSAGE][FAILED] - Unable to call Test Case with id 'Test Cases/LogIn_Tests/Languages/En/Login_Content_Manager_En_Test' (Root cause: Call Test Case 'Test Cases/LogIn_Tests/Languages/En/Login_Content_Manager_En_Test' failed because of error(s))

2018-07-29 12:30:11 - [TEST_STEP][PASSED] - Start listener action : afterTestCase: Invoke 'com.kms.katalon.core.annotation.AfterTestCase' method: 'BaseTest.afterTestCase(...)' completed.

2018-07-29 12:30:11 - [TEST_STEP][PASSED] - switchToDefaultContent: Switching to default content

2018-07-29 12:30:11 - [TEST_STEP][PASSED] - Statement - dir = "C:\Users\fed86\AppData\Local\Temp": null

2018-07-29 12:30:11 - [TEST_STEP][PASSED] - Statement - f = new java.io.File(dir): null

2018-07-29 12:30:11 - [TEST_STEP][PASSED] - Statement - files = f.listFiles(): null

2018-07-29 12:30:11 - [TEST_STEP][PASSED] - Statement - lowercaseName = "": null

2018-07-29 12:30:11 - [TEST_STEP][PASSED] - Statement - For (File file : files): Invoke 'com.kms.katalon.core.annotation.AfterTestCase' method: 'BaseTest.afterTestCase(...)' completed.

2018-07-29 12:30:11 - [TEST_STEP][PASSED] - Statement - Try: null

2018-07-29 12:30:11 - [TEST_STEP][PASSED] - Statement - lowercaseName = name.toLowerCase(): null

2018-07-29 12:30:11 - [TEST_STEP][PASSED] - Statement - If (lowercaseName.startsWith("katalon") || lowercaseName.startsWith("anonymous") || lowercaseName.startsWith("scoped")): null

2018-07-29 12:30:11 - [TEST_STEP][PASSED] - Statement - Try: null

2018-07-29 12:30:11 - [TEST_STEP][PASSED] - Statement - lowercaseName = name.toLowerCase(): null

2018-07-29 12:30:11 - [TEST_STEP][PASSED] - Statement - If (lowercaseName.startsWith("katalon") || lowercaseName.startsWith("anonymous") || lowercaseName.startsWith("scoped")): null

2018-07-29 12:30:11 - [TEST_STEP][PASSED] - Statement - Try: null

2018-07-29 12:30:11 - [TEST_STEP][PASSED] - Statement - lowercaseName = name.toLowerCase(): null

2018-07-29 12:30:11 - [TEST_STEP][PASSED] - Statement - If (lowercaseName.startsWith("katalon") || lowercaseName.startsWith("anonymous") || lowercaseName.startsWith("scoped")): null

2018-07-29 12:30:11 - [TEST_STEP][PASSED] - Statement - Try: null

2018-07-29 12:30:11 - [TEST_STEP][PASSED] - Statement - lowercaseName = name.toLowerCase(): null

2018-07-29 12:30:11 - [TEST_STEP][PASSED] - Statement - If (lowercaseName.startsWith("katalon") || lowercaseName.startsWith("anonymous") || lowercaseName.startsWith("scoped")): null

2018-07-29 12:30:11 - [TEST_STEP][PASSED] - Statement - Try: null

2018-07-29 12:30:11 - [TEST_STEP][PASSED] - Statement - lowercaseName = name.toLowerCase(): null

2018-07-29 12:30:11 - [TEST_STEP][PASSED] - Statement - If (lowercaseName.startsWith("katalon") || lowercaseName.startsWith("anonymous") || lowercaseName.startsWith("scoped")): null

2018-07-29 12:30:11 - [TEST_STEP][PASSED] - Statement - Try: null

2018-07-29 12:30:11 - [TEST_STEP][PASSED] - Statement - lowercaseName = name.toLowerCase(): null

2018-07-29 12:30:11 - [TEST_STEP][PASSED] - Statement - If (lowercaseName.startsWith("katalon") || lowercaseName.startsWith("anonymous") || lowercaseName.startsWith("scoped")): null

2018-07-29 12:30:11 - [TEST_STEP][PASSED] - Statement - Try: null

2018-07-29 12:30:11 - [TEST_STEP][PASSED] - Statement - lowercaseName = name.toLowerCase(): null

2018-07-29 12:30:11 - [TEST_STEP][PASSED] - Statement - If (lowercaseName.startsWith("katalon") || lowercaseName.startsWith("anonymous") || lowercaseName.startsWith("scoped")): null

2018-07-29 12:30:11 - [TEST_STEP][PASSED] - Statement - Try: null

2018-07-29 12:30:11 - [TEST_STEP][PASSED] - Statement - lowercaseName = name.toLowerCase(): null

2018-07-29 12:30:11 - [TEST_STEP][PASSED] - Statement - If (lowercaseName.startsWith("katalon") || lowercaseName.startsWith("anonymous") || lowercaseName.startsWith("scoped")): null

2018-07-29 12:30:11 - [TEST_STEP][PASSED] - Statement - Try: null

2018-07-29 12:30:11 - [TEST_STEP][PASSED] - Statement - lowercaseName = name.toLowerCase(): null

2018-07-29 12:30:11 - [TEST_STEP][PASSED] - Statement - If (lowercaseName.startsWith("katalon") || lowercaseName.startsWith("anonymous") || lowercaseName.startsWith("scoped")): null

2018-07-29 12:30:11 - [TEST_STEP][PASSED] - Statement - Try: null

2018-07-29 12:30:11 - [TEST_STEP][PASSED] - Statement - lowercaseName = name.toLowerCase(): null

2018-07-29 12:30:11 - [TEST_STEP][PASSED] - Statement - If (lowercaseName.startsWith("katalon") || lowercaseName.startsWith("anonymous") || lowercaseName.startsWith("scoped")): null

2018-07-29 12:30:11 - [TEST_STEP][PASSED] - Statement - Try: null

2018-07-29 12:30:11 - [TEST_STEP][PASSED] - Statement - lowercaseName = name.toLowerCase(): null

2018-07-29 12:30:11 - [TEST_STEP][PASSED] - Statement - If (lowercaseName.startsWith("katalon") || lowercaseName.startsWith("anonymous") || lowercaseName.startsWith("scoped")): null

2018-07-29 12:30:11 - [TEST_STEP][PASSED] - Statement - Try: null

2018-07-29 12:30:11 - [TEST_STEP][PASSED] - Statement - lowercaseName = name.toLowerCase(): null

2018-07-29 12:30:11 - [TEST_STEP][PASSED] - Statement - If (lowercaseName.startsWith("katalon") || lowercaseName.startsWith("anonymous") || lowercaseName.startsWith("scoped")): null

2018-07-29 12:30:11 - [TEST_STEP][PASSED] - Statement - Try: null

2018-07-29 12:30:11 - [TEST_STEP][PASSED] - Statement - lowercaseName = name.toLowerCase(): null

2018-07-29 12:30:11 - [TEST_STEP][PASSED] - Statement - If (lowercaseName.startsWith("katalon") || lowercaseName.startsWith("anonymous") || lowercaseName.startsWith("scoped")): null

2018-07-29 12:30:11 - [TEST_STEP][PASSED] - Statement - Try: null

2018-07-29 12:30:11 - [TEST_STEP][PASSED] - Statement - lowercaseName = name.toLowerCase(): null

2018-07-29 12:30:11 - [TEST_STEP][PASSED] - Statement - If (lowercaseName.startsWith("katalon") || lowercaseName.startsWith("anonymous") || lowercaseName.startsWith("scoped")): null

2018-07-29 12:30:11 - [TEST_STEP][PASSED] - Statement - Try: null

2018-07-29 12:30:11 - [TEST_STEP][PASSED] - Statement - lowercaseName = name.toLowerCase(): null

2018-07-29 12:30:11 - [TEST_STEP][PASSED] - Statement - If (lowercaseName.startsWith("katalon") || lowercaseName.startsWith("anonymous") || lowercaseName.startsWith("scoped")): null

2018-07-29 12:30:11 - [TEST_STEP][PASSED] - Statement - Try: null

2018-07-29 12:30:11 - [TEST_STEP][PASSED] - Statement - lowercaseName = name.toLowerCase(): null

2018-07-29 12:30:11 - [TEST_STEP][PASSED] - Statement - If (lowercaseName.startsWith("katalon") || lowercaseName.startsWith("anonymous") || lowercaseName.startsWith("scoped")): null

2018-07-29 12:30:11 - [TEST_STEP][PASSED] - Statement - Try: null

2018-07-29 12:30:11 - [TEST_STEP][PASSED] - Statement - lowercaseName = name.toLowerCase(): null

2018-07-29 12:30:11 - [TEST_STEP][PASSED] - Statement - If (lowercaseName.startsWith("katalon") || lowercaseName.startsWith("anonymous") || lowercaseName.startsWith("scoped")): null

2018-07-29 12:30:11 - [TEST_STEP][PASSED] - Statement - Try: null

2018-07-29 12:30:11 - [TEST_STEP][PASSED] - Statement - lowercaseName = name.toLowerCase(): null

2018-07-29 12:30:11 - [TEST_STEP][PASSED] - Statement - If (lowercaseName.startsWith("katalon") || lowercaseName.startsWith("anonymous") || lowercaseName.startsWith("scoped")): null

2018-07-29 12:30:11 - [TEST_STEP][PASSED] - Statement - Try: null

2018-07-29 12:30:11 - [TEST_STEP][PASSED] - Statement - lowercaseName = name.toLowerCase(): null

2018-07-29 12:30:11 - [TEST_STEP][PASSED] - Statement - If (lowercaseName.startsWith("katalon") || lowercaseName.startsWith("anonymous") || lowercaseName.startsWith("scoped")): null

2018-07-29 12:30:11 - [TEST_STEP][PASSED] - Statement - Try: null

2018-07-29 12:30:11 - [TEST_STEP][PASSED] - Statement - lowercaseName = name.toLowerCase(): null

2018-07-29 12:30:11 - [TEST_STEP][PASSED] - Statement - If (lowercaseName.startsWith("katalon") || lowercaseName.startsWith("anonymous") || lowercaseName.startsWith("scoped")): null

2018-07-29 12:30:11 - [TEST_STEP][PASSED] - Statement - Try: null

2018-07-29 12:30:11 - [TEST_STEP][PASSED] - Statement - lowercaseName = name.toLowerCase(): null

2018-07-29 12:30:11 - [TEST_STEP][PASSED] - Statement - If (lowercaseName.startsWith("katalon") || lowercaseName.startsWith("anonymous") || lowercaseName.startsWith("scoped")): null

2018-07-29 12:30:11 - [TEST_STEP][PASSED] - Statement - Try: null

2018-07-29 12:30:11 - [TEST_STEP][PASSED] - Statement - lowercaseName = name.toLowerCase(): null

2018-07-29 12:30:11 - [TEST_STEP][PASSED] - Statement - If (lowercaseName.startsWith("katalon") || lowercaseName.startsWith("anonymous") || lowercaseName.startsWith("scoped")): null

2018-07-29 12:30:11 - [TEST_STEP][PASSED] - Statement - Try: null

2018-07-29 12:30:11 - [TEST_STEP][PASSED] - Statement - lowercaseName = name.toLowerCase(): null

2018-07-29 12:30:11 - [TEST_STEP][PASSED] - Statement - If (lowercaseName.startsWith("katalon") || lowercaseName.startsWith("anonymous") || lowercaseName.startsWith("scoped")): null

2018-07-29 12:30:11 - [TEST_STEP][PASSED] - Statement - Try: null

2018-07-29 12:30:11 - [TEST_STEP][PASSED] - Statement - lowercaseName = name.toLowerCase(): null

2018-07-29 12:30:11 - [TEST_STEP][PASSED] - Statement - If (lowercaseName.startsWith("katalon") || lowercaseName.startsWith("anonymous") || lowercaseName.startsWith("scoped")): null

2018-07-29 12:30:11 - [TEST_STEP][PASSED] - Statement - Try: null

2018-07-29 12:30:11 - [TEST_STEP][PASSED] - Statement - lowercaseName = name.toLowerCase(): null

2018-07-29 12:30:11 - [TEST_STEP][PASSED] - Statement - If (lowercaseName.startsWith("katalon") || lowercaseName.startsWith("anonymous") || lowercaseName.startsWith("scoped")): null

2018-07-29 12:30:11 - [TEST_STEP][PASSED] - Statement - Try: null

2018-07-29 12:30:11 - [TEST_STEP][PASSED] - Statement - lowercaseName = name.toLowerCase(): null

2018-07-29 12:30:11 - [TEST_STEP][PASSED] - Statement - If (lowercaseName.startsWith("katalon") || lowercaseName.startsWith("anonymous") || lowercaseName.startsWith("scoped")): null

2018-07-29 12:30:11 - [TEST_STEP][PASSED] - Statement - Catch (Exception e): null

2018-07-29 12:30:11 - [TEST_STEP][PASSED] - Statement - Try: null

2018-07-29 12:30:11 - [TEST_STEP][PASSED] - Statement - lowercaseName = name.toLowerCase(): null

2018-07-29 12:30:11 - [TEST_STEP][PASSED] - Statement - If (lowercaseName.startsWith("katalon") || lowercaseName.startsWith("anonymous") || lowercaseName.startsWith("scoped")): null

2018-07-29 12:30:11 - [TEST_STEP][PASSED] - Statement - Try: null

2018-07-29 12:30:11 - [TEST_STEP][PASSED] - Statement - lowercaseName = name.toLowerCase(): null

2018-07-29 12:30:11 - [TEST_STEP][PASSED] - Statement - If (lowercaseName.startsWith("katalon") || lowercaseName.startsWith("anonymous") || lowercaseName.startsWith("scoped")): null

2018-07-29 12:30:11 - [TEST_STEP][PASSED] - Statement - Try: null

2018-07-29 12:30:11 - [TEST_STEP][PASSED] - Statement - lowercaseName = name.toLowerCase(): null

2018-07-29 12:30:11 - [TEST_STEP][PASSED] - Statement - If (lowercaseName.startsWith("katalon") || lowercaseName.startsWith("anonymous") || lowercaseName.startsWith("scoped")): null

2018-07-29 12:30:11 - [TEST_STEP][PASSED] - Statement - Try: null

2018-07-29 12:30:11 - [TEST_STEP][PASSED] - Statement - lowercaseName = name.toLowerCase(): null

2018-07-29 12:30:11 - [TEST_STEP][PASSED] - Statement - If (lowercaseName.startsWith("katalon") || lowercaseName.startsWith("anonymous") || lowercaseName.startsWith("scoped")): null

2018-07-29 12:30:11 - [TEST_STEP][PASSED] - Statement - Try: null

2018-07-29 12:30:11 - [TEST_STEP][PASSED] - Statement - lowercaseName = name.toLowerCase(): null

2018-07-29 12:30:11 - [TEST_STEP][PASSED] - Statement - If (lowercaseName.startsWith("katalon") || lowercaseName.startsWith("anonymous") || lowercaseName.startsWith("scoped")): null

2018-07-29 12:30:11 - [TEST_STEP][PASSED] - Statement - Try: null

2018-07-29 12:30:11 - [TEST_STEP][PASSED] - Statement - lowercaseName = name.toLowerCase(): null

2018-07-29 12:30:11 - [TEST_STEP][PASSED] - Statement - If (lowercaseName.startsWith("katalon") || lowercaseName.startsWith("anonymous") || lowercaseName.startsWith("scoped")): null

2018-07-29 12:30:11 - [TEST_STEP][PASSED] - Statement - Try: null

2018-07-29 12:30:11 - [TEST_STEP][PASSED] - Statement - lowercaseName = name.toLowerCase(): null

2018-07-29 12:30:11 - [TEST_STEP][PASSED] - Statement - If (lowercaseName.startsWith("katalon") || lowercaseName.startsWith("anonymous") || lowercaseName.startsWith("scoped")): null

2018-07-29 12:30:11 - [TEST_STEP][PASSED] - Statement - Try: null

2018-07-29 12:30:11 - [TEST_STEP][PASSED] - Statement - lowercaseName = name.toLowerCase(): null

2018-07-29 12:30:11 - [TEST_STEP][PASSED] - Statement - If (lowercaseName.startsWith("katalon") || lowercaseName.startsWith("anonymous") || lowercaseName.startsWith("scoped")): null

2018-07-29 12:30:11 - [TEST_STEP][PASSED] - Statement - Try: null

2018-07-29 12:30:11 - [TEST_STEP][PASSED] - Statement - lowercaseName = name.toLowerCase(): null

2018-07-29 12:30:11 - [TEST_STEP][PASSED] - Statement - If (lowercaseName.startsWith("katalon") || lowercaseName.startsWith("anonymous") || lowercaseName.startsWith("scoped")): null

2018-07-29 12:30:11 - [TEST_STEP][PASSED] - Statement - Catch (Exception e): null

2018-07-29 12:30:11 - [TEST_STEP][PASSED] - Statement - Try: null

2018-07-29 12:30:11 - [TEST_STEP][PASSED] - Statement - lowercaseName = name.toLowerCase(): null

2018-07-29 12:30:11 - [TEST_STEP][PASSED] - Statement - If (lowercaseName.startsWith("katalon") || lowercaseName.startsWith("anonymous") || lowercaseName.startsWith("scoped")): null

2018-07-29 12:30:11 - [TEST_STEP][PASSED] - Statement - Catch (Exception e): null

2018-07-29 12:30:11 - [TEST_STEP][PASSED] - Statement - Try: null

2018-07-29 12:30:11 - [TEST_STEP][PASSED] - Statement - lowercaseName = name.toLowerCase(): null

2018-07-29 12:30:11 - [TEST_STEP][PASSED] - Statement - If (lowercaseName.startsWith("katalon") || lowercaseName.startsWith("anonymous") || lowercaseName.startsWith("scoped")): null

2018-07-29 12:30:11 - [TEST_STEP][PASSED] - Statement - Try: null

2018-07-29 12:30:11 - [TEST_STEP][PASSED] - Statement - lowercaseName = name.toLowerCase(): null

2018-07-29 12:30:11 - [TEST_STEP][PASSED] - Statement - If (lowercaseName.startsWith("katalon") || lowercaseName.startsWith("anonymous") || lowercaseName.startsWith("scoped")): null

2018-07-29 12:30:11 - [TEST_STEP][PASSED] - Statement - Try: null

2018-07-29 12:30:11 - [TEST_STEP][PASSED] - Statement - lowercaseName = name.toLowerCase(): null

2018-07-29 12:30:11 - [TEST_STEP][PASSED] - Statement - If (lowercaseName.startsWith("katalon") || lowercaseName.startsWith("anonymous") || lowercaseName.startsWith("scoped")): null

2018-07-29 12:30:11 - [TEST_STEP][PASSED] - Statement - Try: null

2018-07-29 12:30:11 - [TEST_STEP][PASSED] - Statement - lowercaseName = name.toLowerCase(): null

2018-07-29 12:30:11 - [TEST_STEP][PASSED] - Statement - If (lowercaseName.startsWith("katalon") || lowercaseName.startsWith("anonymous") || lowercaseName.startsWith("scoped")): null

2018-07-29 12:30:11 - [TEST_STEP][PASSED] - Statement - Try: null

2018-07-29 12:30:11 - [TEST_STEP][PASSED] - Statement - lowercaseName = name.toLowerCase(): null

2018-07-29 12:30:11 - [TEST_STEP][PASSED] - Statement - If (lowercaseName.startsWith("katalon") || lowercaseName.startsWith("anonymous") || lowercaseName.startsWith("scoped")): null

2018-07-29 12:30:11 - [TEST_STEP][PASSED] - Statement - Try: null

2018-07-29 12:30:11 - [TEST_STEP][PASSED] - Statement - lowercaseName = name.toLowerCase(): null

2018-07-29 12:30:11 - [TEST_STEP][PASSED] - Statement - If (lowercaseName.startsWith("katalon") || lowercaseName.startsWith("anonymous") || lowercaseName.startsWith("scoped")): null

2018-07-29 12:30:11 - [TEST_STEP][PASSED] - Statement - Try: null

2018-07-29 12:30:11 - [TEST_STEP][PASSED] - Statement - lowercaseName = name.toLowerCase(): null

2018-07-29 12:30:11 - [TEST_STEP][PASSED] - Statement - If (lowercaseName.startsWith("katalon") || lowercaseName.startsWith("anonymous") || lowercaseName.startsWith("scoped")): null

2018-07-29 12:30:11 - [TEST_STEP][PASSED] - Statement - Try: null

2018-07-29 12:30:11 - [TEST_STEP][PASSED] - Statement - lowercaseName = name.toLowerCase(): null

2018-07-29 12:30:11 - [TEST_STEP][PASSED] - Statement - If (lowercaseName.startsWith("katalon") || lowercaseName.startsWith("anonymous") || lowercaseName.startsWith("scoped")): null

2018-07-29 12:30:11 - [TEST_STEP][PASSED] - Statement - Try: null

2018-07-29 12:30:11 - [TEST_STEP][PASSED] - Statement - lowercaseName = name.toLowerCase(): null

2018-07-29 12:30:11 - [TEST_STEP][PASSED] - Statement - If (lowercaseName.startsWith("katalon") || lowercaseName.startsWith("anonymous") || lowercaseName.startsWith("scoped")): null

2018-07-29 12:30:11 - [TEST_STEP][PASSED] - Statement - Try: null

2018-07-29 12:30:11 - [TEST_STEP][PASSED] - Statement - lowercaseName = name.toLowerCase(): null

2018-07-29 12:30:11 - [TEST_STEP][PASSED] - Statement - If (lowercaseName.startsWith("katalon") || lowercaseName.startsWith("anonymous") || lowercaseName.startsWith("scoped")): null

2018-07-29 12:30:11 - [TEST_STEP][PASSED] - Statement - Try: null

2018-07-29 12:30:11 - [TEST_STEP][PASSED] - Statement - lowercaseName = name.toLowerCase(): null

2018-07-29 12:30:11 - [TEST_STEP][PASSED] - Statement - If (lowercaseName.startsWith("katalon") || lowercaseName.startsWith("anonymous") || lowercaseName.startsWith("scoped")): null

2018-07-29 12:30:11 - [TEST_STEP][PASSED] - Statement - Try: null

2018-07-29 12:30:11 - [TEST_STEP][PASSED] - Statement - lowercaseName = name.toLowerCase(): null

2018-07-29 12:30:11 - [TEST_STEP][PASSED] - Statement - If (lowercaseName.startsWith("katalon") || lowercaseName.startsWith("anonymous") || lowercaseName.startsWith("scoped")): null

2018-07-29 12:30:11 - [TEST_STEP][PASSED] - Statement - Try: null

2018-07-29 12:30:11 - [TEST_STEP][PASSED] - Statement - lowercaseName = name.toLowerCase(): null

2018-07-29 12:30:11 - [TEST_STEP][PASSED] - Statement - If (lowercaseName.startsWith("katalon") || lowercaseName.startsWith("anonymous") || lowercaseName.startsWith("scoped")): null

2018-07-29 12:30:11 - [TEST_STEP][PASSED] - Statement - Try: null

2018-07-29 12:30:11 - [TEST_STEP][PASSED] - Statement - lowercaseName = name.toLowerCase(): null

2018-07-29 12:30:11 - [TEST_STEP][PASSED] - Statement - If (lowercaseName.startsWith("katalon") || lowercaseName.startsWith("anonymous") || lowercaseName.startsWith("scoped")): null

2018-07-29 12:30:11 - [TEST_STEP][PASSED] - Statement - Try: null

2018-07-29 12:30:11 - [TEST_STEP][PASSED] - Statement - lowercaseName = name.toLowerCase(): null

2018-07-29 12:30:11 - [TEST_STEP][PASSED] - Statement - If (lowercaseName.startsWith("katalon") || lowercaseName.startsWith("anonymous") || lowercaseName.startsWith("scoped")): null

2018-07-29 12:30:11 - [TEST_STEP][PASSED] - Statement - Try: null

2018-07-29 12:30:11 - [TEST_STEP][PASSED] - Statement - lowercaseName = name.toLowerCase(): null

2018-07-29 12:30:11 - [TEST_STEP][PASSED] - Statement - If (lowercaseName.startsWith("katalon") || lowercaseName.startsWith("anonymous") || lowercaseName.startsWith("scoped")): null

2018-07-29 12:30:11 - [TEST_STEP][PASSED] - Statement - Try: null

2018-07-29 12:30:11 - [TEST_STEP][PASSED] - Statement - lowercaseName = name.toLowerCase(): null

2018-07-29 12:30:11 - [TEST_STEP][PASSED] - Statement - If (lowercaseName.startsWith("katalon") || lowercaseName.startsWith("anonymous") || lowercaseName.startsWith("scoped")): null

2018-07-29 12:30:11 - [TEST_STEP][PASSED] - Statement - Try: null

2018-07-29 12:30:11 - [TEST_STEP][PASSED] - Statement - lowercaseName = name.toLowerCase(): null

2018-07-29 12:30:11 - [TEST_STEP][PASSED] - Statement - If (lowercaseName.startsWith("katalon") || lowercaseName.startsWith("anonymous") || lowercaseName.startsWith("scoped")): null

2018-07-29 12:30:11 - [TEST_STEP][PASSED] - Statement - Try: null

2018-07-29 12:30:11 - [TEST_STEP][PASSED] - Statement - lowercaseName = name.toLowerCase(): null

2018-07-29 12:30:11 - [TEST_STEP][PASSED] - Statement - If (lowercaseName.startsWith("katalon") || lowercaseName.startsWith("anonymous") || lowercaseName.startsWith("scoped")): null

2018-07-29 12:30:11 - [TEST_STEP][PASSED] - Statement - Try: null

2018-07-29 12:30:11 - [TEST_STEP][PASSED] - Statement - lowercaseName = name.toLowerCase(): null

2018-07-29 12:30:11 - [TEST_STEP][PASSED] - Statement - If (lowercaseName.startsWith("katalon") || lowercaseName.startsWith("anonymous") || lowercaseName.startsWith("scoped")): null

2018-07-29 12:30:11 - [TEST_STEP][PASSED] - Statement - Try: null

2018-07-29 12:30:11 - [TEST_STEP][PASSED] - Statement - lowercaseName = name.toLowerCase(): null

2018-07-29 12:30:11 - [TEST_STEP][PASSED] - Statement - If (lowercaseName.startsWith("katalon") || lowercaseName.startsWith("anonymous") || lowercaseName.startsWith("scoped")): null

2018-07-29 12:30:11 - [TEST_STEP][PASSED] - Statement - Try: null

2018-07-29 12:30:11 - [TEST_STEP][PASSED] - Statement - lowercaseName = name.toLowerCase(): null

2018-07-29 12:30:11 - [TEST_STEP][PASSED] - Statement - If (lowercaseName.startsWith("katalon") || lowercaseName.startsWith("anonymous") || lowercaseName.startsWith("scoped")): null

2018-07-29 12:30:11 - [TEST_STEP][PASSED] - Statement - Try: null

2018-07-29 12:30:11 - [TEST_STEP][PASSED] - Statement - lowercaseName = name.toLowerCase(): null

2018-07-29 12:30:11 - [TEST_STEP][PASSED] - Statement - If (lowercaseName.startsWith("katalon") || lowercaseName.startsWith("anonymous") || lowercaseName.startsWith("scoped")): null

2018-07-29 12:30:11 - [TEST_STEP][PASSED] - Statement - Try: null

2018-07-29 12:30:11 - [TEST_STEP][PASSED] - Statement - lowercaseName = name.toLowerCase(): null

2018-07-29 12:30:11 - [TEST_STEP][PASSED] - Statement - If (lowercaseName.startsWith("katalon") || lowercaseName.startsWith("anonymous") || lowercaseName.startsWith("scoped")): null

2018-07-29 12:30:11 - [TEST_STEP][PASSED] - Statement - Try: null

2018-07-29 12:30:11 - [TEST_STEP][PASSED] - Statement - lowercaseName = name.toLowerCase(): null

2018-07-29 12:30:11 - [TEST_STEP][PASSED] - Statement - If (lowercaseName.startsWith("katalon") || lowercaseName.startsWith("anonymous") || lowercaseName.startsWith("scoped")): null

2018-07-29 12:30:11 - [TEST_STEP][PASSED] - Statement - Try: null

2018-07-29 12:30:11 - [TEST_STEP][PASSED] - Statement - lowercaseName = name.toLowerCase(): null

2018-07-29 12:30:11 - [TEST_STEP][PASSED] - Statement - If (lowercaseName.startsWith("katalon") || lowercaseName.startsWith("anonymous") || lowercaseName.startsWith("scoped")): null

2018-07-29 12:30:11 - [TEST_STEP][PASSED] - Statement - Try: null

2018-07-29 12:30:11 - [TEST_STEP][PASSED] - Statement - lowercaseName = name.toLowerCase(): null

2018-07-29 12:30:11 - [TEST_STEP][PASSED] - Statement - If (lowercaseName.startsWith("katalon") || lowercaseName.startsWith("anonymous") || lowercaseName.startsWith("scoped")): null

2018-07-29 12:30:11 - [TEST_STEP][PASSED] - Statement - Try: null

2018-07-29 12:30:11 - [TEST_STEP][PASSED] - Statement - lowercaseName = name.toLowerCase(): null

2018-07-29 12:30:11 - [TEST_STEP][PASSED] - Statement - If (lowercaseName.startsWith("katalon") || lowercaseName.startsWith("anonymous") || lowercaseName.startsWith("scoped")): null

2018-07-29 12:30:11 - [TEST_STEP][PASSED] - Statement - Try: null

2018-07-29 12:30:11 - [TEST_STEP][PASSED] - Statement - lowercaseName = name.toLowerCase(): null

2018-07-29 12:30:11 - [TEST_STEP][PASSED] - Statement - If (lowercaseName.startsWith("katalon") || lowercaseName.startsWith("anonymous") || lowercaseName.startsWith("scoped")): null

2018-07-29 12:30:11 - [TEST_STEP][PASSED] - Statement - Try: null

2018-07-29 12:30:11 - [TEST_STEP][PASSED] - Statement - lowercaseName = name.toLowerCase(): null

2018-07-29 12:30:11 - [TEST_STEP][PASSED] - Statement - If (lowercaseName.startsWith("katalon") || lowercaseName.startsWith("anonymous") || lowercaseName.startsWith("scoped")): null

2018-07-29 12:30:11 - [TEST_STEP][PASSED] - Statement - Try: null

2018-07-29 12:30:11 - [TEST_STEP][PASSED] - Statement - lowercaseName = name.toLowerCase(): null

2018-07-29 12:30:11 - [TEST_STEP][PASSED] - Statement - If (lowercaseName.startsWith("katalon") || lowercaseName.startsWith("anonymous") || lowercaseName.startsWith("scoped")): null

2018-07-29 12:30:11 - [TEST_STEP][PASSED] - Statement - Try: Invoke 'com.kms.katalon.core.annotation.AfterTestCase' method: 'BaseTest.afterTestCase(...)' completed.

2018-07-29 12:30:11 - [TEST_STEP][PASSED] - Statement - lowercaseName = name.toLowerCase(): null

2018-07-29 12:30:11 - [TEST_STEP][PASSED] - Statement - If (lowercaseName.startsWith("katalon") || lowercaseName.startsWith("anonymous") || lowercaseName.startsWith("scoped")): Invoke 'com.kms.katalon.core.annotation.AfterTestCase' method: 'BaseTest.afterTestCase(...)' completed.]]></system-out>
         <system-err><![CDATA[2018-07-29 12:30:09 - [TEST_CASE][ERROR] - Test Cases/Kms_Tests/Languages/En/Item_Creation/Create_general_Test_En: Test Cases/Kms_Tests/Languages/En/Item_Creation/Create_general_Test_En FAILED because (of) java.lang.Exception: Unable_to_click_on_object_'link_role'_(Root_cause__com.kms.katalon.core.webui.exception.WebElementNotFoundException__Web_element_with_id__'link_role'_located_by_'By.xpath____span[_(contains(.,_'Content_Manager'))]'_not_f]]></system-err>
      </testcase>
      <system-out><![CDATA[2018-07-29 12:28:52 - [TEST_SUITE][ERROR] - general: Test Cases/Kms_Tests/Languages/En/Item_Creation/Create_delete_general_by_rightclick_Test_En FAILED because (of) java.lang.Exception: Unable_to_click_on_object_'link_role'_(Root_cause__com.kms.katalon.core.webui.exception.WebElementNotFoundException__Web_element_with_id__'link_role'_located_by_'By.xpath____span[_(contains(.,_'Content_Manager'))]'_not_f]]></system-out>
      <system-err><![CDATA[2018-07-29 12:28:52 - [TEST_SUITE][ERROR] - general: Test Cases/Kms_Tests/Languages/En/Item_Creation/Create_delete_general_by_rightclick_Test_En FAILED because (of) java.lang.Exception: Unable_to_click_on_object_'link_role'_(Root_cause__com.kms.katalon.core.webui.exception.WebElementNotFoundException__Web_element_with_id__'link_role'_located_by_'By.xpath____span[_(contains(.,_'Content_Manager'))]'_not_f]]></system-err>
   </testsuite>
</testsuites>
